-- Catapult Ultra Synthesis: Report                                              
-- ------------------------- ---------------------------------------------------
-- Version:                  10.4a/835166 Production Release                     
-- Build Date:               Thu Sep  5 21:35:46 PDT 2019                        
                                                                                 
-- Generated by:             gel8580@finagle.wot.ece.northwestern.edu            
-- Generated date:           Mon Dec 01 01:39:00 CST 2025                        

Solution Settings: conv.v1
  Current state: schedule
  Project: Catapult
  
  Design Input Files Specified
    $PROJECT_HOME/conv.h
    $PROJECT_HOME/conv.cpp
      $PROJECT_HOME/conv.h
  
  Processes/Blocks in Design
    Process       Real Operation(s) count Latency Throughput Reset Length II Comments 
    ------------- ----------------------- ------- ---------- ------------ -- --------
    /conv/core                         54      13         15            0  0          
    Design Total:                      54      13         15            0  0          
    
  Clock Information
    Clock Signal Edge   Period Sharing Alloc (%) Uncertainty Used by Processes/Blocks 
    ------------ ------ ------ ----------------- ----------- ------------------------
    clk          rising  2.500             20.00    0.000000 /conv/core               
    
  I/O Data Ranges
    Port                 Mode DeclType DeclWidth DeclRange ActType ActWidth ActRange 
    -------------------- ---- -------- --------- --------- ------- -------- --------
    clk                  IN   Unsigned         1                                     
    rst                  IN   Unsigned         1                                     
    input:rsc.dat        IN   Unsigned       144                                     
    filter:rsc.dat       IN   Unsigned       144                                     
    input:rsc.triosy.lz  OUT  Unsigned         1                                     
    output:rsc.dat       OUT  Unsigned        16                                     
    output:rsc.triosy.lz OUT  Unsigned         1                                     
    filter:rsc.triosy.lz OUT  Unsigned         1                                     
    
  Memory Resources
    Resource Name: /conv/input:rsc
      Memory Component: ccs_in                       Size:         1 x 144
      External:         true                         Packing Mode: sidebyside
      Memory Map:
      Variable    Indices Phys Memory Address     
      ----------- ------- -----------------------
      /conv/input   0:143 00000000-00000000 (0-0) 
      
    Resource Name: /conv/output:rsc
      Memory Component: ccs_out                      Size:         1 x 16
      External:         true                         Packing Mode: sidebyside
      Memory Map:
      Variable     Indices Phys Memory Address     
      ------------ ------- -----------------------
      /conv/output    0:15 00000000-00000000 (0-0) 
      
    Resource Name: /conv/filter:rsc
      Memory Component: ccs_in                       Size:         1 x 144
      External:         true                         Packing Mode: sidebyside
      Memory Map:
      Variable     Indices Phys Memory Address     
      ------------ ------- -----------------------
      /conv/filter   0:143 00000000-00000000 (0-0) 
      
  C++ to Interface Mappings
    C++ Field       Interface Range       Range Expression                   Expression Limits 
    --------------- --------------------- ---------------------------------- -----------------
    /conv/input[M]  input_rsc_dat[143:0]  input_rsc_dat[(M)*16+16-1:(M)*16]  M<9               
    /conv/filter[M] filter_rsc_dat[143:0] filter_rsc_dat[(M)*16+16-1:(M)*16] M<9               
    
  Multi-Cycle (Combinational) Component Usage
    Instance Component Name Delay 
    -------- -------------- -----
    
  Loops
    Process    Loop             Iterations C-Steps Total Cycles  Duration  Unroll Init Comments 
    ---------- ---------------- ---------- ------- ------------- --------- ------ ---- --------
    /conv/core core:rlp           Infinite       0           15  37.50 ns                       
    /conv/core  main              Infinite       6           15  37.50 ns                       
    /conv/core   sum                     9       1            9  22.50 ns                       
    
  Loop Execution Profile
    Process    Loop             Total Cycles % of Overall Design Cycles Throughput Cycles Comments 
    ---------- ---------------- ------------ -------------------------- ----------------- --------
    /conv/core core:rlp                   0                        0.00               15           
    /conv/core  main                      6                       40.00               15           
    /conv/core   sum                      9                       60.00                9           
    
  End of Report
