-- Catapult Ultra Synthesis: Report                                              
-- ------------------------- ---------------------------------------------------
-- Version:                  10.4a/835166 Production Release                     
-- Build Date:               Thu Sep  5 21:35:46 PDT 2019                        
                                                                                 
-- Generated by:             gel8580@finagle.wot.ece.northwestern.edu            
-- Generated date:           Mon Dec 01 01:39:01 CST 2025                        

Solution Settings: conv.v1
  Current state: extract
  Project: Catapult
  
  Design Input Files Specified
    $PROJECT_HOME/conv.h
    $PROJECT_HOME/conv.cpp
      $PROJECT_HOME/conv.h
  
  Processes/Blocks in Design
    Process       Real Operation(s) count Latency Throughput Reset Length II Comments 
    ------------- ----------------------- ------- ---------- ------------ -- --------
    /conv/core                         54      13         15            0  0          
    Design Total:                      54      13         15            0  0          
    
  Bill Of Materials (Datapath)
    Component Name                 Area Score Delay Post Alloc Post Assign 
    ------------------------------ ---------- ----- ---------- -----------
    [Lib: ccs_ioport]                                                      
    ccs_in(1,144)                       0.000 0.000          1           1 
    ccs_in(3,144)                       0.000 0.000          1           1 
    ccs_out(2,16)                       0.000 0.000          1           1 
    [Lib: mgc_ioport]                                                      
    mgc_io_sync(0)                      0.000 0.000          3           3 
    [Lib: nangate-45nm_beh]                                                
    mgc_add(16,0,16,0,16,4)            68.120 1.183          8           4 
    mgc_add(4,0,1,0,4,4)               12.367 0.218          0           1 
    mgc_add(4,0,2,1,4,4)               19.386 0.344          1           0 
    mgc_and(1,2,1)                      1.110 0.024          0           1 
    mgc_and(1,3,1)                      1.385 0.041          0           8 
    mgc_and(1,4,1)                      1.660 0.051          0           1 
    mgc_and(4,2,1)                      4.438 0.024          0           1 
    mgc_mul(16,0,16,0,16,4)           600.362 1.317          1           1 
    mgc_mux(16,1,2,4)                  28.071 0.063          8           4 
    mgc_mux(16,4,16,4)                249.400 0.228          2           2 
    mgc_mux1hot(16,3,4)                42.295 0.061          0           2 
    mgc_nand(1,2,1)                     0.771 0.012          0           2 
    mgc_nor(1,2,1)                      0.771 0.025          0           8 
    mgc_not(1,1)                        0.529 0.006          0           8 
    mgc_or(1,2,1)                       1.110 0.031          0          18 
    mgc_or(1,3,4)                       1.385 0.066          0           2 
    mgc_reg_pos(1,0,0,1,1,0,0,4)        6.375 0.087          0           2 
    mgc_reg_pos(16,0,0,1,1,0,0,4)     102.000 0.087          0           2 
    mgc_reg_pos(16,0,0,1,1,1,1,4)     102.000 0.087          0          11 
    mgc_reg_pos(4,0,0,1,1,0,0,4)       25.500 0.087          0           1 
                                                                           
    TOTAL AREA (After Assignment):   2998.107                              
    
  Area Scores
                      Post-Scheduling   Post-DP & FSM Post-Assignment 
    ----------------- --------------- --------------- ---------------
    Total Area Score:   2933.6          3489.0          3037.1        
    Total Reg:          1045.5  (36%)   1401.2  (40%)   1401.2  (46%) 
                                                                      
    DataPath:           2933.6 (100%)   3450.0  (99%)   2998.1  (99%) 
      MUX:               723.4  (25%)    944.0  (27%)    695.7  (23%) 
      FUNC:             1164.7  (40%)   1096.6  (32%)    885.2  (30%) 
      LOGIC:               0.0            45.1   (1%)     53.0   (2%) 
      BUFFER:              0.0             0.0             0.0        
      MEM:                 0.0             0.0             0.0        
      ROM:                 0.0             0.0             0.0        
      REG:              1045.5  (36%)   1364.2  (40%)   1364.2  (46%) 
                                                                      
    
    FSM:                   0.0            39.0   (1%)     39.0   (1%) 
      FSM-REG:             0.0            37.0  (95%)     37.0  (95%) 
      FSM-COMB:            0.0             2.0   (5%)      2.0   (5%) 
                                                                      
    
  Register-to-Variable Mappings
    Register                          Size(bits) Gated Register CG Opt Done Variables                                             
    --------------------------------- ---------- -------------- ----------- -----------------------------------------------------
    acc#10.itm                                16         Y           Y      acc#10.itm                                            
                                                                            acc#14.itm                                            
                                                                            sum:sum:mul#1.ctmp.sva                                
    acc#11.itm                                16                            acc#11.itm                                            
                                                                            acc#15.itm                                            
                                                                            acc#13.itm                                            
    acc#12.itm                                16         Y           Y      acc#12.itm                                            
    acc#9.itm                                 16                            acc#9.itm                                             
    output:rsci.idat                          16         Y           Y      output:rsci.idat                                      
    temp(0).sva#1                             16         Y           Y      temp(0).sva#1                                         
    temp(1).sva#1                             16         Y           Y      temp(1).sva#1                                         
    temp(2).sva#1                             16         Y           Y      temp(2).sva#1                                         
    temp(3).sva#1                             16         Y           Y      temp(3).sva#1                                         
    temp(4).sva#1                             16         Y           Y      temp(4).sva#1                                         
    temp(5).sva#1                             16         Y           Y      temp(5).sva#1                                         
    temp(6).sva#1                             16         Y           Y      temp(6).sva#1                                         
    temp(7).sva#1                             16         Y           Y      temp(7).sva#1                                         
    sum:i(3:0).sva                             4                            sum:i(3:0).sva                                        
    output:rsc.triosy:obj.ld                   1                            output:rsc.triosy:obj.ld                              
    reg(filter:rsc.triosy:obj.ld).cse          1                            reg(filter:rsc.triosy:obj.ld).cse                     
                                                                                                                                  
    Total:                                   214            176         176 (Total Gating Ratio: 0.82, CG Opt Gating Ratio: 0.82) 
    
  Timing Report
    Critical Path
      Max Delay:  1.69198
      Slack:      0.80802
      
      Path                                                 Startpoint                   Endpoint               Delay  Slack  
      ---------------------------------------------------- ---------------------------- ---------------------- ------ ------
      1                                                    conv:core/reg(sum:i(3:0))    conv:core/reg(acc#10)  1.6920 0.8080 
                                                                                                                             
        Instance                                           Component                                           Delta  Delay  
        --------                                           ---------                                           -----  -----  
        conv:core/reg(sum:i(3:0))                          mgc_reg_pos_4_0_0_1_1_0_0_4                         0.0870 0.0870 
        conv:core/sum:i(3:0).sva                                                                               0.0000 0.0870 
        conv:core/sum:mux#9                                mgc_mux_16_4_16_4                                   0.2276 0.3146 
        conv:core/sum:mux#9.itm                                                                                0.0000 0.3146 
        conv:core/sum:sum:mul#1                            mgc_mul_16_0_16_0_16_4                              1.3166 1.6311 
        conv:core/sum:sum:mul#1.ctmp.sva#1                                                                     0.0000 1.6311 
        conv:core/mux1h#1                                  mgc_mux1hot_16_3_4                                  0.0609 1.6920 
        conv:core/mux1h#1.itm                                                                                  0.0000 1.6920 
        conv:core/reg(acc#10)                              mgc_reg_pos_16_0_0_1_1_1_1_4                        0.0000 1.6920 
                                                                                                                             
      2                                                    conv:core/reg(sum:i(3:0))    conv:core/reg(acc#10)  1.6920 0.8080 
                                                                                                                             
        Instance                                           Component                                           Delta  Delay  
        --------                                           ---------                                           -----  -----  
        conv:core/reg(sum:i(3:0))                          mgc_reg_pos_4_0_0_1_1_0_0_4                         0.0870 0.0870 
        conv:core/sum:i(3:0).sva                                                                               0.0000 0.0870 
        conv:core/sum:mux#10                               mgc_mux_16_4_16_4                                   0.2276 0.3146 
        conv:core/sum:mux#10.itm                                                                               0.0000 0.3146 
        conv:core/sum:sum:mul#1                            mgc_mul_16_0_16_0_16_4                              1.3166 1.6311 
        conv:core/sum:sum:mul#1.ctmp.sva#1                                                                     0.0000 1.6311 
        conv:core/mux1h#1                                  mgc_mux1hot_16_3_4                                  0.0609 1.6920 
        conv:core/mux1h#1.itm                                                                                  0.0000 1.6920 
        conv:core/reg(acc#10)                              mgc_reg_pos_16_0_0_1_1_1_1_4                        0.0000 1.6920 
                                                                                                                             
      3                                                    conv:core/reg(sum:i(3:0))    conv:core/reg(temp(0)) 1.6311 0.8689 
                                                                                                                             
        Instance                                           Component                                           Delta  Delay  
        --------                                           ---------                                           -----  -----  
        conv:core/reg(sum:i(3:0))                          mgc_reg_pos_4_0_0_1_1_0_0_4                         0.0870 0.0870 
        conv:core/sum:i(3:0).sva                                                                               0.0000 0.0870 
        conv:core/sum:mux#9                                mgc_mux_16_4_16_4                                   0.2276 0.3146 
        conv:core/sum:mux#9.itm                                                                                0.0000 0.3146 
        conv:core/sum:sum:mul#1                            mgc_mul_16_0_16_0_16_4                              1.3166 1.6311 
        conv:core/sum:sum:mul#1.ctmp.sva#1                                                                     0.0000 1.6311 
        conv:core/reg(temp(0))                             mgc_reg_pos_16_0_0_1_1_1_1_4                        0.0000 1.6311 
                                                                                                                             
      4                                                    conv:core/reg(sum:i(3:0))    conv:core/reg(temp(0)) 1.6311 0.8689 
                                                                                                                             
        Instance                                           Component                                           Delta  Delay  
        --------                                           ---------                                           -----  -----  
        conv:core/reg(sum:i(3:0))                          mgc_reg_pos_4_0_0_1_1_0_0_4                         0.0870 0.0870 
        conv:core/sum:i(3:0).sva                                                                               0.0000 0.0870 
        conv:core/sum:mux#10                               mgc_mux_16_4_16_4                                   0.2276 0.3146 
        conv:core/sum:mux#10.itm                                                                               0.0000 0.3146 
        conv:core/sum:sum:mul#1                            mgc_mul_16_0_16_0_16_4                              1.3166 1.6311 
        conv:core/sum:sum:mul#1.ctmp.sva#1                                                                     0.0000 1.6311 
        conv:core/reg(temp(0))                             mgc_reg_pos_16_0_0_1_1_1_1_4                        0.0000 1.6311 
                                                                                                                             
      5                                                    conv:core/input:rsc.dat      conv:core/reg(temp(0)) 1.5441 0.9559 
                                                                                                                             
        Instance                                           Component                                           Delta  Delay  
        --------                                           ---------                                           -----  -----  
        conv:core/input:rsc.dat                                                                                0.0000 0.0000 
        conv:core/input:rsci                               ccs_in_v1_1_144                                     0.0000 0.0000 
        conv:core/input:rsci.idat                                                                              0.0000 0.0000 
        conv:core/input:slc(input:rsci.idat)(79-64)                                                            0.0000 0.0000 
        conv:core/input:slc(input:rsci.idat)(79-64).itm                                                        0.0000 0.0000 
        conv:core/sum:mux#10                               mgc_mux_16_4_16_4                                   0.2276 0.2276 
        conv:core/sum:mux#10.itm                                                                               0.0000 0.2276 
        conv:core/sum:sum:mul#1                            mgc_mul_16_0_16_0_16_4                              1.3166 1.5441 
        conv:core/sum:sum:mul#1.ctmp.sva#1                                                                     0.0000 1.5441 
        conv:core/reg(temp(0))                             mgc_reg_pos_16_0_0_1_1_1_1_4                        0.0000 1.5441 
                                                                                                                             
      6                                                    conv:core/input:rsc.dat      conv:core/reg(temp(0)) 1.5441 0.9559 
                                                                                                                             
        Instance                                           Component                                           Delta  Delay  
        --------                                           ---------                                           -----  -----  
        conv:core/input:rsc.dat                                                                                0.0000 0.0000 
        conv:core/input:rsci                               ccs_in_v1_1_144                                     0.0000 0.0000 
        conv:core/input:rsci.idat                                                                              0.0000 0.0000 
        conv:core/input:slc(input:rsci.idat)(31-16)                                                            0.0000 0.0000 
        conv:core/input:slc(input:rsci.idat)(31-16).itm                                                        0.0000 0.0000 
        conv:core/sum:mux#10                               mgc_mux_16_4_16_4                                   0.2276 0.2276 
        conv:core/sum:mux#10.itm                                                                               0.0000 0.2276 
        conv:core/sum:sum:mul#1                            mgc_mul_16_0_16_0_16_4                              1.3166 1.5441 
        conv:core/sum:sum:mul#1.ctmp.sva#1                                                                     0.0000 1.5441 
        conv:core/reg(temp(0))                             mgc_reg_pos_16_0_0_1_1_1_1_4                        0.0000 1.5441 
                                                                                                                             
      7                                                    conv:core/filter:rsc.dat     conv:core/reg(temp(0)) 1.5441 0.9559 
                                                                                                                             
        Instance                                           Component                                           Delta  Delay  
        --------                                           ---------                                           -----  -----  
        conv:core/filter:rsc.dat                                                                               0.0000 0.0000 
        conv:core/filter:rsci                              ccs_in_v1_3_144                                     0.0000 0.0000 
        conv:core/filter:rsci.idat                                                                             0.0000 0.0000 
        conv:core/filter:slc(filter:rsci.idat)(95-80)                                                          0.0000 0.0000 
        conv:core/filter:slc(filter:rsci.idat)(95-80).itm                                                      0.0000 0.0000 
        conv:core/sum:mux#9                                mgc_mux_16_4_16_4                                   0.2276 0.2276 
        conv:core/sum:mux#9.itm                                                                                0.0000 0.2276 
        conv:core/sum:sum:mul#1                            mgc_mul_16_0_16_0_16_4                              1.3166 1.5441 
        conv:core/sum:sum:mul#1.ctmp.sva#1                                                                     0.0000 1.5441 
        conv:core/reg(temp(0))                             mgc_reg_pos_16_0_0_1_1_1_1_4                        0.0000 1.5441 
                                                                                                                             
      8                                                    conv:core/filter:rsc.dat     conv:core/reg(temp(0)) 1.5441 0.9559 
                                                                                                                             
        Instance                                           Component                                           Delta  Delay  
        --------                                           ---------                                           -----  -----  
        conv:core/filter:rsc.dat                                                                               0.0000 0.0000 
        conv:core/filter:rsci                              ccs_in_v1_3_144                                     0.0000 0.0000 
        conv:core/filter:rsci.idat                                                                             0.0000 0.0000 
        conv:core/filter:slc(filter:rsci.idat)(111-96)                                                         0.0000 0.0000 
        conv:core/filter:slc(filter:rsci.idat)(111-96).itm                                                     0.0000 0.0000 
        conv:core/sum:mux#9                                mgc_mux_16_4_16_4                                   0.2276 0.2276 
        conv:core/sum:mux#9.itm                                                                                0.0000 0.2276 
        conv:core/sum:sum:mul#1                            mgc_mul_16_0_16_0_16_4                              1.3166 1.5441 
        conv:core/sum:sum:mul#1.ctmp.sva#1                                                                     0.0000 1.5441 
        conv:core/reg(temp(0))                             mgc_reg_pos_16_0_0_1_1_1_1_4                        0.0000 1.5441 
                                                                                                                             
      9                                                    conv:core/filter:rsc.dat     conv:core/reg(temp(0)) 1.5441 0.9559 
                                                                                                                             
        Instance                                           Component                                           Delta  Delay  
        --------                                           ---------                                           -----  -----  
        conv:core/filter:rsc.dat                                                                               0.0000 0.0000 
        conv:core/filter:rsci                              ccs_in_v1_3_144                                     0.0000 0.0000 
        conv:core/filter:rsci.idat                                                                             0.0000 0.0000 
        conv:core/filter:slc(filter:rsci.idat)(15-0)                                                           0.0000 0.0000 
        conv:core/filter:slc(filter:rsci.idat)(15-0).itm                                                       0.0000 0.0000 
        conv:core/sum:mux#9                                mgc_mux_16_4_16_4                                   0.2276 0.2276 
        conv:core/sum:mux#9.itm                                                                                0.0000 0.2276 
        conv:core/sum:sum:mul#1                            mgc_mul_16_0_16_0_16_4                              1.3166 1.5441 
        conv:core/sum:sum:mul#1.ctmp.sva#1                                                                     0.0000 1.5441 
        conv:core/reg(temp(0))                             mgc_reg_pos_16_0_0_1_1_1_1_4                        0.0000 1.5441 
                                                                                                                             
      10                                                   conv:core/input:rsc.dat      conv:core/reg(temp(0)) 1.5441 0.9559 
                                                                                                                             
        Instance                                           Component                                           Delta  Delay  
        --------                                           ---------                                           -----  -----  
        conv:core/input:rsc.dat                                                                                0.0000 0.0000 
        conv:core/input:rsci                               ccs_in_v1_1_144                                     0.0000 0.0000 
        conv:core/input:rsci.idat                                                                              0.0000 0.0000 
        conv:core/input:slc(input:rsci.idat)(47-32)                                                            0.0000 0.0000 
        conv:core/input:slc(input:rsci.idat)(47-32).itm                                                        0.0000 0.0000 
        conv:core/sum:mux#10                               mgc_mux_16_4_16_4                                   0.2276 0.2276 
        conv:core/sum:mux#10.itm                                                                               0.0000 0.2276 
        conv:core/sum:sum:mul#1                            mgc_mul_16_0_16_0_16_4                              1.3166 1.5441 
        conv:core/sum:sum:mul#1.ctmp.sva#1                                                                     0.0000 1.5441 
        conv:core/reg(temp(0))                             mgc_reg_pos_16_0_0_1_1_1_1_4                        0.0000 1.5441 
                                                                                                                             
      
    Register Input and Register-to-Output Slack
      Clock period or pin-to-reg delay constraint (clk): 2.5
      Clock uncertainty constraint (clk)               : 0.0
      
      Instance                                Port                      Slack (Delay) Messages 
      --------------------------------------- ------------------------ ------ ------- --------
      conv:core/reg(output:rsci.idat)         z.out#1                  1.1065  1.3935          
      conv:core/reg(temp(0))                  sum:sum:mul#1.ctmp.sva#1 0.8080  1.6920          
      conv:core/reg(temp(5))                  sum:sum:mul#1.ctmp.sva#1 0.8080  1.6920          
      conv:core/reg(temp(6))                  sum:sum:mul#1.ctmp.sva#1 0.8080  1.6920          
      conv:core/reg(temp(3))                  sum:sum:mul#1.ctmp.sva#1 0.8080  1.6920          
      conv:core/reg(temp(4))                  sum:sum:mul#1.ctmp.sva#1 0.8080  1.6920          
      conv:core/reg(temp(1))                  sum:sum:mul#1.ctmp.sva#1 0.8080  1.6920          
      conv:core/reg(temp(2))                  sum:sum:mul#1.ctmp.sva#1 0.8080  1.6920          
      conv:core/reg(temp(7))                  sum:sum:mul#1.ctmp.sva#1 0.8080  1.6920          
      conv:core/reg(sum:i(3:0))               sum:i:sum:i:and.itm      2.1712  0.3288          
      conv:core/reg(filter:rsc.triosy:obj.ld) and#29.itm               2.1144  0.3856          
      conv:core/reg(output:rsc.triosy:obj.ld) slc(fsm_output)(5).itm   2.5000  0.0000          
      conv:core/reg(acc#10)                   mux1h#1.itm              0.8080  1.6920          
      conv:core/reg(acc#12)                   acc#12.itm#2             1.2304  1.2696          
      conv:core/reg(acc#11)                   mux1h#2.itm              1.1065  1.3935          
      conv:core/reg(acc#9)                    z.out#1                  1.1065  1.3935          
      conv                                    input:rsc.triosy.lz      2.4130  0.0870          
      conv                                    output:rsc.dat           2.4130  0.0870          
      conv                                    output:rsc.triosy.lz     2.4130  0.0870          
      conv                                    filter:rsc.triosy.lz     2.4130  0.0870          
      
  Operator Bitwidth Summary
    Operation  Size (bits) Count 
    ---------- ----------- -----
    add                          
    -                    4     1 
    -                   16     4 
    and                          
    -                    4     1 
    -                    1    10 
    mul                          
    -                   16     1 
    mux                          
    -                   16     6 
    mux1h                        
    -                   16     2 
    nand                         
    -                    1     2 
    nor                          
    -                    1     8 
    not                          
    -                    1     8 
    or                           
    -                    1    20 
    read_port                    
    -                  144     2 
    read_sync                    
    -                    0     3 
    reg                          
    -                    4     1 
    -                   16    13 
    -                    1     2 
    write_port                   
    -                    0     1 
    
  End of Report
