-- Catapult Ultra Synthesis: Report                                              
-- ------------------------- ---------------------------------------------------
-- Version:                  10.4a/835166 Production Release                     
-- Build Date:               Thu Sep  5 21:35:46 PDT 2019                        
                                                                                 
-- Generated by:             gel8580@finagle.wot.ece.northwestern.edu            
-- Generated date:           Mon Dec 01 01:43:53 CST 2025                        

Solution Settings: conv_fixed.v1
  Current state: extract
  Project: Catapult_1
  
  Design Input Files Specified
    $PROJECT_HOME/conv_fixed.h
      $MGC_HOME/shared/include/ac_fixed.h
        $MGC_HOME/shared/include/ac_int.h
    $PROJECT_HOME/conv_fixed.cpp
      $PROJECT_HOME/conv_fixed.h
        $MGC_HOME/shared/include/ac_fixed.h
          $MGC_HOME/shared/include/ac_int.h
  
  Processes/Blocks in Design
    Process          Real Operation(s) count Latency Throughput Reset Length II Comments 
    ---------------- ----------------------- ------- ---------- ------------ -- --------
    /conv_fixed/core                      54      13         15            0  0          
    Design Total:                         54      13         15            0  0          
    
  Bill Of Materials (Datapath)
    Component Name                 Area Score Delay Post Alloc Post Assign 
    ------------------------------ ---------- ----- ---------- -----------
    [Lib: ccs_ioport]                                                      
    ccs_in(1,144)                       0.000 0.000          1           1 
    ccs_in(3,144)                       0.000 0.000          1           1 
    ccs_out(2,16)                       0.000 0.000          1           1 
    [Lib: mgc_ioport]                                                      
    mgc_io_sync(0)                      0.000 0.000          3           3 
    [Lib: nangate-45nm_beh]                                                
    mgc_add(16,0,16,0,16,4)            68.120 1.183          8           4 
    mgc_add(4,0,1,0,4,4)               12.367 0.218          0           1 
    mgc_add(4,0,2,1,4,4)               19.386 0.344          1           0 
    mgc_and(1,2,1)                      1.110 0.024          0           1 
    mgc_and(1,3,1)                      1.385 0.041          0           8 
    mgc_and(1,4,1)                      1.660 0.051          0           1 
    mgc_and(4,2,1)                      4.438 0.024          0           1 
    mgc_mul(16,1,16,1,24,3)          1311.880 1.043          1           0 
    mgc_mul(16,1,16,1,24,4)          1087.971 1.799          0           1 
    mgc_mux(16,1,2,4)                  28.071 0.063          8           6 
    mgc_mux(16,4,16,4)                249.400 0.228          2           2 
    mgc_mux1hot(16,3,4)                42.295 0.061          0           1 
    mgc_nand(1,2,1)                     0.771 0.012          0           2 
    mgc_nor(1,2,1)                      0.771 0.025          0           8 
    mgc_not(1,1)                        0.529 0.006          0           8 
    mgc_or(1,2,1)                       1.110 0.031          0          21 
    mgc_reg_pos(1,0,0,1,1,0,0,4)        6.375 0.087          0           2 
    mgc_reg_pos(16,0,0,1,1,0,0,4)     102.000 0.087          0           2 
    mgc_reg_pos(16,0,0,1,1,1,1,4)     102.000 0.087          0          11 
    mgc_reg_pos(4,0,0,1,1,0,0,4)       25.500 0.087          0           1 
                                                                           
    TOTAL AREA (After Assignment):   3500.123                              
    
  Area Scores
                      Post-Scheduling   Post-DP & FSM Post-Assignment 
    ----------------- --------------- --------------- ---------------
    Total Area Score:   3645.1          4215.2          3539.1        
    Total Reg:          1045.5  (29%)   1401.2  (33%)   1401.2  (40%) 
                                                                      
    DataPath:           3645.1 (100%)   4176.2  (99%)   3500.1  (99%) 
      MUX:               723.4  (20%)    957.8  (23%)    709.5  (20%) 
      FUNC:             1876.2  (51%)   1808.1  (43%)   1372.8  (39%) 
      LOGIC:               0.0            46.0   (1%)     53.5   (2%) 
      BUFFER:              0.0             0.0             0.0        
      MEM:                 0.0             0.0             0.0        
      ROM:                 0.0             0.0             0.0        
      REG:              1045.5  (29%)   1364.2  (33%)   1364.2  (39%) 
                                                                      
    
    FSM:                   0.0            39.0   (1%)     39.0   (1%) 
      FSM-REG:             0.0            37.0  (95%)     37.0  (95%) 
      FSM-COMB:            0.0             2.0   (5%)      2.0   (5%) 
                                                                      
    
  Register-to-Variable Mappings
    Register                          Size(bits) Gated Register CG Opt Done Variables                                             
    --------------------------------- ---------- -------------- ----------- -----------------------------------------------------
    acc#10.itm                                16                            acc#10.itm                                            
                                                                            acc#12.itm                                            
                                                                            acc#14.itm                                            
    acc#11.itm                                16         Y           Y      acc#11.itm                                            
                                                                            sum:slc()(23-8).ctmp.sva                              
    acc#13.itm                                16         Y           Y      acc#13.itm                                            
                                                                            acc#9.itm                                             
    acc#8.itm                                 16                            acc#8.itm                                             
    output:rsci.idat                          16         Y           Y      output:rsci.idat                                      
    temp(0).sva#1                             16         Y           Y      temp(0).sva#1                                         
    temp(1).sva#1                             16         Y           Y      temp(1).sva#1                                         
    temp(2).sva#1                             16         Y           Y      temp(2).sva#1                                         
    temp(3).sva#1                             16         Y           Y      temp(3).sva#1                                         
    temp(4).sva#1                             16         Y           Y      temp(4).sva#1                                         
    temp(5).sva#1                             16         Y           Y      temp(5).sva#1                                         
    temp(6).sva#1                             16         Y           Y      temp(6).sva#1                                         
    temp(7).sva#1                             16         Y           Y      temp(7).sva#1                                         
    sum:i(3:0).sva                             4                            sum:i(3:0).sva                                        
    output:rsc.triosy:obj.ld                   1                            output:rsc.triosy:obj.ld                              
    reg(filter:rsc.triosy:obj.ld).cse          1                            reg(filter:rsc.triosy:obj.ld).cse                     
                                                                                                                                  
    Total:                                   214            176         176 (Total Gating Ratio: 0.82, CG Opt Gating Ratio: 0.82) 
    
  Timing Report
    Critical Path
      Max Delay:  2.176445
      Slack:      0.3235549999999998
      
      Path                                                       Startpoint                      Endpoint                     Delay  Slack  
      ---------------------------------------------------------- ------------------------------- ---------------------------- ------ ------
      1                                                          conv_fixed:core/reg(sum:i(3:0)) conv_fixed:core/reg(acc#11)  2.1764 0.3236 
                                                                                                                                            
        Instance                                                 Component                                                    Delta  Delay  
        --------                                                 ---------                                                    -----  -----  
        conv_fixed:core/reg(sum:i(3:0))                          mgc_reg_pos_4_0_0_1_1_0_0_4                                  0.0870 0.0870 
        conv_fixed:core/sum:i(3:0).sva                                                                                        0.0000 0.0870 
        conv_fixed:core/sum:mux#9                                mgc_mux_16_4_16_4                                            0.2276 0.3146 
        conv_fixed:core/sum:mux#9.itm                                                                                         0.0000 0.3146 
        conv_fixed:core/sum:mul                                  mgc_mul_16_1_16_1_24_4                                       1.7989 2.1134 
        conv_fixed:core/sum:mul.itm                                                                                           0.0000 2.1134 
        conv_fixed:core/sum:slc(sum:mul)(23-8)                                                                                0.0000 2.1134 
        conv_fixed:core/sum:slc()(23-8).ctmp.sva#1                                                                            0.0000 2.1134 
        conv_fixed:core/mux                                      mgc_mux_16_1_2_4                                             0.0630 2.1764 
        conv_fixed:core/mux.itm                                                                                               0.0000 2.1764 
        conv_fixed:core/reg(acc#11)                              mgc_reg_pos_16_0_0_1_1_1_1_4                                 0.0000 2.1764 
                                                                                                                                            
      2                                                          conv_fixed:core/reg(sum:i(3:0)) conv_fixed:core/reg(acc#11)  2.1764 0.3236 
                                                                                                                                            
        Instance                                                 Component                                                    Delta  Delay  
        --------                                                 ---------                                                    -----  -----  
        conv_fixed:core/reg(sum:i(3:0))                          mgc_reg_pos_4_0_0_1_1_0_0_4                                  0.0870 0.0870 
        conv_fixed:core/sum:i(3:0).sva                                                                                        0.0000 0.0870 
        conv_fixed:core/sum:mux#10                               mgc_mux_16_4_16_4                                            0.2276 0.3146 
        conv_fixed:core/sum:mux#10.itm                                                                                        0.0000 0.3146 
        conv_fixed:core/sum:mul                                  mgc_mul_16_1_16_1_24_4                                       1.7989 2.1134 
        conv_fixed:core/sum:mul.itm                                                                                           0.0000 2.1134 
        conv_fixed:core/sum:slc(sum:mul)(23-8)                                                                                0.0000 2.1134 
        conv_fixed:core/sum:slc()(23-8).ctmp.sva#1                                                                            0.0000 2.1134 
        conv_fixed:core/mux                                      mgc_mux_16_1_2_4                                             0.0630 2.1764 
        conv_fixed:core/mux.itm                                                                                               0.0000 2.1764 
        conv_fixed:core/reg(acc#11)                              mgc_reg_pos_16_0_0_1_1_1_1_4                                 0.0000 2.1764 
                                                                                                                                            
      3                                                          conv_fixed:core/reg(sum:i(3:0)) conv_fixed:core/reg(temp(0)) 2.1134 0.3866 
                                                                                                                                            
        Instance                                                 Component                                                    Delta  Delay  
        --------                                                 ---------                                                    -----  -----  
        conv_fixed:core/reg(sum:i(3:0))                          mgc_reg_pos_4_0_0_1_1_0_0_4                                  0.0870 0.0870 
        conv_fixed:core/sum:i(3:0).sva                                                                                        0.0000 0.0870 
        conv_fixed:core/sum:mux#9                                mgc_mux_16_4_16_4                                            0.2276 0.3146 
        conv_fixed:core/sum:mux#9.itm                                                                                         0.0000 0.3146 
        conv_fixed:core/sum:mul                                  mgc_mul_16_1_16_1_24_4                                       1.7989 2.1134 
        conv_fixed:core/sum:mul.itm                                                                                           0.0000 2.1134 
        conv_fixed:core/sum:slc(sum:mul)(23-8)                                                                                0.0000 2.1134 
        conv_fixed:core/sum:slc()(23-8).ctmp.sva#1                                                                            0.0000 2.1134 
        conv_fixed:core/reg(temp(0))                             mgc_reg_pos_16_0_0_1_1_1_1_4                                 0.0000 2.1134 
                                                                                                                                            
      4                                                          conv_fixed:core/reg(sum:i(3:0)) conv_fixed:core/reg(temp(0)) 2.1134 0.3866 
                                                                                                                                            
        Instance                                                 Component                                                    Delta  Delay  
        --------                                                 ---------                                                    -----  -----  
        conv_fixed:core/reg(sum:i(3:0))                          mgc_reg_pos_4_0_0_1_1_0_0_4                                  0.0870 0.0870 
        conv_fixed:core/sum:i(3:0).sva                                                                                        0.0000 0.0870 
        conv_fixed:core/sum:mux#10                               mgc_mux_16_4_16_4                                            0.2276 0.3146 
        conv_fixed:core/sum:mux#10.itm                                                                                        0.0000 0.3146 
        conv_fixed:core/sum:mul                                  mgc_mul_16_1_16_1_24_4                                       1.7989 2.1134 
        conv_fixed:core/sum:mul.itm                                                                                           0.0000 2.1134 
        conv_fixed:core/sum:slc(sum:mul)(23-8)                                                                                0.0000 2.1134 
        conv_fixed:core/sum:slc()(23-8).ctmp.sva#1                                                                            0.0000 2.1134 
        conv_fixed:core/reg(temp(0))                             mgc_reg_pos_16_0_0_1_1_1_1_4                                 0.0000 2.1134 
                                                                                                                                            
      5                                                          conv_fixed:core/input:rsc.dat   conv_fixed:core/reg(temp(0)) 2.0264 0.4736 
                                                                                                                                            
        Instance                                                 Component                                                    Delta  Delay  
        --------                                                 ---------                                                    -----  -----  
        conv_fixed:core/input:rsc.dat                                                                                         0.0000 0.0000 
        conv_fixed:core/input:rsci                               ccs_in_v1_1_144                                              0.0000 0.0000 
        conv_fixed:core/input:rsci.idat                                                                                       0.0000 0.0000 
        conv_fixed:core/input:slc(input:rsci.idat)(79-64)                                                                     0.0000 0.0000 
        conv_fixed:core/input:slc(input:rsci.idat)(79-64).itm                                                                 0.0000 0.0000 
        conv_fixed:core/sum:mux#10                               mgc_mux_16_4_16_4                                            0.2276 0.2276 
        conv_fixed:core/sum:mux#10.itm                                                                                        0.0000 0.2276 
        conv_fixed:core/sum:mul                                  mgc_mul_16_1_16_1_24_4                                       1.7989 2.0264 
        conv_fixed:core/sum:mul.itm                                                                                           0.0000 2.0264 
        conv_fixed:core/sum:slc(sum:mul)(23-8)                                                                                0.0000 2.0264 
        conv_fixed:core/sum:slc()(23-8).ctmp.sva#1                                                                            0.0000 2.0264 
        conv_fixed:core/reg(temp(0))                             mgc_reg_pos_16_0_0_1_1_1_1_4                                 0.0000 2.0264 
                                                                                                                                            
      6                                                          conv_fixed:core/filter:rsc.dat  conv_fixed:core/reg(temp(0)) 2.0264 0.4736 
                                                                                                                                            
        Instance                                                 Component                                                    Delta  Delay  
        --------                                                 ---------                                                    -----  -----  
        conv_fixed:core/filter:rsc.dat                                                                                        0.0000 0.0000 
        conv_fixed:core/filter:rsci                              ccs_in_v1_3_144                                              0.0000 0.0000 
        conv_fixed:core/filter:rsci.idat                                                                                      0.0000 0.0000 
        conv_fixed:core/filter:slc(filter:rsci.idat)(31-16)                                                                   0.0000 0.0000 
        conv_fixed:core/filter:slc(filter:rsci.idat)(31-16).itm                                                               0.0000 0.0000 
        conv_fixed:core/sum:mux#9                                mgc_mux_16_4_16_4                                            0.2276 0.2276 
        conv_fixed:core/sum:mux#9.itm                                                                                         0.0000 0.2276 
        conv_fixed:core/sum:mul                                  mgc_mul_16_1_16_1_24_4                                       1.7989 2.0264 
        conv_fixed:core/sum:mul.itm                                                                                           0.0000 2.0264 
        conv_fixed:core/sum:slc(sum:mul)(23-8)                                                                                0.0000 2.0264 
        conv_fixed:core/sum:slc()(23-8).ctmp.sva#1                                                                            0.0000 2.0264 
        conv_fixed:core/reg(temp(0))                             mgc_reg_pos_16_0_0_1_1_1_1_4                                 0.0000 2.0264 
                                                                                                                                            
      7                                                          conv_fixed:core/input:rsc.dat   conv_fixed:core/reg(temp(0)) 2.0264 0.4736 
                                                                                                                                            
        Instance                                                 Component                                                    Delta  Delay  
        --------                                                 ---------                                                    -----  -----  
        conv_fixed:core/input:rsc.dat                                                                                         0.0000 0.0000 
        conv_fixed:core/input:rsci                               ccs_in_v1_1_144                                              0.0000 0.0000 
        conv_fixed:core/input:rsci.idat                                                                                       0.0000 0.0000 
        conv_fixed:core/input:slc(input:rsci.idat)(95-80)                                                                     0.0000 0.0000 
        conv_fixed:core/input:slc(input:rsci.idat)(95-80).itm                                                                 0.0000 0.0000 
        conv_fixed:core/sum:mux#10                               mgc_mux_16_4_16_4                                            0.2276 0.2276 
        conv_fixed:core/sum:mux#10.itm                                                                                        0.0000 0.2276 
        conv_fixed:core/sum:mul                                  mgc_mul_16_1_16_1_24_4                                       1.7989 2.0264 
        conv_fixed:core/sum:mul.itm                                                                                           0.0000 2.0264 
        conv_fixed:core/sum:slc(sum:mul)(23-8)                                                                                0.0000 2.0264 
        conv_fixed:core/sum:slc()(23-8).ctmp.sva#1                                                                            0.0000 2.0264 
        conv_fixed:core/reg(temp(0))                             mgc_reg_pos_16_0_0_1_1_1_1_4                                 0.0000 2.0264 
                                                                                                                                            
      8                                                          conv_fixed:core/filter:rsc.dat  conv_fixed:core/reg(temp(0)) 2.0264 0.4736 
                                                                                                                                            
        Instance                                                 Component                                                    Delta  Delay  
        --------                                                 ---------                                                    -----  -----  
        conv_fixed:core/filter:rsc.dat                                                                                        0.0000 0.0000 
        conv_fixed:core/filter:rsci                              ccs_in_v1_3_144                                              0.0000 0.0000 
        conv_fixed:core/filter:rsci.idat                                                                                      0.0000 0.0000 
        conv_fixed:core/filter:slc(filter:rsci.idat)(15-0)                                                                    0.0000 0.0000 
        conv_fixed:core/filter:slc(filter:rsci.idat)(15-0).itm                                                                0.0000 0.0000 
        conv_fixed:core/sum:mux#9                                mgc_mux_16_4_16_4                                            0.2276 0.2276 
        conv_fixed:core/sum:mux#9.itm                                                                                         0.0000 0.2276 
        conv_fixed:core/sum:mul                                  mgc_mul_16_1_16_1_24_4                                       1.7989 2.0264 
        conv_fixed:core/sum:mul.itm                                                                                           0.0000 2.0264 
        conv_fixed:core/sum:slc(sum:mul)(23-8)                                                                                0.0000 2.0264 
        conv_fixed:core/sum:slc()(23-8).ctmp.sva#1                                                                            0.0000 2.0264 
        conv_fixed:core/reg(temp(0))                             mgc_reg_pos_16_0_0_1_1_1_1_4                                 0.0000 2.0264 
                                                                                                                                            
      9                                                          conv_fixed:core/filter:rsc.dat  conv_fixed:core/reg(temp(0)) 2.0264 0.4736 
                                                                                                                                            
        Instance                                                 Component                                                    Delta  Delay  
        --------                                                 ---------                                                    -----  -----  
        conv_fixed:core/filter:rsc.dat                                                                                        0.0000 0.0000 
        conv_fixed:core/filter:rsci                              ccs_in_v1_3_144                                              0.0000 0.0000 
        conv_fixed:core/filter:rsci.idat                                                                                      0.0000 0.0000 
        conv_fixed:core/filter:slc(filter:rsci.idat)(111-96)                                                                  0.0000 0.0000 
        conv_fixed:core/filter:slc(filter:rsci.idat)(111-96).itm                                                              0.0000 0.0000 
        conv_fixed:core/sum:mux#9                                mgc_mux_16_4_16_4                                            0.2276 0.2276 
        conv_fixed:core/sum:mux#9.itm                                                                                         0.0000 0.2276 
        conv_fixed:core/sum:mul                                  mgc_mul_16_1_16_1_24_4                                       1.7989 2.0264 
        conv_fixed:core/sum:mul.itm                                                                                           0.0000 2.0264 
        conv_fixed:core/sum:slc(sum:mul)(23-8)                                                                                0.0000 2.0264 
        conv_fixed:core/sum:slc()(23-8).ctmp.sva#1                                                                            0.0000 2.0264 
        conv_fixed:core/reg(temp(0))                             mgc_reg_pos_16_0_0_1_1_1_1_4                                 0.0000 2.0264 
                                                                                                                                            
      10                                                         conv_fixed:core/filter:rsc.dat  conv_fixed:core/reg(temp(0)) 2.0264 0.4736 
                                                                                                                                            
        Instance                                                 Component                                                    Delta  Delay  
        --------                                                 ---------                                                    -----  -----  
        conv_fixed:core/filter:rsc.dat                                                                                        0.0000 0.0000 
        conv_fixed:core/filter:rsci                              ccs_in_v1_3_144                                              0.0000 0.0000 
        conv_fixed:core/filter:rsci.idat                                                                                      0.0000 0.0000 
        conv_fixed:core/filter:slc(filter:rsci.idat)(95-80)                                                                   0.0000 0.0000 
        conv_fixed:core/filter:slc(filter:rsci.idat)(95-80).itm                                                               0.0000 0.0000 
        conv_fixed:core/sum:mux#9                                mgc_mux_16_4_16_4                                            0.2276 0.2276 
        conv_fixed:core/sum:mux#9.itm                                                                                         0.0000 0.2276 
        conv_fixed:core/sum:mul                                  mgc_mul_16_1_16_1_24_4                                       1.7989 2.0264 
        conv_fixed:core/sum:mul.itm                                                                                           0.0000 2.0264 
        conv_fixed:core/sum:slc(sum:mul)(23-8)                                                                                0.0000 2.0264 
        conv_fixed:core/sum:slc()(23-8).ctmp.sva#1                                                                            0.0000 2.0264 
        conv_fixed:core/reg(temp(0))                             mgc_reg_pos_16_0_0_1_1_1_1_4                                 0.0000 2.0264 
                                                                                                                                            
      
    Register Input and Register-to-Output Slack
      Clock period or pin-to-reg delay constraint (clk): 2.5
      Clock uncertainty constraint (clk)               : 0.0
      
      Instance                                      Port                        Slack (Delay) Messages 
      --------------------------------------------- -------------------------- ------ ------- --------
      conv_fixed:core/reg(output:rsci.idat)         z.out#1                    1.1043  1.3957          
      conv_fixed:core/reg(temp(0))                  sum:slc()(23-8).ctmp.sva#1 0.3236  2.1764          
      conv_fixed:core/reg(temp(5))                  sum:slc()(23-8).ctmp.sva#1 0.3236  2.1764          
      conv_fixed:core/reg(temp(6))                  sum:slc()(23-8).ctmp.sva#1 0.3236  2.1764          
      conv_fixed:core/reg(temp(3))                  sum:slc()(23-8).ctmp.sva#1 0.3236  2.1764          
      conv_fixed:core/reg(temp(4))                  sum:slc()(23-8).ctmp.sva#1 0.3236  2.1764          
      conv_fixed:core/reg(temp(1))                  sum:slc()(23-8).ctmp.sva#1 0.3236  2.1764          
      conv_fixed:core/reg(temp(2))                  sum:slc()(23-8).ctmp.sva#1 0.3236  2.1764          
      conv_fixed:core/reg(temp(7))                  sum:slc()(23-8).ctmp.sva#1 0.3236  2.1764          
      conv_fixed:core/reg(sum:i(3:0))               sum:i:sum:i:and.itm        2.1712  0.3288          
      conv_fixed:core/reg(filter:rsc.triosy:obj.ld) and#29.itm                 2.1144  0.3856          
      conv_fixed:core/reg(output:rsc.triosy:obj.ld) slc(fsm_output)(5).itm     2.5000  0.0000          
      conv_fixed:core/reg(acc#11)                   mux.itm                    0.3236  2.1764          
      conv_fixed:core/reg(acc#10)                   mux1h#2.itm                1.1065  1.3935          
      conv_fixed:core/reg(acc#8)                    z.out#1                    1.1043  1.3957          
      conv_fixed:core/reg(acc#13)                   mux#3.itm                  1.1043  1.3957          
      conv_fixed                                    input:rsc.triosy.lz        2.4130  0.0870          
      conv_fixed                                    output:rsc.dat             2.4130  0.0870          
      conv_fixed                                    output:rsc.triosy.lz       2.4130  0.0870          
      conv_fixed                                    filter:rsc.triosy.lz       2.4130  0.0870          
      
  Operator Bitwidth Summary
    Operation  Size (bits) Count 
    ---------- ----------- -----
    add                          
    -                    4     1 
    -                   16     4 
    and                          
    -                    4     1 
    -                    1    10 
    mul                          
    -                   24     1 
    mux                          
    -                   16     8 
    mux1h                        
    -                   16     1 
    nand                         
    -                    1     2 
    nor                          
    -                    1     8 
    not                          
    -                    1     8 
    or                           
    -                    1    21 
    read_port                    
    -                  144     2 
    read_sync                    
    -                    0     3 
    reg                          
    -                    4     1 
    -                   16    13 
    -                    1     2 
    write_port                   
    -                    0     1 
    
  End of Report
