-- Catapult Ultra Synthesis: Report                                              
-- ------------------------- ---------------------------------------------------
-- Version:                  10.4a/835166 Production Release                     
-- Build Date:               Thu Sep  5 21:35:46 PDT 2019                        
                                                                                 
-- Generated by:             gel8580@hush.ece.northwestern.edu                   
-- Generated date:           Tue Dec 02 10:49:41 CST 2025                        

Solution Settings: matrix_mul.v2
  Current state: extract
  Project: Catapult_10
  
  Design Input Files Specified
    $PROJECT_HOME/matmul.cpp
      $PROJECT_HOME/matmul.h
        $MGC_HOME/shared/include/ac_fixed.h
          $MGC_HOME/shared/include/ac_int.h
  
  Processes/Blocks in Design
    Process          Real Operation(s) count Latency Throughput Reset Length II Comments 
    ---------------- ----------------------- ------- ---------- ------------ -- --------
    /matrix_mul/core                      16   67613      67618            0  0          
    Design Total:                         16   67613      67618            0  0          
    
  Bill Of Materials (Datapath)
    Component Name                                         Area Score Delay Post Alloc Post Assign 
    ------------------------------------------------------ ---------- ----- ---------- -----------
    [Lib: ccs_ioport]                                                                              
    ccs_in(1,32768)                                             0.000 0.000          1           1 
    ccs_in(2,32768)                                             0.000 0.000          1           1 
    [Lib: ccs_sample_mem]                                                                          
    ccs_ram_sync_singleport_rwport(3,32,10,1024,1024,32,5)      0.000 0.500          1           0 
    [Lib: mgc_ioport]                                                                              
    mgc_io_sync(0)                                              0.000 0.000          3           3 
    [Lib: nangate-45nm_beh]                                                                        
    mgc_add(32,0,1,0,32,4)                                     86.752 1.173          1           1 
    mgc_add(32,0,32,0,32,4)                                   136.090 2.346          1           1 
    mgc_add(5,0,1,0,6,4)                                       15.024 0.250          0           1 
    mgc_add(5,0,2,1,6,4)                                       23.663 0.414          1           0 
    mgc_and(1,2,1)                                              1.110 0.024          0           2 
    mgc_and(32,2,1)                                            35.507 0.024          0           1 
    mgc_and(5,2,1)                                              5.548 0.024          0           3 
    mgc_mul(32,1,32,1,46,4)                                  4312.088 3.460          1           1 
    mgc_mux(32,10,1024,4)                                   32370.212 0.492          2           2 
    mgc_mux(6,1,2,4)                                           10.527 0.062          0           1 
    mgc_mux1hot(5,3,4)                                         13.217 0.061          0           1 
    mgc_nor(1,3,1)                                              1.046 0.045          0           1 
    mgc_not(1,1)                                                0.529 0.006          0           3 
    mgc_or(1,14,4)                                              5.832 0.123          0           1 
    mgc_or(1,2,1)                                               1.110 0.031          0           3 
    mgc_reg_pos(1,0,0,1,1,0,0,4)                                6.375 0.087          0           2 
    mgc_reg_pos(32,0,0,1,1,1,1,4)                             204.000 0.087          0           1 
    mgc_reg_pos(46,0,0,1,1,0,0,4)                             293.250 0.087          0           1 
    mgc_reg_pos(5,0,0,1,1,1,1,4)                               31.875 0.087          0           3 
                                                                                                   
    TOTAL AREA (After Assignment):                          69985.912                              
    
  Area Scores
                       Post-Scheduling    Post-DP & FSM  Post-Assignment 
    ----------------- ---------------- ---------------- ----------------
    Total Area Score:   69885.5          70154.9          70024.9        
    Total Reg:            586.5   (1%)     642.6   (1%)     642.6   (1%) 
                                                                         
    DataPath:           69885.5 (100%)   70115.9 (100%)   69985.9 (100%) 
      MUX:              64740.4  (93%)   64869.9  (93%)   64764.2  (93%) 
      FUNC:              4558.6   (7%)    4605.9   (7%)    4550.0   (7%) 
      LOGIC:                0.0             34.5   (0%)      66.2   (0%) 
      BUFFER:               0.0              0.0              0.0        
      MEM:                  0.0              0.0              0.0        
      ROM:                  0.0              0.0              0.0        
      REG:                586.5   (1%)     605.6   (1%)     605.6   (1%) 
                                                                         
    
    FSM:                    0.0             39.0   (0%)      39.0   (0%) 
      FSM-REG:              0.0             37.0  (95%)      37.0  (95%) 
      FSM-COMB:             0.0              2.0   (5%)       2.0   (5%) 
                                                                         
    
  Register-to-Variable Mappings
    Register                      Size(bits) Gated Register CG Opt Done Variables                                             
    ----------------------------- ---------- -------------- ----------- -----------------------------------------------------
    for:for:for:mul.sdt.sva               46                            for:for:for:mul.sdt.sva                               
    for:for:sum.sva                       32         Y           Y      for:for:sum.sva                                       
                                                                        for:for:sum.sva#1                                     
    for:for:for:k(5:0).sva#1(4:0)          5         Y           Y      for:for:for:k(5:0).sva#1                              
                                                                        for:for:j(5:0).sva#1                                  
                                                                        for:for:for:k(5:0).sva(4:0)                           
    for:for:j(5:0).sva(4:0)#1              5         Y           Y      for:for:j(5:0).sva(4:0)#1                             
    for:i(5:0).sva(4:0)#1                  5         Y           Y      for:i(5:0).sva(4:0)#1                                 
    for:for:for:k(5:0).sva#1(5)            1                            for:for:for:k(5:0).sva#1                              
                                                                        for:for:j(5:0).sva#1                                  
                                                                        for:for:for:k(5:0).sva(4:0)                           
    reg(C:rsc.triosy:obj.ld).cse           1                            reg(C:rsc.triosy:obj.ld).cse                          
                                                                                                                              
    Total:                                95             47          47 (Total Gating Ratio: 0.49, CG Opt Gating Ratio: 0.49) 
    
  Timing Report
    Critical Path
      Max Delay:  4.0386429999999995
      Slack:      0.9613570000000005
      
      Path                                                  Startpoint                                     Endpoint                                 Delay  Slack  
      ----------------------------------------------------- ---------------------------------------------- ---------------------------------------- ------ ------
      1                                                     matrix_mul:core/reg(for:i(5:0).sva(4:0)#1)     matrix_mul:core/reg(for:for:for:mul.sdt) 4.0386 0.9614 
                                                                                                                                                                  
        Instance                                            Component                                                                               Delta  Delay  
        --------                                            ---------                                                                               -----  -----  
        matrix_mul:core/reg(for:i(5:0).sva(4:0)#1)          mgc_reg_pos_5_0_0_1_1_1_1_4                                                             0.0870 0.0870 
        matrix_mul:core/for:i(5:0).sva(4:0)#1                                                                                                       0.0000 0.0870 
        matrix_mul:core/for:for:for:conc                                                                                                            0.0000 0.0870 
        matrix_mul:core/for:for:for:conc.itm                                                                                                        0.0000 0.0870 
        matrix_mul:core/for:for:for:mux                     mgc_mux_32_10_1024_4                                                                    0.4920 0.5790 
        matrix_mul:core/for:for:for:mux.itm                                                                                                         0.0000 0.5790 
        matrix_mul:core/for:for:for:mul                     mgc_mul_32_1_32_1_46_4                                                                  3.4596 4.0386 
        matrix_mul:core/for:for:for:mul.itm                                                                                                         0.0000 4.0386 
        matrix_mul:core/reg(for:for:for:mul.sdt)            mgc_reg_pos_46_0_0_1_1_0_0_4                                                            0.0000 4.0386 
                                                                                                                                                                  
      2                                                     matrix_mul:core/reg(for:for:for:k(5:0))#1      matrix_mul:core/reg(for:for:for:mul.sdt) 4.0386 0.9614 
                                                                                                                                                                  
        Instance                                            Component                                                                               Delta  Delay  
        --------                                            ---------                                                                               -----  -----  
        matrix_mul:core/reg(for:for:for:k(5:0))#1           mgc_reg_pos_5_0_0_1_1_1_1_4                                                             0.0870 0.0870 
        matrix_mul:core/for:for:for:k(5:0).sva#1(4:0)                                                                                               0.0000 0.0870 
        matrix_mul:core/for:for:for:conc#16                                                                                                         0.0000 0.0870 
        matrix_mul:core/for:for:for:conc#16.itm                                                                                                     0.0000 0.0870 
        matrix_mul:core/for:for:for:mux#1                   mgc_mux_32_10_1024_4                                                                    0.4920 0.5790 
        matrix_mul:core/for:for:for:mux#1.itm                                                                                                       0.0000 0.5790 
        matrix_mul:core/for:for:for:mul                     mgc_mul_32_1_32_1_46_4                                                                  3.4596 4.0386 
        matrix_mul:core/for:for:for:mul.itm                                                                                                         0.0000 4.0386 
        matrix_mul:core/reg(for:for:for:mul.sdt)            mgc_reg_pos_46_0_0_1_1_0_0_4                                                            0.0000 4.0386 
                                                                                                                                                                  
      3                                                     matrix_mul:core/reg(for:for:for:k(5:0))#1      matrix_mul:core/reg(for:for:for:mul.sdt) 4.0386 0.9614 
                                                                                                                                                                  
        Instance                                            Component                                                                               Delta  Delay  
        --------                                            ---------                                                                               -----  -----  
        matrix_mul:core/reg(for:for:for:k(5:0))#1           mgc_reg_pos_5_0_0_1_1_1_1_4                                                             0.0870 0.0870 
        matrix_mul:core/for:for:for:k(5:0).sva#1(4:0)                                                                                               0.0000 0.0870 
        matrix_mul:core/for:for:for:conc                                                                                                            0.0000 0.0870 
        matrix_mul:core/for:for:for:conc.itm                                                                                                        0.0000 0.0870 
        matrix_mul:core/for:for:for:mux                     mgc_mux_32_10_1024_4                                                                    0.4920 0.5790 
        matrix_mul:core/for:for:for:mux.itm                                                                                                         0.0000 0.5790 
        matrix_mul:core/for:for:for:mul                     mgc_mul_32_1_32_1_46_4                                                                  3.4596 4.0386 
        matrix_mul:core/for:for:for:mul.itm                                                                                                         0.0000 4.0386 
        matrix_mul:core/reg(for:for:for:mul.sdt)            mgc_reg_pos_46_0_0_1_1_0_0_4                                                            0.0000 4.0386 
                                                                                                                                                                  
      4                                                     matrix_mul:core/reg(for:for:j(5:0).sva(4:0)#1) matrix_mul:core/reg(for:for:for:mul.sdt) 4.0386 0.9614 
                                                                                                                                                                  
        Instance                                            Component                                                                               Delta  Delay  
        --------                                            ---------                                                                               -----  -----  
        matrix_mul:core/reg(for:for:j(5:0).sva(4:0)#1)      mgc_reg_pos_5_0_0_1_1_1_1_4                                                             0.0870 0.0870 
        matrix_mul:core/for:for:j(5:0).sva(4:0)#1                                                                                                   0.0000 0.0870 
        matrix_mul:core/for:for:for:conc#16                                                                                                         0.0000 0.0870 
        matrix_mul:core/for:for:for:conc#16.itm                                                                                                     0.0000 0.0870 
        matrix_mul:core/for:for:for:mux#1                   mgc_mux_32_10_1024_4                                                                    0.4920 0.5790 
        matrix_mul:core/for:for:for:mux#1.itm                                                                                                       0.0000 0.5790 
        matrix_mul:core/for:for:for:mul                     mgc_mul_32_1_32_1_46_4                                                                  3.4596 4.0386 
        matrix_mul:core/for:for:for:mul.itm                                                                                                         0.0000 4.0386 
        matrix_mul:core/reg(for:for:for:mul.sdt)            mgc_reg_pos_46_0_0_1_1_0_0_4                                                            0.0000 4.0386 
                                                                                                                                                                  
      5                                                     matrix_mul:core/A:rsc.dat                      matrix_mul:core/reg(for:for:for:mul.sdt) 3.9516 1.0484 
                                                                                                                                                                  
        Instance                                            Component                                                                               Delta  Delay  
        --------                                            ---------                                                                               -----  -----  
        matrix_mul:core/A:rsc.dat                                                                                                                   0.0000 0.0000 
        matrix_mul:core/A:rsci                              ccs_in_v1_1_32768                                                                       0.0000 0.0000 
        matrix_mul:core/A:rsci.idat                                                                                                                 0.0000 0.0000 
        matrix_mul:core/A:slc(A:rsci.idat)(21279-21248)                                                                                             0.0000 0.0000 
        matrix_mul:core/A:slc(A:rsci.idat)(21279-21248).itm                                                                                         0.0000 0.0000 
        matrix_mul:core/for:for:for:mux                     mgc_mux_32_10_1024_4                                                                    0.4920 0.4920 
        matrix_mul:core/for:for:for:mux.itm                                                                                                         0.0000 0.4920 
        matrix_mul:core/for:for:for:mul                     mgc_mul_32_1_32_1_46_4                                                                  3.4596 3.9516 
        matrix_mul:core/for:for:for:mul.itm                                                                                                         0.0000 3.9516 
        matrix_mul:core/reg(for:for:for:mul.sdt)            mgc_reg_pos_46_0_0_1_1_0_0_4                                                            0.0000 3.9516 
                                                                                                                                                                  
      6                                                     matrix_mul:core/A:rsc.dat                      matrix_mul:core/reg(for:for:for:mul.sdt) 3.9516 1.0484 
                                                                                                                                                                  
        Instance                                            Component                                                                               Delta  Delay  
        --------                                            ---------                                                                               -----  -----  
        matrix_mul:core/A:rsc.dat                                                                                                                   0.0000 0.0000 
        matrix_mul:core/A:rsci                              ccs_in_v1_1_32768                                                                       0.0000 0.0000 
        matrix_mul:core/A:rsci.idat                                                                                                                 0.0000 0.0000 
        matrix_mul:core/A:slc(A:rsci.idat)(20895-20864)                                                                                             0.0000 0.0000 
        matrix_mul:core/A:slc(A:rsci.idat)(20895-20864).itm                                                                                         0.0000 0.0000 
        matrix_mul:core/for:for:for:mux                     mgc_mux_32_10_1024_4                                                                    0.4920 0.4920 
        matrix_mul:core/for:for:for:mux.itm                                                                                                         0.0000 0.4920 
        matrix_mul:core/for:for:for:mul                     mgc_mul_32_1_32_1_46_4                                                                  3.4596 3.9516 
        matrix_mul:core/for:for:for:mul.itm                                                                                                         0.0000 3.9516 
        matrix_mul:core/reg(for:for:for:mul.sdt)            mgc_reg_pos_46_0_0_1_1_0_0_4                                                            0.0000 3.9516 
                                                                                                                                                                  
      7                                                     matrix_mul:core/A:rsc.dat                      matrix_mul:core/reg(for:for:for:mul.sdt) 3.9516 1.0484 
                                                                                                                                                                  
        Instance                                            Component                                                                               Delta  Delay  
        --------                                            ---------                                                                               -----  -----  
        matrix_mul:core/A:rsc.dat                                                                                                                   0.0000 0.0000 
        matrix_mul:core/A:rsci                              ccs_in_v1_1_32768                                                                       0.0000 0.0000 
        matrix_mul:core/A:rsci.idat                                                                                                                 0.0000 0.0000 
        matrix_mul:core/A:slc(A:rsci.idat)(7711-7680)                                                                                               0.0000 0.0000 
        matrix_mul:core/A:slc(A:rsci.idat)(7711-7680).itm                                                                                           0.0000 0.0000 
        matrix_mul:core/for:for:for:mux                     mgc_mux_32_10_1024_4                                                                    0.4920 0.4920 
        matrix_mul:core/for:for:for:mux.itm                                                                                                         0.0000 0.4920 
        matrix_mul:core/for:for:for:mul                     mgc_mul_32_1_32_1_46_4                                                                  3.4596 3.9516 
        matrix_mul:core/for:for:for:mul.itm                                                                                                         0.0000 3.9516 
        matrix_mul:core/reg(for:for:for:mul.sdt)            mgc_reg_pos_46_0_0_1_1_0_0_4                                                            0.0000 3.9516 
                                                                                                                                                                  
      8                                                     matrix_mul:core/A:rsc.dat                      matrix_mul:core/reg(for:for:for:mul.sdt) 3.9516 1.0484 
                                                                                                                                                                  
        Instance                                            Component                                                                               Delta  Delay  
        --------                                            ---------                                                                               -----  -----  
        matrix_mul:core/A:rsc.dat                                                                                                                   0.0000 0.0000 
        matrix_mul:core/A:rsci                              ccs_in_v1_1_32768                                                                       0.0000 0.0000 
        matrix_mul:core/A:rsci.idat                                                                                                                 0.0000 0.0000 
        matrix_mul:core/A:slc(A:rsci.idat)(11807-11776)                                                                                             0.0000 0.0000 
        matrix_mul:core/A:slc(A:rsci.idat)(11807-11776).itm                                                                                         0.0000 0.0000 
        matrix_mul:core/for:for:for:mux                     mgc_mux_32_10_1024_4                                                                    0.4920 0.4920 
        matrix_mul:core/for:for:for:mux.itm                                                                                                         0.0000 0.4920 
        matrix_mul:core/for:for:for:mul                     mgc_mul_32_1_32_1_46_4                                                                  3.4596 3.9516 
        matrix_mul:core/for:for:for:mul.itm                                                                                                         0.0000 3.9516 
        matrix_mul:core/reg(for:for:for:mul.sdt)            mgc_reg_pos_46_0_0_1_1_0_0_4                                                            0.0000 3.9516 
                                                                                                                                                                  
      9                                                     matrix_mul:core/A:rsc.dat                      matrix_mul:core/reg(for:for:for:mul.sdt) 3.9516 1.0484 
                                                                                                                                                                  
        Instance                                            Component                                                                               Delta  Delay  
        --------                                            ---------                                                                               -----  -----  
        matrix_mul:core/A:rsc.dat                                                                                                                   0.0000 0.0000 
        matrix_mul:core/A:rsci                              ccs_in_v1_1_32768                                                                       0.0000 0.0000 
        matrix_mul:core/A:rsci.idat                                                                                                                 0.0000 0.0000 
        matrix_mul:core/A:slc(A:rsci.idat)(19743-19712)                                                                                             0.0000 0.0000 
        matrix_mul:core/A:slc(A:rsci.idat)(19743-19712).itm                                                                                         0.0000 0.0000 
        matrix_mul:core/for:for:for:mux                     mgc_mux_32_10_1024_4                                                                    0.4920 0.4920 
        matrix_mul:core/for:for:for:mux.itm                                                                                                         0.0000 0.4920 
        matrix_mul:core/for:for:for:mul                     mgc_mul_32_1_32_1_46_4                                                                  3.4596 3.9516 
        matrix_mul:core/for:for:for:mul.itm                                                                                                         0.0000 3.9516 
        matrix_mul:core/reg(for:for:for:mul.sdt)            mgc_reg_pos_46_0_0_1_1_0_0_4                                                            0.0000 3.9516 
                                                                                                                                                                  
      10                                                    matrix_mul:core/A:rsc.dat                      matrix_mul:core/reg(for:for:for:mul.sdt) 3.9516 1.0484 
                                                                                                                                                                  
        Instance                                            Component                                                                               Delta  Delay  
        --------                                            ---------                                                                               -----  -----  
        matrix_mul:core/A:rsc.dat                                                                                                                   0.0000 0.0000 
        matrix_mul:core/A:rsci                              ccs_in_v1_1_32768                                                                       0.0000 0.0000 
        matrix_mul:core/A:rsci.idat                                                                                                                 0.0000 0.0000 
        matrix_mul:core/A:slc(A:rsci.idat)(18527-18496)                                                                                             0.0000 0.0000 
        matrix_mul:core/A:slc(A:rsci.idat)(18527-18496).itm                                                                                         0.0000 0.0000 
        matrix_mul:core/for:for:for:mux                     mgc_mux_32_10_1024_4                                                                    0.4920 0.4920 
        matrix_mul:core/for:for:for:mux.itm                                                                                                         0.0000 0.4920 
        matrix_mul:core/for:for:for:mul                     mgc_mul_32_1_32_1_46_4                                                                  3.4596 3.9516 
        matrix_mul:core/for:for:for:mul.itm                                                                                                         0.0000 3.9516 
        matrix_mul:core/reg(for:for:for:mul.sdt)            mgc_reg_pos_46_0_0_1_1_0_0_4                                                            0.0000 3.9516 
                                                                                                                                                                  
      
    Register Input and Register-to-Output Slack
      Clock period or pin-to-reg delay constraint (clk): 5.0
      Clock uncertainty constraint (clk)               : 0.0
      
      Instance                                       Port                                               Slack (Delay) Messages 
      ---------------------------------------------- ------------------------------------------------- ------ ------- --------
      matrix_mul:core/reg(for:i(5:0).sva(4:0)#1)     for:i:for:i:for:i:and.itm                         4.5778  0.4222          
      matrix_mul:core/reg(for:for:j(5:0).sva(4:0)#1) for:for:j:for:for:j:for:for:j:and.itm             4.8890  0.1110          
      matrix_mul:core/reg(for:for:sum)               for:for:sum:for:for:sum:for:for:sum:and.itm       1.2239  3.7761          
      matrix_mul:core/reg(C:rsc.triosy:obj.ld)       and#33.itm                                        4.5778  0.4222          
      matrix_mul:core/reg(for:for:for:k(5:0))        slc(for:for:for:k:for:for:for:k:mux.rgt)(5).itm   4.5397  0.4603          
      matrix_mul:core/reg(for:for:for:k(5:0))#1      slc(for:for:for:k:for:for:for:k:mux.rgt)(4-0).itm 4.5397  0.4603          
      matrix_mul:core/reg(for:for:for:mul.sdt)       for:for:for:mul.itm                               0.9614  4.0386          
      matrix_mul                                     A:rsc.triosy.lz                                   4.9130  0.0870          
      matrix_mul                                     B:rsc.triosy.lz                                   4.9130  0.0870          
      matrix_mul                                     C:rsc.adr                                         4.9030  0.0970          
      matrix_mul                                     C:rsc.d                                           4.9030  0.0970          
      matrix_mul                                     C:rsc.we                                          4.9900  0.0100          
      matrix_mul                                     C:rsc.triosy.lz                                   4.9130  0.0870          
      
  Operator Bitwidth Summary
    Operation Size (bits) Count 
    --------- ----------- -----
    add                         
    -                   6     1 
    -                  32     2 
    and                         
    -                   5     3 
    -                  32     1 
    -                   1     2 
    mul                         
    -                  46     1 
    mux                         
    -                   6     1 
    -                  32     2 
    mux1h                       
    -                   5     1 
    nor                         
    -                   1     1 
    not                         
    -                   1     3 
    or                          
    -                   1     4 
    read_port                   
    -               32768     2 
    read_sync                   
    -                   0     3 
    reg                         
    -                   5     3 
    -                  46     1 
    -                  32     1 
    -                   1     2 
    
  End of Report
