-- Catapult Ultra Synthesis: Report                                              
-- ------------------------- ---------------------------------------------------
-- Version:                  10.4a/835166 Production Release                     
-- Build Date:               Thu Sep  5 21:35:46 PDT 2019                        
                                                                                 
-- Generated by:             gel8580@finagle.wot.ece.northwestern.edu            
-- Generated date:           Mon Dec 01 01:39:30 CST 2025                        

Solution Settings: conv.v2
  Current state: extract
  Project: Catapult
  
  Design Input Files Specified
    $PROJECT_HOME/conv.h
    $PROJECT_HOME/conv.cpp
      $PROJECT_HOME/conv.h
  
  Processes/Blocks in Design
    Process       Real Operation(s) count Latency Throughput Reset Length II Comments 
    ------------- ----------------------- ------- ---------- ------------ -- --------
    /conv/core                         56      10          9            0  0          
    Design Total:                      56      10          9            0  1          
    
  Bill Of Materials (Datapath)
    Component Name                 Area Score Delay Post Alloc Post Assign 
    ------------------------------ ---------- ----- ---------- -----------
    [Lib: ccs_ioport]                                                      
    ccs_in(1,144)                       0.000 0.000          1           1 
    ccs_in(3,144)                       0.000 0.000          1           1 
    ccs_out(2,16)                       0.000 0.000          1           1 
    [Lib: mgc_ioport]                                                      
    mgc_io_sync(0)                      0.000 0.000          3           3 
    [Lib: nangate-45nm_beh]                                                
    mgc_add(16,0,16,0,16,2)           126.929 0.334          6           5 
    mgc_add(16,0,16,0,16,3)           105.915 0.605          2           1 
    mgc_add(16,0,16,0,16,4)            68.120 1.183          0           2 
    mgc_add(4,0,1,0,4,4)               12.367 0.218          0           1 
    mgc_add(4,0,2,1,4,4)               19.386 0.344          1           0 
    mgc_and(1,3,1)                      1.385 0.041          0           1 
    mgc_and(1,4,1)                      1.660 0.051          0           4 
    mgc_and(1,5,1)                      2.104 0.058          0           3 
    mgc_and(1,6,1)                      2.548 0.063          0           1 
    mgc_and(4,2,4)                      4.438 0.017          1           1 
    mgc_mul(16,0,16,0,16,3)           724.803 0.868          1           0 
    mgc_mul(16,0,16,0,16,4)           600.362 1.317          0           1 
    mgc_mux(1,1,2,4)                    1.754 0.054          0           4 
    mgc_mux(16,1,2,4)                  28.071 0.063          8           8 
    mgc_mux(16,4,16,4)                249.400 0.228          2           2 
    mgc_nand(1,2,1)                     0.771 0.012          0           3 
    mgc_nor(1,2,1)                      0.771 0.025          0           7 
    mgc_nor(1,3,1)                      1.046 0.045          0           1 
    mgc_nor(1,4,1)                      1.320 0.056          0           5 
    mgc_nor(1,5,4)                      1.934 0.078          0           2 
    mgc_not(1,1)                        0.529 0.006          0          30 
    mgc_or(1,2,1)                       1.110 0.031          0          14 
    mgc_or(1,3,4)                       1.385 0.066          0           3 
    mgc_or(1,4,4)                       1.660 0.078          0           3 
    mgc_reg_pos(1,0,0,1,1,0,0,4)        6.375 0.087          0           5 
    mgc_reg_pos(16,0,0,1,1,1,1,4)     102.000 0.087          0          12 
    mgc_reg_pos(4,0,0,1,1,1,1,4)       25.500 0.087          0           1 
                                                                           
    TOTAL AREA (After Assignment):   3582.384                              
    
  Area Scores
                      Post-Scheduling   Post-DP & FSM Post-Assignment 
    ----------------- --------------- --------------- ---------------
    Total Area Score:   3701.3          3940.2          3582.4        
    Total Reg:          1255.9  (34%)   1281.4  (33%)   1281.4  (36%) 
                                                                      
    DataPath:           3701.3 (100%)   3940.2 (100%)   3582.4 (100%) 
      MUX:               723.4  (20%)    888.8  (23%)    730.4  (20%) 
      FUNC:             1717.6  (46%)   1717.6  (44%)   1489.5  (42%) 
      LOGIC:               4.4   (0%)     52.5   (1%)     81.1   (2%) 
      BUFFER:              0.0             0.0             0.0        
      MEM:                 0.0             0.0             0.0        
      ROM:                 0.0             0.0             0.0        
      REG:              1255.9  (34%)   1281.4  (33%)   1281.4  (36%) 
                                                                      
    
    FSM:                   0.0             0.0             0.0        
      FSM-REG:             0.0             0.0             0.0        
      FSM-COMB:            0.0             0.0             0.0        
                                                                      
    
  Register-to-Variable Mappings
    Register                         Size(bits) Gated Register CG Opt Done Variables                                             
    -------------------------------- ---------- -------------- ----------- -----------------------------------------------------
    acc#12.itm.1                             16         Y           Y      acc#12.itm.1                                          
    acc#13.itm.1                             16         Y           Y      acc#13.itm.1                                          
    acc#14.itm.1                             16         Y           Y      acc#14.itm.1                                          
    output:rsci.idat                         16         Y           Y      output:rsci.idat                                      
    temp(0).sva#1                            16         Y           Y      temp(0).sva#1                                         
    temp(1).sva#1                            16         Y           Y      temp(1).sva#1                                         
    temp(2).sva#1                            16         Y           Y      temp(2).sva#1                                         
    temp(3).sva#1                            16         Y           Y      temp(3).sva#1                                         
    temp(4).sva#1                            16         Y           Y      temp(4).sva#1                                         
    temp(5).sva#1                            16         Y           Y      temp(5).sva#1                                         
    temp(6).sva#1                            16         Y           Y      temp(6).sva#1                                         
    temp(7).sva#1                            16         Y           Y      temp(7).sva#1                                         
    sum:i(3:0).sva#1                          4         Y           Y      sum:i(3:0).sva#1                                      
    exitL:exit:sum.sva                        1                            exitL:exit:sum.sva                                    
    main.stage_0.2                            1                            main.stage_0.2                                        
    output:rsc.triosy:obj.ld                  1                            output:rsc.triosy:obj.ld                              
    reg(input:rsc.triosy:obj.ld).cse          1                            reg(input:rsc.triosy:obj.ld).cse                      
    sum:sum:and.mdf.sva.st.1                  1                            sum:sum:and.mdf.sva.st.1                              
                                                                                                                                 
    Total:                                  201            196         196 (Total Gating Ratio: 0.98, CG Opt Gating Ratio: 0.98) 
    
  Timing Report
    Critical Path
      Max Delay:  2.4522180000000002
      Slack:      0.04778199999999977
      
      Path                                 Startpoint                    Endpoint                        Delay  Slack  
      ------------------------------------ ----------------------------- ------------------------------- ------ ------
      1                                    conv:core/reg(acc#13.itm.1)   conv:core/reg(output:rsci.idat) 2.4522 0.0478 
                                                                                                                       
        Instance                           Component                                                     Delta  Delay  
        --------                           ---------                                                     -----  -----  
        conv:core/reg(acc#13.itm.1)        mgc_reg_pos_16_0_0_1_1_1_1_4                                  0.0870 0.0870 
        conv:core/acc#13.itm.1                                                                           0.0000 0.0870 
        conv:core/acc#15                   mgc_addc_16_0_16_0_16_4                                       1.1826 1.2696 
        conv:core/acc#15.itm                                                                             0.0000 1.2696 
        conv:core/acc                      mgc_addc_16_0_16_0_16_4                                       1.1826 2.4522 
        conv:core/acc.itm                                                                                0.0000 2.4522 
        conv:core/reg(output:rsci.idat)    mgc_reg_pos_16_0_0_1_1_1_1_4                                  0.0000 2.4522 
                                                                                                                       
      2                                    conv:core/reg(acc#12.itm.1)   conv:core/reg(output:rsci.idat) 2.4522 0.0478 
                                                                                                                       
        Instance                           Component                                                     Delta  Delay  
        --------                           ---------                                                     -----  -----  
        conv:core/reg(acc#12.itm.1)        mgc_reg_pos_16_0_0_1_1_1_1_4                                  0.0870 0.0870 
        conv:core/acc#12.itm.1                                                                           0.0000 0.0870 
        conv:core/acc#15                   mgc_addc_16_0_16_0_16_4                                       1.1826 1.2696 
        conv:core/acc#15.itm                                                                             0.0000 1.2696 
        conv:core/acc                      mgc_addc_16_0_16_0_16_4                                       1.1826 2.4522 
        conv:core/acc.itm                                                                                0.0000 2.4522 
        conv:core/reg(output:rsci.idat)    mgc_reg_pos_16_0_0_1_1_1_1_4                                  0.0000 2.4522 
                                                                                                                       
      3                                    conv:core/reg(exitL:exit:sum) conv:core/reg(acc#13.itm.1)     2.3852 0.1148 
                                                                                                                       
        Instance                           Component                                                     Delta  Delay  
        --------                           ---------                                                     -----  -----  
        conv:core/reg(exitL:exit:sum)      mgc_reg_pos_1_0_0_1_1_0_0_4                                   0.0870 0.0870 
        conv:core/exitL:exit:sum.sva                                                                     0.0000 0.0870 
        conv:core/sum:not                  mgc_not_1_1                                                   0.0060 0.0930 
        conv:core/sum:not.itm                                                                            0.0000 0.0930 
        conv:core/sum:exs                                                                                0.0000 0.0930 
        conv:core/sum:exs.itm                                                                            0.0000 0.0930 
        conv:core/sum:sum:and#1            mgc_and_4_2_4                                                 0.0174 0.1104 
        conv:core/sum:i(3:0).lpi#1.dfm#1                                                                 0.0000 0.1104 
        conv:core/sum:mux#19               mgc_mux_16_4_16_4                                             0.2276 0.3380 
        conv:core/sum:mux#19.itm                                                                         0.0000 0.3380 
        conv:core/sum:sum:mul#1            mgc_mul_16_0_16_0_16_4                                        1.3166 1.6545 
        conv:core/sum:sum:mul#1.ctmp.sva#1                                                               0.0000 1.6545 
        conv:core/sum:mux#6                mgc_mux_16_1_2_4                                              0.0630 1.7176 
        conv:core/temp(7).sva#1:mx0                                                                      0.0000 1.7176 
        conv:core/acc#9                    mgc_addc_16_0_16_0_16_2                                       0.3338 2.0514 
        conv:core/acc#9.itm                                                                              0.0000 2.0514 
        conv:core/acc#13                   mgc_addc_16_0_16_0_16_2                                       0.3338 2.3852 
        conv:core/acc#13.itm                                                                             0.0000 2.3852 
        conv:core/reg(acc#13.itm.1)        mgc_reg_pos_16_0_0_1_1_1_1_4                                  0.0000 2.3852 
                                                                                                                       
      4                                    conv:core/reg(exitL:exit:sum) conv:core/reg(acc#14.itm.1)     2.3852 0.1148 
                                                                                                                       
        Instance                           Component                                                     Delta  Delay  
        --------                           ---------                                                     -----  -----  
        conv:core/reg(exitL:exit:sum)      mgc_reg_pos_1_0_0_1_1_0_0_4                                   0.0870 0.0870 
        conv:core/exitL:exit:sum.sva                                                                     0.0000 0.0870 
        conv:core/sum:not                  mgc_not_1_1                                                   0.0060 0.0930 
        conv:core/sum:not.itm                                                                            0.0000 0.0930 
        conv:core/sum:exs                                                                                0.0000 0.0930 
        conv:core/sum:exs.itm                                                                            0.0000 0.0930 
        conv:core/sum:sum:and#1            mgc_and_4_2_4                                                 0.0174 0.1104 
        conv:core/sum:i(3:0).lpi#1.dfm#1                                                                 0.0000 0.1104 
        conv:core/sum:mux#19               mgc_mux_16_4_16_4                                             0.2276 0.3380 
        conv:core/sum:mux#19.itm                                                                         0.0000 0.3380 
        conv:core/sum:sum:mul#1            mgc_mul_16_0_16_0_16_4                                        1.3166 1.6545 
        conv:core/sum:sum:mul#1.ctmp.sva#1                                                               0.0000 1.6545 
        conv:core/sum:mux                  mgc_mux_16_1_2_4                                              0.0630 1.7176 
        conv:core/temp(3).sva#1:mx0                                                                      0.0000 1.7176 
        conv:core/acc#11                   mgc_addc_16_0_16_0_16_2                                       0.3338 2.0514 
        conv:core/acc#11.itm                                                                             0.0000 2.0514 
        conv:core/acc#14                   mgc_addc_16_0_16_0_16_2                                       0.3338 2.3852 
        conv:core/acc#14.itm                                                                             0.0000 2.3852 
        conv:core/reg(acc#14.itm.1)        mgc_reg_pos_16_0_0_1_1_1_1_4                                  0.0000 2.3852 
                                                                                                                       
      5                                    conv:core/reg(exitL:exit:sum) conv:core/reg(acc#14.itm.1)     2.3852 0.1148 
                                                                                                                       
        Instance                           Component                                                     Delta  Delay  
        --------                           ---------                                                     -----  -----  
        conv:core/reg(exitL:exit:sum)      mgc_reg_pos_1_0_0_1_1_0_0_4                                   0.0870 0.0870 
        conv:core/exitL:exit:sum.sva                                                                     0.0000 0.0870 
        conv:core/sum:not                  mgc_not_1_1                                                   0.0060 0.0930 
        conv:core/sum:not.itm                                                                            0.0000 0.0930 
        conv:core/sum:exs                                                                                0.0000 0.0930 
        conv:core/sum:exs.itm                                                                            0.0000 0.0930 
        conv:core/sum:sum:and#1            mgc_and_4_2_4                                                 0.0174 0.1104 
        conv:core/sum:i(3:0).lpi#1.dfm#1                                                                 0.0000 0.1104 
        conv:core/sum:mux#20               mgc_mux_16_4_16_4                                             0.2276 0.3380 
        conv:core/sum:mux#20.itm                                                                         0.0000 0.3380 
        conv:core/sum:sum:mul#1            mgc_mul_16_0_16_0_16_4                                        1.3166 1.6545 
        conv:core/sum:sum:mul#1.ctmp.sva#1                                                               0.0000 1.6545 
        conv:core/sum:mux                  mgc_mux_16_1_2_4                                              0.0630 1.7176 
        conv:core/temp(3).sva#1:mx0                                                                      0.0000 1.7176 
        conv:core/acc#11                   mgc_addc_16_0_16_0_16_2                                       0.3338 2.0514 
        conv:core/acc#11.itm                                                                             0.0000 2.0514 
        conv:core/acc#14                   mgc_addc_16_0_16_0_16_2                                       0.3338 2.3852 
        conv:core/acc#14.itm                                                                             0.0000 2.3852 
        conv:core/reg(acc#14.itm.1)        mgc_reg_pos_16_0_0_1_1_1_1_4                                  0.0000 2.3852 
                                                                                                                       
      6                                    conv:core/reg(exitL:exit:sum) conv:core/reg(acc#14.itm.1)     2.3852 0.1148 
                                                                                                                       
        Instance                           Component                                                     Delta  Delay  
        --------                           ---------                                                     -----  -----  
        conv:core/reg(exitL:exit:sum)      mgc_reg_pos_1_0_0_1_1_0_0_4                                   0.0870 0.0870 
        conv:core/exitL:exit:sum.sva                                                                     0.0000 0.0870 
        conv:core/sum:not                  mgc_not_1_1                                                   0.0060 0.0930 
        conv:core/sum:not.itm                                                                            0.0000 0.0930 
        conv:core/sum:exs                                                                                0.0000 0.0930 
        conv:core/sum:exs.itm                                                                            0.0000 0.0930 
        conv:core/sum:sum:and#1            mgc_and_4_2_4                                                 0.0174 0.1104 
        conv:core/sum:i(3:0).lpi#1.dfm#1                                                                 0.0000 0.1104 
        conv:core/sum:mux#19               mgc_mux_16_4_16_4                                             0.2276 0.3380 
        conv:core/sum:mux#19.itm                                                                         0.0000 0.3380 
        conv:core/sum:sum:mul#1            mgc_mul_16_0_16_0_16_4                                        1.3166 1.6545 
        conv:core/sum:sum:mul#1.ctmp.sva#1                                                               0.0000 1.6545 
        conv:core/sum:mux#1                mgc_mux_16_1_2_4                                              0.0630 1.7176 
        conv:core/temp(4).sva#1:mx0                                                                      0.0000 1.7176 
        conv:core/acc#11                   mgc_addc_16_0_16_0_16_2                                       0.3338 2.0514 
        conv:core/acc#11.itm                                                                             0.0000 2.0514 
        conv:core/acc#14                   mgc_addc_16_0_16_0_16_2                                       0.3338 2.3852 
        conv:core/acc#14.itm                                                                             0.0000 2.3852 
        conv:core/reg(acc#14.itm.1)        mgc_reg_pos_16_0_0_1_1_1_1_4                                  0.0000 2.3852 
                                                                                                                       
      7                                    conv:core/reg(exitL:exit:sum) conv:core/reg(acc#14.itm.1)     2.3852 0.1148 
                                                                                                                       
        Instance                           Component                                                     Delta  Delay  
        --------                           ---------                                                     -----  -----  
        conv:core/reg(exitL:exit:sum)      mgc_reg_pos_1_0_0_1_1_0_0_4                                   0.0870 0.0870 
        conv:core/exitL:exit:sum.sva                                                                     0.0000 0.0870 
        conv:core/sum:not                  mgc_not_1_1                                                   0.0060 0.0930 
        conv:core/sum:not.itm                                                                            0.0000 0.0930 
        conv:core/sum:exs                                                                                0.0000 0.0930 
        conv:core/sum:exs.itm                                                                            0.0000 0.0930 
        conv:core/sum:sum:and#1            mgc_and_4_2_4                                                 0.0174 0.1104 
        conv:core/sum:i(3:0).lpi#1.dfm#1                                                                 0.0000 0.1104 
        conv:core/sum:mux#19               mgc_mux_16_4_16_4                                             0.2276 0.3380 
        conv:core/sum:mux#19.itm                                                                         0.0000 0.3380 
        conv:core/sum:sum:mul#1            mgc_mul_16_0_16_0_16_4                                        1.3166 1.6545 
        conv:core/sum:sum:mul#1.ctmp.sva#1                                                               0.0000 1.6545 
        conv:core/sum:mux#2                mgc_mux_16_1_2_4                                              0.0630 1.7176 
        conv:core/temp(5).sva#1:mx0                                                                      0.0000 1.7176 
        conv:core/acc#10                   mgc_addc_16_0_16_0_16_2                                       0.3338 2.0514 
        conv:core/acc#10.itm                                                                             0.0000 2.0514 
        conv:core/acc#14                   mgc_addc_16_0_16_0_16_2                                       0.3338 2.3852 
        conv:core/acc#14.itm                                                                             0.0000 2.3852 
        conv:core/reg(acc#14.itm.1)        mgc_reg_pos_16_0_0_1_1_1_1_4                                  0.0000 2.3852 
                                                                                                                       
      8                                    conv:core/reg(exitL:exit:sum) conv:core/reg(acc#14.itm.1)     2.3852 0.1148 
                                                                                                                       
        Instance                           Component                                                     Delta  Delay  
        --------                           ---------                                                     -----  -----  
        conv:core/reg(exitL:exit:sum)      mgc_reg_pos_1_0_0_1_1_0_0_4                                   0.0870 0.0870 
        conv:core/exitL:exit:sum.sva                                                                     0.0000 0.0870 
        conv:core/sum:not                  mgc_not_1_1                                                   0.0060 0.0930 
        conv:core/sum:not.itm                                                                            0.0000 0.0930 
        conv:core/sum:exs                                                                                0.0000 0.0930 
        conv:core/sum:exs.itm                                                                            0.0000 0.0930 
        conv:core/sum:sum:and#1            mgc_and_4_2_4                                                 0.0174 0.1104 
        conv:core/sum:i(3:0).lpi#1.dfm#1                                                                 0.0000 0.1104 
        conv:core/sum:mux#20               mgc_mux_16_4_16_4                                             0.2276 0.3380 
        conv:core/sum:mux#20.itm                                                                         0.0000 0.3380 
        conv:core/sum:sum:mul#1            mgc_mul_16_0_16_0_16_4                                        1.3166 1.6545 
        conv:core/sum:sum:mul#1.ctmp.sva#1                                                               0.0000 1.6545 
        conv:core/sum:mux#2                mgc_mux_16_1_2_4                                              0.0630 1.7176 
        conv:core/temp(5).sva#1:mx0                                                                      0.0000 1.7176 
        conv:core/acc#10                   mgc_addc_16_0_16_0_16_2                                       0.3338 2.0514 
        conv:core/acc#10.itm                                                                             0.0000 2.0514 
        conv:core/acc#14                   mgc_addc_16_0_16_0_16_2                                       0.3338 2.3852 
        conv:core/acc#14.itm                                                                             0.0000 2.3852 
        conv:core/reg(acc#14.itm.1)        mgc_reg_pos_16_0_0_1_1_1_1_4                                  0.0000 2.3852 
                                                                                                                       
      9                                    conv:core/reg(exitL:exit:sum) conv:core/reg(acc#14.itm.1)     2.3852 0.1148 
                                                                                                                       
        Instance                           Component                                                     Delta  Delay  
        --------                           ---------                                                     -----  -----  
        conv:core/reg(exitL:exit:sum)      mgc_reg_pos_1_0_0_1_1_0_0_4                                   0.0870 0.0870 
        conv:core/exitL:exit:sum.sva                                                                     0.0000 0.0870 
        conv:core/sum:not                  mgc_not_1_1                                                   0.0060 0.0930 
        conv:core/sum:not.itm                                                                            0.0000 0.0930 
        conv:core/sum:exs                                                                                0.0000 0.0930 
        conv:core/sum:exs.itm                                                                            0.0000 0.0930 
        conv:core/sum:sum:and#1            mgc_and_4_2_4                                                 0.0174 0.1104 
        conv:core/sum:i(3:0).lpi#1.dfm#1                                                                 0.0000 0.1104 
        conv:core/sum:mux#19               mgc_mux_16_4_16_4                                             0.2276 0.3380 
        conv:core/sum:mux#19.itm                                                                         0.0000 0.3380 
        conv:core/sum:sum:mul#1            mgc_mul_16_0_16_0_16_4                                        1.3166 1.6545 
        conv:core/sum:sum:mul#1.ctmp.sva#1                                                               0.0000 1.6545 
        conv:core/sum:mux#3                mgc_mux_16_1_2_4                                              0.0630 1.7176 
        conv:core/temp(6).sva#1:mx0                                                                      0.0000 1.7176 
        conv:core/acc#10                   mgc_addc_16_0_16_0_16_2                                       0.3338 2.0514 
        conv:core/acc#10.itm                                                                             0.0000 2.0514 
        conv:core/acc#14                   mgc_addc_16_0_16_0_16_2                                       0.3338 2.3852 
        conv:core/acc#14.itm                                                                             0.0000 2.3852 
        conv:core/reg(acc#14.itm.1)        mgc_reg_pos_16_0_0_1_1_1_1_4                                  0.0000 2.3852 
                                                                                                                       
      10                                   conv:core/reg(exitL:exit:sum) conv:core/reg(acc#14.itm.1)     2.3852 0.1148 
                                                                                                                       
        Instance                           Component                                                     Delta  Delay  
        --------                           ---------                                                     -----  -----  
        conv:core/reg(exitL:exit:sum)      mgc_reg_pos_1_0_0_1_1_0_0_4                                   0.0870 0.0870 
        conv:core/exitL:exit:sum.sva                                                                     0.0000 0.0870 
        conv:core/sum:not                  mgc_not_1_1                                                   0.0060 0.0930 
        conv:core/sum:not.itm                                                                            0.0000 0.0930 
        conv:core/sum:exs                                                                                0.0000 0.0930 
        conv:core/sum:exs.itm                                                                            0.0000 0.0930 
        conv:core/sum:sum:and#1            mgc_and_4_2_4                                                 0.0174 0.1104 
        conv:core/sum:i(3:0).lpi#1.dfm#1                                                                 0.0000 0.1104 
        conv:core/sum:mux#20               mgc_mux_16_4_16_4                                             0.2276 0.3380 
        conv:core/sum:mux#20.itm                                                                         0.0000 0.3380 
        conv:core/sum:sum:mul#1            mgc_mul_16_0_16_0_16_4                                        1.3166 1.6545 
        conv:core/sum:sum:mul#1.ctmp.sva#1                                                               0.0000 1.6545 
        conv:core/sum:mux#3                mgc_mux_16_1_2_4                                              0.0630 1.7176 
        conv:core/temp(6).sva#1:mx0                                                                      0.0000 1.7176 
        conv:core/acc#10                   mgc_addc_16_0_16_0_16_2                                       0.3338 2.0514 
        conv:core/acc#10.itm                                                                             0.0000 2.0514 
        conv:core/acc#14                   mgc_addc_16_0_16_0_16_2                                       0.3338 2.3852 
        conv:core/acc#14.itm                                                                             0.0000 2.3852 
        conv:core/reg(acc#14.itm.1)        mgc_reg_pos_16_0_0_1_1_1_1_4                                  0.0000 2.3852 
                                                                                                                       
      
    Register Input and Register-to-Output Slack
      Clock period or pin-to-reg delay constraint (clk): 2.5
      Clock uncertainty constraint (clk)               : 0.0
      
      Instance                                Port                   Slack (Delay) Messages 
      --------------------------------------- --------------------- ------ ------- --------
      conv:core/reg(output:rsc.triosy:obj.ld) output:not.itm        2.3954  0.1046          
      conv:core/reg(output:rsci.idat)         acc.itm               0.0478  2.4522          
      conv:core/reg(acc#13.itm.1)             acc#13.itm            0.1148  2.3852          
      conv:core/reg(acc#12.itm.1)             acc#12.itm            0.1774  2.3226          
      conv:core/reg(acc#14.itm.1)             acc#14.itm            0.1148  2.3852          
      conv:core/reg(sum:sum:and.mdf.sva.st.1) sum:sum:and.mdf.sva#1 2.1058  0.3942          
      conv:core/reg(input:rsc.triosy:obj.ld)  input:nor.itm         2.1093  0.3907          
      conv:core/reg(sum:i(3:0))               sum:acc.tmp           1.9254  0.5746          
      conv:core/reg(exitL:exit:sum)           sum:sum:and.mdf.sva#1 2.1058  0.3942          
      conv:core/reg(main.stage_0.2)           1#6                   2.5000  0.0000          
      conv:core/reg(temp(3))                  temp(3).sva#1:mx0     0.1148  2.3852          
      conv:core/reg(temp(4))                  temp(4).sva#1:mx0     0.1148  2.3852          
      conv:core/reg(temp(5))                  temp(5).sva#1:mx0     0.1148  2.3852          
      conv:core/reg(temp(6))                  temp(6).sva#1:mx0     0.1148  2.3852          
      conv:core/reg(temp(1))                  temp(1).sva#1:mx0     0.1774  2.3226          
      conv:core/reg(temp(2))                  temp(2).sva#1:mx0     0.1774  2.3226          
      conv:core/reg(temp(7))                  temp(7).sva#1:mx0     0.1148  2.3852          
      conv:core/reg(temp(0))                  temp(0).sva#1:mx0     0.4486  2.0514          
      conv                                    input:rsc.triosy.lz   2.4130  0.0870          
      conv                                    output:rsc.dat        2.4130  0.0870          
      conv                                    output:rsc.triosy.lz  2.4130  0.0870          
      conv                                    filter:rsc.triosy.lz  2.4130  0.0870          
      
  Operator Bitwidth Summary
    Operation  Size (bits) Count 
    ---------- ----------- -----
    add                          
    -                    4     1 
    -                   16     8 
    and                          
    -                    4     1 
    -                    1     9 
    mul                          
    -                   16     1 
    mux                          
    -                   16    10 
    -                    1     4 
    nand                         
    -                    1     3 
    nor                          
    -                    1    15 
    not                          
    -                    1    30 
    or                           
    -                    1    20 
    read_port                    
    -                  144     2 
    read_sync                    
    -                    0     3 
    reg                          
    -                    4     1 
    -                   16    12 
    -                    1     5 
    write_port                   
    -                    0     1 
    
  End of Report
