-- Catapult Ultra Synthesis: Report                                              
-- ------------------------- ---------------------------------------------------
-- Version:                  10.4a/835166 Production Release                     
-- Build Date:               Thu Sep  5 21:35:46 PDT 2019                        
                                                                                 
-- Generated by:             gel8580@finagle.wot.ece.northwestern.edu            
-- Generated date:           Mon Dec 01 01:44:57 CST 2025                        

Solution Settings: conv_fixed.v3
  Current state: extract
  Project: Catapult_1
  
  Design Input Files Specified
    $PROJECT_HOME/conv_fixed.h
      $MGC_HOME/shared/include/ac_fixed.h
        $MGC_HOME/shared/include/ac_int.h
    $PROJECT_HOME/conv_fixed.cpp
      $PROJECT_HOME/conv_fixed.h
        $MGC_HOME/shared/include/ac_fixed.h
          $MGC_HOME/shared/include/ac_int.h
  
  Processes/Blocks in Design
    Process          Real Operation(s) count Latency Throughput Reset Length II Comments 
    ---------------- ----------------------- ------- ---------- ------------ -- --------
    /conv_fixed/core                      23       2          1            0  0          
    Design Total:                         23       2          1            0  1          
    
  Bill Of Materials (Datapath)
    Component Name                 Area Score Delay Post Alloc Post Assign 
    ------------------------------ ---------- ----- ---------- -----------
    [Lib: ccs_ioport]                                                      
    ccs_in(1,144)                       0.000 0.000          1           1 
    ccs_in(3,144)                       0.000 0.000          1           1 
    ccs_out(2,16)                       0.000 0.000          1           1 
    [Lib: mgc_ioport]                                                      
    mgc_io_sync(0)                      0.000 0.000          3           3 
    [Lib: nangate-45nm_beh]                                                
    mgc_add(16,0,16,0,16,2)           126.929 0.334          2           1 
    mgc_add(16,0,16,0,16,3)           105.915 0.605          6           4 
    mgc_add(16,0,16,0,16,4)            68.120 1.183          0           3 
    mgc_mul(16,1,16,1,24,4)          1087.971 1.799          9           9 
    mgc_reg_pos(1,0,0,1,1,0,0,4)        6.375 0.087          0           2 
    mgc_reg_pos(16,0,0,1,1,0,0,4)     102.000 0.087          0           9 
    mgc_reg_pos(16,0,0,1,1,1,1,4)     102.000 0.087          0           1 
                                                                           
    TOTAL AREA (After Assignment):  11579.440                              
    
  Area Scores
                       Post-Scheduling    Post-DP & FSM  Post-Assignment 
    ----------------- ---------------- ---------------- ----------------
    Total Area Score:   11701.1          11713.8          11579.4        
    Total Reg:           1020.0   (9%)    1032.8   (9%)    1032.8   (9%) 
                                                                         
    DataPath:           11701.1 (100%)   11713.8 (100%)   11579.4 (100%) 
      MUX:                  0.0              0.0              0.0        
      FUNC:             10681.1  (91%)   10681.1  (91%)   10546.7  (91%) 
      LOGIC:                0.0              0.0              0.0        
      BUFFER:               0.0              0.0              0.0        
      MEM:                  0.0              0.0              0.0        
      ROM:                  0.0              0.0              0.0        
      REG:               1020.0   (9%)    1032.8   (9%)    1032.8   (9%) 
                                                                         
    
    FSM:                    0.0              0.0              0.0        
      FSM-REG:              0.0              0.0              0.0        
      FSM-COMB:             0.0              0.0              0.0        
                                                                         
    
  Register-to-Variable Mappings
    Register                          Size(bits) Gated Register CG Opt Done Variables                                             
    --------------------------------- ---------- -------------- ----------- -----------------------------------------------------
    output:rsci.idat                          16         Y           Y      output:rsci.idat                                      
    sum-1:slc()(23-8).itm.1                   16                            sum-1:slc()(23-8).itm.1                               
    sum-2:slc()(23-8).itm.1                   16                            sum-2:slc()(23-8).itm.1                               
    sum-3:slc()(23-8).itm.1                   16                            sum-3:slc()(23-8).itm.1                               
    sum-4:slc()(23-8).itm.1                   16                            sum-4:slc()(23-8).itm.1                               
    sum-5:slc()(23-8).itm.1                   16                            sum-5:slc()(23-8).itm.1                               
    sum-6:slc()(23-8).itm.1                   16                            sum-6:slc()(23-8).itm.1                               
    sum-7:slc()(23-8).itm.1                   16                            sum-7:slc()(23-8).itm.1                               
    sum-8:slc()(23-8).itm.1                   16                            sum-8:slc()(23-8).itm.1                               
    sum-9:slc()(23-8).itm.1                   16                            sum-9:slc()(23-8).itm.1                               
    output:rsc.triosy:obj.ld                   1                            output:rsc.triosy:obj.ld                              
    reg(filter:rsc.triosy:obj.ld).cse          1                            reg(filter:rsc.triosy:obj.ld).cse                     
                                                                                                                                  
    Total:                                   162             16          16 (Total Gating Ratio: 0.10, CG Opt Gating Ratio: 0.10) 
    
  Timing Report
    Critical Path
      Max Delay:  2.23587
      Slack:      0.2641300000000002
      
      Path                                                        Startpoint                                   Endpoint                                     Delay  Slack  
      ----------------------------------------------------------- -------------------------------------------- -------------------------------------------- ------ ------
      1                                                           conv_fixed:core/reg(sum-8:slc()(23-8).itm.1) conv_fixed:core/reg(output:rsci.idat)        2.2359 0.2641 
                                                                                                                                                                          
        Instance                                                  Component                                                                                 Delta  Delay  
        --------                                                  ---------                                                                                 -----  -----  
        conv_fixed:core/reg(sum-8:slc()(23-8).itm.1)              mgc_reg_pos_16_0_0_1_1_0_0_4                                                              0.0870 0.0870 
        conv_fixed:core/sum-8:slc()(23-8).itm.1                                                                                                             0.0000 0.0870 
        conv_fixed:core/acc#8                                     mgc_addc_16_0_16_0_16_3                                                                   0.6050 0.6920 
        conv_fixed:core/acc#8.itm                                                                                                                           0.0000 0.6920 
        conv_fixed:core/acc#12                                    mgc_addc_16_0_16_0_16_3                                                                   0.6050 1.2971 
        conv_fixed:core/acc#12.itm                                                                                                                          0.0000 1.2971 
        conv_fixed:core/acc#14                                    mgc_addc_16_0_16_0_16_3                                                                   0.6050 1.9021 
        conv_fixed:core/acc#14.itm                                                                                                                          0.0000 1.9021 
        conv_fixed:core/acc                                       mgc_addc_16_0_16_0_16_2                                                                   0.3338 2.2359 
        conv_fixed:core/acc.itm                                                                                                                             0.0000 2.2359 
        conv_fixed:core/reg(output:rsci.idat)                     mgc_reg_pos_16_0_0_1_1_1_1_4                                                              0.0000 2.2359 
                                                                                                                                                                          
      2                                                           conv_fixed:core/reg(sum-9:slc()(23-8).itm.1) conv_fixed:core/reg(output:rsci.idat)        2.2359 0.2641 
                                                                                                                                                                          
        Instance                                                  Component                                                                                 Delta  Delay  
        --------                                                  ---------                                                                                 -----  -----  
        conv_fixed:core/reg(sum-9:slc()(23-8).itm.1)              mgc_reg_pos_16_0_0_1_1_0_0_4                                                              0.0870 0.0870 
        conv_fixed:core/sum-9:slc()(23-8).itm.1                                                                                                             0.0000 0.0870 
        conv_fixed:core/acc#8                                     mgc_addc_16_0_16_0_16_3                                                                   0.6050 0.6920 
        conv_fixed:core/acc#8.itm                                                                                                                           0.0000 0.6920 
        conv_fixed:core/acc#12                                    mgc_addc_16_0_16_0_16_3                                                                   0.6050 1.2971 
        conv_fixed:core/acc#12.itm                                                                                                                          0.0000 1.2971 
        conv_fixed:core/acc#14                                    mgc_addc_16_0_16_0_16_3                                                                   0.6050 1.9021 
        conv_fixed:core/acc#14.itm                                                                                                                          0.0000 1.9021 
        conv_fixed:core/acc                                       mgc_addc_16_0_16_0_16_2                                                                   0.3338 2.2359 
        conv_fixed:core/acc.itm                                                                                                                             0.0000 2.2359 
        conv_fixed:core/reg(output:rsci.idat)                     mgc_reg_pos_16_0_0_1_1_1_1_4                                                              0.0000 2.2359 
                                                                                                                                                                          
      3                                                           conv_fixed:core/reg(sum-4:slc()(23-8).itm.1) conv_fixed:core/reg(output:rsci.idat)        2.2084 0.2916 
                                                                                                                                                                          
        Instance                                                  Component                                                                                 Delta  Delay  
        --------                                                  ---------                                                                                 -----  -----  
        conv_fixed:core/reg(sum-4:slc()(23-8).itm.1)              mgc_reg_pos_16_0_0_1_1_0_0_4                                                              0.0870 0.0870 
        conv_fixed:core/sum-4:slc()(23-8).itm.1                                                                                                             0.0000 0.0870 
        conv_fixed:core/acc#10                                    mgc_addc_16_0_16_0_16_4                                                                   1.1826 1.2696 
        conv_fixed:core/acc#10.itm                                                                                                                          0.0000 1.2696 
        conv_fixed:core/acc#13                                    mgc_addc_16_0_16_0_16_3                                                                   0.6050 1.8746 
        conv_fixed:core/acc#13.itm                                                                                                                          0.0000 1.8746 
        conv_fixed:core/acc                                       mgc_addc_16_0_16_0_16_2                                                                   0.3338 2.2084 
        conv_fixed:core/acc.itm                                                                                                                             0.0000 2.2084 
        conv_fixed:core/reg(output:rsci.idat)                     mgc_reg_pos_16_0_0_1_1_1_1_4                                                              0.0000 2.2084 
                                                                                                                                                                          
      4                                                           conv_fixed:core/reg(sum-2:slc()(23-8).itm.1) conv_fixed:core/reg(output:rsci.idat)        2.2084 0.2916 
                                                                                                                                                                          
        Instance                                                  Component                                                                                 Delta  Delay  
        --------                                                  ---------                                                                                 -----  -----  
        conv_fixed:core/reg(sum-2:slc()(23-8).itm.1)              mgc_reg_pos_16_0_0_1_1_0_0_4                                                              0.0870 0.0870 
        conv_fixed:core/sum-2:slc()(23-8).itm.1                                                                                                             0.0000 0.0870 
        conv_fixed:core/acc#11                                    mgc_addc_16_0_16_0_16_4                                                                   1.1826 1.2696 
        conv_fixed:core/acc#11.itm                                                                                                                          0.0000 1.2696 
        conv_fixed:core/acc#14                                    mgc_addc_16_0_16_0_16_3                                                                   0.6050 1.8746 
        conv_fixed:core/acc#14.itm                                                                                                                          0.0000 1.8746 
        conv_fixed:core/acc                                       mgc_addc_16_0_16_0_16_2                                                                   0.3338 2.2084 
        conv_fixed:core/acc.itm                                                                                                                             0.0000 2.2084 
        conv_fixed:core/reg(output:rsci.idat)                     mgc_reg_pos_16_0_0_1_1_1_1_4                                                              0.0000 2.2084 
                                                                                                                                                                          
      5                                                           conv_fixed:core/reg(sum-6:slc()(23-8).itm.1) conv_fixed:core/reg(output:rsci.idat)        2.2084 0.2916 
                                                                                                                                                                          
        Instance                                                  Component                                                                                 Delta  Delay  
        --------                                                  ---------                                                                                 -----  -----  
        conv_fixed:core/reg(sum-6:slc()(23-8).itm.1)              mgc_reg_pos_16_0_0_1_1_0_0_4                                                              0.0870 0.0870 
        conv_fixed:core/sum-6:slc()(23-8).itm.1                                                                                                             0.0000 0.0870 
        conv_fixed:core/acc#9                                     mgc_addc_16_0_16_0_16_4                                                                   1.1826 1.2696 
        conv_fixed:core/acc#9.itm                                                                                                                           0.0000 1.2696 
        conv_fixed:core/acc#13                                    mgc_addc_16_0_16_0_16_3                                                                   0.6050 1.8746 
        conv_fixed:core/acc#13.itm                                                                                                                          0.0000 1.8746 
        conv_fixed:core/acc                                       mgc_addc_16_0_16_0_16_2                                                                   0.3338 2.2084 
        conv_fixed:core/acc.itm                                                                                                                             0.0000 2.2084 
        conv_fixed:core/reg(output:rsci.idat)                     mgc_reg_pos_16_0_0_1_1_1_1_4                                                              0.0000 2.2084 
                                                                                                                                                                          
      6                                                           conv_fixed:core/reg(sum-5:slc()(23-8).itm.1) conv_fixed:core/reg(output:rsci.idat)        2.2084 0.2916 
                                                                                                                                                                          
        Instance                                                  Component                                                                                 Delta  Delay  
        --------                                                  ---------                                                                                 -----  -----  
        conv_fixed:core/reg(sum-5:slc()(23-8).itm.1)              mgc_reg_pos_16_0_0_1_1_0_0_4                                                              0.0870 0.0870 
        conv_fixed:core/sum-5:slc()(23-8).itm.1                                                                                                             0.0000 0.0870 
        conv_fixed:core/acc#10                                    mgc_addc_16_0_16_0_16_4                                                                   1.1826 1.2696 
        conv_fixed:core/acc#10.itm                                                                                                                          0.0000 1.2696 
        conv_fixed:core/acc#13                                    mgc_addc_16_0_16_0_16_3                                                                   0.6050 1.8746 
        conv_fixed:core/acc#13.itm                                                                                                                          0.0000 1.8746 
        conv_fixed:core/acc                                       mgc_addc_16_0_16_0_16_2                                                                   0.3338 2.2084 
        conv_fixed:core/acc.itm                                                                                                                             0.0000 2.2084 
        conv_fixed:core/reg(output:rsci.idat)                     mgc_reg_pos_16_0_0_1_1_1_1_4                                                              0.0000 2.2084 
                                                                                                                                                                          
      7                                                           conv_fixed:core/reg(sum-3:slc()(23-8).itm.1) conv_fixed:core/reg(output:rsci.idat)        2.2084 0.2916 
                                                                                                                                                                          
        Instance                                                  Component                                                                                 Delta  Delay  
        --------                                                  ---------                                                                                 -----  -----  
        conv_fixed:core/reg(sum-3:slc()(23-8).itm.1)              mgc_reg_pos_16_0_0_1_1_0_0_4                                                              0.0870 0.0870 
        conv_fixed:core/sum-3:slc()(23-8).itm.1                                                                                                             0.0000 0.0870 
        conv_fixed:core/acc#11                                    mgc_addc_16_0_16_0_16_4                                                                   1.1826 1.2696 
        conv_fixed:core/acc#11.itm                                                                                                                          0.0000 1.2696 
        conv_fixed:core/acc#14                                    mgc_addc_16_0_16_0_16_3                                                                   0.6050 1.8746 
        conv_fixed:core/acc#14.itm                                                                                                                          0.0000 1.8746 
        conv_fixed:core/acc                                       mgc_addc_16_0_16_0_16_2                                                                   0.3338 2.2084 
        conv_fixed:core/acc.itm                                                                                                                             0.0000 2.2084 
        conv_fixed:core/reg(output:rsci.idat)                     mgc_reg_pos_16_0_0_1_1_1_1_4                                                              0.0000 2.2084 
                                                                                                                                                                          
      8                                                           conv_fixed:core/reg(sum-7:slc()(23-8).itm.1) conv_fixed:core/reg(output:rsci.idat)        2.2084 0.2916 
                                                                                                                                                                          
        Instance                                                  Component                                                                                 Delta  Delay  
        --------                                                  ---------                                                                                 -----  -----  
        conv_fixed:core/reg(sum-7:slc()(23-8).itm.1)              mgc_reg_pos_16_0_0_1_1_0_0_4                                                              0.0870 0.0870 
        conv_fixed:core/sum-7:slc()(23-8).itm.1                                                                                                             0.0000 0.0870 
        conv_fixed:core/acc#9                                     mgc_addc_16_0_16_0_16_4                                                                   1.1826 1.2696 
        conv_fixed:core/acc#9.itm                                                                                                                           0.0000 1.2696 
        conv_fixed:core/acc#13                                    mgc_addc_16_0_16_0_16_3                                                                   0.6050 1.8746 
        conv_fixed:core/acc#13.itm                                                                                                                          0.0000 1.8746 
        conv_fixed:core/acc                                       mgc_addc_16_0_16_0_16_2                                                                   0.3338 2.2084 
        conv_fixed:core/acc.itm                                                                                                                             0.0000 2.2084 
        conv_fixed:core/reg(output:rsci.idat)                     mgc_reg_pos_16_0_0_1_1_1_1_4                                                              0.0000 2.2084 
                                                                                                                                                                          
      9                                                           conv_fixed:core/filter:rsc.dat               conv_fixed:core/reg(sum-9:slc()(23-8).itm.1) 1.7989 0.7011 
                                                                                                                                                                          
        Instance                                                  Component                                                                                 Delta  Delay  
        --------                                                  ---------                                                                                 -----  -----  
        conv_fixed:core/filter:rsc.dat                                                                                                                      0.0000 0.0000 
        conv_fixed:core/filter:rsci                               ccs_in_v1_3_144                                                                           0.0000 0.0000 
        conv_fixed:core/filter:rsci.idat                                                                                                                    0.0000 0.0000 
        conv_fixed:core/filter:slc(filter:rsci.idat)(143-128)                                                                                               0.0000 0.0000 
        conv_fixed:core/filter:slc(filter:rsci.idat)(143-128).itm                                                                                           0.0000 0.0000 
        conv_fixed:core/sum-9:mul                                 mgc_mul_16_1_16_1_24_4                                                                    1.7989 1.7989 
        conv_fixed:core/sum-9:mul.itm                                                                                                                       0.0000 1.7989 
        conv_fixed:core/sum:slc(sum-9:mul)(23-8)                                                                                                            0.0000 1.7989 
        conv_fixed:core/sum:slc(sum-9:mul)(23-8).itm                                                                                                        0.0000 1.7989 
        conv_fixed:core/reg(sum-9:slc()(23-8).itm.1)              mgc_reg_pos_16_0_0_1_1_0_0_4                                                              0.0000 1.7989 
                                                                                                                                                                          
      10                                                          conv_fixed:core/filter:rsc.dat               conv_fixed:core/reg(sum-8:slc()(23-8).itm.1) 1.7989 0.7011 
                                                                                                                                                                          
        Instance                                                  Component                                                                                 Delta  Delay  
        --------                                                  ---------                                                                                 -----  -----  
        conv_fixed:core/filter:rsc.dat                                                                                                                      0.0000 0.0000 
        conv_fixed:core/filter:rsci                               ccs_in_v1_3_144                                                                           0.0000 0.0000 
        conv_fixed:core/filter:rsci.idat                                                                                                                    0.0000 0.0000 
        conv_fixed:core/filter:slc(filter:rsci.idat)(127-112)                                                                                               0.0000 0.0000 
        conv_fixed:core/filter:slc(filter:rsci.idat)(127-112).itm                                                                                           0.0000 0.0000 
        conv_fixed:core/sum-8:mul                                 mgc_mul_16_1_16_1_24_4                                                                    1.7989 1.7989 
        conv_fixed:core/sum-8:mul.itm                                                                                                                       0.0000 1.7989 
        conv_fixed:core/sum:slc(sum-8:mul)(23-8)                                                                                                            0.0000 1.7989 
        conv_fixed:core/sum:slc(sum-8:mul)(23-8).itm                                                                                                        0.0000 1.7989 
        conv_fixed:core/reg(sum-8:slc()(23-8).itm.1)              mgc_reg_pos_16_0_0_1_1_0_0_4                                                              0.0000 1.7989 
                                                                                                                                                                          
      
    Register Input and Register-to-Output Slack
      Clock period or pin-to-reg delay constraint (clk): 2.5
      Clock uncertainty constraint (clk)               : 0.0
      
      Instance                                      Port                               Slack (Delay) Messages 
      --------------------------------------------- --------------------------------- ------ ------- --------
      conv_fixed:core/reg(output:rsc.triosy:obj.ld) reg(filter:rsc.triosy:obj.ld).cse 2.4130  0.0870          
      conv_fixed:core/reg(output:rsci.idat)         acc.itm                           0.2641  2.2359          
      conv_fixed:core/reg(sum-8:slc()(23-8).itm.1)  sum:slc(sum-8:mul)(23-8).itm      0.7011  1.7989          
      conv_fixed:core/reg(sum-9:slc()(23-8).itm.1)  sum:slc(sum-9:mul)(23-8).itm      0.7011  1.7989          
      conv_fixed:core/reg(sum-1:slc()(23-8).itm.1)  sum:slc(sum-1:mul)(23-8).itm      0.7011  1.7989          
      conv_fixed:core/reg(sum-2:slc()(23-8).itm.1)  sum:slc(sum-2:mul)(23-8).itm      0.7011  1.7989          
      conv_fixed:core/reg(sum-3:slc()(23-8).itm.1)  sum:slc(sum-3:mul)(23-8).itm      0.7011  1.7989          
      conv_fixed:core/reg(sum-4:slc()(23-8).itm.1)  sum:slc(sum-4:mul)(23-8).itm      0.7011  1.7989          
      conv_fixed:core/reg(sum-5:slc()(23-8).itm.1)  sum:slc(sum-5:mul)(23-8).itm      0.7011  1.7989          
      conv_fixed:core/reg(sum-6:slc()(23-8).itm.1)  sum:slc(sum-6:mul)(23-8).itm      0.7011  1.7989          
      conv_fixed:core/reg(sum-7:slc()(23-8).itm.1)  sum:slc(sum-7:mul)(23-8).itm      0.7011  1.7989          
      conv_fixed:core/reg(filter:rsc.triosy:obj.ld) 1#6                               2.5000  0.0000          
      conv_fixed                                    input:rsc.triosy.lz               2.4130  0.0870          
      conv_fixed                                    output:rsc.dat                    2.4130  0.0870          
      conv_fixed                                    output:rsc.triosy.lz              2.4130  0.0870          
      conv_fixed                                    filter:rsc.triosy.lz              2.4130  0.0870          
      
  Operator Bitwidth Summary
    Operation  Size (bits) Count 
    ---------- ----------- -----
    add                          
    -                   16     8 
    mul                          
    -                   24     9 
    read_port                    
    -                  144     2 
    read_sync                    
    -                    0     3 
    reg                          
    -                   16    10 
    -                    1     2 
    write_port                   
    -                    0     1 
    
  End of Report
