-- Catapult Ultra Synthesis: Report                                              
-- ------------------------- ---------------------------------------------------
-- Version:                  10.4a/835166 Production Release                     
-- Build Date:               Thu Sep  5 21:35:46 PDT 2019                        
                                                                                 
-- Generated by:             gel8580@finagle.wot.ece.northwestern.edu            
-- Generated date:           Tue Dec 02 09:09:26 CST 2025                        

Solution Settings: matrix_mul.v4
  Current state: extract
  Project: Catapult_1
  
  Design Input Files Specified
    $PROJECT_HOME/matmul.cpp
      $PROJECT_HOME/matmul.h
        $MGC_HOME/shared/include/ac_fixed.h
          $MGC_HOME/shared/include/ac_int.h
  
  Processes/Blocks in Design
    Process          Real Operation(s) count Latency Throughput Reset Length II Comments 
    ---------------- ----------------------- ------- ---------- ------------ -- --------
    /matrix_mul/core                      99   65536      65536            1  0          
    Design Total:                         99   65536      65536            1  1          
    
  Bill Of Materials (Datapath)
    Component Name                                         Area Score Delay Post Alloc Post Assign 
    ------------------------------------------------------ ---------- ----- ---------- -----------
    [Lib: ccs_sample_mem]                                                                          
    ccs_ram_sync_singleport_rwport(1,32,10,1024,1024,32,5)      0.000 0.500          1           0 
    ccs_ram_sync_singleport_rwport(2,32,10,1024,1024,32,5)      0.000 0.500          1           0 
    ccs_ram_sync_singleport_rwport(3,32,10,1024,1024,32,5)      0.000 0.500          1           0 
    [Lib: mgc_ioport]                                                                              
    mgc_io_sync(0)                                              0.000 0.000          6           3 
    [Lib: nangate-45nm_beh]                                                                        
    mgc_add(32,0,1,0,32,2)                                    119.115 0.291          0           1 
    mgc_add(32,0,1,0,32,3)                                    103.722 0.402          1           0 
    mgc_add(32,0,32,0,32,2)                                   249.790 0.457          0           1 
    mgc_add(32,0,32,0,32,3)                                   213.603 0.764          1           0 
    mgc_add(5,0,1,0,6,4)                                       15.024 0.250          0           6 
    mgc_add(5,0,2,1,6,4)                                       23.663 0.414          3           0 
    mgc_and(1,2,1)                                              1.110 0.024          0          33 
    mgc_and(1,3,1)                                              1.385 0.041          0           5 
    mgc_and(1,4,1)                                              1.660 0.051          0           1 
    mgc_and(2,2,4)                                              2.219 0.017          2           0 
    mgc_and(32,2,1)                                            35.507 0.024          0           1 
    mgc_and(32,2,4)                                            35.507 0.017          4           0 
    mgc_and(5,2,1)                                              5.548 0.024          0           5 
    mgc_and(6,2,4)                                              6.658 0.017         10           0 
    mgc_mul(32,1,32,1,46,3)                                  5097.504 1.545          1           0 
    mgc_mul(32,1,32,1,46,4)                                  4312.088 3.460          0           1 
    mgc_mux(1,1,2,4)                                            1.754 0.054          1          25 
    mgc_mux(32,1,2,4)                                          56.142 0.062          4           1 
    mgc_mux(5,1,2,4)                                            8.772 0.060          0           4 
    mgc_mux(6,1,2,4)                                           10.527 0.062         10           0 
    mgc_mux1hot(1,3,4)                                          2.643 0.061          1           0 
    mgc_mux1hot(2,4,4)                                          7.011 0.072          1           0 
    mgc_mux1hot(5,4,4)                                         17.528 0.072          0           1 
    mgc_mux1hot(5,6,4)                                         26.149 0.089          0           1 
    mgc_mux1hot(6,3,4)                                         15.860 0.061          2           0 
    mgc_nand(1,2,1)                                             0.771 0.012          0           4 
    mgc_nor(1,2,1)                                              0.771 0.025          0           8 
    mgc_nor(1,3,1)                                              1.046 0.045          0           1 
    mgc_nor(1,5,4)                                              1.934 0.078          0           2 
    mgc_not(1,1)                                                0.529 0.006          0          43 
    mgc_or(1,14,4)                                              5.832 0.123          0           1 
    mgc_or(1,2,1)                                               1.110 0.031          0          12 
    mgc_or(1,3,4)                                               1.385 0.066          0           4 
    mgc_or(1,4,4)                                               1.660 0.078          0           1 
    mgc_reg_pos(1,0,0,1,1,0,0,4)                                6.375 0.087          0           5 
    mgc_reg_pos(1,0,0,1,1,1,1,4)                                6.375 0.087          0          10 
    mgc_reg_pos(32,0,0,1,1,1,1,4)                             204.000 0.087          0           1 
    mgc_reg_pos(5,0,0,1,1,1,1,4)                               31.875 0.087          0           5 
                                                                                                   
    TOTAL AREA (After Assignment):                           5580.630                              
    
  Area Scores
                      Post-Scheduling   Post-DP & FSM Post-Assignment 
    ----------------- --------------- --------------- ---------------
    Total Area Score:   7034.4          6461.8          5591.6        
    Total Reg:           962.6  (14%)    469.0   (7%)    469.0   (8%) 
                                                                      
    DataPath:           7034.4 (100%)   6450.8 (100%)   5580.6 (100%) 
      MUX:               373.0   (5%)    237.4   (4%)    178.8   (3%) 
      FUNC:             5485.8  (78%)   5556.8  (86%)   4771.1  (85%) 
      LOGIC:             213.0   (3%)    197.6   (3%)    171.7   (3%) 
      BUFFER:              0.0             0.0             0.0        
      MEM:                 0.0             0.0             0.0        
      ROM:                 0.0             0.0             0.0        
      REG:               962.6  (14%)    459.0   (7%)    459.0   (8%) 
                                                                      
    
    FSM:                   0.0            11.0   (0%)     11.0   (0%) 
      FSM-REG:             0.0            10.0  (91%)     10.0  (91%) 
      FSM-COMB:            0.0             1.0   (9%)      1.0   (9%) 
                                                                      
    
  Register-to-Variable Mappings
    Register                                                Size(bits) Gated Register CG Opt Done Variables                                               
    ------------------------------------------------------- ---------- -------------- ----------- -------------------------------------------------------
    for:for:for:for:and#4.itm.1                                     32         Y           Y      for:for:for:for:and#4.itm.1                             
                                                                                                  for:for:for:for:and.itm.1                               
    for:for:for:k(5:0)#1.lpi#1(4:0)                                  5         Y           Y      for:for:for:k(5:0)#1.lpi#1(4:0)                         
                                                                                                  for:for:for:k(5:0).lpi#1(4:0)                           
    for:for:j(5:0)#1.lpi#1(4:0)                                      5         Y           Y      for:for:j(5:0)#1.lpi#1(4:0)                             
                                                                                                  for:for:j(5:0).lpi#1(4:0)                               
    for:i(5:0)#1.lpi#1(4:0)                                          5         Y           Y      for:i(5:0)#1.lpi#1(4:0)                                 
                                                                                                  for:i(5:0).lpi#1(4:0)                                   
    main-1:for:for:j:slc(for:for:j(5:0))(4-0)#1.itm.1                5         Y           Y      main-1:for:for:j:slc(for:for:j(5:0))(4-0)#1.itm.1       
                                                                                                  main-2:for:for:j:slc(for:for:j(5:0))(4-0)#1.itm.1       
    main-1:for:i:slc(for:i(5:0))(4-0)#1.itm.1                        5         Y           Y      main-1:for:i:slc(for:i(5:0))(4-0)#1.itm.1               
                                                                                                  main-2:for:i:slc(for:i(5:0))(4-0)#1.itm.1               
    C:rsc.triosy:obj.ld                                              1                            C:rsc.triosy:obj.ld                                     
    exit:main-1:for.lpi#1.dfm#2.st.1                                 1         Y           Y      exit:main-1:for.lpi#1.dfm#2.st.1                        
                                                                                                  exit:main-2:for.lpi#1.dfm#1.st.1                        
    exitL:exit:main-2:for.sva                                        1         Y           Y      exitL:exit:main-2:for.sva                               
    for:equal.tmp#1.1                                                1         Y           Y      for:equal.tmp#1.1                                       
    for:equal.tmp#2.1                                                1         Y           Y      for:equal.tmp#2.1                                       
    for:for:j:slc(for:for:j(5:0)#1)(5)#2.itm.1                       1         Y           Y      for:for:j:slc(for:for:j(5:0)#1)(5)#2.itm.1              
                                                                                                  for:for:j:slc(for:for:j(5:0))(5)#2.itm.1                
    lfst:exit:main-1:for:for#1.lpi#1                                 1         Y           Y      lfst:exit:main-1:for:for#1.lpi#1                        
    lfst:exit:main-2:for.lpi#1.dfm#3(0)                              1         Y           Y      lfst:exit:main-2:for.lpi#1.dfm#3(0)                     
    lfst:exit:main-2:for.lpi#1.dfm#3(1)                              1         Y           Y      lfst:exit:main-2:for.lpi#1.dfm#3(1)                     
    lfst:exit:main-2:for.lpi#1.dfm.st.1(0)                           1                            lfst:exit:main-2:for.lpi#1.dfm.st.1(0)                  
    lfst:exit:main-2:for.lpi#1.dfm.st.1(1)                           1                            lfst:exit:main-2:for.lpi#1.dfm.st.1(1)                  
    lfst:exit:main-2:for:for#1.lpi#1                                 1         Y           Y      lfst:exit:main-2:for:for#1.lpi#1                        
    main-1:for:for:for:k:slc(for:for:for:k(5:0))(5)#1.itm.1          1         Y           Y      main-1:for:for:for:k:slc(for:for:for:k(5:0))(5)#1.itm.1 
                                                                                                  main-2:for:for:for:k:slc(for:for:for:k(5:0))(5)#1.itm.1 
    main.stage_0.2                                                   1                            main.stage_0.2                                          
    reg(B:rsc.triosy:obj.ld).cse                                     1                            reg(B:rsc.triosy:obj.ld).cse                            
                                                                                                                                                          
    Total:                                                          72             67          67 (Total Gating Ratio: 0.93, CG Opt Gating Ratio: 0.93)   
    
  Timing Report
    Critical Path
      Max Delay:  4.940609
      Slack:      0.05939099999999975
      
      Path                                                                                                   Startpoint                   Endpoint                                         Delay  Slack  
      ------------------------------------------------------------------------------------------------------ ---------------------------- ------------------------------------------------ ------ ------
      1                                                                                                      matrix_mul/A:rsc.q           matrix_mul:core/reg(for:for:for:for:and#4.itm.1) 4.9406 0.0594 
                                                                                                                                                                                                         
        Instance                                                                                             Component                                                                     Delta  Delay  
        --------                                                                                             ---------                                                                     -----  -----  
        matrix_mul/A:rsc.q                                                                                                                                                                 0.5000 0.5000 
        matrix_mul:ccs_sample_mem.ccs_ram_sync_singleport_rwport(1,32,10,1024,1024,32,5)gen/q                                                                                              0.0000 0.5000 
        matrix_mul:ccs_sample_mem.ccs_ram_sync_singleport_rwport(1,32,10,1024,1024,32,5)gen/A:wrs(q_d)(31-0)                                                                               0.0000 0.5000 
        matrix_mul:ccs_sample_mem.ccs_ram_sync_singleport_rwport(1,32,10,1024,1024,32,5)gen/q_d                                                                                            0.0000 0.5000 
        matrix_mul/A:rsci.q_d                                                                                                                                                              0.0000 0.5000 
        matrix_mul:core/A:rsci.q_d                                                                                                                                                         0.0000 0.5000 
        matrix_mul:core/for:for:for:asn#8                                                                                                                                                  0.0000 0.5000 
        matrix_mul:core/for:for:for:asn#8.itm                                                                                                                                              0.0000 0.5000 
        matrix_mul:core/main-1:for:for:for:mul                                                               mgc_mul_32_1_32_1_46_4                                                        3.4596 3.9596 
        matrix_mul:core/for:for:for:mul.sdt#1.sva#1                                                                                                                                        0.0000 3.9596 
        matrix_mul:core/for:for:for:slc(for:for:for:mul.sdt#1.sva#1)(45-14)                                                                                                                0.0000 3.9596 
        matrix_mul:core/for:for:for:slc(for:for:for:mul.sdt#1.sva#1)(45-14).itm                                                                                                            0.0000 3.9596 
        matrix_mul:core/main-1:for:for:for:acc#7                                                             mgc_addc_32_0_32_0_32_2                                                       0.4571 4.4168 
        matrix_mul:core/for:for:for:acc#7.psp#1.sva#1                                                                                                                                      0.0000 4.4168 
        matrix_mul:core/for:for:for:slc(for:for:for:acc#7.psp#1.sva#1)(0)                                                                                                                  0.0000 4.4168 
        matrix_mul:core/for:for:for:slc(for:for:for:acc#7.psp#1.sva#1)(0).itm                                                                                                              0.0000 4.4168 
        matrix_mul:core/main-1:for:for:for:or#1                                                              mgc_or_1_14_4                                                                 0.1225 4.5393 
        matrix_mul:core/main-1:for:for:for:or#1.itm                                                                                                                                        0.0000 4.5393 
        matrix_mul:core/main-1:for:for:for:and#1                                                             mgc_and_1_2_1                                                                 0.0240 4.5633 
        matrix_mul:core/main-1:for:for:for:and#1.itm                                                                                                                                       0.0000 4.5633 
        matrix_mul:core/main-1:for:for:for:acc#3                                                             mgc_addc_32_0_1_0_32_2                                                        0.2911 4.8545 
        matrix_mul:core/for:for:sum#1.sva#2                                                                                                                                                0.0000 4.8545 
        matrix_mul:core/mux#31                                                                               mgc_mux_32_1_2_4                                                              0.0622 4.9166 
        matrix_mul:core/mux#31.itm                                                                                                                                                         0.0000 4.9166 
        matrix_mul:core/and#43                                                                               mgc_and_32_2_1                                                                0.0240 4.9406 
        matrix_mul:core/and#43.itm                                                                                                                                                         0.0000 4.9406 
        matrix_mul:core/reg(for:for:for:for:and#4.itm.1)                                                     mgc_reg_pos_32_0_0_1_1_1_1_4                                                  0.0000 4.9406 
                                                                                                                                                                                                         
      2                                                                                                      matrix_mul/B:rsc.q           matrix_mul:core/reg(for:for:for:for:and#4.itm.1) 4.9406 0.0594 
                                                                                                                                                                                                         
        Instance                                                                                             Component                                                                     Delta  Delay  
        --------                                                                                             ---------                                                                     -----  -----  
        matrix_mul/B:rsc.q                                                                                                                                                                 0.5000 0.5000 
        matrix_mul:ccs_sample_mem.ccs_ram_sync_singleport_rwport(2,32,10,1024,1024,32,5)gen/q                                                                                              0.0000 0.5000 
        matrix_mul:ccs_sample_mem.ccs_ram_sync_singleport_rwport(2,32,10,1024,1024,32,5)gen/B:wrs(q_d)(31-0)                                                                               0.0000 0.5000 
        matrix_mul:ccs_sample_mem.ccs_ram_sync_singleport_rwport(2,32,10,1024,1024,32,5)gen/q_d                                                                                            0.0000 0.5000 
        matrix_mul/B:rsci.q_d                                                                                                                                                              0.0000 0.5000 
        matrix_mul:core/B:rsci.q_d                                                                                                                                                         0.0000 0.5000 
        matrix_mul:core/for:for:for:asn#10                                                                                                                                                 0.0000 0.5000 
        matrix_mul:core/for:for:for:asn#10.itm                                                                                                                                             0.0000 0.5000 
        matrix_mul:core/main-1:for:for:for:mul                                                               mgc_mul_32_1_32_1_46_4                                                        3.4596 3.9596 
        matrix_mul:core/for:for:for:mul.sdt#1.sva#1                                                                                                                                        0.0000 3.9596 
        matrix_mul:core/for:for:for:slc(for:for:for:mul.sdt#1.sva#1)(45-14)                                                                                                                0.0000 3.9596 
        matrix_mul:core/for:for:for:slc(for:for:for:mul.sdt#1.sva#1)(45-14).itm                                                                                                            0.0000 3.9596 
        matrix_mul:core/main-1:for:for:for:acc#7                                                             mgc_addc_32_0_32_0_32_2                                                       0.4571 4.4168 
        matrix_mul:core/for:for:for:acc#7.psp#1.sva#1                                                                                                                                      0.0000 4.4168 
        matrix_mul:core/for:for:for:slc(for:for:for:acc#7.psp#1.sva#1)(0)                                                                                                                  0.0000 4.4168 
        matrix_mul:core/for:for:for:slc(for:for:for:acc#7.psp#1.sva#1)(0).itm                                                                                                              0.0000 4.4168 
        matrix_mul:core/main-1:for:for:for:or#1                                                              mgc_or_1_14_4                                                                 0.1225 4.5393 
        matrix_mul:core/main-1:for:for:for:or#1.itm                                                                                                                                        0.0000 4.5393 
        matrix_mul:core/main-1:for:for:for:and#1                                                             mgc_and_1_2_1                                                                 0.0240 4.5633 
        matrix_mul:core/main-1:for:for:for:and#1.itm                                                                                                                                       0.0000 4.5633 
        matrix_mul:core/main-1:for:for:for:acc#3                                                             mgc_addc_32_0_1_0_32_2                                                        0.2911 4.8545 
        matrix_mul:core/for:for:sum#1.sva#2                                                                                                                                                0.0000 4.8545 
        matrix_mul:core/mux#31                                                                               mgc_mux_32_1_2_4                                                              0.0622 4.9166 
        matrix_mul:core/mux#31.itm                                                                                                                                                         0.0000 4.9166 
        matrix_mul:core/and#43                                                                               mgc_and_32_2_1                                                                0.0240 4.9406 
        matrix_mul:core/and#43.itm                                                                                                                                                         0.0000 4.9406 
        matrix_mul:core/reg(for:for:for:for:and#4.itm.1)                                                     mgc_reg_pos_32_0_0_1_1_1_1_4                                                  0.0000 4.9406 
                                                                                                                                                                                                         
      3                                                                                                      matrix_mul/A:rsc.q           matrix_mul/C:rsc.d                               4.8645 0.1355 
                                                                                                                                                                                                         
        Instance                                                                                             Component                                                                     Delta  Delay  
        --------                                                                                             ---------                                                                     -----  -----  
        matrix_mul/A:rsc.q                                                                                                                                                                 0.5000 0.5000 
        matrix_mul:ccs_sample_mem.ccs_ram_sync_singleport_rwport(1,32,10,1024,1024,32,5)gen/q                                                                                              0.0000 0.5000 
        matrix_mul:ccs_sample_mem.ccs_ram_sync_singleport_rwport(1,32,10,1024,1024,32,5)gen/A:wrs(q_d)(31-0)                                                                               0.0000 0.5000 
        matrix_mul:ccs_sample_mem.ccs_ram_sync_singleport_rwport(1,32,10,1024,1024,32,5)gen/q_d                                                                                            0.0000 0.5000 
        matrix_mul/A:rsci.q_d                                                                                                                                                              0.0000 0.5000 
        matrix_mul:core/A:rsci.q_d                                                                                                                                                         0.0000 0.5000 
        matrix_mul:core/for:for:for:asn#8                                                                                                                                                  0.0000 0.5000 
        matrix_mul:core/for:for:for:asn#8.itm                                                                                                                                              0.0000 0.5000 
        matrix_mul:core/main-1:for:for:for:mul                                                               mgc_mul_32_1_32_1_46_4                                                        3.4596 3.9596 
        matrix_mul:core/for:for:for:mul.sdt#1.sva#1                                                                                                                                        0.0000 3.9596 
        matrix_mul:core/for:for:for:slc(for:for:for:mul.sdt#1.sva#1)(45-14)                                                                                                                0.0000 3.9596 
        matrix_mul:core/for:for:for:slc(for:for:for:mul.sdt#1.sva#1)(45-14).itm                                                                                                            0.0000 3.9596 
        matrix_mul:core/main-1:for:for:for:acc#7                                                             mgc_addc_32_0_32_0_32_2                                                       0.4571 4.4168 
        matrix_mul:core/for:for:for:acc#7.psp#1.sva#1                                                                                                                                      0.0000 4.4168 
        matrix_mul:core/for:for:for:slc(for:for:for:acc#7.psp#1.sva#1)(0)                                                                                                                  0.0000 4.4168 
        matrix_mul:core/for:for:for:slc(for:for:for:acc#7.psp#1.sva#1)(0).itm                                                                                                              0.0000 4.4168 
        matrix_mul:core/main-1:for:for:for:or#1                                                              mgc_or_1_14_4                                                                 0.1225 4.5393 
        matrix_mul:core/main-1:for:for:for:or#1.itm                                                                                                                                        0.0000 4.5393 
        matrix_mul:core/main-1:for:for:for:and#1                                                             mgc_and_1_2_1                                                                 0.0240 4.5633 
        matrix_mul:core/main-1:for:for:for:and#1.itm                                                                                                                                       0.0000 4.5633 
        matrix_mul:core/main-1:for:for:for:acc#3                                                             mgc_addc_32_0_1_0_32_2                                                        0.2911 4.8545 
        matrix_mul:core/for:for:sum#1.sva#2                                                                                                                                                0.0000 4.8545 
        matrix_mul:core/C:asn(C:rsci.d_d)                                                                                                                                                  0.0000 4.8545 
        matrix_mul:core/C:rsci.d_d                                                                                                                                                         0.0000 4.8545 
        matrix_mul/C:rsci.d_d                                                                                                                                                              0.0000 4.8545 
        matrix_mul:ccs_sample_mem.ccs_ram_sync_singleport_rwport(3,32,10,1024,1024,32,5)gen/d_d                                                                                            0.0000 4.8545 
        matrix_mul:ccs_sample_mem.ccs_ram_sync_singleport_rwport(3,32,10,1024,1024,32,5)gen/C:slc(d_d)(31-0)                                                                               0.0000 4.8545 
        matrix_mul:ccs_sample_mem.ccs_ram_sync_singleport_rwport(3,32,10,1024,1024,32,5)gen/C:asn(d)                                                                                       0.0000 4.8545 
        matrix_mul:ccs_sample_mem.ccs_ram_sync_singleport_rwport(3,32,10,1024,1024,32,5)gen/d                                                                                              0.0000 4.8545 
        matrix_mul/C:rsc.d                                                                                                                                                                 0.0100 4.8645 
                                                                                                                                                                                                         
      4                                                                                                      matrix_mul/B:rsc.q           matrix_mul/C:rsc.d                               4.8645 0.1355 
                                                                                                                                                                                                         
        Instance                                                                                             Component                                                                     Delta  Delay  
        --------                                                                                             ---------                                                                     -----  -----  
        matrix_mul/B:rsc.q                                                                                                                                                                 0.5000 0.5000 
        matrix_mul:ccs_sample_mem.ccs_ram_sync_singleport_rwport(2,32,10,1024,1024,32,5)gen/q                                                                                              0.0000 0.5000 
        matrix_mul:ccs_sample_mem.ccs_ram_sync_singleport_rwport(2,32,10,1024,1024,32,5)gen/B:wrs(q_d)(31-0)                                                                               0.0000 0.5000 
        matrix_mul:ccs_sample_mem.ccs_ram_sync_singleport_rwport(2,32,10,1024,1024,32,5)gen/q_d                                                                                            0.0000 0.5000 
        matrix_mul/B:rsci.q_d                                                                                                                                                              0.0000 0.5000 
        matrix_mul:core/B:rsci.q_d                                                                                                                                                         0.0000 0.5000 
        matrix_mul:core/for:for:for:asn#10                                                                                                                                                 0.0000 0.5000 
        matrix_mul:core/for:for:for:asn#10.itm                                                                                                                                             0.0000 0.5000 
        matrix_mul:core/main-1:for:for:for:mul                                                               mgc_mul_32_1_32_1_46_4                                                        3.4596 3.9596 
        matrix_mul:core/for:for:for:mul.sdt#1.sva#1                                                                                                                                        0.0000 3.9596 
        matrix_mul:core/for:for:for:slc(for:for:for:mul.sdt#1.sva#1)(45-14)                                                                                                                0.0000 3.9596 
        matrix_mul:core/for:for:for:slc(for:for:for:mul.sdt#1.sva#1)(45-14).itm                                                                                                            0.0000 3.9596 
        matrix_mul:core/main-1:for:for:for:acc#7                                                             mgc_addc_32_0_32_0_32_2                                                       0.4571 4.4168 
        matrix_mul:core/for:for:for:acc#7.psp#1.sva#1                                                                                                                                      0.0000 4.4168 
        matrix_mul:core/for:for:for:slc(for:for:for:acc#7.psp#1.sva#1)(0)                                                                                                                  0.0000 4.4168 
        matrix_mul:core/for:for:for:slc(for:for:for:acc#7.psp#1.sva#1)(0).itm                                                                                                              0.0000 4.4168 
        matrix_mul:core/main-1:for:for:for:or#1                                                              mgc_or_1_14_4                                                                 0.1225 4.5393 
        matrix_mul:core/main-1:for:for:for:or#1.itm                                                                                                                                        0.0000 4.5393 
        matrix_mul:core/main-1:for:for:for:and#1                                                             mgc_and_1_2_1                                                                 0.0240 4.5633 
        matrix_mul:core/main-1:for:for:for:and#1.itm                                                                                                                                       0.0000 4.5633 
        matrix_mul:core/main-1:for:for:for:acc#3                                                             mgc_addc_32_0_1_0_32_2                                                        0.2911 4.8545 
        matrix_mul:core/for:for:sum#1.sva#2                                                                                                                                                0.0000 4.8545 
        matrix_mul:core/C:asn(C:rsci.d_d)                                                                                                                                                  0.0000 4.8545 
        matrix_mul:core/C:rsci.d_d                                                                                                                                                         0.0000 4.8545 
        matrix_mul/C:rsci.d_d                                                                                                                                                              0.0000 4.8545 
        matrix_mul:ccs_sample_mem.ccs_ram_sync_singleport_rwport(3,32,10,1024,1024,32,5)gen/d_d                                                                                            0.0000 4.8545 
        matrix_mul:ccs_sample_mem.ccs_ram_sync_singleport_rwport(3,32,10,1024,1024,32,5)gen/C:slc(d_d)(31-0)                                                                               0.0000 4.8545 
        matrix_mul:ccs_sample_mem.ccs_ram_sync_singleport_rwport(3,32,10,1024,1024,32,5)gen/C:asn(d)                                                                                       0.0000 4.8545 
        matrix_mul:ccs_sample_mem.ccs_ram_sync_singleport_rwport(3,32,10,1024,1024,32,5)gen/d                                                                                              0.0000 4.8545 
        matrix_mul/C:rsc.d                                                                                                                                                                 0.0100 4.8645 
                                                                                                                                                                                                         
      5                                                                                                      matrix_mul/A:rsc.q           matrix_mul/C:rsc.d                               4.7179 0.2821 
                                                                                                                                                                                                         
        Instance                                                                                             Component                                                                     Delta  Delay  
        --------                                                                                             ---------                                                                     -----  -----  
        matrix_mul/A:rsc.q                                                                                                                                                                 0.5000 0.5000 
        matrix_mul:ccs_sample_mem.ccs_ram_sync_singleport_rwport(1,32,10,1024,1024,32,5)gen/q                                                                                              0.0000 0.5000 
        matrix_mul:ccs_sample_mem.ccs_ram_sync_singleport_rwport(1,32,10,1024,1024,32,5)gen/A:wrs(q_d)(31-0)                                                                               0.0000 0.5000 
        matrix_mul:ccs_sample_mem.ccs_ram_sync_singleport_rwport(1,32,10,1024,1024,32,5)gen/q_d                                                                                            0.0000 0.5000 
        matrix_mul/A:rsci.q_d                                                                                                                                                              0.0000 0.5000 
        matrix_mul:core/A:rsci.q_d                                                                                                                                                         0.0000 0.5000 
        matrix_mul:core/for:for:for:asn#8                                                                                                                                                  0.0000 0.5000 
        matrix_mul:core/for:for:for:asn#8.itm                                                                                                                                              0.0000 0.5000 
        matrix_mul:core/main-1:for:for:for:mul                                                               mgc_mul_32_1_32_1_46_4                                                        3.4596 3.9596 
        matrix_mul:core/for:for:for:mul.sdt#1.sva#1                                                                                                                                        0.0000 3.9596 
        matrix_mul:core/for:for:for:slc(for:for:for:mul.sdt#1.sva#1)(45-14)                                                                                                                0.0000 3.9596 
        matrix_mul:core/for:for:for:slc(for:for:for:mul.sdt#1.sva#1)(45-14).itm                                                                                                            0.0000 3.9596 
        matrix_mul:core/main-1:for:for:for:acc#7                                                             mgc_addc_32_0_32_0_32_2                                                       0.4571 4.4168 
        matrix_mul:core/for:for:for:acc#7.psp#1.sva#1                                                                                                                                      0.0000 4.4168 
        matrix_mul:core/main-1:for:for:for:acc#3                                                             mgc_addc_32_0_1_0_32_2                                                        0.2911 4.7079 
        matrix_mul:core/for:for:sum#1.sva#2                                                                                                                                                0.0000 4.7079 
        matrix_mul:core/C:asn(C:rsci.d_d)                                                                                                                                                  0.0000 4.7079 
        matrix_mul:core/C:rsci.d_d                                                                                                                                                         0.0000 4.7079 
        matrix_mul/C:rsci.d_d                                                                                                                                                              0.0000 4.7079 
        matrix_mul:ccs_sample_mem.ccs_ram_sync_singleport_rwport(3,32,10,1024,1024,32,5)gen/d_d                                                                                            0.0000 4.7079 
        matrix_mul:ccs_sample_mem.ccs_ram_sync_singleport_rwport(3,32,10,1024,1024,32,5)gen/C:slc(d_d)(31-0)                                                                               0.0000 4.7079 
        matrix_mul:ccs_sample_mem.ccs_ram_sync_singleport_rwport(3,32,10,1024,1024,32,5)gen/C:asn(d)                                                                                       0.0000 4.7079 
        matrix_mul:ccs_sample_mem.ccs_ram_sync_singleport_rwport(3,32,10,1024,1024,32,5)gen/d                                                                                              0.0000 4.7079 
        matrix_mul/C:rsc.d                                                                                                                                                                 0.0100 4.7179 
                                                                                                                                                                                                         
      6                                                                                                      matrix_mul/B:rsc.q           matrix_mul/C:rsc.d                               4.7179 0.2821 
                                                                                                                                                                                                         
        Instance                                                                                             Component                                                                     Delta  Delay  
        --------                                                                                             ---------                                                                     -----  -----  
        matrix_mul/B:rsc.q                                                                                                                                                                 0.5000 0.5000 
        matrix_mul:ccs_sample_mem.ccs_ram_sync_singleport_rwport(2,32,10,1024,1024,32,5)gen/q                                                                                              0.0000 0.5000 
        matrix_mul:ccs_sample_mem.ccs_ram_sync_singleport_rwport(2,32,10,1024,1024,32,5)gen/B:wrs(q_d)(31-0)                                                                               0.0000 0.5000 
        matrix_mul:ccs_sample_mem.ccs_ram_sync_singleport_rwport(2,32,10,1024,1024,32,5)gen/q_d                                                                                            0.0000 0.5000 
        matrix_mul/B:rsci.q_d                                                                                                                                                              0.0000 0.5000 
        matrix_mul:core/B:rsci.q_d                                                                                                                                                         0.0000 0.5000 
        matrix_mul:core/for:for:for:asn#10                                                                                                                                                 0.0000 0.5000 
        matrix_mul:core/for:for:for:asn#10.itm                                                                                                                                             0.0000 0.5000 
        matrix_mul:core/main-1:for:for:for:mul                                                               mgc_mul_32_1_32_1_46_4                                                        3.4596 3.9596 
        matrix_mul:core/for:for:for:mul.sdt#1.sva#1                                                                                                                                        0.0000 3.9596 
        matrix_mul:core/for:for:for:slc(for:for:for:mul.sdt#1.sva#1)(45-14)                                                                                                                0.0000 3.9596 
        matrix_mul:core/for:for:for:slc(for:for:for:mul.sdt#1.sva#1)(45-14).itm                                                                                                            0.0000 3.9596 
        matrix_mul:core/main-1:for:for:for:acc#7                                                             mgc_addc_32_0_32_0_32_2                                                       0.4571 4.4168 
        matrix_mul:core/for:for:for:acc#7.psp#1.sva#1                                                                                                                                      0.0000 4.4168 
        matrix_mul:core/main-1:for:for:for:acc#3                                                             mgc_addc_32_0_1_0_32_2                                                        0.2911 4.7079 
        matrix_mul:core/for:for:sum#1.sva#2                                                                                                                                                0.0000 4.7079 
        matrix_mul:core/C:asn(C:rsci.d_d)                                                                                                                                                  0.0000 4.7079 
        matrix_mul:core/C:rsci.d_d                                                                                                                                                         0.0000 4.7079 
        matrix_mul/C:rsci.d_d                                                                                                                                                              0.0000 4.7079 
        matrix_mul:ccs_sample_mem.ccs_ram_sync_singleport_rwport(3,32,10,1024,1024,32,5)gen/d_d                                                                                            0.0000 4.7079 
        matrix_mul:ccs_sample_mem.ccs_ram_sync_singleport_rwport(3,32,10,1024,1024,32,5)gen/C:slc(d_d)(31-0)                                                                               0.0000 4.7079 
        matrix_mul:ccs_sample_mem.ccs_ram_sync_singleport_rwport(3,32,10,1024,1024,32,5)gen/C:asn(d)                                                                                       0.0000 4.7079 
        matrix_mul:ccs_sample_mem.ccs_ram_sync_singleport_rwport(3,32,10,1024,1024,32,5)gen/d                                                                                              0.0000 4.7079 
        matrix_mul/C:rsc.d                                                                                                                                                                 0.0100 4.7179 
                                                                                                                                                                                                         
      7                                                                                                      matrix_mul/A:rsc.q           matrix_mul/C:rsc.d                               4.4073 0.5927 
                                                                                                                                                                                                         
        Instance                                                                                             Component                                                                     Delta  Delay  
        --------                                                                                             ---------                                                                     -----  -----  
        matrix_mul/A:rsc.q                                                                                                                                                                 0.5000 0.5000 
        matrix_mul:ccs_sample_mem.ccs_ram_sync_singleport_rwport(1,32,10,1024,1024,32,5)gen/q                                                                                              0.0000 0.5000 
        matrix_mul:ccs_sample_mem.ccs_ram_sync_singleport_rwport(1,32,10,1024,1024,32,5)gen/A:wrs(q_d)(31-0)                                                                               0.0000 0.5000 
        matrix_mul:ccs_sample_mem.ccs_ram_sync_singleport_rwport(1,32,10,1024,1024,32,5)gen/q_d                                                                                            0.0000 0.5000 
        matrix_mul/A:rsci.q_d                                                                                                                                                              0.0000 0.5000 
        matrix_mul:core/A:rsci.q_d                                                                                                                                                         0.0000 0.5000 
        matrix_mul:core/for:for:for:asn#8                                                                                                                                                  0.0000 0.5000 
        matrix_mul:core/for:for:for:asn#8.itm                                                                                                                                              0.0000 0.5000 
        matrix_mul:core/main-1:for:for:for:mul                                                               mgc_mul_32_1_32_1_46_4                                                        3.4596 3.9596 
        matrix_mul:core/for:for:for:mul.sdt#1.sva#1                                                                                                                                        0.0000 3.9596 
        matrix_mul:core/for:for:for:slc(for:for:for:mul.sdt#1.sva#1)(12)                                                                                                                   0.0000 3.9596 
        matrix_mul:core/for:for:for:slc(for:for:for:mul.sdt#1.sva#1)(12).itm                                                                                                               0.0000 3.9596 
        matrix_mul:core/main-1:for:for:for:or#1                                                              mgc_or_1_14_4                                                                 0.1225 4.0822 
        matrix_mul:core/main-1:for:for:for:or#1.itm                                                                                                                                        0.0000 4.0822 
        matrix_mul:core/main-1:for:for:for:and#1                                                             mgc_and_1_2_1                                                                 0.0240 4.1062 
        matrix_mul:core/main-1:for:for:for:and#1.itm                                                                                                                                       0.0000 4.1062 
        matrix_mul:core/main-1:for:for:for:acc#3                                                             mgc_addc_32_0_1_0_32_2                                                        0.2911 4.3973 
        matrix_mul:core/for:for:sum#1.sva#2                                                                                                                                                0.0000 4.3973 
        matrix_mul:core/C:asn(C:rsci.d_d)                                                                                                                                                  0.0000 4.3973 
        matrix_mul:core/C:rsci.d_d                                                                                                                                                         0.0000 4.3973 
        matrix_mul/C:rsci.d_d                                                                                                                                                              0.0000 4.3973 
        matrix_mul:ccs_sample_mem.ccs_ram_sync_singleport_rwport(3,32,10,1024,1024,32,5)gen/d_d                                                                                            0.0000 4.3973 
        matrix_mul:ccs_sample_mem.ccs_ram_sync_singleport_rwport(3,32,10,1024,1024,32,5)gen/C:slc(d_d)(31-0)                                                                               0.0000 4.3973 
        matrix_mul:ccs_sample_mem.ccs_ram_sync_singleport_rwport(3,32,10,1024,1024,32,5)gen/C:asn(d)                                                                                       0.0000 4.3973 
        matrix_mul:ccs_sample_mem.ccs_ram_sync_singleport_rwport(3,32,10,1024,1024,32,5)gen/d                                                                                              0.0000 4.3973 
        matrix_mul/C:rsc.d                                                                                                                                                                 0.0100 4.4073 
                                                                                                                                                                                                         
      8                                                                                                      matrix_mul/A:rsc.q           matrix_mul/C:rsc.d                               4.4073 0.5927 
                                                                                                                                                                                                         
        Instance                                                                                             Component                                                                     Delta  Delay  
        --------                                                                                             ---------                                                                     -----  -----  
        matrix_mul/A:rsc.q                                                                                                                                                                 0.5000 0.5000 
        matrix_mul:ccs_sample_mem.ccs_ram_sync_singleport_rwport(1,32,10,1024,1024,32,5)gen/q                                                                                              0.0000 0.5000 
        matrix_mul:ccs_sample_mem.ccs_ram_sync_singleport_rwport(1,32,10,1024,1024,32,5)gen/A:wrs(q_d)(31-0)                                                                               0.0000 0.5000 
        matrix_mul:ccs_sample_mem.ccs_ram_sync_singleport_rwport(1,32,10,1024,1024,32,5)gen/q_d                                                                                            0.0000 0.5000 
        matrix_mul/A:rsci.q_d                                                                                                                                                              0.0000 0.5000 
        matrix_mul:core/A:rsci.q_d                                                                                                                                                         0.0000 0.5000 
        matrix_mul:core/for:for:for:asn#8                                                                                                                                                  0.0000 0.5000 
        matrix_mul:core/for:for:for:asn#8.itm                                                                                                                                              0.0000 0.5000 
        matrix_mul:core/main-1:for:for:for:mul                                                               mgc_mul_32_1_32_1_46_4                                                        3.4596 3.9596 
        matrix_mul:core/for:for:for:mul.sdt#1.sva#1                                                                                                                                        0.0000 3.9596 
        matrix_mul:core/for:for:for:slc(for:for:for:mul.sdt#1.sva#1)(4)                                                                                                                    0.0000 3.9596 
        matrix_mul:core/for:for:for:slc(for:for:for:mul.sdt#1.sva#1)(4).itm                                                                                                                0.0000 3.9596 
        matrix_mul:core/main-1:for:for:for:or#1                                                              mgc_or_1_14_4                                                                 0.1225 4.0822 
        matrix_mul:core/main-1:for:for:for:or#1.itm                                                                                                                                        0.0000 4.0822 
        matrix_mul:core/main-1:for:for:for:and#1                                                             mgc_and_1_2_1                                                                 0.0240 4.1062 
        matrix_mul:core/main-1:for:for:for:and#1.itm                                                                                                                                       0.0000 4.1062 
        matrix_mul:core/main-1:for:for:for:acc#3                                                             mgc_addc_32_0_1_0_32_2                                                        0.2911 4.3973 
        matrix_mul:core/for:for:sum#1.sva#2                                                                                                                                                0.0000 4.3973 
        matrix_mul:core/C:asn(C:rsci.d_d)                                                                                                                                                  0.0000 4.3973 
        matrix_mul:core/C:rsci.d_d                                                                                                                                                         0.0000 4.3973 
        matrix_mul/C:rsci.d_d                                                                                                                                                              0.0000 4.3973 
        matrix_mul:ccs_sample_mem.ccs_ram_sync_singleport_rwport(3,32,10,1024,1024,32,5)gen/d_d                                                                                            0.0000 4.3973 
        matrix_mul:ccs_sample_mem.ccs_ram_sync_singleport_rwport(3,32,10,1024,1024,32,5)gen/C:slc(d_d)(31-0)                                                                               0.0000 4.3973 
        matrix_mul:ccs_sample_mem.ccs_ram_sync_singleport_rwport(3,32,10,1024,1024,32,5)gen/C:asn(d)                                                                                       0.0000 4.3973 
        matrix_mul:ccs_sample_mem.ccs_ram_sync_singleport_rwport(3,32,10,1024,1024,32,5)gen/d                                                                                              0.0000 4.3973 
        matrix_mul/C:rsc.d                                                                                                                                                                 0.0100 4.4073 
                                                                                                                                                                                                         
      9                                                                                                      matrix_mul/B:rsc.q           matrix_mul/C:rsc.d                               4.4073 0.5927 
                                                                                                                                                                                                         
        Instance                                                                                             Component                                                                     Delta  Delay  
        --------                                                                                             ---------                                                                     -----  -----  
        matrix_mul/B:rsc.q                                                                                                                                                                 0.5000 0.5000 
        matrix_mul:ccs_sample_mem.ccs_ram_sync_singleport_rwport(2,32,10,1024,1024,32,5)gen/q                                                                                              0.0000 0.5000 
        matrix_mul:ccs_sample_mem.ccs_ram_sync_singleport_rwport(2,32,10,1024,1024,32,5)gen/B:wrs(q_d)(31-0)                                                                               0.0000 0.5000 
        matrix_mul:ccs_sample_mem.ccs_ram_sync_singleport_rwport(2,32,10,1024,1024,32,5)gen/q_d                                                                                            0.0000 0.5000 
        matrix_mul/B:rsci.q_d                                                                                                                                                              0.0000 0.5000 
        matrix_mul:core/B:rsci.q_d                                                                                                                                                         0.0000 0.5000 
        matrix_mul:core/for:for:for:asn#10                                                                                                                                                 0.0000 0.5000 
        matrix_mul:core/for:for:for:asn#10.itm                                                                                                                                             0.0000 0.5000 
        matrix_mul:core/main-1:for:for:for:mul                                                               mgc_mul_32_1_32_1_46_4                                                        3.4596 3.9596 
        matrix_mul:core/for:for:for:mul.sdt#1.sva#1                                                                                                                                        0.0000 3.9596 
        matrix_mul:core/for:for:for:slc(for:for:for:mul.sdt#1.sva#1)(4)                                                                                                                    0.0000 3.9596 
        matrix_mul:core/for:for:for:slc(for:for:for:mul.sdt#1.sva#1)(4).itm                                                                                                                0.0000 3.9596 
        matrix_mul:core/main-1:for:for:for:or#1                                                              mgc_or_1_14_4                                                                 0.1225 4.0822 
        matrix_mul:core/main-1:for:for:for:or#1.itm                                                                                                                                        0.0000 4.0822 
        matrix_mul:core/main-1:for:for:for:and#1                                                             mgc_and_1_2_1                                                                 0.0240 4.1062 
        matrix_mul:core/main-1:for:for:for:and#1.itm                                                                                                                                       0.0000 4.1062 
        matrix_mul:core/main-1:for:for:for:acc#3                                                             mgc_addc_32_0_1_0_32_2                                                        0.2911 4.3973 
        matrix_mul:core/for:for:sum#1.sva#2                                                                                                                                                0.0000 4.3973 
        matrix_mul:core/C:asn(C:rsci.d_d)                                                                                                                                                  0.0000 4.3973 
        matrix_mul:core/C:rsci.d_d                                                                                                                                                         0.0000 4.3973 
        matrix_mul/C:rsci.d_d                                                                                                                                                              0.0000 4.3973 
        matrix_mul:ccs_sample_mem.ccs_ram_sync_singleport_rwport(3,32,10,1024,1024,32,5)gen/d_d                                                                                            0.0000 4.3973 
        matrix_mul:ccs_sample_mem.ccs_ram_sync_singleport_rwport(3,32,10,1024,1024,32,5)gen/C:slc(d_d)(31-0)                                                                               0.0000 4.3973 
        matrix_mul:ccs_sample_mem.ccs_ram_sync_singleport_rwport(3,32,10,1024,1024,32,5)gen/C:asn(d)                                                                                       0.0000 4.3973 
        matrix_mul:ccs_sample_mem.ccs_ram_sync_singleport_rwport(3,32,10,1024,1024,32,5)gen/d                                                                                              0.0000 4.3973 
        matrix_mul/C:rsc.d                                                                                                                                                                 0.0100 4.4073 
                                                                                                                                                                                                         
      10                                                                                                     matrix_mul/A:rsc.q           matrix_mul/C:rsc.d                               4.4073 0.5927 
                                                                                                                                                                                                         
        Instance                                                                                             Component                                                                     Delta  Delay  
        --------                                                                                             ---------                                                                     -----  -----  
        matrix_mul/A:rsc.q                                                                                                                                                                 0.5000 0.5000 
        matrix_mul:ccs_sample_mem.ccs_ram_sync_singleport_rwport(1,32,10,1024,1024,32,5)gen/q                                                                                              0.0000 0.5000 
        matrix_mul:ccs_sample_mem.ccs_ram_sync_singleport_rwport(1,32,10,1024,1024,32,5)gen/A:wrs(q_d)(31-0)                                                                               0.0000 0.5000 
        matrix_mul:ccs_sample_mem.ccs_ram_sync_singleport_rwport(1,32,10,1024,1024,32,5)gen/q_d                                                                                            0.0000 0.5000 
        matrix_mul/A:rsci.q_d                                                                                                                                                              0.0000 0.5000 
        matrix_mul:core/A:rsci.q_d                                                                                                                                                         0.0000 0.5000 
        matrix_mul:core/for:for:for:asn#8                                                                                                                                                  0.0000 0.5000 
        matrix_mul:core/for:for:for:asn#8.itm                                                                                                                                              0.0000 0.5000 
        matrix_mul:core/main-1:for:for:for:mul                                                               mgc_mul_32_1_32_1_46_4                                                        3.4596 3.9596 
        matrix_mul:core/for:for:for:mul.sdt#1.sva#1                                                                                                                                        0.0000 3.9596 
        matrix_mul:core/for:for:for:slc(for:for:for:mul.sdt#1.sva#1)(5)                                                                                                                    0.0000 3.9596 
        matrix_mul:core/for:for:for:slc(for:for:for:mul.sdt#1.sva#1)(5).itm                                                                                                                0.0000 3.9596 
        matrix_mul:core/main-1:for:for:for:or#1                                                              mgc_or_1_14_4                                                                 0.1225 4.0822 
        matrix_mul:core/main-1:for:for:for:or#1.itm                                                                                                                                        0.0000 4.0822 
        matrix_mul:core/main-1:for:for:for:and#1                                                             mgc_and_1_2_1                                                                 0.0240 4.1062 
        matrix_mul:core/main-1:for:for:for:and#1.itm                                                                                                                                       0.0000 4.1062 
        matrix_mul:core/main-1:for:for:for:acc#3                                                             mgc_addc_32_0_1_0_32_2                                                        0.2911 4.3973 
        matrix_mul:core/for:for:sum#1.sva#2                                                                                                                                                0.0000 4.3973 
        matrix_mul:core/C:asn(C:rsci.d_d)                                                                                                                                                  0.0000 4.3973 
        matrix_mul:core/C:rsci.d_d                                                                                                                                                         0.0000 4.3973 
        matrix_mul/C:rsci.d_d                                                                                                                                                              0.0000 4.3973 
        matrix_mul:ccs_sample_mem.ccs_ram_sync_singleport_rwport(3,32,10,1024,1024,32,5)gen/d_d                                                                                            0.0000 4.3973 
        matrix_mul:ccs_sample_mem.ccs_ram_sync_singleport_rwport(3,32,10,1024,1024,32,5)gen/C:slc(d_d)(31-0)                                                                               0.0000 4.3973 
        matrix_mul:ccs_sample_mem.ccs_ram_sync_singleport_rwport(3,32,10,1024,1024,32,5)gen/C:asn(d)                                                                                       0.0000 4.3973 
        matrix_mul:ccs_sample_mem.ccs_ram_sync_singleport_rwport(3,32,10,1024,1024,32,5)gen/d                                                                                              0.0000 4.3973 
        matrix_mul/C:rsc.d                                                                                                                                                                 0.0100 4.4073 
                                                                                                                                                                                                         
      
    Register Input and Register-to-Output Slack
      Clock period or pin-to-reg delay constraint (clk): 5.0
      Clock uncertainty constraint (clk)               : 0.0
      
      Instance                                                                     Port                                       Slack (Delay) Messages 
      ---------------------------------------------------------------------------- ----------------------------------------- ------ ------- --------
      matrix_mul:core/reg(C:rsc.triosy:obj.ld)                                     and#4.itm                                 4.8605  0.1395          
      matrix_mul:core/reg(B:rsc.triosy:obj.ld)                                     and#15.itm                                4.3122  0.6878          
      matrix_mul:core/reg(main-1:for:i:slc(for:i(5:0))(4-0)#1.itm.1)               for:i:mux.cse                             4.8225  0.1775          
      matrix_mul:core/reg(main-1:for:for:j:slc(for:for:j(5:0))(4-0)#1.itm.1)       for:for:j:mux.cse                         4.7670  0.2330          
      matrix_mul:core/reg(exit:main-1:for.lpi#1.dfm#2.st.1)                        for:mux.itm                               4.4509  0.5491          
      matrix_mul:core/reg(main-1:for:for:for:k:slc(for:for:for:k(5:0))(5)#1.itm.1) for:for:for:k:mux.itm                     4.4989  0.5011          
      matrix_mul:core/reg(for:for:for:for:and#4.itm.1)                             and#43.itm                                0.0594  4.9406          
      matrix_mul:core/reg(lfst:exit:main-2:for.lpi#1.dfm.st.1(1))                  lfst:exit:main-2:for.lpi#1.dfm(1)#1       4.3122  0.6878          
      matrix_mul:core/reg(lfst:exit:main-2:for.lpi#1.dfm.st.1(0))                  lfst:exit:main-2:for.lpi#1.dfm(0)#1       4.3122  0.6878          
      matrix_mul:core/reg(for:for:for:k(5:0)#1.lpi#1(4:0))                         and#34.itm                                4.3844  0.6156          
      matrix_mul:core/reg(lfst:exit:main-1:for:for#1)                              for:for:not#4.itm                         4.5231  0.4769          
      matrix_mul:core/reg(for:for:j(5:0)#1.lpi#1(4:0))                             for:for:j:mux1h#2.itm                     4.3679  0.6321          
      matrix_mul:core/reg(lfst:exit:main-2:for:for#1)                              for:for:mux#31.itm                        4.4209  0.5791          
      matrix_mul:core/reg(lfst:exit:main-2:for.lpi#1.dfm#3(1))                     lfst:exit:main-2:for.lpi#1.dfm#3(1):mx0w0 4.3886  0.6114          
      matrix_mul:core/reg(exitL:exit:main-2:for)                                   for:for:nor#1.itm                         4.3756  0.6244          
      matrix_mul:core/reg(lfst:exit:main-2:for.lpi#1.dfm#3(0))                     lfst:exit:main-2:for.lpi#1.dfm#3(0):mx0w0 4.3756  0.6244          
      matrix_mul:core/reg(for:i(5:0)#1.lpi#1(4:0))                                 for:mux1h#18.itm                          4.3843  0.6157          
      matrix_mul:core/reg(main.stage_0.2)                                          slc(fsm_output)(1)#2.itm                  5.0000  0.0000          
      matrix_mul:core/reg(for:for:j:slc(for:for:j(5:0)#1)(5)#2.itm.1)              for:for:j:mux#1.itm                       4.5229  0.4771          
      matrix_mul:core/reg(for:equal.tmp#1.1)                                       for:equal.tmp#3                           4.6603  0.3397          
      matrix_mul:core/reg(for:equal.tmp#2.1)                                       for:equal.tmp#4                           4.7243  0.2757          
      matrix_mul                                                                   A:rsc.adr                                 4.7330  0.2670          
      matrix_mul                                                                   A:rsc.d                                   4.9900  0.0100          
      matrix_mul                                                                   A:rsc.we                                  4.9900  0.0100          
      matrix_mul                                                                   A:rsc.triosy.lz                           4.9130  0.0870          
      matrix_mul                                                                   B:rsc.adr                                 4.7330  0.2670          
      matrix_mul                                                                   B:rsc.d                                   4.9900  0.0100          
      matrix_mul                                                                   B:rsc.we                                  4.9900  0.0100          
      matrix_mul                                                                   B:rsc.triosy.lz                           4.9130  0.0870          
      matrix_mul                                                                   C:rsc.adr                                 4.9030  0.0970          
      matrix_mul                                                                   C:rsc.d                                   0.1355  4.8645          
      matrix_mul                                                                   C:rsc.we                                  4.8505  0.1495          
      matrix_mul                                                                   C:rsc.triosy.lz                           4.9130  0.0870          
      
  Operator Bitwidth Summary
    Operation Size (bits) Count 
    --------- ----------- -----
    add                         
    -                   6     6 
    -                  32     2 
    and                         
    -                   5     5 
    -                  32     1 
    -                   1    39 
    mul                         
    -                  46     1 
    mux                         
    -                   5     4 
    -                  32     1 
    -                   1    25 
    mux1h                       
    -                   5     2 
    nand                        
    -                   1     4 
    nor                         
    -                   1    11 
    not                         
    -                   1    43 
    or                          
    -                   1    18 
    read_sync                   
    -                   0     3 
    reg                         
    -                   5     5 
    -                  32     1 
    -                   1    15 
    
  End of Report
