-- Catapult Ultra Synthesis: Report                                              
-- ------------------------- ---------------------------------------------------
-- Version:                  10.4a/835166 Production Release                     
-- Build Date:               Thu Sep  5 21:35:46 PDT 2019                        
                                                                                 
-- Generated by:             gel8580@hush.ece.northwestern.edu                   
-- Generated date:           Tue Dec 02 10:53:09 CST 2025                        

Solution Settings: matrix_mul.v3
  Current state: schedule
  Project: Catapult_10
  
  Design Input Files Specified
    $PROJECT_HOME/matmul.cpp
      $PROJECT_HOME/matmul.h
        $MGC_HOME/shared/include/ac_fixed.h
          $MGC_HOME/shared/include/ac_int.h
  
  Processes/Blocks in Design
    Process          Real Operation(s) count Latency Throughput Reset Length II Comments 
    ---------------- ----------------------- ------- ---------- ------------ -- --------
    /matrix_mul/core                      24   32861      32866            0  0          
    Design Total:                         24   32861      32866            0  0          
    
  Clock Information
    Clock Signal Edge   Period Sharing Alloc (%) Uncertainty Used by Processes/Blocks 
    ------------ ------ ------ ----------------- ----------- ------------------------
    clk          rising  5.000             20.00    0.000000 /matrix_mul/core         
    
  I/O Data Ranges
    Port            Mode DeclType DeclWidth DeclRange ActType ActWidth ActRange 
    --------------- ---- -------- --------- --------- ------- -------- --------
    clk             IN   Unsigned         1                                     
    rst             IN   Unsigned         1                                     
    A:rsc.dat       IN   Unsigned     32768                                     
    B:rsc.dat       IN   Unsigned     32768                                     
    C:rsc.q         IN   Unsigned        32                                     
    A:rsc.triosy.lz OUT  Unsigned         1                                     
    B:rsc.triosy.lz OUT  Unsigned         1                                     
    C:rsc.adr       OUT  Unsigned        10                                     
    C:rsc.d         OUT  Unsigned        32                                     
    C:rsc.we        OUT  Unsigned         1                                     
    C:rsc.triosy.lz OUT  Unsigned         1                                     
    
  Memory Resources
    Resource Name: /matrix_mul/A:rsc
      Memory Component: ccs_in                       Size:         1 x 32768
      External:         true                         Packing Mode: sidebyside
      Memory Map:
      Variable      Indices Phys Memory Address     
      ------------- ------- -----------------------
      /matrix_mul/A 0:32767 00000000-00000000 (0-0) 
      
    Resource Name: /matrix_mul/B:rsc
      Memory Component: ccs_in                       Size:         1 x 32768
      External:         true                         Packing Mode: sidebyside
      Memory Map:
      Variable      Indices Phys Memory Address     
      ------------- ------- -----------------------
      /matrix_mul/B 0:32767 00000000-00000000 (0-0) 
      
    Resource Name: /matrix_mul/C:rsc
      Memory Component: ccs_ram_sync_singleport      Size:         1024 x 32
      External:         true                         Packing Mode: absolute
      Memory Map:
      Variable      Indices Phys Memory Address        
      ------------- ------- --------------------------
      /matrix_mul/C    0:31 000003ff-00000000 (1023-0) 
      
  C++ to Interface Mappings
    C++ Field           Interface Range    Range Expression                        Expression Limits 
    ------------------- ------------------ --------------------------------------- -----------------
    /matrix_mul/A[M][N] A_rsc_dat[32767:0] A_rsc_dat[(32*M+N)*32+32-1:(32*M+N)*32] M<32 N<32         
    /matrix_mul/B[M][N] B_rsc_dat[32767:0] B_rsc_dat[(32*M+N)*32+32-1:(32*M+N)*32] M<32 N<32         
    
  Multi-Cycle (Combinational) Component Usage
    Instance Component Name Delay 
    -------- -------------- -----
    
  Loops
    Process          Loop             Iterations C-Steps Total Cycles   Duration  Unroll Init Comments 
    ---------------- ---------------- ---------- ------- ------------- ---------- ------ ---- --------
    /matrix_mul/core core:rlp           Infinite       0        32866  164.33 us                       
    /matrix_mul/core  main              Infinite       2        32866  164.33 us                       
    /matrix_mul/core   for                    32       1        32864  164.32 us                       
    /matrix_mul/core    for:for             1024       3         1026    5.13 us            1          
    
  Loop Execution Profile
    Process          Loop             Total Cycles % of Overall Design Cycles Throughput Cycles Comments 
    ---------------- ---------------- ------------ -------------------------- ----------------- --------
    /matrix_mul/core core:rlp                   0                        0.00            32866           
    /matrix_mul/core  main                      2                        0.01            32866           
    /matrix_mul/core   for                     32                        0.10            32864           
    /matrix_mul/core    for:for             32832                       99.90               32           
    
  End of Report
