-- Catapult Ultra Synthesis: Report                                              
-- ------------------------- ---------------------------------------------------
-- Version:                  10.4a/835166 Production Release                     
-- Build Date:               Thu Sep  5 21:35:46 PDT 2019                        
                                                                                 
-- Generated by:             gel8580@hush.ece.northwestern.edu                   
-- Generated date:           Tue Dec 02 10:53:16 CST 2025                        

Solution Settings: matrix_mul.v3
  Current state: extract
  Project: Catapult_10
  
  Design Input Files Specified
    $PROJECT_HOME/matmul.cpp
      $PROJECT_HOME/matmul.h
        $MGC_HOME/shared/include/ac_fixed.h
          $MGC_HOME/shared/include/ac_int.h
  
  Processes/Blocks in Design
    Process          Real Operation(s) count Latency Throughput Reset Length II Comments 
    ---------------- ----------------------- ------- ---------- ------------ -- --------
    /matrix_mul/core                      24   32861      32866            0  0          
    Design Total:                         24   32861      32866            0  0          
    
  Bill Of Materials (Datapath)
    Component Name                                         Area Score Delay Post Alloc Post Assign 
    ------------------------------------------------------ ---------- ----- ---------- -----------
    [Lib: ccs_ioport]                                                                              
    ccs_in(1,32768)                                             0.000 0.000          1           1 
    ccs_in(2,32768)                                             0.000 0.000          1           1 
    [Lib: ccs_sample_mem]                                                                          
    ccs_ram_sync_singleport_rwport(3,32,10,1024,1024,32,5)      0.000 0.500          1           0 
    [Lib: mgc_ioport]                                                                              
    mgc_io_sync(0)                                              0.000 0.000          3           3 
    [Lib: nangate-45nm_beh]                                                                        
    mgc_add(32,0,1,0,32,4)                                     86.752 1.173          1           1 
    mgc_add(32,0,32,0,32,4)                                   136.090 2.346          1           1 
    mgc_add(5,0,1,0,6,4)                                       15.024 0.250          0           2 
    mgc_add(5,0,2,1,6,4)                                       23.663 0.414          2           0 
    mgc_and(1,2,1)                                              1.110 0.024          0           7 
    mgc_and(1,3,1)                                              1.385 0.041          0           1 
    mgc_and(1,4,1)                                              1.660 0.051          0           1 
    mgc_and(32,2,1)                                            35.507 0.024          0           1 
    mgc_and(32,2,4)                                            35.507 0.017          1           0 
    mgc_and(5,2,1)                                              5.548 0.024          0           3 
    mgc_and(6,2,4)                                              6.658 0.017          1           0 
    mgc_mul(32,1,32,1,46,4)                                  4312.088 3.460          1           1 
    mgc_mux(32,1,2,4)                                          56.142 0.062          1           1 
    mgc_mux(32,10,1024,4)                                   32370.212 0.492          2           2 
    mgc_mux(5,1,2,4)                                            8.772 0.060          0           1 
    mgc_mux(6,1,2,4)                                           10.527 0.062          2           0 
    mgc_nand(1,2,1)                                             0.771 0.012          0           1 
    mgc_nor(1,2,1)                                              0.771 0.025          0           1 
    mgc_not(1,1)                                                0.529 0.006          0           8 
    mgc_or(1,14,4)                                              5.832 0.123          0           1 
    mgc_or(1,2,1)                                               1.110 0.031          0           3 
    mgc_or(1,3,4)                                               1.385 0.066          0           2 
    mgc_reg_pos(1,0,0,1,1,0,0,4)                                6.375 0.087          0           3 
    mgc_reg_pos(1,0,0,1,1,1,1,4)                                6.375 0.087          0           3 
    mgc_reg_pos(32,0,0,1,1,1,1,4)                             204.000 0.087          0           1 
    mgc_reg_pos(46,0,0,1,1,1,1,4)                             293.250 0.087          0           1 
    mgc_reg_pos(5,0,0,1,1,0,0,4)                               31.875 0.087          0           1 
    mgc_reg_pos(5,0,0,1,1,1,1,4)                               31.875 0.087          0           3 
                                                                                                   
    TOTAL AREA (After Assignment):                          70113.987                              
    
  Area Scores
                       Post-Scheduling    Post-DP & FSM  Post-Assignment 
    ----------------- ---------------- ---------------- ----------------
    Total Area Score:   70041.3          70404.5          70137.0        
    Total Reg:            599.2   (1%)     684.0   (1%)     684.0   (1%) 
                                                                         
    DataPath:           70041.3 (100%)   70381.5 (100%)   70114.0 (100%) 
      MUX:              64817.6  (93%)   65080.1  (92%)   64805.3  (92%) 
      FUNC:              4582.3   (7%)    4605.9   (7%)    4565.0   (7%) 
      LOGIC:               42.2   (0%)      32.5   (0%)      80.7   (0%) 
      BUFFER:               0.0              0.0              0.0        
      MEM:                  0.0              0.0              0.0        
      ROM:                  0.0              0.0              0.0        
      REG:                599.2   (1%)     663.0   (1%)     663.0   (1%) 
                                                                         
    
    FSM:                    0.0             23.0   (0%)      23.0   (0%) 
      FSM-REG:              0.0             21.0  (91%)      21.0  (91%) 
      FSM-COMB:             0.0              2.0   (9%)       2.0   (9%) 
                                                                         
    
  Register-to-Variable Mappings
    Register                                       Size(bits) Gated Register CG Opt Done Variables                                             
    ---------------------------------------------- ---------- -------------- ----------- -----------------------------------------------------
    for:for:for:mul.sdt.sva.1                              46         Y           Y      for:for:for:mul.sdt.sva.1                             
    for:for:sum.sva                                        32         Y           Y      for:for:sum.sva                                       
    for:for:for:k(5:0).sva(4:0)                             5                            for:for:for:k(5:0).sva(4:0)                           
    for:for:j(5:0).sva(4:0)                                 5         Y           Y      for:for:j(5:0).sva(4:0)                               
    for:for:j:slc(for:for:j(5:0))(4-0)#1.itm.1#1            5         Y           Y      for:for:j:slc(for:for:j(5:0))(4-0)#1.itm.1#1          
    for:i(5:0).sva(4:0)#1                                   5         Y           Y      for:i(5:0).sva(4:0)#1                                 
    for:for.stage_0                                         1                            for:for.stage_0                                       
    for:for.stage_0.2                                       1                            for:for.stage_0.2                                     
    for:for:asn.itm.1                                       1         Y           Y      for:for:asn.itm.1                                     
    for:for:for:k:slc(for:for:for:k(5:0))(5).itm.1          1         Y           Y      for:for:for:k:slc(for:for:for:k(5:0))(5).itm.1        
    lfst:exit:for:for:for.lpi#3.dfm.1                       1         Y           Y      lfst:exit:for:for:for.lpi#3.dfm.1                     
    reg(C:rsc.triosy:obj.ld).cse                            1                            reg(C:rsc.triosy:obj.ld).cse                          
                                                                                                                                               
    Total:                                                104             96          96 (Total Gating Ratio: 0.92, CG Opt Gating Ratio: 0.92) 
    
  Timing Report
    Critical Path
      Max Delay:  4.0386429999999995
      Slack:      0.9613570000000005
      
      Path                                                  Startpoint                                       Endpoint                                       Delay  Slack  
      ----------------------------------------------------- ------------------------------------------------ ---------------------------------------------- ------ ------
      1                                                     matrix_mul:core/reg(for:i(5:0).sva(4:0)#1)       matrix_mul:core/reg(for:for:for:mul.sdt.sva.1) 4.0386 0.9614 
                                                                                                                                                                          
        Instance                                            Component                                                                                       Delta  Delay  
        --------                                            ---------                                                                                       -----  -----  
        matrix_mul:core/reg(for:i(5:0).sva(4:0)#1)          mgc_reg_pos_5_0_0_1_1_1_1_4                                                                     0.0870 0.0870 
        matrix_mul:core/for:i(5:0).sva(4:0)#1                                                                                                               0.0000 0.0870 
        matrix_mul:core/for:for:for:conc                                                                                                                    0.0000 0.0870 
        matrix_mul:core/for:for:for:conc.itm                                                                                                                0.0000 0.0870 
        matrix_mul:core/for:for:for:mux#7                   mgc_mux_32_10_1024_4                                                                            0.4920 0.5790 
        matrix_mul:core/for:for:for:mux#7.itm                                                                                                               0.0000 0.5790 
        matrix_mul:core/for:for:for:mul                     mgc_mul_32_1_32_1_46_4                                                                          3.4596 4.0386 
        matrix_mul:core/for:for:for:mul.itm                                                                                                                 0.0000 4.0386 
        matrix_mul:core/reg(for:for:for:mul.sdt.sva.1)      mgc_reg_pos_46_0_0_1_1_1_1_4                                                                    0.0000 4.0386 
                                                                                                                                                                          
      2                                                     matrix_mul:core/reg(for:for:for:k(5:0).sva(4:0)) matrix_mul:core/reg(for:for:for:mul.sdt.sva.1) 4.0386 0.9614 
                                                                                                                                                                          
        Instance                                            Component                                                                                       Delta  Delay  
        --------                                            ---------                                                                                       -----  -----  
        matrix_mul:core/reg(for:for:for:k(5:0).sva(4:0))    mgc_reg_pos_5_0_0_1_1_0_0_4                                                                     0.0870 0.0870 
        matrix_mul:core/for:for:for:k(5:0).sva(4:0)                                                                                                         0.0000 0.0870 
        matrix_mul:core/for:for:for:conc#16                                                                                                                 0.0000 0.0870 
        matrix_mul:core/for:for:for:conc#16.itm                                                                                                             0.0000 0.0870 
        matrix_mul:core/for:for:for:mux#8                   mgc_mux_32_10_1024_4                                                                            0.4920 0.5790 
        matrix_mul:core/for:for:for:mux#8.itm                                                                                                               0.0000 0.5790 
        matrix_mul:core/for:for:for:mul                     mgc_mul_32_1_32_1_46_4                                                                          3.4596 4.0386 
        matrix_mul:core/for:for:for:mul.itm                                                                                                                 0.0000 4.0386 
        matrix_mul:core/reg(for:for:for:mul.sdt.sva.1)      mgc_reg_pos_46_0_0_1_1_1_1_4                                                                    0.0000 4.0386 
                                                                                                                                                                          
      3                                                     matrix_mul:core/reg(for:for:j(5:0).sva(4:0))     matrix_mul:core/reg(for:for:for:mul.sdt.sva.1) 4.0386 0.9614 
                                                                                                                                                                          
        Instance                                            Component                                                                                       Delta  Delay  
        --------                                            ---------                                                                                       -----  -----  
        matrix_mul:core/reg(for:for:j(5:0).sva(4:0))        mgc_reg_pos_5_0_0_1_1_1_1_4                                                                     0.0870 0.0870 
        matrix_mul:core/for:for:j(5:0).sva(4:0)                                                                                                             0.0000 0.0870 
        matrix_mul:core/for:for:for:conc#16                                                                                                                 0.0000 0.0870 
        matrix_mul:core/for:for:for:conc#16.itm                                                                                                             0.0000 0.0870 
        matrix_mul:core/for:for:for:mux#8                   mgc_mux_32_10_1024_4                                                                            0.4920 0.5790 
        matrix_mul:core/for:for:for:mux#8.itm                                                                                                               0.0000 0.5790 
        matrix_mul:core/for:for:for:mul                     mgc_mul_32_1_32_1_46_4                                                                          3.4596 4.0386 
        matrix_mul:core/for:for:for:mul.itm                                                                                                                 0.0000 4.0386 
        matrix_mul:core/reg(for:for:for:mul.sdt.sva.1)      mgc_reg_pos_46_0_0_1_1_1_1_4                                                                    0.0000 4.0386 
                                                                                                                                                                          
      4                                                     matrix_mul:core/reg(for:for:for:k(5:0).sva(4:0)) matrix_mul:core/reg(for:for:for:mul.sdt.sva.1) 4.0386 0.9614 
                                                                                                                                                                          
        Instance                                            Component                                                                                       Delta  Delay  
        --------                                            ---------                                                                                       -----  -----  
        matrix_mul:core/reg(for:for:for:k(5:0).sva(4:0))    mgc_reg_pos_5_0_0_1_1_0_0_4                                                                     0.0870 0.0870 
        matrix_mul:core/for:for:for:k(5:0).sva(4:0)                                                                                                         0.0000 0.0870 
        matrix_mul:core/for:for:for:conc                                                                                                                    0.0000 0.0870 
        matrix_mul:core/for:for:for:conc.itm                                                                                                                0.0000 0.0870 
        matrix_mul:core/for:for:for:mux#7                   mgc_mux_32_10_1024_4                                                                            0.4920 0.5790 
        matrix_mul:core/for:for:for:mux#7.itm                                                                                                               0.0000 0.5790 
        matrix_mul:core/for:for:for:mul                     mgc_mul_32_1_32_1_46_4                                                                          3.4596 4.0386 
        matrix_mul:core/for:for:for:mul.itm                                                                                                                 0.0000 4.0386 
        matrix_mul:core/reg(for:for:for:mul.sdt.sva.1)      mgc_reg_pos_46_0_0_1_1_1_1_4                                                                    0.0000 4.0386 
                                                                                                                                                                          
      5                                                     matrix_mul:core/B:rsc.dat                        matrix_mul:core/reg(for:for:for:mul.sdt.sva.1) 3.9516 1.0484 
                                                                                                                                                                          
        Instance                                            Component                                                                                       Delta  Delay  
        --------                                            ---------                                                                                       -----  -----  
        matrix_mul:core/B:rsc.dat                                                                                                                           0.0000 0.0000 
        matrix_mul:core/B:rsci                              ccs_in_v1_2_32768                                                                               0.0000 0.0000 
        matrix_mul:core/B:rsci.idat                                                                                                                         0.0000 0.0000 
        matrix_mul:core/B:slc(B:rsci.idat)(26431-26400)                                                                                                     0.0000 0.0000 
        matrix_mul:core/B:slc(B:rsci.idat)(26431-26400).itm                                                                                                 0.0000 0.0000 
        matrix_mul:core/for:for:for:mux#8                   mgc_mux_32_10_1024_4                                                                            0.4920 0.4920 
        matrix_mul:core/for:for:for:mux#8.itm                                                                                                               0.0000 0.4920 
        matrix_mul:core/for:for:for:mul                     mgc_mul_32_1_32_1_46_4                                                                          3.4596 3.9516 
        matrix_mul:core/for:for:for:mul.itm                                                                                                                 0.0000 3.9516 
        matrix_mul:core/reg(for:for:for:mul.sdt.sva.1)      mgc_reg_pos_46_0_0_1_1_1_1_4                                                                    0.0000 3.9516 
                                                                                                                                                                          
      6                                                     matrix_mul:core/A:rsc.dat                        matrix_mul:core/reg(for:for:for:mul.sdt.sva.1) 3.9516 1.0484 
                                                                                                                                                                          
        Instance                                            Component                                                                                       Delta  Delay  
        --------                                            ---------                                                                                       -----  -----  
        matrix_mul:core/A:rsc.dat                                                                                                                           0.0000 0.0000 
        matrix_mul:core/A:rsci                              ccs_in_v1_1_32768                                                                               0.0000 0.0000 
        matrix_mul:core/A:rsci.idat                                                                                                                         0.0000 0.0000 
        matrix_mul:core/A:slc(A:rsci.idat)(26431-26400)                                                                                                     0.0000 0.0000 
        matrix_mul:core/A:slc(A:rsci.idat)(26431-26400).itm                                                                                                 0.0000 0.0000 
        matrix_mul:core/for:for:for:mux#7                   mgc_mux_32_10_1024_4                                                                            0.4920 0.4920 
        matrix_mul:core/for:for:for:mux#7.itm                                                                                                               0.0000 0.4920 
        matrix_mul:core/for:for:for:mul                     mgc_mul_32_1_32_1_46_4                                                                          3.4596 3.9516 
        matrix_mul:core/for:for:for:mul.itm                                                                                                                 0.0000 3.9516 
        matrix_mul:core/reg(for:for:for:mul.sdt.sva.1)      mgc_reg_pos_46_0_0_1_1_1_1_4                                                                    0.0000 3.9516 
                                                                                                                                                                          
      7                                                     matrix_mul:core/A:rsc.dat                        matrix_mul:core/reg(for:for:for:mul.sdt.sva.1) 3.9516 1.0484 
                                                                                                                                                                          
        Instance                                            Component                                                                                       Delta  Delay  
        --------                                            ---------                                                                                       -----  -----  
        matrix_mul:core/A:rsc.dat                                                                                                                           0.0000 0.0000 
        matrix_mul:core/A:rsci                              ccs_in_v1_1_32768                                                                               0.0000 0.0000 
        matrix_mul:core/A:rsci.idat                                                                                                                         0.0000 0.0000 
        matrix_mul:core/A:slc(A:rsci.idat)(22303-22272)                                                                                                     0.0000 0.0000 
        matrix_mul:core/A:slc(A:rsci.idat)(22303-22272).itm                                                                                                 0.0000 0.0000 
        matrix_mul:core/for:for:for:mux#7                   mgc_mux_32_10_1024_4                                                                            0.4920 0.4920 
        matrix_mul:core/for:for:for:mux#7.itm                                                                                                               0.0000 0.4920 
        matrix_mul:core/for:for:for:mul                     mgc_mul_32_1_32_1_46_4                                                                          3.4596 3.9516 
        matrix_mul:core/for:for:for:mul.itm                                                                                                                 0.0000 3.9516 
        matrix_mul:core/reg(for:for:for:mul.sdt.sva.1)      mgc_reg_pos_46_0_0_1_1_1_1_4                                                                    0.0000 3.9516 
                                                                                                                                                                          
      8                                                     matrix_mul:core/A:rsc.dat                        matrix_mul:core/reg(for:for:for:mul.sdt.sva.1) 3.9516 1.0484 
                                                                                                                                                                          
        Instance                                            Component                                                                                       Delta  Delay  
        --------                                            ---------                                                                                       -----  -----  
        matrix_mul:core/A:rsc.dat                                                                                                                           0.0000 0.0000 
        matrix_mul:core/A:rsci                              ccs_in_v1_1_32768                                                                               0.0000 0.0000 
        matrix_mul:core/A:rsci.idat                                                                                                                         0.0000 0.0000 
        matrix_mul:core/A:slc(A:rsci.idat)(14047-14016)                                                                                                     0.0000 0.0000 
        matrix_mul:core/A:slc(A:rsci.idat)(14047-14016).itm                                                                                                 0.0000 0.0000 
        matrix_mul:core/for:for:for:mux#7                   mgc_mux_32_10_1024_4                                                                            0.4920 0.4920 
        matrix_mul:core/for:for:for:mux#7.itm                                                                                                               0.0000 0.4920 
        matrix_mul:core/for:for:for:mul                     mgc_mul_32_1_32_1_46_4                                                                          3.4596 3.9516 
        matrix_mul:core/for:for:for:mul.itm                                                                                                                 0.0000 3.9516 
        matrix_mul:core/reg(for:for:for:mul.sdt.sva.1)      mgc_reg_pos_46_0_0_1_1_1_1_4                                                                    0.0000 3.9516 
                                                                                                                                                                          
      9                                                     matrix_mul:core/A:rsc.dat                        matrix_mul:core/reg(for:for:for:mul.sdt.sva.1) 3.9516 1.0484 
                                                                                                                                                                          
        Instance                                            Component                                                                                       Delta  Delay  
        --------                                            ---------                                                                                       -----  -----  
        matrix_mul:core/A:rsc.dat                                                                                                                           0.0000 0.0000 
        matrix_mul:core/A:rsci                              ccs_in_v1_1_32768                                                                               0.0000 0.0000 
        matrix_mul:core/A:rsci.idat                                                                                                                         0.0000 0.0000 
        matrix_mul:core/A:slc(A:rsci.idat)(20319-20288)                                                                                                     0.0000 0.0000 
        matrix_mul:core/A:slc(A:rsci.idat)(20319-20288).itm                                                                                                 0.0000 0.0000 
        matrix_mul:core/for:for:for:mux#7                   mgc_mux_32_10_1024_4                                                                            0.4920 0.4920 
        matrix_mul:core/for:for:for:mux#7.itm                                                                                                               0.0000 0.4920 
        matrix_mul:core/for:for:for:mul                     mgc_mul_32_1_32_1_46_4                                                                          3.4596 3.9516 
        matrix_mul:core/for:for:for:mul.itm                                                                                                                 0.0000 3.9516 
        matrix_mul:core/reg(for:for:for:mul.sdt.sva.1)      mgc_reg_pos_46_0_0_1_1_1_1_4                                                                    0.0000 3.9516 
                                                                                                                                                                          
      10                                                    matrix_mul:core/A:rsc.dat                        matrix_mul:core/reg(for:for:for:mul.sdt.sva.1) 3.9516 1.0484 
                                                                                                                                                                          
        Instance                                            Component                                                                                       Delta  Delay  
        --------                                            ---------                                                                                       -----  -----  
        matrix_mul:core/A:rsc.dat                                                                                                                           0.0000 0.0000 
        matrix_mul:core/A:rsci                              ccs_in_v1_1_32768                                                                               0.0000 0.0000 
        matrix_mul:core/A:rsci.idat                                                                                                                         0.0000 0.0000 
        matrix_mul:core/A:slc(A:rsci.idat)(18335-18304)                                                                                                     0.0000 0.0000 
        matrix_mul:core/A:slc(A:rsci.idat)(18335-18304).itm                                                                                                 0.0000 0.0000 
        matrix_mul:core/for:for:for:mux#7                   mgc_mux_32_10_1024_4                                                                            0.4920 0.4920 
        matrix_mul:core/for:for:for:mux#7.itm                                                                                                               0.0000 0.4920 
        matrix_mul:core/for:for:for:mul                     mgc_mul_32_1_32_1_46_4                                                                          3.4596 3.9516 
        matrix_mul:core/for:for:for:mul.itm                                                                                                                 0.0000 3.9516 
        matrix_mul:core/reg(for:for:for:mul.sdt.sva.1)      mgc_reg_pos_46_0_0_1_1_1_1_4                                                                    0.0000 3.9516 
                                                                                                                                                                          
      
    Register Input and Register-to-Output Slack
      Clock period or pin-to-reg delay constraint (clk): 5.0
      Clock uncertainty constraint (clk)               : 0.0
      
      Instance                                                            Port                                                Slack (Delay) Messages 
      ------------------------------------------------------------------- -------------------------------------------------- ------ ------- --------
      matrix_mul:core/reg(for:i(5:0).sva(4:0)#1)                          for:i:for:i:for:i:and.itm                          4.5781  0.4219          
      matrix_mul:core/reg(for:for:asn.itm.1)                              for:for:for:for:for:for:and#2.itm                  4.5781  0.4219          
      matrix_mul:core/reg(for:for:for:k:slc(for:for:for:k(5:0))(5).itm.1) for:for:for:k:slc(for:for:for:k(5:0).sva#2)(5).itm 4.6626  0.3374          
      matrix_mul:core/reg(for:for.stage_0)                                for:for:for:for:or.itm                             4.5351  0.4649          
      matrix_mul:core/reg(for:for:j(5:0).sva(4:0))                        for:for:j:for:for:j:and.itm                        4.5781  0.4219          
      matrix_mul:core/reg(for:for:for:k(5:0).sva(4:0))                    for:for:for:k:for:for:for:k:and.itm                4.6386  0.3614          
      matrix_mul:core/reg(for:for.stage_0.2)                              for:for:for:for:and#1.itm                          4.8890  0.1110          
      matrix_mul:core/reg(C:rsc.triosy:obj.ld)                            and#35.itm                                         4.5781  0.4219          
      matrix_mul:core/reg(for:for:j:slc(for:for:j(5:0))(4-0)#1.itm.1#1)   for:for:j(5:0).sva(4:0)                            0.9614  4.0386          
      matrix_mul:core/reg(for:for:for:mul.sdt.sva.1)                      for:for:for:mul.itm                                0.9614  4.0386          
      matrix_mul:core/reg(for:for:sum)                                    for:for:sum:for:for:sum:and.itm                    1.1617  3.8383          
      matrix_mul:core/reg(lfst:exit:for:for:for.lpi#3.dfm.1)              for:for:for:for:for:for:or.itm                     4.5707  0.4293          
      matrix_mul                                                          A:rsc.triosy.lz                                    4.9130  0.0870          
      matrix_mul                                                          B:rsc.triosy.lz                                    4.9130  0.0870          
      matrix_mul                                                          C:rsc.adr                                          4.9030  0.0970          
      matrix_mul                                                          C:rsc.d                                            1.2379  3.7621          
      matrix_mul                                                          C:rsc.we                                           4.8621  0.1379          
      matrix_mul                                                          C:rsc.triosy.lz                                    4.9130  0.0870          
      
  Operator Bitwidth Summary
    Operation Size (bits) Count 
    --------- ----------- -----
    add                         
    -                   6     2 
    -                  32     2 
    and                         
    -                   5     3 
    -                  32     1 
    -                   1     9 
    mul                         
    -                  46     1 
    mux                         
    -                   5     1 
    -                  32     3 
    nand                        
    -                   1     1 
    nor                         
    -                   1     1 
    not                         
    -                   1     8 
    or                          
    -                   1     6 
    read_port                   
    -               32768     2 
    read_sync                   
    -                   0     3 
    reg                         
    -                   5     4 
    -                  46     1 
    -                  32     1 
    -                   1     6 
    
  End of Report
