-- Catapult Ultra Synthesis: Report                                              
-- ------------------------- ---------------------------------------------------
-- Version:                  10.4a/835166 Production Release                     
-- Build Date:               Thu Sep  5 21:35:46 PDT 2019                        
                                                                                 
-- Generated by:             gel8580@hush.ece.northwestern.edu                   
-- Generated date:           Tue Dec 02 10:48:12 CST 2025                        

Solution Settings: matrix_mul.v1
  Current state: extract
  Project: Catapult_10
  
  Design Input Files Specified
    $PROJECT_HOME/matmul.cpp
      $PROJECT_HOME/matmul.h
        $MGC_HOME/shared/include/ac_fixed.h
          $MGC_HOME/shared/include/ac_int.h
  
  Processes/Blocks in Design
    Process          Real Operation(s) count Latency Throughput Reset Length II Comments 
    ---------------- ----------------------- ------- ---------- ------------ -- --------
    /matrix_mul/core                     200   34845      34850            0  0          
    Design Total:                        200   34845      34850            0  0          
    
  Bill Of Materials (Datapath)
    Component Name                                         Area Score Delay Post Alloc Post Assign 
    ------------------------------------------------------ ---------- ----- ---------- -----------
    [Lib: ccs_ioport]                                                                              
    ccs_in(1,32768)                                             0.000 0.000          1           1 
    ccs_in(2,32768)                                             0.000 0.000          1           1 
    [Lib: ccs_sample_mem]                                                                          
    ccs_ram_sync_singleport_rwport(3,32,10,1024,1024,32,5)      0.000 0.500          1           0 
    [Lib: mgc_ioport]                                                                              
    mgc_io_sync(0)                                              0.000 0.000          3           3 
    [Lib: nangate-45nm_beh]                                                                        
    mgc_add(32,0,1,0,32,3)                                    103.722 0.402          1           0 
    mgc_add(32,0,1,0,32,4)                                     86.752 1.173          0           1 
    mgc_add(32,0,32,0,32,3)                                   213.603 0.764          1           0 
    mgc_add(32,0,32,0,32,4)                                   136.090 2.346          0           1 
    mgc_add(5,0,1,0,6,4)                                       15.024 0.250          0           1 
    mgc_add(5,0,2,1,6,4)                                       23.663 0.414          1           0 
    mgc_and(1,2,1)                                              1.110 0.024          0           4 
    mgc_and(1,3,1)                                              1.385 0.041          0           1 
    mgc_and(5,2,1)                                              5.548 0.024          0           2 
    mgc_mul(32,1,32,1,46,4)                                  4312.088 3.460          1           1 
    mgc_mux(1,1,2,4)                                            1.754 0.054          0           1 
    mgc_mux(32,1,2,4)                                          56.142 0.062          0           3 
    mgc_mux(32,5,32,4)                                       1004.695 0.272         64          64 
    mgc_mux(5,1,2,4)                                            8.772 0.060          0           1 
    mgc_mux1hot(1,3,4)                                          2.643 0.061          0           1 
    mgc_mux1hot(32,32,4)                                      884.616 0.156          0           2 
    mgc_nor(1,2,1)                                              0.771 0.025          0           2 
    mgc_nor(1,3,1)                                              1.046 0.045          0           1 
    mgc_nor(1,8,4)                                              3.776 0.099          0           1 
    mgc_not(1,1)                                                0.529 0.006          0           1 
    mgc_or(1,14,4)                                              5.832 0.123          0           3 
    mgc_or(1,2,1)                                               1.110 0.031          0           3 
    mgc_or(1,3,4)                                               1.385 0.066          0           1 
    mgc_or(1,31,4)                                             13.805 0.148          0           1 
    mgc_reg_pos(1,0,0,1,1,0,0,4)                                6.375 0.087          0           1 
    mgc_reg_pos(1,0,0,1,1,1,1,4)                                6.375 0.087          0           1 
    mgc_reg_pos(32,0,0,1,1,0,0,4)                             204.000 0.087          0           2 
    mgc_reg_pos(32,0,0,1,1,1,1,4)                             204.000 0.087          0          60 
    mgc_reg_pos(46,0,0,1,1,0,0,4)                             293.250 0.087          0           1 
    mgc_reg_pos(46,0,0,1,1,1,1,4)                             293.250 0.087          0           1 
    mgc_reg_pos(5,0,0,1,1,1,1,4)                               31.875 0.087          0           2 
    mgc_reg_pos(6,0,0,1,1,1,1,4)                               38.250 0.087          0           1 
                                                                                                   
    TOTAL AREA (After Assignment):                          84210.372                              
    
  Area Scores
                       Post-Scheduling     Post-DP & FSM  Post-Assignment 
    ----------------- ---------------- ----------------- ----------------
    Total Area Score:   82940.3          217810.2          84410.4        
    Total Reg:          13986.8  (17%)    13547.2   (6%)   13547.2  (16%) 
                                                                          
    DataPath:           82940.3 (100%)   217610.2 (100%)   84210.4 (100%) 
      MUX:              64300.5  (78%)    65642.3  (30%)   66251.3  (79%) 
      FUNC:              4653.1   (6%)   138565.1  (64%)    4550.0   (5%) 
      LOGIC:                0.0              53.6   (0%)      59.8   (0%) 
      BUFFER:               0.0               0.0              0.0        
      MEM:                  0.0               0.0              0.0        
      ROM:                  0.0               0.0              0.0        
      REG:              13986.8  (17%)    13349.2   (6%)   13349.2  (16%) 
                                                                          
    
    FSM:                    0.0             200.0   (0%)     200.0   (0%) 
      FSM-REG:              0.0             198.0  (99%)     198.0  (99%) 
      FSM-COMB:             0.0               2.0   (1%)       2.0   (1%) 
                                                                          
    
  Register-to-Variable Mappings
    Register                     Size(bits) Gated Register CG Opt Done Variables                                             
    ---------------------------- ---------- -------------- ----------- -----------------------------------------------------
    for:for:for:mul.sdt#1.sva            46         Y           Y      for:for:for:mul.sdt#1.sva                             
                                                                       for:for:for:mul.sdt#10.sva                            
                                                                       for:for:for:mul.sdt#11.sva                            
                                                                       for:for:for:mul.sdt#12.sva                            
                                                                       for:for:for:mul.sdt#13.sva                            
                                                                       for:for:for:mul.sdt#14.sva                            
                                                                       for:for:for:mul.sdt#15.sva                            
                                                                       for:for:for:mul.sdt#16.sva                            
                                                                       for:for:for:mul.sdt#17.sva                            
                                                                       for:for:for:mul.sdt#18.sva                            
                                                                       for:for:for:mul.sdt#19.sva                            
                                                                       for:for:for:mul.sdt#20.sva                            
                                                                       for:for:for:mul.sdt#21.sva                            
                                                                       for:for:for:mul.sdt#22.sva                            
                                                                       for:for:for:mul.sdt#23.sva                            
                                                                       for:for:for:mul.sdt#24.sva                            
                                                                       for:for:for:mul.sdt#25.sva                            
                                                                       for:for:for:mul.sdt#26.sva                            
                                                                       for:for:for:mul.sdt#27.sva                            
                                                                       for:for:for:mul.sdt#28.sva                            
                                                                       for:for:for:mul.sdt#29.sva                            
                                                                       for:for:for:mul.sdt#3.sva                             
                                                                       for:for:for:mul.sdt#30.sva                            
                                                                       for:for:for:mul.sdt#31.sva                            
                                                                       for:for:for:mul.sdt#4.sva                             
                                                                       for:for:for:mul.sdt#5.sva                             
                                                                       for:for:for:mul.sdt#6.sva                             
                                                                       for:for:for:mul.sdt#7.sva                             
                                                                       for:for:for:mul.sdt#8.sva                             
                                                                       for:for:for:mul.sdt#9.sva                             
                                                                       for:for:for:mul.sdt.sva                               
    for:for:for:mul.sdt#2.sva            46                            for:for:for:mul.sdt#2.sva                             
    for:for:for:acc#7.psp#10.sva         32                            for:for:for:acc#7.psp#10.sva                          
                                                                       for:for:for:acc#7.psp#11.sva                          
                                                                       for:for:for:acc#7.psp#12.sva                          
                                                                       for:for:for:acc#7.psp#13.sva                          
                                                                       for:for:for:acc#7.psp#14.sva                          
                                                                       for:for:for:acc#7.psp#15.sva                          
                                                                       for:for:for:acc#7.psp#16.sva                          
                                                                       for:for:for:acc#7.psp#17.sva                          
                                                                       for:for:for:acc#7.psp#18.sva                          
                                                                       for:for:for:acc#7.psp#19.sva                          
                                                                       for:for:for:acc#7.psp#2.sva                           
                                                                       for:for:for:acc#7.psp#20.sva                          
                                                                       for:for:for:acc#7.psp#21.sva                          
                                                                       for:for:for:acc#7.psp#22.sva                          
                                                                       for:for:for:acc#7.psp#23.sva                          
                                                                       for:for:for:acc#7.psp#24.sva                          
                                                                       for:for:for:acc#7.psp#25.sva                          
                                                                       for:for:for:acc#7.psp#26.sva                          
                                                                       for:for:for:acc#7.psp#27.sva                          
                                                                       for:for:for:acc#7.psp#28.sva                          
                                                                       for:for:for:acc#7.psp#29.sva                          
                                                                       for:for:for:acc#7.psp#3.sva                           
                                                                       for:for:for:acc#7.psp#30.sva                          
                                                                       for:for:for:acc#7.psp#31.sva                          
                                                                       for:for:for:acc#7.psp#4.sva                           
                                                                       for:for:for:acc#7.psp#5.sva                           
                                                                       for:for:for:acc#7.psp#6.sva                           
                                                                       for:for:for:acc#7.psp#7.sva                           
                                                                       for:for:for:acc#7.psp#8.sva                           
                                                                       for:for:for:acc#7.psp#9.sva                           
                                                                       for:for:for:mux#2.itm                                 
    for:for:for:mux#10.itm               32         Y           Y      for:for:for:mux#10.itm                                
    for:for:for:mux#11.itm               32         Y           Y      for:for:for:mux#11.itm                                
    for:for:for:mux#12.itm               32         Y           Y      for:for:for:mux#12.itm                                
    for:for:for:mux#13.itm               32         Y           Y      for:for:for:mux#13.itm                                
    for:for:for:mux#14.itm               32         Y           Y      for:for:for:mux#14.itm                                
    for:for:for:mux#15.itm               32         Y           Y      for:for:for:mux#15.itm                                
    for:for:for:mux#16.itm               32         Y           Y      for:for:for:mux#16.itm                                
    for:for:for:mux#17.itm               32         Y           Y      for:for:for:mux#17.itm                                
    for:for:for:mux#18.itm               32         Y           Y      for:for:for:mux#18.itm                                
    for:for:for:mux#19.itm               32         Y           Y      for:for:for:mux#19.itm                                
    for:for:for:mux#20.itm               32         Y           Y      for:for:for:mux#20.itm                                
    for:for:for:mux#21.itm               32         Y           Y      for:for:for:mux#21.itm                                
    for:for:for:mux#22.itm               32         Y           Y      for:for:for:mux#22.itm                                
    for:for:for:mux#23.itm               32         Y           Y      for:for:for:mux#23.itm                                
    for:for:for:mux#24.itm               32         Y           Y      for:for:for:mux#24.itm                                
    for:for:for:mux#25.itm               32         Y           Y      for:for:for:mux#25.itm                                
    for:for:for:mux#26.itm               32         Y           Y      for:for:for:mux#26.itm                                
    for:for:for:mux#27.itm               32         Y           Y      for:for:for:mux#27.itm                                
    for:for:for:mux#28.itm               32         Y           Y      for:for:for:mux#28.itm                                
    for:for:for:mux#29.itm               32         Y           Y      for:for:for:mux#29.itm                                
    for:for:for:mux#3.itm                32                            for:for:for:mux#3.itm                                 
    for:for:for:mux#30.itm               32         Y           Y      for:for:for:mux#30.itm                                
    for:for:for:mux#31.itm               32         Y           Y      for:for:for:mux#31.itm                                
    for:for:for:mux#32.itm               32         Y           Y      for:for:for:mux#32.itm                                
    for:for:for:mux#33.itm               32         Y           Y      for:for:for:mux#33.itm                                
    for:for:for:mux#34.itm               32         Y           Y      for:for:for:mux#34.itm                                
    for:for:for:mux#35.itm               32         Y           Y      for:for:for:mux#35.itm                                
    for:for:for:mux#36.itm               32         Y           Y      for:for:for:mux#36.itm                                
    for:for:for:mux#37.itm               32         Y           Y      for:for:for:mux#37.itm                                
    for:for:for:mux#38.itm               32         Y           Y      for:for:for:mux#38.itm                                
    for:for:for:mux#39.itm               32         Y           Y      for:for:for:mux#39.itm                                
    for:for:for:mux#4.itm                32         Y           Y      for:for:for:mux#4.itm                                 
    for:for:for:mux#40.itm               32         Y           Y      for:for:for:mux#40.itm                                
    for:for:for:mux#41.itm               32         Y           Y      for:for:for:mux#41.itm                                
    for:for:for:mux#42.itm               32         Y           Y      for:for:for:mux#42.itm                                
    for:for:for:mux#43.itm               32         Y           Y      for:for:for:mux#43.itm                                
    for:for:for:mux#44.itm               32         Y           Y      for:for:for:mux#44.itm                                
    for:for:for:mux#45.itm               32         Y           Y      for:for:for:mux#45.itm                                
    for:for:for:mux#46.itm               32         Y           Y      for:for:for:mux#46.itm                                
    for:for:for:mux#47.itm               32         Y           Y      for:for:for:mux#47.itm                                
    for:for:for:mux#48.itm               32         Y           Y      for:for:for:mux#48.itm                                
    for:for:for:mux#49.itm               32         Y           Y      for:for:for:mux#49.itm                                
    for:for:for:mux#5.itm                32         Y           Y      for:for:for:mux#5.itm                                 
    for:for:for:mux#50.itm               32         Y           Y      for:for:for:mux#50.itm                                
    for:for:for:mux#51.itm               32         Y           Y      for:for:for:mux#51.itm                                
    for:for:for:mux#52.itm               32         Y           Y      for:for:for:mux#52.itm                                
    for:for:for:mux#53.itm               32         Y           Y      for:for:for:mux#53.itm                                
    for:for:for:mux#54.itm               32         Y           Y      for:for:for:mux#54.itm                                
    for:for:for:mux#55.itm               32         Y           Y      for:for:for:mux#55.itm                                
    for:for:for:mux#56.itm               32         Y           Y      for:for:for:mux#56.itm                                
    for:for:for:mux#57.itm               32         Y           Y      for:for:for:mux#57.itm                                
    for:for:for:mux#58.itm               32         Y           Y      for:for:for:mux#58.itm                                
    for:for:for:mux#59.itm               32         Y           Y      for:for:for:mux#59.itm                                
    for:for:for:mux#6.itm                32         Y           Y      for:for:for:mux#6.itm                                 
    for:for:for:mux#60.itm               32         Y           Y      for:for:for:mux#60.itm                                
    for:for:for:mux#61.itm               32         Y           Y      for:for:for:mux#61.itm                                
    for:for:for:mux#62.itm               32         Y           Y      for:for:for:mux#62.itm                                
    for:for:for:mux#63.itm               32         Y           Y      for:for:for:mux#63.itm                                
    for:for:for:mux#7.itm                32         Y           Y      for:for:for:mux#7.itm                                 
    for:for:for:mux#8.itm                32         Y           Y      for:for:for:mux#8.itm                                 
    for:for:for:mux#9.itm                32         Y           Y      for:for:for:mux#9.itm                                 
    for:for:j(5:0).sva#1                  6         Y           Y      for:for:j(5:0).sva#1                                  
    for:for:j(5:0).sva(4:0)#1             5         Y           Y      for:for:j(5:0).sva(4:0)#1                             
    for:i(5:0).sva(4:0)#1                 5         Y           Y      for:i(5:0).sva(4:0)#1                                 
    for:for:for-10:and.itm                1         Y           Y      for:for:for-10:and.itm                                
                                                                       for:for:for-11:and.itm                                
                                                                       for:for:for-12:and.itm                                
                                                                       for:for:for-13:and.itm                                
                                                                       for:for:for-14:and.itm                                
                                                                       for:for:for-15:and.itm                                
                                                                       for:for:for-16:and.itm                                
                                                                       for:for:for-17:and.itm                                
                                                                       for:for:for-18:and.itm                                
                                                                       for:for:for-19:and.itm                                
                                                                       for:for:for-20:and.itm                                
                                                                       for:for:for-21:and.itm                                
                                                                       for:for:for-22:and.itm                                
                                                                       for:for:for-23:and.itm                                
                                                                       for:for:for-24:and.itm                                
                                                                       for:for:for-25:and.itm                                
                                                                       for:for:for-26:and.itm                                
                                                                       for:for:for-27:and.itm                                
                                                                       for:for:for-28:and.itm                                
                                                                       for:for:for-29:and.itm                                
                                                                       for:for:for-2:and.itm                                 
                                                                       for:for:for-30:and.itm                                
                                                                       for:for:for-31:and.itm                                
                                                                       for:for:for-3:and.itm                                 
                                                                       for:for:for-4:and.itm                                 
                                                                       for:for:for-5:and.itm                                 
                                                                       for:for:for-6:and.itm                                 
                                                                       for:for:for-7:and.itm                                 
                                                                       for:for:for-8:and.itm                                 
                                                                       for:for:for-9:and.itm                                 
                                                                       for:for:for-1:or.itm                                  
    reg(C:rsc.triosy:obj.ld).cse          1                            reg(C:rsc.triosy:obj.ld).cse                          
                                                                                                                             
    Total:                             2094           1983        1983 (Total Gating Ratio: 0.95, CG Opt Gating Ratio: 0.95) 
    
  Timing Report
    Critical Path
      Max Delay:  4.158434
      Slack:      0.8415660000000003
      
      Path                                                                       Startpoint                                 Endpoint                                Delay  Slack  
      -------------------------------------------------------------------------- ------------------------------------------ --------------------------------------- ------ ------
      1                                                                          matrix_mul:core/reg(for:i(5:0).sva(4:0)#1) matrix_mul:core/reg(for:for:for-10:and) 4.1584 0.8416 
                                                                                                                                                                                  
        Instance                                                                 Component                                                                          Delta  Delay  
        --------                                                                 ---------                                                                          -----  -----  
        matrix_mul:core/reg(for:i(5:0).sva(4:0)#1)                               mgc_reg_pos_5_0_0_1_1_1_1_4                                                        0.0870 0.0870 
        matrix_mul:core/for:i(5:0).sva(4:0)#1                                                                                                                       0.0000 0.0870 
        matrix_mul:core/for:for:for:mux#124                                      mgc_mux_32_5_32_4                                                                  0.2720 0.3590 
        matrix_mul:core/for:for:for:mux#124.itm                                                                                                                     0.0000 0.3590 
        matrix_mul:core/for:for:for:mux1h#4                                      mgc_mux1hot_32_32_4                                                                0.1564 0.5154 
        matrix_mul:core/for:for:for:mux1h#4.itm                                                                                                                     0.0000 0.5154 
        matrix_mul:core/for:for:for-10:mul:rg                                    mgc_mul_32_1_32_1_46_4                                                             3.4596 3.9750 
        matrix_mul:core/z.out#2                                                                                                                                     0.0000 3.9750 
        matrix_mul:core/for:for:for:slc(for:for:for:mul.sdt#1.sva:mx0w0)(0)                                                                                         0.0000 3.9750 
        matrix_mul:core/for:for:for:slc(for:for:for:mul.sdt#1.sva:mx0w0)(0).itm                                                                                     0.0000 3.9750 
        matrix_mul:core/for:for:for-1:or                                         mgc_or_1_14_4                                                                      0.1225 4.0976 
        matrix_mul:core/for:for:for-1:or.itm                                                                                                                        0.0000 4.0976 
        matrix_mul:core/for:for:for:mux1h#1                                      mgc_mux1hot_1_3_4                                                                  0.0609 4.1584 
        matrix_mul:core/for:for:for:mux1h#1.itm                                                                                                                     0.0000 4.1584 
        matrix_mul:core/reg(for:for:for-10:and)                                  mgc_reg_pos_1_0_0_1_1_1_1_4                                                        0.0000 4.1584 
                                                                                                                                                                                  
      2                                                                          matrix_mul:core/reg(for:i(5:0).sva(4:0)#1) matrix_mul:core/reg(for:for:for-10:and) 4.1584 0.8416 
                                                                                                                                                                                  
        Instance                                                                 Component                                                                          Delta  Delay  
        --------                                                                 ---------                                                                          -----  -----  
        matrix_mul:core/reg(for:i(5:0).sva(4:0)#1)                               mgc_reg_pos_5_0_0_1_1_1_1_4                                                        0.0870 0.0870 
        matrix_mul:core/for:i(5:0).sva(4:0)#1                                                                                                                       0.0000 0.0870 
        matrix_mul:core/for:for:for:mux#124                                      mgc_mux_32_5_32_4                                                                  0.2720 0.3590 
        matrix_mul:core/for:for:for:mux#124.itm                                                                                                                     0.0000 0.3590 
        matrix_mul:core/for:for:for:mux1h#4                                      mgc_mux1hot_32_32_4                                                                0.1564 0.5154 
        matrix_mul:core/for:for:for:mux1h#4.itm                                                                                                                     0.0000 0.5154 
        matrix_mul:core/for:for:for-10:mul:rg                                    mgc_mul_32_1_32_1_46_4                                                             3.4596 3.9750 
        matrix_mul:core/z.out#2                                                                                                                                     0.0000 3.9750 
        matrix_mul:core/for:for:for:slc(for:for:for:mul.sdt#1.sva:mx0w0)(1)                                                                                         0.0000 3.9750 
        matrix_mul:core/for:for:for:slc(for:for:for:mul.sdt#1.sva:mx0w0)(1).itm                                                                                     0.0000 3.9750 
        matrix_mul:core/for:for:for-1:or                                         mgc_or_1_14_4                                                                      0.1225 4.0976 
        matrix_mul:core/for:for:for-1:or.itm                                                                                                                        0.0000 4.0976 
        matrix_mul:core/for:for:for:mux1h#1                                      mgc_mux1hot_1_3_4                                                                  0.0609 4.1584 
        matrix_mul:core/for:for:for:mux1h#1.itm                                                                                                                     0.0000 4.1584 
        matrix_mul:core/reg(for:for:for-10:and)                                  mgc_reg_pos_1_0_0_1_1_1_1_4                                                        0.0000 4.1584 
                                                                                                                                                                                  
      3                                                                          matrix_mul:core/reg(for:i(5:0).sva(4:0)#1) matrix_mul:core/reg(for:for:for-10:and) 4.1584 0.8416 
                                                                                                                                                                                  
        Instance                                                                 Component                                                                          Delta  Delay  
        --------                                                                 ---------                                                                          -----  -----  
        matrix_mul:core/reg(for:i(5:0).sva(4:0)#1)                               mgc_reg_pos_5_0_0_1_1_1_1_4                                                        0.0870 0.0870 
        matrix_mul:core/for:i(5:0).sva(4:0)#1                                                                                                                       0.0000 0.0870 
        matrix_mul:core/for:for:for:mux#124                                      mgc_mux_32_5_32_4                                                                  0.2720 0.3590 
        matrix_mul:core/for:for:for:mux#124.itm                                                                                                                     0.0000 0.3590 
        matrix_mul:core/for:for:for:mux1h#4                                      mgc_mux1hot_32_32_4                                                                0.1564 0.5154 
        matrix_mul:core/for:for:for:mux1h#4.itm                                                                                                                     0.0000 0.5154 
        matrix_mul:core/for:for:for-10:mul:rg                                    mgc_mul_32_1_32_1_46_4                                                             3.4596 3.9750 
        matrix_mul:core/z.out#2                                                                                                                                     0.0000 3.9750 
        matrix_mul:core/for:for:for:slc(for:for:for:mul.sdt#1.sva:mx0w0)(7)                                                                                         0.0000 3.9750 
        matrix_mul:core/for:for:for:slc(for:for:for:mul.sdt#1.sva:mx0w0)(7).itm                                                                                     0.0000 3.9750 
        matrix_mul:core/for:for:for-1:or                                         mgc_or_1_14_4                                                                      0.1225 4.0976 
        matrix_mul:core/for:for:for-1:or.itm                                                                                                                        0.0000 4.0976 
        matrix_mul:core/for:for:for:mux1h#1                                      mgc_mux1hot_1_3_4                                                                  0.0609 4.1584 
        matrix_mul:core/for:for:for:mux1h#1.itm                                                                                                                     0.0000 4.1584 
        matrix_mul:core/reg(for:for:for-10:and)                                  mgc_reg_pos_1_0_0_1_1_1_1_4                                                        0.0000 4.1584 
                                                                                                                                                                                  
      4                                                                          matrix_mul:core/reg(for:i(5:0).sva(4:0)#1) matrix_mul:core/reg(for:for:for-10:and) 4.1584 0.8416 
                                                                                                                                                                                  
        Instance                                                                 Component                                                                          Delta  Delay  
        --------                                                                 ---------                                                                          -----  -----  
        matrix_mul:core/reg(for:i(5:0).sva(4:0)#1)                               mgc_reg_pos_5_0_0_1_1_1_1_4                                                        0.0870 0.0870 
        matrix_mul:core/for:i(5:0).sva(4:0)#1                                                                                                                       0.0000 0.0870 
        matrix_mul:core/for:for:for:mux#124                                      mgc_mux_32_5_32_4                                                                  0.2720 0.3590 
        matrix_mul:core/for:for:for:mux#124.itm                                                                                                                     0.0000 0.3590 
        matrix_mul:core/for:for:for:mux1h#4                                      mgc_mux1hot_32_32_4                                                                0.1564 0.5154 
        matrix_mul:core/for:for:for:mux1h#4.itm                                                                                                                     0.0000 0.5154 
        matrix_mul:core/for:for:for-10:mul:rg                                    mgc_mul_32_1_32_1_46_4                                                             3.4596 3.9750 
        matrix_mul:core/z.out#2                                                                                                                                     0.0000 3.9750 
        matrix_mul:core/for:for:for:slc(for:for:for:mul.sdt#1.sva:mx0w0)(11)                                                                                        0.0000 3.9750 
        matrix_mul:core/for:for:for:slc(for:for:for:mul.sdt#1.sva:mx0w0)(11).itm                                                                                    0.0000 3.9750 
        matrix_mul:core/for:for:for-1:or                                         mgc_or_1_14_4                                                                      0.1225 4.0976 
        matrix_mul:core/for:for:for-1:or.itm                                                                                                                        0.0000 4.0976 
        matrix_mul:core/for:for:for:mux1h#1                                      mgc_mux1hot_1_3_4                                                                  0.0609 4.1584 
        matrix_mul:core/for:for:for:mux1h#1.itm                                                                                                                     0.0000 4.1584 
        matrix_mul:core/reg(for:for:for-10:and)                                  mgc_reg_pos_1_0_0_1_1_1_1_4                                                        0.0000 4.1584 
                                                                                                                                                                                  
      5                                                                          matrix_mul:core/reg(for:i(5:0).sva(4:0)#1) matrix_mul:core/reg(for:for:for-10:and) 4.1584 0.8416 
                                                                                                                                                                                  
        Instance                                                                 Component                                                                          Delta  Delay  
        --------                                                                 ---------                                                                          -----  -----  
        matrix_mul:core/reg(for:i(5:0).sva(4:0)#1)                               mgc_reg_pos_5_0_0_1_1_1_1_4                                                        0.0870 0.0870 
        matrix_mul:core/for:i(5:0).sva(4:0)#1                                                                                                                       0.0000 0.0870 
        matrix_mul:core/for:for:for:mux#124                                      mgc_mux_32_5_32_4                                                                  0.2720 0.3590 
        matrix_mul:core/for:for:for:mux#124.itm                                                                                                                     0.0000 0.3590 
        matrix_mul:core/for:for:for:mux1h#4                                      mgc_mux1hot_32_32_4                                                                0.1564 0.5154 
        matrix_mul:core/for:for:for:mux1h#4.itm                                                                                                                     0.0000 0.5154 
        matrix_mul:core/for:for:for-10:mul:rg                                    mgc_mul_32_1_32_1_46_4                                                             3.4596 3.9750 
        matrix_mul:core/z.out#2                                                                                                                                     0.0000 3.9750 
        matrix_mul:core/for:for:for:slc(for:for:for:mul.sdt#1.sva:mx0w0)(6)                                                                                         0.0000 3.9750 
        matrix_mul:core/for:for:for:slc(for:for:for:mul.sdt#1.sva:mx0w0)(6).itm                                                                                     0.0000 3.9750 
        matrix_mul:core/for:for:for-1:or                                         mgc_or_1_14_4                                                                      0.1225 4.0976 
        matrix_mul:core/for:for:for-1:or.itm                                                                                                                        0.0000 4.0976 
        matrix_mul:core/for:for:for:mux1h#1                                      mgc_mux1hot_1_3_4                                                                  0.0609 4.1584 
        matrix_mul:core/for:for:for:mux1h#1.itm                                                                                                                     0.0000 4.1584 
        matrix_mul:core/reg(for:for:for-10:and)                                  mgc_reg_pos_1_0_0_1_1_1_1_4                                                        0.0000 4.1584 
                                                                                                                                                                                  
      6                                                                          matrix_mul:core/reg(for:i(5:0).sva(4:0)#1) matrix_mul:core/reg(for:for:for-10:and) 4.1584 0.8416 
                                                                                                                                                                                  
        Instance                                                                 Component                                                                          Delta  Delay  
        --------                                                                 ---------                                                                          -----  -----  
        matrix_mul:core/reg(for:i(5:0).sva(4:0)#1)                               mgc_reg_pos_5_0_0_1_1_1_1_4                                                        0.0870 0.0870 
        matrix_mul:core/for:i(5:0).sva(4:0)#1                                                                                                                       0.0000 0.0870 
        matrix_mul:core/for:for:for:mux#124                                      mgc_mux_32_5_32_4                                                                  0.2720 0.3590 
        matrix_mul:core/for:for:for:mux#124.itm                                                                                                                     0.0000 0.3590 
        matrix_mul:core/for:for:for:mux1h#4                                      mgc_mux1hot_32_32_4                                                                0.1564 0.5154 
        matrix_mul:core/for:for:for:mux1h#4.itm                                                                                                                     0.0000 0.5154 
        matrix_mul:core/for:for:for-10:mul:rg                                    mgc_mul_32_1_32_1_46_4                                                             3.4596 3.9750 
        matrix_mul:core/z.out#2                                                                                                                                     0.0000 3.9750 
        matrix_mul:core/for:for:for:slc(for:for:for:mul.sdt#1.sva:mx0w0)(4)                                                                                         0.0000 3.9750 
        matrix_mul:core/for:for:for:slc(for:for:for:mul.sdt#1.sva:mx0w0)(4).itm                                                                                     0.0000 3.9750 
        matrix_mul:core/for:for:for-1:or                                         mgc_or_1_14_4                                                                      0.1225 4.0976 
        matrix_mul:core/for:for:for-1:or.itm                                                                                                                        0.0000 4.0976 
        matrix_mul:core/for:for:for:mux1h#1                                      mgc_mux1hot_1_3_4                                                                  0.0609 4.1584 
        matrix_mul:core/for:for:for:mux1h#1.itm                                                                                                                     0.0000 4.1584 
        matrix_mul:core/reg(for:for:for-10:and)                                  mgc_reg_pos_1_0_0_1_1_1_1_4                                                        0.0000 4.1584 
                                                                                                                                                                                  
      7                                                                          matrix_mul:core/reg(for:i(5:0).sva(4:0)#1) matrix_mul:core/reg(for:for:for-10:and) 4.1584 0.8416 
                                                                                                                                                                                  
        Instance                                                                 Component                                                                          Delta  Delay  
        --------                                                                 ---------                                                                          -----  -----  
        matrix_mul:core/reg(for:i(5:0).sva(4:0)#1)                               mgc_reg_pos_5_0_0_1_1_1_1_4                                                        0.0870 0.0870 
        matrix_mul:core/for:i(5:0).sva(4:0)#1                                                                                                                       0.0000 0.0870 
        matrix_mul:core/for:for:for:mux#124                                      mgc_mux_32_5_32_4                                                                  0.2720 0.3590 
        matrix_mul:core/for:for:for:mux#124.itm                                                                                                                     0.0000 0.3590 
        matrix_mul:core/for:for:for:mux1h#4                                      mgc_mux1hot_32_32_4                                                                0.1564 0.5154 
        matrix_mul:core/for:for:for:mux1h#4.itm                                                                                                                     0.0000 0.5154 
        matrix_mul:core/for:for:for-10:mul:rg                                    mgc_mul_32_1_32_1_46_4                                                             3.4596 3.9750 
        matrix_mul:core/z.out#2                                                                                                                                     0.0000 3.9750 
        matrix_mul:core/for:for:for:slc(for:for:for:mul.sdt#1.sva:mx0w0)(3)                                                                                         0.0000 3.9750 
        matrix_mul:core/for:for:for:slc(for:for:for:mul.sdt#1.sva:mx0w0)(3).itm                                                                                     0.0000 3.9750 
        matrix_mul:core/for:for:for-1:or                                         mgc_or_1_14_4                                                                      0.1225 4.0976 
        matrix_mul:core/for:for:for-1:or.itm                                                                                                                        0.0000 4.0976 
        matrix_mul:core/for:for:for:mux1h#1                                      mgc_mux1hot_1_3_4                                                                  0.0609 4.1584 
        matrix_mul:core/for:for:for:mux1h#1.itm                                                                                                                     0.0000 4.1584 
        matrix_mul:core/reg(for:for:for-10:and)                                  mgc_reg_pos_1_0_0_1_1_1_1_4                                                        0.0000 4.1584 
                                                                                                                                                                                  
      8                                                                          matrix_mul:core/reg(for:i(5:0).sva(4:0)#1) matrix_mul:core/reg(for:for:for-10:and) 4.1584 0.8416 
                                                                                                                                                                                  
        Instance                                                                 Component                                                                          Delta  Delay  
        --------                                                                 ---------                                                                          -----  -----  
        matrix_mul:core/reg(for:i(5:0).sva(4:0)#1)                               mgc_reg_pos_5_0_0_1_1_1_1_4                                                        0.0870 0.0870 
        matrix_mul:core/for:i(5:0).sva(4:0)#1                                                                                                                       0.0000 0.0870 
        matrix_mul:core/for:for:for:mux#124                                      mgc_mux_32_5_32_4                                                                  0.2720 0.3590 
        matrix_mul:core/for:for:for:mux#124.itm                                                                                                                     0.0000 0.3590 
        matrix_mul:core/for:for:for:mux1h#4                                      mgc_mux1hot_32_32_4                                                                0.1564 0.5154 
        matrix_mul:core/for:for:for:mux1h#4.itm                                                                                                                     0.0000 0.5154 
        matrix_mul:core/for:for:for-10:mul:rg                                    mgc_mul_32_1_32_1_46_4                                                             3.4596 3.9750 
        matrix_mul:core/z.out#2                                                                                                                                     0.0000 3.9750 
        matrix_mul:core/for:for:for:slc(for:for:for:mul.sdt#1.sva:mx0w0)(14)                                                                                        0.0000 3.9750 
        matrix_mul:core/for:for:for:slc(for:for:for:mul.sdt#1.sva:mx0w0)(14).itm                                                                                    0.0000 3.9750 
        matrix_mul:core/for:for:for-1:or                                         mgc_or_1_14_4                                                                      0.1225 4.0976 
        matrix_mul:core/for:for:for-1:or.itm                                                                                                                        0.0000 4.0976 
        matrix_mul:core/for:for:for:mux1h#1                                      mgc_mux1hot_1_3_4                                                                  0.0609 4.1584 
        matrix_mul:core/for:for:for:mux1h#1.itm                                                                                                                     0.0000 4.1584 
        matrix_mul:core/reg(for:for:for-10:and)                                  mgc_reg_pos_1_0_0_1_1_1_1_4                                                        0.0000 4.1584 
                                                                                                                                                                                  
      9                                                                          matrix_mul:core/reg(for:i(5:0).sva(4:0)#1) matrix_mul:core/reg(for:for:for-10:and) 4.1584 0.8416 
                                                                                                                                                                                  
        Instance                                                                 Component                                                                          Delta  Delay  
        --------                                                                 ---------                                                                          -----  -----  
        matrix_mul:core/reg(for:i(5:0).sva(4:0)#1)                               mgc_reg_pos_5_0_0_1_1_1_1_4                                                        0.0870 0.0870 
        matrix_mul:core/for:i(5:0).sva(4:0)#1                                                                                                                       0.0000 0.0870 
        matrix_mul:core/for:for:for:mux#124                                      mgc_mux_32_5_32_4                                                                  0.2720 0.3590 
        matrix_mul:core/for:for:for:mux#124.itm                                                                                                                     0.0000 0.3590 
        matrix_mul:core/for:for:for:mux1h#4                                      mgc_mux1hot_32_32_4                                                                0.1564 0.5154 
        matrix_mul:core/for:for:for:mux1h#4.itm                                                                                                                     0.0000 0.5154 
        matrix_mul:core/for:for:for-10:mul:rg                                    mgc_mul_32_1_32_1_46_4                                                             3.4596 3.9750 
        matrix_mul:core/z.out#2                                                                                                                                     0.0000 3.9750 
        matrix_mul:core/for:for:for:slc(for:for:for:mul.sdt#1.sva:mx0w0)(10)                                                                                        0.0000 3.9750 
        matrix_mul:core/for:for:for:slc(for:for:for:mul.sdt#1.sva:mx0w0)(10).itm                                                                                    0.0000 3.9750 
        matrix_mul:core/for:for:for-1:or                                         mgc_or_1_14_4                                                                      0.1225 4.0976 
        matrix_mul:core/for:for:for-1:or.itm                                                                                                                        0.0000 4.0976 
        matrix_mul:core/for:for:for:mux1h#1                                      mgc_mux1hot_1_3_4                                                                  0.0609 4.1584 
        matrix_mul:core/for:for:for:mux1h#1.itm                                                                                                                     0.0000 4.1584 
        matrix_mul:core/reg(for:for:for-10:and)                                  mgc_reg_pos_1_0_0_1_1_1_1_4                                                        0.0000 4.1584 
                                                                                                                                                                                  
      10                                                                         matrix_mul:core/reg(for:i(5:0).sva(4:0)#1) matrix_mul:core/reg(for:for:for-10:and) 4.1584 0.8416 
                                                                                                                                                                                  
        Instance                                                                 Component                                                                          Delta  Delay  
        --------                                                                 ---------                                                                          -----  -----  
        matrix_mul:core/reg(for:i(5:0).sva(4:0)#1)                               mgc_reg_pos_5_0_0_1_1_1_1_4                                                        0.0870 0.0870 
        matrix_mul:core/for:i(5:0).sva(4:0)#1                                                                                                                       0.0000 0.0870 
        matrix_mul:core/for:for:for:mux#124                                      mgc_mux_32_5_32_4                                                                  0.2720 0.3590 
        matrix_mul:core/for:for:for:mux#124.itm                                                                                                                     0.0000 0.3590 
        matrix_mul:core/for:for:for:mux1h#4                                      mgc_mux1hot_32_32_4                                                                0.1564 0.5154 
        matrix_mul:core/for:for:for:mux1h#4.itm                                                                                                                     0.0000 0.5154 
        matrix_mul:core/for:for:for-10:mul:rg                                    mgc_mul_32_1_32_1_46_4                                                             3.4596 3.9750 
        matrix_mul:core/z.out#2                                                                                                                                     0.0000 3.9750 
        matrix_mul:core/for:for:for:slc(for:for:for:mul.sdt#1.sva:mx0w0)(9)                                                                                         0.0000 3.9750 
        matrix_mul:core/for:for:for:slc(for:for:for:mul.sdt#1.sva:mx0w0)(9).itm                                                                                     0.0000 3.9750 
        matrix_mul:core/for:for:for-1:or                                         mgc_or_1_14_4                                                                      0.1225 4.0976 
        matrix_mul:core/for:for:for-1:or.itm                                                                                                                        0.0000 4.0976 
        matrix_mul:core/for:for:for:mux1h#1                                      mgc_mux1hot_1_3_4                                                                  0.0609 4.1584 
        matrix_mul:core/for:for:for:mux1h#1.itm                                                                                                                     0.0000 4.1584 
        matrix_mul:core/reg(for:for:for-10:and)                                  mgc_reg_pos_1_0_0_1_1_1_1_4                                                        0.0000 4.1584 
                                                                                                                                                                                  
      
    Register Input and Register-to-Output Slack
      Clock period or pin-to-reg delay constraint (clk): 5.0
      Clock uncertainty constraint (clk)               : 0.0
      
      Instance                                       Port                                   Slack (Delay) Messages 
      ---------------------------------------------- ------------------------------------- ------ ------- --------
      matrix_mul:core/reg(for:i(5:0).sva(4:0)#1)     for:i:for:i:for:i:and.itm             4.5781  0.4219          
      matrix_mul:core/reg(for:for:j(5:0).sva(4:0)#1) for:for:j:for:for:j:for:for:j:and.itm 4.8890  0.1110          
      matrix_mul:core/reg(C:rsc.triosy:obj.ld)       and#25.itm                            4.5781  0.4219          
      matrix_mul:core/reg(for:for:j(5:0))            z.out                                 4.5781  0.4219          
      matrix_mul:core/reg(for:for:for:mux#62)        for:for:for:mux#62.itm#2              4.6410  0.3590          
      matrix_mul:core/reg(for:for:for:mux#63)        for:for:for:mux#64.itm                4.6410  0.3590          
      matrix_mul:core/reg(for:for:for:mux#60)        for:for:for:mux#60.itm#2              4.6410  0.3590          
      matrix_mul:core/reg(for:for:for:mux#61)        for:for:for:mux#61.itm#2              4.6410  0.3590          
      matrix_mul:core/reg(for:for:for:mux#58)        for:for:for:mux#58.itm#2              4.6410  0.3590          
      matrix_mul:core/reg(for:for:for:mux#59)        for:for:for:mux#59.itm#2              4.6410  0.3590          
      matrix_mul:core/reg(for:for:for:mux#56)        for:for:for:mux#56.itm#2              4.6410  0.3590          
      matrix_mul:core/reg(for:for:for:mux#57)        for:for:for:mux#57.itm#2              4.6410  0.3590          
      matrix_mul:core/reg(for:for:for:mux#54)        for:for:for:mux#54.itm#2              4.6410  0.3590          
      matrix_mul:core/reg(for:for:for:mux#55)        for:for:for:mux#55.itm#2              4.6410  0.3590          
      matrix_mul:core/reg(for:for:for:mux#52)        for:for:for:mux#52.itm#2              4.6410  0.3590          
      matrix_mul:core/reg(for:for:for:mux#53)        for:for:for:mux#53.itm#2              4.6410  0.3590          
      matrix_mul:core/reg(for:for:for:mux#50)        for:for:for:mux#50.itm#2              4.6410  0.3590          
      matrix_mul:core/reg(for:for:for:mux#51)        for:for:for:mux#51.itm#2              4.6410  0.3590          
      matrix_mul:core/reg(for:for:for:mux#48)        for:for:for:mux#48.itm#2              4.6410  0.3590          
      matrix_mul:core/reg(for:for:for:mux#49)        for:for:for:mux#49.itm#2              4.6410  0.3590          
      matrix_mul:core/reg(for:for:for:mux#46)        for:for:for:mux#46.itm#2              4.6410  0.3590          
      matrix_mul:core/reg(for:for:for:mux#47)        for:for:for:mux#47.itm#2              4.6410  0.3590          
      matrix_mul:core/reg(for:for:for:mux#44)        for:for:for:mux#44.itm#2              4.6410  0.3590          
      matrix_mul:core/reg(for:for:for:mux#45)        for:for:for:mux#45.itm#2              4.6410  0.3590          
      matrix_mul:core/reg(for:for:for:mux#42)        for:for:for:mux#42.itm#2              4.6410  0.3590          
      matrix_mul:core/reg(for:for:for:mux#43)        for:for:for:mux#43.itm#2              4.6410  0.3590          
      matrix_mul:core/reg(for:for:for:mux#40)        for:for:for:mux#40.itm#2              4.6410  0.3590          
      matrix_mul:core/reg(for:for:for:mux#41)        for:for:for:mux#41.itm#2              4.6410  0.3590          
      matrix_mul:core/reg(for:for:for:mux#38)        for:for:for:mux#38.itm#2              4.6410  0.3590          
      matrix_mul:core/reg(for:for:for:mux#39)        for:for:for:mux#39.itm#2              4.6410  0.3590          
      matrix_mul:core/reg(for:for:for:mux#36)        for:for:for:mux#36.itm#2              4.6410  0.3590          
      matrix_mul:core/reg(for:for:for:mux#37)        for:for:for:mux#37.itm#2              4.6410  0.3590          
      matrix_mul:core/reg(for:for:for:mux#34)        for:for:for:mux#34.itm#2              4.6410  0.3590          
      matrix_mul:core/reg(for:for:for:mux#35)        for:for:for:mux#35.itm#2              4.6410  0.3590          
      matrix_mul:core/reg(for:for:for:mux#32)        for:for:for:mux#32.itm#2              4.6410  0.3590          
      matrix_mul:core/reg(for:for:for:mux#33)        for:for:for:mux#33.itm#2              4.6410  0.3590          
      matrix_mul:core/reg(for:for:for:mux#30)        for:for:for:mux#30.itm#2              4.6410  0.3590          
      matrix_mul:core/reg(for:for:for:mux#31)        for:for:for:mux#31.itm#2              4.6410  0.3590          
      matrix_mul:core/reg(for:for:for:mux#28)        for:for:for:mux#28.itm#2              4.6410  0.3590          
      matrix_mul:core/reg(for:for:for:mux#29)        for:for:for:mux#29.itm#2              4.6410  0.3590          
      matrix_mul:core/reg(for:for:for:mux#26)        for:for:for:mux#26.itm#2              4.6410  0.3590          
      matrix_mul:core/reg(for:for:for:mux#27)        for:for:for:mux#27.itm#2              4.6410  0.3590          
      matrix_mul:core/reg(for:for:for:mux#24)        for:for:for:mux#24.itm#2              4.6410  0.3590          
      matrix_mul:core/reg(for:for:for:mux#25)        for:for:for:mux#25.itm#2              4.6410  0.3590          
      matrix_mul:core/reg(for:for:for:mux#22)        for:for:for:mux#22.itm#2              4.6410  0.3590          
      matrix_mul:core/reg(for:for:for:mux#23)        for:for:for:mux#23.itm#2              4.6410  0.3590          
      matrix_mul:core/reg(for:for:for:mux#20)        for:for:for:mux#20.itm#2              4.6410  0.3590          
      matrix_mul:core/reg(for:for:for:mux#21)        for:for:for:mux#21.itm#2              4.6410  0.3590          
      matrix_mul:core/reg(for:for:for:mux#18)        for:for:for:mux#18.itm#2              4.6410  0.3590          
      matrix_mul:core/reg(for:for:for:mux#19)        for:for:for:mux#19.itm#2              4.6410  0.3590          
      matrix_mul:core/reg(for:for:for:mux#16)        for:for:for:mux#16.itm#2              4.6410  0.3590          
      matrix_mul:core/reg(for:for:for:mux#17)        for:for:for:mux#17.itm#2              4.6410  0.3590          
      matrix_mul:core/reg(for:for:for:mux#14)        for:for:for:mux#14.itm#2              4.6410  0.3590          
      matrix_mul:core/reg(for:for:for:mux#15)        for:for:for:mux#15.itm#2              4.6410  0.3590          
      matrix_mul:core/reg(for:for:for:mux#12)        for:for:for:mux#12.itm#2              4.6410  0.3590          
      matrix_mul:core/reg(for:for:for:mux#13)        for:for:for:mux#13.itm#2              4.6410  0.3590          
      matrix_mul:core/reg(for:for:for:mux#10)        for:for:for:mux#10.itm#2              4.6410  0.3590          
      matrix_mul:core/reg(for:for:for:mux#11)        for:for:for:mux#11.itm#2              4.6410  0.3590          
      matrix_mul:core/reg(for:for:for:mux#8)         for:for:for:mux#8.itm#2               4.6410  0.3590          
      matrix_mul:core/reg(for:for:for:mux#9)         for:for:for:mux#9.itm#2               4.6410  0.3590          
      matrix_mul:core/reg(for:for:for:mux#6)         for:for:for:mux#6.itm#2               4.6410  0.3590          
      matrix_mul:core/reg(for:for:for:mux#7)         for:for:for:mux#7.itm#2               4.6410  0.3590          
      matrix_mul:core/reg(for:for:for:mux#4)         for:for:for:mux#4.itm#2               4.6410  0.3590          
      matrix_mul:core/reg(for:for:for:mux#5)         for:for:for:mux#5.itm#2               4.6410  0.3590          
      matrix_mul:core/reg(for:for:for:mul.sdt#1)     z.out#2                               0.8416  4.1584          
      matrix_mul:core/reg(for:for:for:mux#3)         for:for:for:mux#3.itm#3               4.6410  0.3590          
      matrix_mul:core/reg(for:for:for-10:and)        for:for:for:mux1h#1.itm               0.8416  4.1584          
      matrix_mul:core/reg(for:for:for:acc#7.psp#10)  for:for:for:for:for:for:mux#1.itm     2.4267  2.5733          
      matrix_mul:core/reg(for:for:for:mul.sdt#2)     z.out#2                               0.8416  4.1584          
      matrix_mul                                     A:rsc.triosy.lz                       4.9130  0.0870          
      matrix_mul                                     B:rsc.triosy.lz                       4.9130  0.0870          
      matrix_mul                                     C:rsc.adr                             4.9030  0.0970          
      matrix_mul                                     C:rsc.d                               1.1596  3.8404          
      matrix_mul                                     C:rsc.we                              4.9900  0.0100          
      matrix_mul                                     C:rsc.triosy.lz                       4.9130  0.0870          
      
  Operator Bitwidth Summary
    Operation Size (bits) Count 
    --------- ----------- -----
    add                         
    -                   6     1 
    -                  32     2 
    and                         
    -                   5     2 
    -                   1     5 
    mul                         
    -                  46     1 
    mux                         
    -                   5     1 
    -                  32    67 
    -                   1     1 
    mux1h                       
    -                  32     2 
    -                   1     1 
    nor                         
    -                   1     4 
    not                         
    -                   1     1 
    or                          
    -                   1     8 
    read_port                   
    -               32768     2 
    read_sync                   
    -                   0     3 
    reg                         
    -                   6     1 
    -                   5     2 
    -                  46     2 
    -                  32    62 
    -                   1     2 
    
  End of Report
