-- Catapult Ultra Synthesis: Report                                              
-- ------------------------- ---------------------------------------------------
-- Version:                  10.4a/835166 Production Release                     
-- Build Date:               Thu Sep  5 21:35:46 PDT 2019                        
                                                                                 
-- Generated by:             gel8580@finagle.wot.ece.northwestern.edu            
-- Generated date:           Tue Dec 02 09:32:13 CST 2025                        

Solution Settings: matrix_mul.v2
  Current state: extract
  Project: Catapult_4
  
  Design Input Files Specified
    $PROJECT_HOME/matmul.cpp
      $PROJECT_HOME/matmul.h
        $MGC_HOME/shared/include/ac_fixed.h
          $MGC_HOME/shared/include/ac_int.h
  
  Processes/Blocks in Design
    Process          Real Operation(s) count Latency Throughput Reset Length II Comments 
    ---------------- ----------------------- ------- ---------- ------------ -- --------
    /matrix_mul/core                     198   35869      35874            0  0          
    Design Total:                        198   35869      35874            0  0          
    
  Bill Of Materials (Datapath)
    Component Name                                         Area Score Delay Post Alloc Post Assign 
    ------------------------------------------------------ ---------- ----- ---------- -----------
    [Lib: ccs_sample_mem]                                                                          
    ccs_ram_sync_singleport_rwport(1,32,10,1024,1024,32,5)      0.000 0.500          1           0 
    ccs_ram_sync_singleport_rwport(2,32,10,1024,1024,32,5)      0.000 0.500          1           0 
    ccs_ram_sync_singleport_rwport(3,32,10,1024,1024,32,5)      0.000 0.500          1           0 
    [Lib: mgc_ioport]                                                                              
    mgc_io_sync(0)                                              0.000 0.000          3           3 
    [Lib: nangate-45nm_beh]                                                                        
    mgc_add(32,0,1,0,32,3)                                    103.722 0.402          1           0 
    mgc_add(32,0,1,0,32,4)                                     86.752 1.173          0           1 
    mgc_add(32,0,32,0,32,3)                                   213.603 0.764          1           0 
    mgc_add(32,0,32,0,32,4)                                   136.090 2.346          0           1 
    mgc_add(5,0,1,0,6,4)                                       15.024 0.250          0           1 
    mgc_add(5,0,2,1,6,4)                                       23.663 0.414          1           0 
    mgc_and(1,2,1)                                              1.110 0.024          0           4 
    mgc_and(1,4,1)                                              1.660 0.051          0           1 
    mgc_and(5,2,1)                                              5.548 0.024          0           2 
    mgc_mul(32,1,32,1,46,4)                                  4312.088 3.460          1           1 
    mgc_mux(1,1,2,4)                                            1.754 0.054          0           1 
    mgc_mux(32,1,2,4)                                          56.142 0.062          0           2 
    mgc_mux(5,1,2,4)                                            8.772 0.060          0           1 
    mgc_mux1hot(1,3,4)                                          2.643 0.061          0           1 
    mgc_mux1hot(5,30,4)                                       129.600 0.154          0           2 
    mgc_nor(1,2,1)                                              0.771 0.025          0           4 
    mgc_nor(1,6,4)                                              2.548 0.086          0           1 
    mgc_nor(1,7,4)                                              3.162 0.093          0           1 
    mgc_nor(1,9,4)                                              4.165 0.104          0           1 
    mgc_nor(5,2,1)                                              3.857 0.025          0           3 
    mgc_not(1,1)                                                0.529 0.006          0           1 
    mgc_or(1,14,4)                                              5.832 0.123          0           3 
    mgc_or(1,2,1)                                               1.110 0.031          0           2 
    mgc_or(1,3,4)                                               1.385 0.066          0           1 
    mgc_or(5,2,1)                                               5.548 0.031          0           1 
    mgc_reg_pos(1,0,0,1,1,0,0,4)                                6.375 0.087          0           1 
    mgc_reg_pos(1,0,0,1,1,1,1,4)                                6.375 0.087          0           1 
    mgc_reg_pos(32,0,0,1,1,0,0,4)                             204.000 0.087          0           1 
    mgc_reg_pos(46,0,0,1,1,0,0,4)                             293.250 0.087          0           1 
    mgc_reg_pos(46,0,0,1,1,1,1,4)                             293.250 0.087          0           1 
    mgc_reg_pos(5,0,0,1,1,1,1,4)                               31.875 0.087          0           2 
    mgc_reg_pos(6,0,0,1,1,1,1,4)                               38.250 0.087          0           1 
                                                                                                   
    TOTAL AREA (After Assignment):                           5908.763                              
    
  Area Scores
                      Post-Scheduling   Post-DP & FSM Post-Assignment 
    ----------------- --------------- --------------- ---------------
    Total Area Score:   6195.8          6405.1          6114.8        
    Total Reg:          1542.8  (25%)   1109.2  (17%)   1109.2  (18%) 
                                                                      
    DataPath:           6195.8 (100%)   6199.1  (97%)   5908.8  (97%) 
      MUX:                 0.0           340.5   (5%)    384.7   (7%) 
      FUNC:             4653.1  (75%)   4890.3  (79%)   4550.0  (77%) 
      LOGIC:               0.0            63.0   (1%)     68.9   (1%) 
      BUFFER:              0.0             0.0             0.0        
      MEM:                 0.0             0.0             0.0        
      ROM:                 0.0             0.0             0.0        
      REG:              1542.8  (25%)    905.2  (15%)    905.2  (15%) 
                                                                      
    
    FSM:                   0.0           206.0   (3%)    206.0   (3%) 
      FSM-REG:             0.0           204.0  (99%)    204.0  (99%) 
      FSM-COMB:            0.0             2.0   (1%)      2.0   (1%) 
                                                                      
    
  Register-to-Variable Mappings
    Register                     Size(bits) Gated Register CG Opt Done Variables                                             
    ---------------------------- ---------- -------------- ----------- -----------------------------------------------------
    for:for:for:mul.sdt#1.sva            46         Y           Y      for:for:for:mul.sdt#1.sva                             
                                                                       for:for:for:mul.sdt#10.sva                            
                                                                       for:for:for:mul.sdt#11.sva                            
                                                                       for:for:for:mul.sdt#12.sva                            
                                                                       for:for:for:mul.sdt#13.sva                            
                                                                       for:for:for:mul.sdt#14.sva                            
                                                                       for:for:for:mul.sdt#15.sva                            
                                                                       for:for:for:mul.sdt#16.sva                            
                                                                       for:for:for:mul.sdt#17.sva                            
                                                                       for:for:for:mul.sdt#18.sva                            
                                                                       for:for:for:mul.sdt#19.sva                            
                                                                       for:for:for:mul.sdt#20.sva                            
                                                                       for:for:for:mul.sdt#21.sva                            
                                                                       for:for:for:mul.sdt#22.sva                            
                                                                       for:for:for:mul.sdt#23.sva                            
                                                                       for:for:for:mul.sdt#24.sva                            
                                                                       for:for:for:mul.sdt#25.sva                            
                                                                       for:for:for:mul.sdt#26.sva                            
                                                                       for:for:for:mul.sdt#27.sva                            
                                                                       for:for:for:mul.sdt#28.sva                            
                                                                       for:for:for:mul.sdt#29.sva                            
                                                                       for:for:for:mul.sdt#3.sva                             
                                                                       for:for:for:mul.sdt#30.sva                            
                                                                       for:for:for:mul.sdt#31.sva                            
                                                                       for:for:for:mul.sdt#4.sva                             
                                                                       for:for:for:mul.sdt#5.sva                             
                                                                       for:for:for:mul.sdt#6.sva                             
                                                                       for:for:for:mul.sdt#7.sva                             
                                                                       for:for:for:mul.sdt#8.sva                             
                                                                       for:for:for:mul.sdt#9.sva                             
                                                                       for:for:for:mul.sdt.sva                               
    for:for:for:mul.sdt#2.sva            46                            for:for:for:mul.sdt#2.sva                             
    for:for:for:acc#7.psp#10.sva         32                            for:for:for:acc#7.psp#10.sva                          
                                                                       for:for:for:acc#7.psp#11.sva                          
                                                                       for:for:for:acc#7.psp#12.sva                          
                                                                       for:for:for:acc#7.psp#13.sva                          
                                                                       for:for:for:acc#7.psp#14.sva                          
                                                                       for:for:for:acc#7.psp#15.sva                          
                                                                       for:for:for:acc#7.psp#16.sva                          
                                                                       for:for:for:acc#7.psp#17.sva                          
                                                                       for:for:for:acc#7.psp#18.sva                          
                                                                       for:for:for:acc#7.psp#19.sva                          
                                                                       for:for:for:acc#7.psp#2.sva                           
                                                                       for:for:for:acc#7.psp#20.sva                          
                                                                       for:for:for:acc#7.psp#21.sva                          
                                                                       for:for:for:acc#7.psp#22.sva                          
                                                                       for:for:for:acc#7.psp#23.sva                          
                                                                       for:for:for:acc#7.psp#24.sva                          
                                                                       for:for:for:acc#7.psp#25.sva                          
                                                                       for:for:for:acc#7.psp#26.sva                          
                                                                       for:for:for:acc#7.psp#27.sva                          
                                                                       for:for:for:acc#7.psp#28.sva                          
                                                                       for:for:for:acc#7.psp#29.sva                          
                                                                       for:for:for:acc#7.psp#3.sva                           
                                                                       for:for:for:acc#7.psp#30.sva                          
                                                                       for:for:for:acc#7.psp#31.sva                          
                                                                       for:for:for:acc#7.psp#4.sva                           
                                                                       for:for:for:acc#7.psp#5.sva                           
                                                                       for:for:for:acc#7.psp#6.sva                           
                                                                       for:for:for:acc#7.psp#7.sva                           
                                                                       for:for:for:acc#7.psp#8.sva                           
                                                                       for:for:for:acc#7.psp#9.sva                           
    for:for:j(5:0).sva#1                  6         Y           Y      for:for:j(5:0).sva#1                                  
    for:for:j(5:0).sva(4:0)#1             5         Y           Y      for:for:j(5:0).sva(4:0)#1                             
    for:i(5:0).sva(4:0)#1                 5         Y           Y      for:i(5:0).sva(4:0)#1                                 
    for:for:for-10:and.itm                1         Y           Y      for:for:for-10:and.itm                                
                                                                       for:for:for-11:and.itm                                
                                                                       for:for:for-12:and.itm                                
                                                                       for:for:for-13:and.itm                                
                                                                       for:for:for-14:and.itm                                
                                                                       for:for:for-15:and.itm                                
                                                                       for:for:for-16:and.itm                                
                                                                       for:for:for-17:and.itm                                
                                                                       for:for:for-18:and.itm                                
                                                                       for:for:for-19:and.itm                                
                                                                       for:for:for-20:and.itm                                
                                                                       for:for:for-21:and.itm                                
                                                                       for:for:for-22:and.itm                                
                                                                       for:for:for-23:and.itm                                
                                                                       for:for:for-24:and.itm                                
                                                                       for:for:for-25:and.itm                                
                                                                       for:for:for-26:and.itm                                
                                                                       for:for:for-27:and.itm                                
                                                                       for:for:for-28:and.itm                                
                                                                       for:for:for-29:and.itm                                
                                                                       for:for:for-2:and.itm                                 
                                                                       for:for:for-30:and.itm                                
                                                                       for:for:for-31:and.itm                                
                                                                       for:for:for-3:and.itm                                 
                                                                       for:for:for-4:and.itm                                 
                                                                       for:for:for-5:and.itm                                 
                                                                       for:for:for-6:and.itm                                 
                                                                       for:for:for-7:and.itm                                 
                                                                       for:for:for-8:and.itm                                 
                                                                       for:for:for-9:and.itm                                 
                                                                       for:for:for-1:or.itm                                  
    reg(C:rsc.triosy:obj.ld).cse          1                            reg(C:rsc.triosy:obj.ld).cse                          
                                                                                                                             
    Total:                              142             63          63 (Total Gating Ratio: 0.44, CG Opt Gating Ratio: 0.44) 
    
  Timing Report
    Critical Path
      Max Delay:  4.143054
      Slack:      0.8569459999999998
      
      Path                                                                                                   Startpoint                  Endpoint                                Delay  Slack  
      ------------------------------------------------------------------------------------------------------ --------------------------- --------------------------------------- ------ ------
      1                                                                                                      matrix_mul/A:rsc.q          matrix_mul:core/reg(for:for:for-10:and) 4.1431 0.8569 
                                                                                                                                                                                               
        Instance                                                                                             Component                                                           Delta  Delay  
        --------                                                                                             ---------                                                           -----  -----  
        matrix_mul/A:rsc.q                                                                                                                                                       0.5000 0.5000 
        matrix_mul:ccs_sample_mem.ccs_ram_sync_singleport_rwport(1,32,10,1024,1024,32,5)gen/q                                                                                    0.0000 0.5000 
        matrix_mul:ccs_sample_mem.ccs_ram_sync_singleport_rwport(1,32,10,1024,1024,32,5)gen/A:wrs(q_d)(31-0)                                                                     0.0000 0.5000 
        matrix_mul:ccs_sample_mem.ccs_ram_sync_singleport_rwport(1,32,10,1024,1024,32,5)gen/q_d                                                                                  0.0000 0.5000 
        matrix_mul/A:rsci.q_d                                                                                                                                                    0.0000 0.5000 
        matrix_mul:core/A:rsci.q_d                                                                                                                                               0.0000 0.5000 
        matrix_mul:core/for:for:for:asn#95                                                                                                                                       0.0000 0.5000 
        matrix_mul:core/for:for:for:asn#95.itm                                                                                                                                   0.0000 0.5000 
        matrix_mul:core/for:for:for-1:mul                                                                    mgc_mul_32_1_32_1_46_4                                              3.4596 3.9596 
        matrix_mul:core/for:for:for:mul.sdt#1.sva:mx0w0                                                                                                                          0.0000 3.9596 
        matrix_mul:core/for:for:for:slc(for:for:for:mul.sdt#1.sva:mx0w0)(0)                                                                                                      0.0000 3.9596 
        matrix_mul:core/for:for:for:slc(for:for:for:mul.sdt#1.sva:mx0w0)(0).itm                                                                                                  0.0000 3.9596 
        matrix_mul:core/for:for:for-1:or                                                                     mgc_or_1_14_4                                                       0.1225 4.0822 
        matrix_mul:core/for:for:for-1:or.itm                                                                                                                                     0.0000 4.0822 
        matrix_mul:core/for:for:for:mux1h                                                                    mgc_mux1hot_1_3_4                                                   0.0609 4.1431 
        matrix_mul:core/for:for:for:mux1h.itm                                                                                                                                    0.0000 4.1431 
        matrix_mul:core/reg(for:for:for-10:and)                                                              mgc_reg_pos_1_0_0_1_1_1_1_4                                         0.0000 4.1431 
                                                                                                                                                                                               
      2                                                                                                      matrix_mul/A:rsc.q          matrix_mul:core/reg(for:for:for-10:and) 4.1431 0.8569 
                                                                                                                                                                                               
        Instance                                                                                             Component                                                           Delta  Delay  
        --------                                                                                             ---------                                                           -----  -----  
        matrix_mul/A:rsc.q                                                                                                                                                       0.5000 0.5000 
        matrix_mul:ccs_sample_mem.ccs_ram_sync_singleport_rwport(1,32,10,1024,1024,32,5)gen/q                                                                                    0.0000 0.5000 
        matrix_mul:ccs_sample_mem.ccs_ram_sync_singleport_rwport(1,32,10,1024,1024,32,5)gen/A:wrs(q_d)(31-0)                                                                     0.0000 0.5000 
        matrix_mul:ccs_sample_mem.ccs_ram_sync_singleport_rwport(1,32,10,1024,1024,32,5)gen/q_d                                                                                  0.0000 0.5000 
        matrix_mul/A:rsci.q_d                                                                                                                                                    0.0000 0.5000 
        matrix_mul:core/A:rsci.q_d                                                                                                                                               0.0000 0.5000 
        matrix_mul:core/for:for:for:asn#95                                                                                                                                       0.0000 0.5000 
        matrix_mul:core/for:for:for:asn#95.itm                                                                                                                                   0.0000 0.5000 
        matrix_mul:core/for:for:for-1:mul                                                                    mgc_mul_32_1_32_1_46_4                                              3.4596 3.9596 
        matrix_mul:core/for:for:for:mul.sdt#1.sva:mx0w0                                                                                                                          0.0000 3.9596 
        matrix_mul:core/for:for:for:slc(for:for:for:mul.sdt#1.sva:mx0w0)(1)                                                                                                      0.0000 3.9596 
        matrix_mul:core/for:for:for:slc(for:for:for:mul.sdt#1.sva:mx0w0)(1).itm                                                                                                  0.0000 3.9596 
        matrix_mul:core/for:for:for-1:or                                                                     mgc_or_1_14_4                                                       0.1225 4.0822 
        matrix_mul:core/for:for:for-1:or.itm                                                                                                                                     0.0000 4.0822 
        matrix_mul:core/for:for:for:mux1h                                                                    mgc_mux1hot_1_3_4                                                   0.0609 4.1431 
        matrix_mul:core/for:for:for:mux1h.itm                                                                                                                                    0.0000 4.1431 
        matrix_mul:core/reg(for:for:for-10:and)                                                              mgc_reg_pos_1_0_0_1_1_1_1_4                                         0.0000 4.1431 
                                                                                                                                                                                               
      3                                                                                                      matrix_mul/B:rsc.q          matrix_mul:core/reg(for:for:for-10:and) 4.1431 0.8569 
                                                                                                                                                                                               
        Instance                                                                                             Component                                                           Delta  Delay  
        --------                                                                                             ---------                                                           -----  -----  
        matrix_mul/B:rsc.q                                                                                                                                                       0.5000 0.5000 
        matrix_mul:ccs_sample_mem.ccs_ram_sync_singleport_rwport(2,32,10,1024,1024,32,5)gen/q                                                                                    0.0000 0.5000 
        matrix_mul:ccs_sample_mem.ccs_ram_sync_singleport_rwport(2,32,10,1024,1024,32,5)gen/B:wrs(q_d)(31-0)                                                                     0.0000 0.5000 
        matrix_mul:ccs_sample_mem.ccs_ram_sync_singleport_rwport(2,32,10,1024,1024,32,5)gen/q_d                                                                                  0.0000 0.5000 
        matrix_mul/B:rsci.q_d                                                                                                                                                    0.0000 0.5000 
        matrix_mul:core/B:rsci.q_d                                                                                                                                               0.0000 0.5000 
        matrix_mul:core/for:for:for:asn#97                                                                                                                                       0.0000 0.5000 
        matrix_mul:core/for:for:for:asn#97.itm                                                                                                                                   0.0000 0.5000 
        matrix_mul:core/for:for:for-1:mul                                                                    mgc_mul_32_1_32_1_46_4                                              3.4596 3.9596 
        matrix_mul:core/for:for:for:mul.sdt#1.sva:mx0w0                                                                                                                          0.0000 3.9596 
        matrix_mul:core/for:for:for:slc(for:for:for:mul.sdt#1.sva:mx0w0)(1)                                                                                                      0.0000 3.9596 
        matrix_mul:core/for:for:for:slc(for:for:for:mul.sdt#1.sva:mx0w0)(1).itm                                                                                                  0.0000 3.9596 
        matrix_mul:core/for:for:for-1:or                                                                     mgc_or_1_14_4                                                       0.1225 4.0822 
        matrix_mul:core/for:for:for-1:or.itm                                                                                                                                     0.0000 4.0822 
        matrix_mul:core/for:for:for:mux1h                                                                    mgc_mux1hot_1_3_4                                                   0.0609 4.1431 
        matrix_mul:core/for:for:for:mux1h.itm                                                                                                                                    0.0000 4.1431 
        matrix_mul:core/reg(for:for:for-10:and)                                                              mgc_reg_pos_1_0_0_1_1_1_1_4                                         0.0000 4.1431 
                                                                                                                                                                                               
      4                                                                                                      matrix_mul/A:rsc.q          matrix_mul:core/reg(for:for:for-10:and) 4.1431 0.8569 
                                                                                                                                                                                               
        Instance                                                                                             Component                                                           Delta  Delay  
        --------                                                                                             ---------                                                           -----  -----  
        matrix_mul/A:rsc.q                                                                                                                                                       0.5000 0.5000 
        matrix_mul:ccs_sample_mem.ccs_ram_sync_singleport_rwport(1,32,10,1024,1024,32,5)gen/q                                                                                    0.0000 0.5000 
        matrix_mul:ccs_sample_mem.ccs_ram_sync_singleport_rwport(1,32,10,1024,1024,32,5)gen/A:wrs(q_d)(31-0)                                                                     0.0000 0.5000 
        matrix_mul:ccs_sample_mem.ccs_ram_sync_singleport_rwport(1,32,10,1024,1024,32,5)gen/q_d                                                                                  0.0000 0.5000 
        matrix_mul/A:rsci.q_d                                                                                                                                                    0.0000 0.5000 
        matrix_mul:core/A:rsci.q_d                                                                                                                                               0.0000 0.5000 
        matrix_mul:core/for:for:for:asn#95                                                                                                                                       0.0000 0.5000 
        matrix_mul:core/for:for:for:asn#95.itm                                                                                                                                   0.0000 0.5000 
        matrix_mul:core/for:for:for-1:mul                                                                    mgc_mul_32_1_32_1_46_4                                              3.4596 3.9596 
        matrix_mul:core/for:for:for:mul.sdt#1.sva:mx0w0                                                                                                                          0.0000 3.9596 
        matrix_mul:core/for:for:for:slc(for:for:for:mul.sdt#1.sva:mx0w0)(14)                                                                                                     0.0000 3.9596 
        matrix_mul:core/for:for:for:slc(for:for:for:mul.sdt#1.sva:mx0w0)(14).itm                                                                                                 0.0000 3.9596 
        matrix_mul:core/for:for:for-1:or                                                                     mgc_or_1_14_4                                                       0.1225 4.0822 
        matrix_mul:core/for:for:for-1:or.itm                                                                                                                                     0.0000 4.0822 
        matrix_mul:core/for:for:for:mux1h                                                                    mgc_mux1hot_1_3_4                                                   0.0609 4.1431 
        matrix_mul:core/for:for:for:mux1h.itm                                                                                                                                    0.0000 4.1431 
        matrix_mul:core/reg(for:for:for-10:and)                                                              mgc_reg_pos_1_0_0_1_1_1_1_4                                         0.0000 4.1431 
                                                                                                                                                                                               
      5                                                                                                      matrix_mul/A:rsc.q          matrix_mul:core/reg(for:for:for-10:and) 4.1431 0.8569 
                                                                                                                                                                                               
        Instance                                                                                             Component                                                           Delta  Delay  
        --------                                                                                             ---------                                                           -----  -----  
        matrix_mul/A:rsc.q                                                                                                                                                       0.5000 0.5000 
        matrix_mul:ccs_sample_mem.ccs_ram_sync_singleport_rwport(1,32,10,1024,1024,32,5)gen/q                                                                                    0.0000 0.5000 
        matrix_mul:ccs_sample_mem.ccs_ram_sync_singleport_rwport(1,32,10,1024,1024,32,5)gen/A:wrs(q_d)(31-0)                                                                     0.0000 0.5000 
        matrix_mul:ccs_sample_mem.ccs_ram_sync_singleport_rwport(1,32,10,1024,1024,32,5)gen/q_d                                                                                  0.0000 0.5000 
        matrix_mul/A:rsci.q_d                                                                                                                                                    0.0000 0.5000 
        matrix_mul:core/A:rsci.q_d                                                                                                                                               0.0000 0.5000 
        matrix_mul:core/for:for:for:asn#95                                                                                                                                       0.0000 0.5000 
        matrix_mul:core/for:for:for:asn#95.itm                                                                                                                                   0.0000 0.5000 
        matrix_mul:core/for:for:for-1:mul                                                                    mgc_mul_32_1_32_1_46_4                                              3.4596 3.9596 
        matrix_mul:core/for:for:for:mul.sdt#1.sva:mx0w0                                                                                                                          0.0000 3.9596 
        matrix_mul:core/for:for:for:slc(for:for:for:mul.sdt#1.sva:mx0w0)(9)                                                                                                      0.0000 3.9596 
        matrix_mul:core/for:for:for:slc(for:for:for:mul.sdt#1.sva:mx0w0)(9).itm                                                                                                  0.0000 3.9596 
        matrix_mul:core/for:for:for-1:or                                                                     mgc_or_1_14_4                                                       0.1225 4.0822 
        matrix_mul:core/for:for:for-1:or.itm                                                                                                                                     0.0000 4.0822 
        matrix_mul:core/for:for:for:mux1h                                                                    mgc_mux1hot_1_3_4                                                   0.0609 4.1431 
        matrix_mul:core/for:for:for:mux1h.itm                                                                                                                                    0.0000 4.1431 
        matrix_mul:core/reg(for:for:for-10:and)                                                              mgc_reg_pos_1_0_0_1_1_1_1_4                                         0.0000 4.1431 
                                                                                                                                                                                               
      6                                                                                                      matrix_mul/B:rsc.q          matrix_mul:core/reg(for:for:for-10:and) 4.1431 0.8569 
                                                                                                                                                                                               
        Instance                                                                                             Component                                                           Delta  Delay  
        --------                                                                                             ---------                                                           -----  -----  
        matrix_mul/B:rsc.q                                                                                                                                                       0.5000 0.5000 
        matrix_mul:ccs_sample_mem.ccs_ram_sync_singleport_rwport(2,32,10,1024,1024,32,5)gen/q                                                                                    0.0000 0.5000 
        matrix_mul:ccs_sample_mem.ccs_ram_sync_singleport_rwport(2,32,10,1024,1024,32,5)gen/B:wrs(q_d)(31-0)                                                                     0.0000 0.5000 
        matrix_mul:ccs_sample_mem.ccs_ram_sync_singleport_rwport(2,32,10,1024,1024,32,5)gen/q_d                                                                                  0.0000 0.5000 
        matrix_mul/B:rsci.q_d                                                                                                                                                    0.0000 0.5000 
        matrix_mul:core/B:rsci.q_d                                                                                                                                               0.0000 0.5000 
        matrix_mul:core/for:for:for:asn#97                                                                                                                                       0.0000 0.5000 
        matrix_mul:core/for:for:for:asn#97.itm                                                                                                                                   0.0000 0.5000 
        matrix_mul:core/for:for:for-1:mul                                                                    mgc_mul_32_1_32_1_46_4                                              3.4596 3.9596 
        matrix_mul:core/for:for:for:mul.sdt#1.sva:mx0w0                                                                                                                          0.0000 3.9596 
        matrix_mul:core/for:for:for:slc(for:for:for:mul.sdt#1.sva:mx0w0)(9)                                                                                                      0.0000 3.9596 
        matrix_mul:core/for:for:for:slc(for:for:for:mul.sdt#1.sva:mx0w0)(9).itm                                                                                                  0.0000 3.9596 
        matrix_mul:core/for:for:for-1:or                                                                     mgc_or_1_14_4                                                       0.1225 4.0822 
        matrix_mul:core/for:for:for-1:or.itm                                                                                                                                     0.0000 4.0822 
        matrix_mul:core/for:for:for:mux1h                                                                    mgc_mux1hot_1_3_4                                                   0.0609 4.1431 
        matrix_mul:core/for:for:for:mux1h.itm                                                                                                                                    0.0000 4.1431 
        matrix_mul:core/reg(for:for:for-10:and)                                                              mgc_reg_pos_1_0_0_1_1_1_1_4                                         0.0000 4.1431 
                                                                                                                                                                                               
      7                                                                                                      matrix_mul/A:rsc.q          matrix_mul:core/reg(for:for:for-10:and) 4.1431 0.8569 
                                                                                                                                                                                               
        Instance                                                                                             Component                                                           Delta  Delay  
        --------                                                                                             ---------                                                           -----  -----  
        matrix_mul/A:rsc.q                                                                                                                                                       0.5000 0.5000 
        matrix_mul:ccs_sample_mem.ccs_ram_sync_singleport_rwport(1,32,10,1024,1024,32,5)gen/q                                                                                    0.0000 0.5000 
        matrix_mul:ccs_sample_mem.ccs_ram_sync_singleport_rwport(1,32,10,1024,1024,32,5)gen/A:wrs(q_d)(31-0)                                                                     0.0000 0.5000 
        matrix_mul:ccs_sample_mem.ccs_ram_sync_singleport_rwport(1,32,10,1024,1024,32,5)gen/q_d                                                                                  0.0000 0.5000 
        matrix_mul/A:rsci.q_d                                                                                                                                                    0.0000 0.5000 
        matrix_mul:core/A:rsci.q_d                                                                                                                                               0.0000 0.5000 
        matrix_mul:core/for:for:for:asn#95                                                                                                                                       0.0000 0.5000 
        matrix_mul:core/for:for:for:asn#95.itm                                                                                                                                   0.0000 0.5000 
        matrix_mul:core/for:for:for-1:mul                                                                    mgc_mul_32_1_32_1_46_4                                              3.4596 3.9596 
        matrix_mul:core/for:for:for:mul.sdt#1.sva:mx0w0                                                                                                                          0.0000 3.9596 
        matrix_mul:core/for:for:for:slc(for:for:for:mul.sdt#1.sva:mx0w0)(10)                                                                                                     0.0000 3.9596 
        matrix_mul:core/for:for:for:slc(for:for:for:mul.sdt#1.sva:mx0w0)(10).itm                                                                                                 0.0000 3.9596 
        matrix_mul:core/for:for:for-1:or                                                                     mgc_or_1_14_4                                                       0.1225 4.0822 
        matrix_mul:core/for:for:for-1:or.itm                                                                                                                                     0.0000 4.0822 
        matrix_mul:core/for:for:for:mux1h                                                                    mgc_mux1hot_1_3_4                                                   0.0609 4.1431 
        matrix_mul:core/for:for:for:mux1h.itm                                                                                                                                    0.0000 4.1431 
        matrix_mul:core/reg(for:for:for-10:and)                                                              mgc_reg_pos_1_0_0_1_1_1_1_4                                         0.0000 4.1431 
                                                                                                                                                                                               
      8                                                                                                      matrix_mul/A:rsc.q          matrix_mul:core/reg(for:for:for-10:and) 4.1431 0.8569 
                                                                                                                                                                                               
        Instance                                                                                             Component                                                           Delta  Delay  
        --------                                                                                             ---------                                                           -----  -----  
        matrix_mul/A:rsc.q                                                                                                                                                       0.5000 0.5000 
        matrix_mul:ccs_sample_mem.ccs_ram_sync_singleport_rwport(1,32,10,1024,1024,32,5)gen/q                                                                                    0.0000 0.5000 
        matrix_mul:ccs_sample_mem.ccs_ram_sync_singleport_rwport(1,32,10,1024,1024,32,5)gen/A:wrs(q_d)(31-0)                                                                     0.0000 0.5000 
        matrix_mul:ccs_sample_mem.ccs_ram_sync_singleport_rwport(1,32,10,1024,1024,32,5)gen/q_d                                                                                  0.0000 0.5000 
        matrix_mul/A:rsci.q_d                                                                                                                                                    0.0000 0.5000 
        matrix_mul:core/A:rsci.q_d                                                                                                                                               0.0000 0.5000 
        matrix_mul:core/for:for:for:asn#95                                                                                                                                       0.0000 0.5000 
        matrix_mul:core/for:for:for:asn#95.itm                                                                                                                                   0.0000 0.5000 
        matrix_mul:core/for:for:for-1:mul                                                                    mgc_mul_32_1_32_1_46_4                                              3.4596 3.9596 
        matrix_mul:core/for:for:for:mul.sdt#1.sva:mx0w0                                                                                                                          0.0000 3.9596 
        matrix_mul:core/for:for:for:slc(for:for:for:mul.sdt#1.sva:mx0w0)(12)                                                                                                     0.0000 3.9596 
        matrix_mul:core/for:for:for:slc(for:for:for:mul.sdt#1.sva:mx0w0)(12).itm                                                                                                 0.0000 3.9596 
        matrix_mul:core/for:for:for-1:or                                                                     mgc_or_1_14_4                                                       0.1225 4.0822 
        matrix_mul:core/for:for:for-1:or.itm                                                                                                                                     0.0000 4.0822 
        matrix_mul:core/for:for:for:mux1h                                                                    mgc_mux1hot_1_3_4                                                   0.0609 4.1431 
        matrix_mul:core/for:for:for:mux1h.itm                                                                                                                                    0.0000 4.1431 
        matrix_mul:core/reg(for:for:for-10:and)                                                              mgc_reg_pos_1_0_0_1_1_1_1_4                                         0.0000 4.1431 
                                                                                                                                                                                               
      9                                                                                                      matrix_mul/A:rsc.q          matrix_mul:core/reg(for:for:for-10:and) 4.1431 0.8569 
                                                                                                                                                                                               
        Instance                                                                                             Component                                                           Delta  Delay  
        --------                                                                                             ---------                                                           -----  -----  
        matrix_mul/A:rsc.q                                                                                                                                                       0.5000 0.5000 
        matrix_mul:ccs_sample_mem.ccs_ram_sync_singleport_rwport(1,32,10,1024,1024,32,5)gen/q                                                                                    0.0000 0.5000 
        matrix_mul:ccs_sample_mem.ccs_ram_sync_singleport_rwport(1,32,10,1024,1024,32,5)gen/A:wrs(q_d)(31-0)                                                                     0.0000 0.5000 
        matrix_mul:ccs_sample_mem.ccs_ram_sync_singleport_rwport(1,32,10,1024,1024,32,5)gen/q_d                                                                                  0.0000 0.5000 
        matrix_mul/A:rsci.q_d                                                                                                                                                    0.0000 0.5000 
        matrix_mul:core/A:rsci.q_d                                                                                                                                               0.0000 0.5000 
        matrix_mul:core/for:for:for:asn#95                                                                                                                                       0.0000 0.5000 
        matrix_mul:core/for:for:for:asn#95.itm                                                                                                                                   0.0000 0.5000 
        matrix_mul:core/for:for:for-1:mul                                                                    mgc_mul_32_1_32_1_46_4                                              3.4596 3.9596 
        matrix_mul:core/for:for:for:mul.sdt#1.sva:mx0w0                                                                                                                          0.0000 3.9596 
        matrix_mul:core/for:for:for:slc(for:for:for:mul.sdt#1.sva:mx0w0)(4)                                                                                                      0.0000 3.9596 
        matrix_mul:core/for:for:for:slc(for:for:for:mul.sdt#1.sva:mx0w0)(4).itm                                                                                                  0.0000 3.9596 
        matrix_mul:core/for:for:for-1:or                                                                     mgc_or_1_14_4                                                       0.1225 4.0822 
        matrix_mul:core/for:for:for-1:or.itm                                                                                                                                     0.0000 4.0822 
        matrix_mul:core/for:for:for:mux1h                                                                    mgc_mux1hot_1_3_4                                                   0.0609 4.1431 
        matrix_mul:core/for:for:for:mux1h.itm                                                                                                                                    0.0000 4.1431 
        matrix_mul:core/reg(for:for:for-10:and)                                                              mgc_reg_pos_1_0_0_1_1_1_1_4                                         0.0000 4.1431 
                                                                                                                                                                                               
      10                                                                                                     matrix_mul/A:rsc.q          matrix_mul:core/reg(for:for:for-10:and) 4.1431 0.8569 
                                                                                                                                                                                               
        Instance                                                                                             Component                                                           Delta  Delay  
        --------                                                                                             ---------                                                           -----  -----  
        matrix_mul/A:rsc.q                                                                                                                                                       0.5000 0.5000 
        matrix_mul:ccs_sample_mem.ccs_ram_sync_singleport_rwport(1,32,10,1024,1024,32,5)gen/q                                                                                    0.0000 0.5000 
        matrix_mul:ccs_sample_mem.ccs_ram_sync_singleport_rwport(1,32,10,1024,1024,32,5)gen/A:wrs(q_d)(31-0)                                                                     0.0000 0.5000 
        matrix_mul:ccs_sample_mem.ccs_ram_sync_singleport_rwport(1,32,10,1024,1024,32,5)gen/q_d                                                                                  0.0000 0.5000 
        matrix_mul/A:rsci.q_d                                                                                                                                                    0.0000 0.5000 
        matrix_mul:core/A:rsci.q_d                                                                                                                                               0.0000 0.5000 
        matrix_mul:core/for:for:for:asn#95                                                                                                                                       0.0000 0.5000 
        matrix_mul:core/for:for:for:asn#95.itm                                                                                                                                   0.0000 0.5000 
        matrix_mul:core/for:for:for-1:mul                                                                    mgc_mul_32_1_32_1_46_4                                              3.4596 3.9596 
        matrix_mul:core/for:for:for:mul.sdt#1.sva:mx0w0                                                                                                                          0.0000 3.9596 
        matrix_mul:core/for:for:for:slc(for:for:for:mul.sdt#1.sva:mx0w0)(6)                                                                                                      0.0000 3.9596 
        matrix_mul:core/for:for:for:slc(for:for:for:mul.sdt#1.sva:mx0w0)(6).itm                                                                                                  0.0000 3.9596 
        matrix_mul:core/for:for:for-1:or                                                                     mgc_or_1_14_4                                                       0.1225 4.0822 
        matrix_mul:core/for:for:for-1:or.itm                                                                                                                                     0.0000 4.0822 
        matrix_mul:core/for:for:for:mux1h                                                                    mgc_mux1hot_1_3_4                                                   0.0609 4.1431 
        matrix_mul:core/for:for:for:mux1h.itm                                                                                                                                    0.0000 4.1431 
        matrix_mul:core/reg(for:for:for-10:and)                                                              mgc_reg_pos_1_0_0_1_1_1_1_4                                         0.0000 4.1431 
                                                                                                                                                                                               
      
    Register Input and Register-to-Output Slack
      Clock period or pin-to-reg delay constraint (clk): 5.0
      Clock uncertainty constraint (clk)               : 0.0
      
      Instance                                       Port                                   Slack (Delay) Messages 
      ---------------------------------------------- ------------------------------------- ------ ------- --------
      matrix_mul:core/reg(for:i(5:0).sva(4:0)#1)     for:i:for:i:for:i:and.itm             4.5781  0.4219          
      matrix_mul:core/reg(for:for:j(5:0).sva(4:0)#1) for:for:j:for:for:j:for:for:j:and.itm 4.8890  0.1110          
      matrix_mul:core/reg(C:rsc.triosy:obj.ld)       and#29.itm                            4.5781  0.4219          
      matrix_mul:core/reg(for:for:j(5:0))            z.out                                 4.5781  0.4219          
      matrix_mul:core/reg(for:for:for:mul.sdt#1)     for:for:for:mul.sdt#1.sva:mx0w0       0.8569  4.1431          
      matrix_mul:core/reg(for:for:for-10:and)        for:for:for:mux1h.itm                 0.8569  4.1431          
      matrix_mul:core/reg(for:for:for:mul.sdt#2)     for:for:for:mul.sdt#1.sva:mx0w0       0.8569  4.1431          
      matrix_mul:core/reg(for:for:for:acc#7.psp#10)  z.out#1                               1.1696  3.8304          
      matrix_mul                                     A:rsc.adr                             4.7797  0.2203          
      matrix_mul                                     A:rsc.d                               4.9900  0.0100          
      matrix_mul                                     A:rsc.we                              4.9900  0.0100          
      matrix_mul                                     A:rsc.triosy.lz                       4.9130  0.0870          
      matrix_mul                                     B:rsc.adr                             4.7862  0.2138          
      matrix_mul                                     B:rsc.d                               4.9900  0.0100          
      matrix_mul                                     B:rsc.we                              4.9900  0.0100          
      matrix_mul                                     B:rsc.triosy.lz                       4.9130  0.0870          
      matrix_mul                                     C:rsc.adr                             4.9030  0.0970          
      matrix_mul                                     C:rsc.d                               1.1596  3.8404          
      matrix_mul                                     C:rsc.we                              4.9900  0.0100          
      matrix_mul                                     C:rsc.triosy.lz                       4.9130  0.0870          
      
  Operator Bitwidth Summary
    Operation Size (bits) Count 
    --------- ----------- -----
    add                         
    -                   6     1 
    -                  32     2 
    and                         
    -                   5     2 
    -                   1     5 
    mul                         
    -                  46     1 
    mux                         
    -                   5     1 
    -                  32     2 
    -                   1     1 
    mux1h                       
    -                   5     2 
    -                   1     1 
    nor                         
    -                   5     3 
    -                   1     7 
    not                         
    -                   1     1 
    or                          
    -                   5     1 
    -                   1     6 
    read_sync                   
    -                   0     3 
    reg                         
    -                   6     1 
    -                   5     2 
    -                  46     2 
    -                  32     1 
    -                   1     2 
    
  End of Report
