-- Catapult Ultra Synthesis: Report                                              
-- ------------------------- ---------------------------------------------------
-- Version:                  10.4a/835166 Production Release                     
-- Build Date:               Thu Sep  5 21:35:46 PDT 2019                        
                                                                                 
-- Generated by:             gel8580@finagle.wot.ece.northwestern.edu            
-- Generated date:           Tue Dec 02 09:31:34 CST 2025                        

Solution Settings: matrix_mul.v1
  Current state: extract
  Project: Catapult_4
  
  Design Input Files Specified
    $PROJECT_HOME/matmul.cpp
      $PROJECT_HOME/matmul.h
        $MGC_HOME/shared/include/ac_fixed.h
          $MGC_HOME/shared/include/ac_int.h
  
  Processes/Blocks in Design
    Process          Real Operation(s) count Latency Throughput Reset Length II Comments 
    ---------------- ----------------------- ------- ---------- ------------ -- --------
    /matrix_mul/core                      14  100381     100386            0  0          
    Design Total:                         14  100381     100386            0  0          
    
  Bill Of Materials (Datapath)
    Component Name                                         Area Score Delay Post Alloc Post Assign 
    ------------------------------------------------------ ---------- ----- ---------- -----------
    [Lib: ccs_sample_mem]                                                                          
    ccs_ram_sync_singleport_rwport(1,32,10,1024,1024,32,5)      0.000 0.500          1           0 
    ccs_ram_sync_singleport_rwport(2,32,10,1024,1024,32,5)      0.000 0.500          1           0 
    ccs_ram_sync_singleport_rwport(3,32,10,1024,1024,32,5)      0.000 0.500          1           0 
    [Lib: mgc_ioport]                                                                              
    mgc_io_sync(0)                                              0.000 0.000          3           3 
    [Lib: nangate-45nm_beh]                                                                        
    mgc_add(32,0,1,0,32,4)                                     86.752 1.173          1           1 
    mgc_add(32,0,32,0,32,4)                                   136.090 2.346          1           1 
    mgc_add(5,0,1,0,6,4)                                       15.024 0.250          0           1 
    mgc_add(5,0,2,1,6,4)                                       23.663 0.414          1           0 
    mgc_and(1,2,1)                                              1.110 0.024          0           2 
    mgc_and(32,2,1)                                            35.507 0.024          0           1 
    mgc_and(5,2,1)                                              5.548 0.024          0           3 
    mgc_mul(32,1,32,1,46,4)                                  4312.088 3.460          1           1 
    mgc_mux(6,1,2,4)                                           10.527 0.062          0           1 
    mgc_mux1hot(5,3,4)                                         13.217 0.061          0           1 
    mgc_not(1,1)                                                0.529 0.006          0           2 
    mgc_or(1,14,4)                                              5.832 0.123          0           1 
    mgc_or(1,2,1)                                               1.110 0.031          0           3 
    mgc_or(1,3,4)                                               1.385 0.066          0           1 
    mgc_or(1,5,4)                                               2.104 0.087          0           1 
    mgc_or(1,6,4)                                               2.548 0.094          0           1 
    mgc_reg_pos(1,0,0,1,1,0,0,4)                                6.375 0.087          0           1 
    mgc_reg_pos(1,0,0,1,1,1,1,4)                                6.375 0.087          0           1 
    mgc_reg_pos(32,0,0,1,1,1,1,4)                             204.000 0.087          0           1 
    mgc_reg_pos(46,0,0,1,1,0,0,4)                             293.250 0.087          0           1 
    mgc_reg_pos(5,0,0,1,1,1,1,4)                               31.875 0.087          0           3 
                                                                                                   
    TOTAL AREA (After Assignment):                           5249.950                              
    
  Area Scores
                      Post-Scheduling   Post-DP & FSM Post-Assignment 
    ----------------- --------------- --------------- ---------------
    Total Area Score:   5145.1          5422.2          5295.0        
    Total Reg:           586.5  (11%)    648.6  (12%)    648.6  (12%) 
                                                                      
    DataPath:           5145.1 (100%)   5377.2  (99%)   5250.0  (99%) 
      MUX:                 0.0           129.5   (2%)     23.7   (0%) 
      FUNC:             4558.6  (89%)   4605.9  (86%)   4550.0  (87%) 
      LOGIC:               0.0            36.2   (1%)     70.6   (1%) 
      BUFFER:              0.0             0.0             0.0        
      MEM:                 0.0             0.0             0.0        
      ROM:                 0.0             0.0             0.0        
      REG:               586.5  (11%)    605.6  (11%)    605.6  (12%) 
                                                                      
    
    FSM:                   0.0            45.0   (1%)     45.0   (1%) 
      FSM-REG:             0.0            43.0  (96%)     43.0  (96%) 
      FSM-COMB:            0.0             2.0   (4%)      2.0   (4%) 
                                                                      
    
  Register-to-Variable Mappings
    Register                      Size(bits) Gated Register CG Opt Done Variables                                             
    ----------------------------- ---------- -------------- ----------- -----------------------------------------------------
    for:for:for:mul.sdt.sva               46                            for:for:for:mul.sdt.sva                               
    for:for:sum.sva                       32         Y           Y      for:for:sum.sva                                       
                                                                        for:for:sum.sva#1                                     
    for:for:for:k(5:0).sva#1(4:0)          5         Y           Y      for:for:for:k(5:0).sva#1                              
                                                                        for:for:j(5:0).sva#1                                  
                                                                        for:for:for:k(5:0).sva(4:0)                           
    for:for:j(5:0).sva(4:0)#2              5         Y           Y      for:for:j(5:0).sva(4:0)#2                             
    for:i(5:0).sva(4:0)#2                  5         Y           Y      for:i(5:0).sva(4:0)#2                                 
    for:for:for:k(5:0).sva#1(5)            1         Y           Y      for:for:for:k(5:0).sva#1                              
                                                                        for:for:j(5:0).sva#1                                  
                                                                        for:for:for:k(5:0).sva(4:0)                           
    reg(C:rsc.triosy:obj.ld).cse           1                            reg(C:rsc.triosy:obj.ld).cse                          
                                                                                                                              
    Total:                                95             48          48 (Total Gating Ratio: 0.51, CG Opt Gating Ratio: 0.51) 
    
  Timing Report
    Critical Path
      Max Delay:  3.959643
      Slack:      1.0403570000000002
      
      Path                                                                                                   Startpoint                               Endpoint                                                    Delay  Slack  
      ------------------------------------------------------------------------------------------------------ ---------------------------------------- ----------------------------------------------------------- ------ ------
      1                                                                                                      matrix_mul/A:rsc.q                       matrix_mul:core/reg(for:for:for:mul.sdt)                    3.9596 1.0404 
                                                                                                                                                                                                                                
        Instance                                                                                             Component                                                                                            Delta  Delay  
        --------                                                                                             ---------                                                                                            -----  -----  
        matrix_mul/A:rsc.q                                                                                                                                                                                        0.5000 0.5000 
        matrix_mul:ccs_sample_mem.ccs_ram_sync_singleport_rwport(1,32,10,1024,1024,32,5)gen/q                                                                                                                     0.0000 0.5000 
        matrix_mul:ccs_sample_mem.ccs_ram_sync_singleport_rwport(1,32,10,1024,1024,32,5)gen/A:wrs(q_d)(31-0)                                                                                                      0.0000 0.5000 
        matrix_mul:ccs_sample_mem.ccs_ram_sync_singleport_rwport(1,32,10,1024,1024,32,5)gen/q_d                                                                                                                   0.0000 0.5000 
        matrix_mul/A:rsci.q_d                                                                                                                                                                                     0.0000 0.5000 
        matrix_mul:core/A:rsci.q_d                                                                                                                                                                                0.0000 0.5000 
        matrix_mul:core/for:for:for:asn#1                                                                                                                                                                         0.0000 0.5000 
        matrix_mul:core/for:for:for:asn#1.itm                                                                                                                                                                     0.0000 0.5000 
        matrix_mul:core/for:for:for:mul                                                                      mgc_mul_32_1_32_1_46_4                                                                               3.4596 3.9596 
        matrix_mul:core/for:for:for:mul.itm                                                                                                                                                                       0.0000 3.9596 
        matrix_mul:core/reg(for:for:for:mul.sdt)                                                             mgc_reg_pos_46_0_0_1_1_0_0_4                                                                         0.0000 3.9596 
                                                                                                                                                                                                                                
      2                                                                                                      matrix_mul/B:rsc.q                       matrix_mul:core/reg(for:for:for:mul.sdt)                    3.9596 1.0404 
                                                                                                                                                                                                                                
        Instance                                                                                             Component                                                                                            Delta  Delay  
        --------                                                                                             ---------                                                                                            -----  -----  
        matrix_mul/B:rsc.q                                                                                                                                                                                        0.5000 0.5000 
        matrix_mul:ccs_sample_mem.ccs_ram_sync_singleport_rwport(2,32,10,1024,1024,32,5)gen/q                                                                                                                     0.0000 0.5000 
        matrix_mul:ccs_sample_mem.ccs_ram_sync_singleport_rwport(2,32,10,1024,1024,32,5)gen/B:wrs(q_d)(31-0)                                                                                                      0.0000 0.5000 
        matrix_mul:ccs_sample_mem.ccs_ram_sync_singleport_rwport(2,32,10,1024,1024,32,5)gen/q_d                                                                                                                   0.0000 0.5000 
        matrix_mul/B:rsci.q_d                                                                                                                                                                                     0.0000 0.5000 
        matrix_mul:core/B:rsci.q_d                                                                                                                                                                                0.0000 0.5000 
        matrix_mul:core/for:for:for:asn#2                                                                                                                                                                         0.0000 0.5000 
        matrix_mul:core/for:for:for:asn#2.itm                                                                                                                                                                     0.0000 0.5000 
        matrix_mul:core/for:for:for:mul                                                                      mgc_mul_32_1_32_1_46_4                                                                               3.4596 3.9596 
        matrix_mul:core/for:for:for:mul.itm                                                                                                                                                                       0.0000 3.9596 
        matrix_mul:core/reg(for:for:for:mul.sdt)                                                             mgc_reg_pos_46_0_0_1_1_0_0_4                                                                         0.0000 3.9596 
                                                                                                                                                                                                                                
      3                                                                                                      matrix_mul:core/reg(for:for:sum)         matrix_mul:core/for:for:sum:for:for:sum:for:for:sum:and.itm 3.7761 1.2239 
                                                                                                                                                                                                                                
        Instance                                                                                             Component                                                                                            Delta  Delay  
        --------                                                                                             ---------                                                                                            -----  -----  
        matrix_mul:core/reg(for:for:sum)                                                                     mgc_reg_pos_32_0_0_1_1_1_1_4                                                                         0.0870 0.0870 
        matrix_mul:core/for:for:sum.sva                                                                                                                                                                           0.0000 0.0870 
        matrix_mul:core/for:for:for:acc#7                                                                    mgc_addc_32_0_32_0_32_4                                                                              2.3460 2.4330 
        matrix_mul:core/for:for:for:acc#7.psp.sva#1                                                                                                                                                               0.0000 2.4330 
        matrix_mul:core/for:for:for:slc(for:for:for:acc#7.psp.sva#1)(0)                                                                                                                                           0.0000 2.4330 
        matrix_mul:core/for:for:for:slc(for:for:for:acc#7.psp.sva#1)(0).itm                                                                                                                                       0.0000 2.4330 
        matrix_mul:core/for:for:for:or                                                                       mgc_or_1_14_4                                                                                        0.1225 2.5555 
        matrix_mul:core/for:for:for:or.itm                                                                                                                                                                        0.0000 2.5555 
        matrix_mul:core/for:for:for:and                                                                      mgc_and_1_2_1                                                                                        0.0240 2.5795 
        matrix_mul:core/for:for:for:and.itm                                                                                                                                                                       0.0000 2.5795 
        matrix_mul:core/for:for:for:acc#3                                                                    mgc_addc_32_0_1_0_32_4                                                                               1.1726 3.7521 
        matrix_mul:core/for:for:for:acc#3.itm                                                                                                                                                                     0.0000 3.7521 
        matrix_mul:core/for:for:sum:for:for:sum:for:for:sum:and                                              mgc_and_32_2_1                                                                                       0.0240 3.7761 
        matrix_mul:core/for:for:sum:for:for:sum:for:for:sum:and.itm                                                                                                                                               0.0000 3.7761 
                                                                                                                                                                                                                                
      4                                                                                                      matrix_mul:core/reg(for:for:for:mul.sdt) matrix_mul:core/for:for:sum:for:for:sum:for:for:sum:and.itm 3.7761 1.2239 
                                                                                                                                                                                                                                
        Instance                                                                                             Component                                                                                            Delta  Delay  
        --------                                                                                             ---------                                                                                            -----  -----  
        matrix_mul:core/reg(for:for:for:mul.sdt)                                                             mgc_reg_pos_46_0_0_1_1_0_0_4                                                                         0.0870 0.0870 
        matrix_mul:core/for:for:for:mul.sdt.sva                                                                                                                                                                   0.0000 0.0870 
        matrix_mul:core/for:for:for:slc(for:for:for:mul.sdt.sva)(45-14)                                                                                                                                           0.0000 0.0870 
        matrix_mul:core/for:for:for:slc(for:for:for:mul.sdt.sva)(45-14).itm                                                                                                                                       0.0000 0.0870 
        matrix_mul:core/for:for:for:acc#7                                                                    mgc_addc_32_0_32_0_32_4                                                                              2.3460 2.4330 
        matrix_mul:core/for:for:for:acc#7.psp.sva#1                                                                                                                                                               0.0000 2.4330 
        matrix_mul:core/for:for:for:slc(for:for:for:acc#7.psp.sva#1)(0)                                                                                                                                           0.0000 2.4330 
        matrix_mul:core/for:for:for:slc(for:for:for:acc#7.psp.sva#1)(0).itm                                                                                                                                       0.0000 2.4330 
        matrix_mul:core/for:for:for:or                                                                       mgc_or_1_14_4                                                                                        0.1225 2.5555 
        matrix_mul:core/for:for:for:or.itm                                                                                                                                                                        0.0000 2.5555 
        matrix_mul:core/for:for:for:and                                                                      mgc_and_1_2_1                                                                                        0.0240 2.5795 
        matrix_mul:core/for:for:for:and.itm                                                                                                                                                                       0.0000 2.5795 
        matrix_mul:core/for:for:for:acc#3                                                                    mgc_addc_32_0_1_0_32_4                                                                               1.1726 3.7521 
        matrix_mul:core/for:for:for:acc#3.itm                                                                                                                                                                     0.0000 3.7521 
        matrix_mul:core/for:for:sum:for:for:sum:for:for:sum:and                                              mgc_and_32_2_1                                                                                       0.0240 3.7761 
        matrix_mul:core/for:for:sum:for:for:sum:for:for:sum:and.itm                                                                                                                                               0.0000 3.7761 
                                                                                                                                                                                                                                
      5                                                                                                      matrix_mul:core/reg(for:for:sum)         matrix_mul:core/for:for:sum:for:for:sum:for:for:sum:and.itm 3.6296 1.3704 
                                                                                                                                                                                                                                
        Instance                                                                                             Component                                                                                            Delta  Delay  
        --------                                                                                             ---------                                                                                            -----  -----  
        matrix_mul:core/reg(for:for:sum)                                                                     mgc_reg_pos_32_0_0_1_1_1_1_4                                                                         0.0870 0.0870 
        matrix_mul:core/for:for:sum.sva                                                                                                                                                                           0.0000 0.0870 
        matrix_mul:core/for:for:for:acc#7                                                                    mgc_addc_32_0_32_0_32_4                                                                              2.3460 2.4330 
        matrix_mul:core/for:for:for:acc#7.psp.sva#1                                                                                                                                                               0.0000 2.4330 
        matrix_mul:core/for:for:for:acc#3                                                                    mgc_addc_32_0_1_0_32_4                                                                               1.1726 3.6056 
        matrix_mul:core/for:for:for:acc#3.itm                                                                                                                                                                     0.0000 3.6056 
        matrix_mul:core/for:for:sum:for:for:sum:for:for:sum:and                                              mgc_and_32_2_1                                                                                       0.0240 3.6296 
        matrix_mul:core/for:for:sum:for:for:sum:for:for:sum:and.itm                                                                                                                                               0.0000 3.6296 
                                                                                                                                                                                                                                
      6                                                                                                      matrix_mul:core/reg(for:for:for:mul.sdt) matrix_mul:core/for:for:sum:for:for:sum:for:for:sum:and.itm 3.6296 1.3704 
                                                                                                                                                                                                                                
        Instance                                                                                             Component                                                                                            Delta  Delay  
        --------                                                                                             ---------                                                                                            -----  -----  
        matrix_mul:core/reg(for:for:for:mul.sdt)                                                             mgc_reg_pos_46_0_0_1_1_0_0_4                                                                         0.0870 0.0870 
        matrix_mul:core/for:for:for:mul.sdt.sva                                                                                                                                                                   0.0000 0.0870 
        matrix_mul:core/for:for:for:slc(for:for:for:mul.sdt.sva)(45-14)                                                                                                                                           0.0000 0.0870 
        matrix_mul:core/for:for:for:slc(for:for:for:mul.sdt.sva)(45-14).itm                                                                                                                                       0.0000 0.0870 
        matrix_mul:core/for:for:for:acc#7                                                                    mgc_addc_32_0_32_0_32_4                                                                              2.3460 2.4330 
        matrix_mul:core/for:for:for:acc#7.psp.sva#1                                                                                                                                                               0.0000 2.4330 
        matrix_mul:core/for:for:for:acc#3                                                                    mgc_addc_32_0_1_0_32_4                                                                               1.1726 3.6056 
        matrix_mul:core/for:for:for:acc#3.itm                                                                                                                                                                     0.0000 3.6056 
        matrix_mul:core/for:for:sum:for:for:sum:for:for:sum:and                                              mgc_and_32_2_1                                                                                       0.0240 3.6296 
        matrix_mul:core/for:for:sum:for:for:sum:for:for:sum:and.itm                                                                                                                                               0.0000 3.6296 
                                                                                                                                                                                                                                
      7                                                                                                      matrix_mul:core/reg(for:for:for:mul.sdt) matrix_mul:core/for:for:sum:for:for:sum:for:for:sum:and.itm 1.4302 3.5698 
                                                                                                                                                                                                                                
        Instance                                                                                             Component                                                                                            Delta  Delay  
        --------                                                                                             ---------                                                                                            -----  -----  
        matrix_mul:core/reg(for:for:for:mul.sdt)                                                             mgc_reg_pos_46_0_0_1_1_0_0_4                                                                         0.0870 0.0870 
        matrix_mul:core/for:for:for:mul.sdt.sva                                                                                                                                                                   0.0000 0.0870 
        matrix_mul:core/for:for:for:slc(for:for:for:mul.sdt.sva)(0)                                                                                                                                               0.0000 0.0870 
        matrix_mul:core/for:for:for:slc(for:for:for:mul.sdt.sva)(0).itm                                                                                                                                           0.0000 0.0870 
        matrix_mul:core/for:for:for:or                                                                       mgc_or_1_14_4                                                                                        0.1225 0.2095 
        matrix_mul:core/for:for:for:or.itm                                                                                                                                                                        0.0000 0.2095 
        matrix_mul:core/for:for:for:and                                                                      mgc_and_1_2_1                                                                                        0.0240 0.2335 
        matrix_mul:core/for:for:for:and.itm                                                                                                                                                                       0.0000 0.2335 
        matrix_mul:core/for:for:for:acc#3                                                                    mgc_addc_32_0_1_0_32_4                                                                               1.1726 1.4062 
        matrix_mul:core/for:for:for:acc#3.itm                                                                                                                                                                     0.0000 1.4062 
        matrix_mul:core/for:for:sum:for:for:sum:for:for:sum:and                                              mgc_and_32_2_1                                                                                       0.0240 1.4302 
        matrix_mul:core/for:for:sum:for:for:sum:for:for:sum:and.itm                                                                                                                                               0.0000 1.4302 
                                                                                                                                                                                                                                
      8                                                                                                      matrix_mul:core/reg(for:for:for:mul.sdt) matrix_mul:core/for:for:sum:for:for:sum:for:for:sum:and.itm 1.4302 3.5698 
                                                                                                                                                                                                                                
        Instance                                                                                             Component                                                                                            Delta  Delay  
        --------                                                                                             ---------                                                                                            -----  -----  
        matrix_mul:core/reg(for:for:for:mul.sdt)                                                             mgc_reg_pos_46_0_0_1_1_0_0_4                                                                         0.0870 0.0870 
        matrix_mul:core/for:for:for:mul.sdt.sva                                                                                                                                                                   0.0000 0.0870 
        matrix_mul:core/for:for:for:slc(for:for:for:mul.sdt.sva)(8)                                                                                                                                               0.0000 0.0870 
        matrix_mul:core/for:for:for:slc(for:for:for:mul.sdt.sva)(8).itm                                                                                                                                           0.0000 0.0870 
        matrix_mul:core/for:for:for:or                                                                       mgc_or_1_14_4                                                                                        0.1225 0.2095 
        matrix_mul:core/for:for:for:or.itm                                                                                                                                                                        0.0000 0.2095 
        matrix_mul:core/for:for:for:and                                                                      mgc_and_1_2_1                                                                                        0.0240 0.2335 
        matrix_mul:core/for:for:for:and.itm                                                                                                                                                                       0.0000 0.2335 
        matrix_mul:core/for:for:for:acc#3                                                                    mgc_addc_32_0_1_0_32_4                                                                               1.1726 1.4062 
        matrix_mul:core/for:for:for:acc#3.itm                                                                                                                                                                     0.0000 1.4062 
        matrix_mul:core/for:for:sum:for:for:sum:for:for:sum:and                                              mgc_and_32_2_1                                                                                       0.0240 1.4302 
        matrix_mul:core/for:for:sum:for:for:sum:for:for:sum:and.itm                                                                                                                                               0.0000 1.4302 
                                                                                                                                                                                                                                
      9                                                                                                      matrix_mul:core/reg(for:for:for:mul.sdt) matrix_mul:core/for:for:sum:for:for:sum:for:for:sum:and.itm 1.4302 3.5698 
                                                                                                                                                                                                                                
        Instance                                                                                             Component                                                                                            Delta  Delay  
        --------                                                                                             ---------                                                                                            -----  -----  
        matrix_mul:core/reg(for:for:for:mul.sdt)                                                             mgc_reg_pos_46_0_0_1_1_0_0_4                                                                         0.0870 0.0870 
        matrix_mul:core/for:for:for:mul.sdt.sva                                                                                                                                                                   0.0000 0.0870 
        matrix_mul:core/for:for:for:slc(for:for:for:mul.sdt.sva)(12)                                                                                                                                              0.0000 0.0870 
        matrix_mul:core/for:for:for:slc(for:for:for:mul.sdt.sva)(12).itm                                                                                                                                          0.0000 0.0870 
        matrix_mul:core/for:for:for:or                                                                       mgc_or_1_14_4                                                                                        0.1225 0.2095 
        matrix_mul:core/for:for:for:or.itm                                                                                                                                                                        0.0000 0.2095 
        matrix_mul:core/for:for:for:and                                                                      mgc_and_1_2_1                                                                                        0.0240 0.2335 
        matrix_mul:core/for:for:for:and.itm                                                                                                                                                                       0.0000 0.2335 
        matrix_mul:core/for:for:for:acc#3                                                                    mgc_addc_32_0_1_0_32_4                                                                               1.1726 1.4062 
        matrix_mul:core/for:for:for:acc#3.itm                                                                                                                                                                     0.0000 1.4062 
        matrix_mul:core/for:for:sum:for:for:sum:for:for:sum:and                                              mgc_and_32_2_1                                                                                       0.0240 1.4302 
        matrix_mul:core/for:for:sum:for:for:sum:for:for:sum:and.itm                                                                                                                                               0.0000 1.4302 
                                                                                                                                                                                                                                
      10                                                                                                     matrix_mul:core/reg(for:for:for:mul.sdt) matrix_mul:core/for:for:sum:for:for:sum:for:for:sum:and.itm 1.4302 3.5698 
                                                                                                                                                                                                                                
        Instance                                                                                             Component                                                                                            Delta  Delay  
        --------                                                                                             ---------                                                                                            -----  -----  
        matrix_mul:core/reg(for:for:for:mul.sdt)                                                             mgc_reg_pos_46_0_0_1_1_0_0_4                                                                         0.0870 0.0870 
        matrix_mul:core/for:for:for:mul.sdt.sva                                                                                                                                                                   0.0000 0.0870 
        matrix_mul:core/for:for:for:slc(for:for:for:mul.sdt.sva)(9)                                                                                                                                               0.0000 0.0870 
        matrix_mul:core/for:for:for:slc(for:for:for:mul.sdt.sva)(9).itm                                                                                                                                           0.0000 0.0870 
        matrix_mul:core/for:for:for:or                                                                       mgc_or_1_14_4                                                                                        0.1225 0.2095 
        matrix_mul:core/for:for:for:or.itm                                                                                                                                                                        0.0000 0.2095 
        matrix_mul:core/for:for:for:and                                                                      mgc_and_1_2_1                                                                                        0.0240 0.2335 
        matrix_mul:core/for:for:for:and.itm                                                                                                                                                                       0.0000 0.2335 
        matrix_mul:core/for:for:for:acc#3                                                                    mgc_addc_32_0_1_0_32_4                                                                               1.1726 1.4062 
        matrix_mul:core/for:for:for:acc#3.itm                                                                                                                                                                     0.0000 1.4062 
        matrix_mul:core/for:for:sum:for:for:sum:for:for:sum:and                                              mgc_and_32_2_1                                                                                       0.0240 1.4302 
        matrix_mul:core/for:for:sum:for:for:sum:for:for:sum:and.itm                                                                                                                                               0.0000 1.4302 
                                                                                                                                                                                                                                
      
    Register Input and Register-to-Output Slack
      Clock period or pin-to-reg delay constraint (clk): 5.0
      Clock uncertainty constraint (clk)               : 0.0
      
      Instance                                       Port                                               Slack (Delay) Messages 
      ---------------------------------------------- ------------------------------------------------- ------ ------- --------
      matrix_mul:core/reg(for:i(5:0).sva(4:0)#2)     for:i:for:i:for:i:and.itm                         4.5778  0.4222          
      matrix_mul:core/reg(for:for:j(5:0).sva(4:0)#2) for:for:j:for:for:j:for:for:j:and.itm             4.8890  0.1110          
      matrix_mul:core/reg(for:for:sum)               for:for:sum:for:for:sum:for:for:sum:and.itm       1.2239  3.7761          
      matrix_mul:core/reg(C:rsc.triosy:obj.ld)       and#31.itm                                        4.5778  0.4222          
      matrix_mul:core/reg(for:for:for:k(5:0))        slc(for:for:for:k:for:for:for:k:mux.rgt)(5).itm   4.5397  0.4603          
      matrix_mul:core/reg(for:for:for:k(5:0))#1      slc(for:for:for:k:for:for:for:k:mux.rgt)(4-0).itm 4.5397  0.4603          
      matrix_mul:core/reg(for:for:for:mul.sdt)       for:for:for:mul.itm                               1.0404  3.9596          
      matrix_mul                                     A:rsc.adr                                         4.9030  0.0970          
      matrix_mul                                     A:rsc.d                                           4.9900  0.0100          
      matrix_mul                                     A:rsc.we                                          4.9900  0.0100          
      matrix_mul                                     A:rsc.triosy.lz                                   4.9130  0.0870          
      matrix_mul                                     B:rsc.adr                                         4.9030  0.0970          
      matrix_mul                                     B:rsc.d                                           4.9900  0.0100          
      matrix_mul                                     B:rsc.we                                          4.9900  0.0100          
      matrix_mul                                     B:rsc.triosy.lz                                   4.9130  0.0870          
      matrix_mul                                     C:rsc.adr                                         4.9030  0.0970          
      matrix_mul                                     C:rsc.d                                           4.9030  0.0970          
      matrix_mul                                     C:rsc.we                                          4.9900  0.0100          
      matrix_mul                                     C:rsc.triosy.lz                                   4.9130  0.0870          
      
  Operator Bitwidth Summary
    Operation Size (bits) Count 
    --------- ----------- -----
    add                         
    -                   6     1 
    -                  32     2 
    and                         
    -                   5     3 
    -                  32     1 
    -                   1     2 
    mul                         
    -                  46     1 
    mux                         
    -                   6     1 
    mux1h                       
    -                   5     1 
    not                         
    -                   1     2 
    or                          
    -                   1     7 
    read_sync                   
    -                   0     3 
    reg                         
    -                   5     3 
    -                  46     1 
    -                  32     1 
    -                   1     2 
    
  End of Report
