-- Catapult Ultra Synthesis: Report                                              
-- ------------------------- ---------------------------------------------------
-- Version:                  10.4a/835166 Production Release                     
-- Build Date:               Thu Sep  5 21:35:46 PDT 2019                        
                                                                                 
-- Generated by:             gel8580@finagle.wot.ece.northwestern.edu            
-- Generated date:           Mon Dec 01 01:44:23 CST 2025                        

Solution Settings: conv_fixed.v2
  Current state: schedule
  Project: Catapult_1
  
  Design Input Files Specified
    $PROJECT_HOME/conv_fixed.h
      $MGC_HOME/shared/include/ac_fixed.h
        $MGC_HOME/shared/include/ac_int.h
    $PROJECT_HOME/conv_fixed.cpp
      $PROJECT_HOME/conv_fixed.h
        $MGC_HOME/shared/include/ac_fixed.h
          $MGC_HOME/shared/include/ac_int.h
  
  Processes/Blocks in Design
    Process          Real Operation(s) count Latency Throughput Reset Length II Comments 
    ---------------- ----------------------- ------- ---------- ------------ -- --------
    /conv_fixed/core                      56       9          9            0  0          
    Design Total:                         56       9          9            0  1          
    
  Clock Information
    Clock Signal Edge   Period Sharing Alloc (%) Uncertainty Used by Processes/Blocks 
    ------------ ------ ------ ----------------- ----------- ------------------------
    clk          rising  2.500             20.00    0.000000 /conv_fixed/core         
    
  I/O Data Ranges
    Port                 Mode DeclType DeclWidth DeclRange ActType ActWidth ActRange 
    -------------------- ---- -------- --------- --------- ------- -------- --------
    clk                  IN   Unsigned         1                                     
    rst                  IN   Unsigned         1                                     
    input:rsc.dat        IN   Unsigned       144                                     
    filter:rsc.dat       IN   Unsigned       144                                     
    input:rsc.triosy.lz  OUT  Unsigned         1                                     
    output:rsc.dat       OUT  Unsigned        16                                     
    output:rsc.triosy.lz OUT  Unsigned         1                                     
    filter:rsc.triosy.lz OUT  Unsigned         1                                     
    
  Memory Resources
    Resource Name: /conv_fixed/input:rsc
      Memory Component: ccs_in                       Size:         1 x 144
      External:         true                         Packing Mode: sidebyside
      Memory Map:
      Variable          Indices Phys Memory Address     
      ----------------- ------- -----------------------
      /conv_fixed/input   0:143 00000000-00000000 (0-0) 
      
    Resource Name: /conv_fixed/output:rsc
      Memory Component: ccs_out                      Size:         1 x 16
      External:         true                         Packing Mode: sidebyside
      Memory Map:
      Variable           Indices Phys Memory Address     
      ------------------ ------- -----------------------
      /conv_fixed/output    0:15 00000000-00000000 (0-0) 
      
    Resource Name: /conv_fixed/filter:rsc
      Memory Component: ccs_in                       Size:         1 x 144
      External:         true                         Packing Mode: sidebyside
      Memory Map:
      Variable           Indices Phys Memory Address     
      ------------------ ------- -----------------------
      /conv_fixed/filter   0:143 00000000-00000000 (0-0) 
      
  C++ to Interface Mappings
    C++ Field             Interface Range       Range Expression                   Expression Limits 
    --------------------- --------------------- ---------------------------------- -----------------
    /conv_fixed/input[M]  input_rsc_dat[143:0]  input_rsc_dat[(M)*16+16-1:(M)*16]  M<9               
    /conv_fixed/filter[M] filter_rsc_dat[143:0] filter_rsc_dat[(M)*16+16-1:(M)*16] M<9               
    
  Multi-Cycle (Combinational) Component Usage
    Instance Component Name Delay 
    -------- -------------- -----
    
  Loops
    Process          Loop             Iterations C-Steps Total Cycles  Duration  Unroll Init Comments 
    ---------------- ---------------- ---------- ------- ------------- --------- ------ ---- --------
    /conv_fixed/core core:rlp           Infinite       0           10  25.00 ns                       
    /conv_fixed/core  main              Infinite       2           10  25.00 ns            1          
    
  Loop Execution Profile
    Process          Loop             Total Cycles % of Overall Design Cycles Throughput Cycles Comments 
    ---------------- ---------------- ------------ -------------------------- ----------------- --------
    /conv_fixed/core core:rlp                   0                        0.00                9           
    /conv_fixed/core  main                     10                      100.00                9           
    
  End of Report
