-- Catapult Ultra Synthesis: Report                                              
-- ------------------------- ---------------------------------------------------
-- Version:                  10.4a/835166 Production Release                     
-- Build Date:               Thu Sep  5 21:35:46 PDT 2019                        
                                                                                 
-- Generated by:             gel8580@finagle.wot.ece.northwestern.edu            
-- Generated date:           Mon Dec 01 01:44:23 CST 2025                        

Solution Settings: conv_fixed.v2
  Current state: extract
  Project: Catapult_1
  
  Design Input Files Specified
    $PROJECT_HOME/conv_fixed.h
      $MGC_HOME/shared/include/ac_fixed.h
        $MGC_HOME/shared/include/ac_int.h
    $PROJECT_HOME/conv_fixed.cpp
      $PROJECT_HOME/conv_fixed.h
        $MGC_HOME/shared/include/ac_fixed.h
          $MGC_HOME/shared/include/ac_int.h
  
  Processes/Blocks in Design
    Process          Real Operation(s) count Latency Throughput Reset Length II Comments 
    ---------------- ----------------------- ------- ---------- ------------ -- --------
    /conv_fixed/core                      56       9          9            0  0          
    Design Total:                         56       9          9            0  1          
    
  Bill Of Materials (Datapath)
    Component Name                 Area Score Delay Post Alloc Post Assign 
    ------------------------------ ---------- ----- ---------- -----------
    [Lib: ccs_ioport]                                                      
    ccs_in(1,144)                       0.000 0.000          1           1 
    ccs_in(3,144)                       0.000 0.000          1           1 
    ccs_out(2,16)                       0.000 0.000          1           1 
    [Lib: mgc_ioport]                                                      
    mgc_io_sync(0)                      0.000 0.000          3           3 
    [Lib: nangate-45nm_beh]                                                
    mgc_add(16,0,16,0,16,1)           150.853 0.266          8           0 
    mgc_add(16,0,16,0,16,2)           126.929 0.334          0           5 
    mgc_add(16,0,16,0,16,3)           105.915 0.605          0           3 
    mgc_add(4,0,1,0,4,4)               12.367 0.218          0           1 
    mgc_add(4,0,2,1,4,4)               19.386 0.344          1           0 
    mgc_and(1,3,1)                      1.385 0.041          0           1 
    mgc_and(1,4,1)                      1.660 0.051          0           3 
    mgc_and(1,5,1)                      2.104 0.058          0           3 
    mgc_and(1,6,1)                      2.548 0.063          0           1 
    mgc_and(4,2,4)                      4.438 0.017          1           1 
    mgc_mul(16,1,16,1,24,1)          1692.963 0.650          1           0 
    mgc_mul(16,1,16,1,24,2)          1489.321 0.738          0           1 
    mgc_mux(1,1,2,4)                    1.754 0.054          0           4 
    mgc_mux(16,1,2,1)                  31.893 0.039          8           0 
    mgc_mux(16,1,2,4)                  28.071 0.063          0           8 
    mgc_mux(16,4,16,4)                249.400 0.228          2           2 
    mgc_nand(1,2,1)                     0.771 0.012          0           2 
    mgc_nor(1,2,1)                      0.771 0.025          0           7 
    mgc_nor(1,3,1)                      1.046 0.045          0           1 
    mgc_nor(1,4,1)                      1.320 0.056          0           4 
    mgc_nor(1,5,4)                      1.934 0.078          0           2 
    mgc_not(1,1)                        0.529 0.006          0          26 
    mgc_or(1,2,1)                       1.110 0.031          0          14 
    mgc_or(1,3,4)                       1.385 0.066          0           3 
    mgc_or(1,4,4)                       1.660 0.078          0           3 
    mgc_reg_pos(1,0,0,1,1,0,0,4)        6.375 0.087          0           2 
    mgc_reg_pos(16,0,0,1,1,1,1,4)     102.000 0.087          0           9 
    mgc_reg_pos(4,0,0,1,1,1,1,4)       25.500 0.087          0           1 
                                                                           
    TOTAL AREA (After Assignment):   4215.940                              
    
  Area Scores
                      Post-Scheduling   Post-DP & FSM Post-Assignment 
    ----------------- --------------- --------------- ---------------
    Total Area Score:   4627.4          4769.4          4215.9        
    Total Reg:           949.9  (21%)    956.2  (20%)    956.2  (23%) 
                                                                      
    DataPath:           4627.4 (100%)   4769.4 (100%)   4215.9 (100%) 
      MUX:               753.9  (16%)    844.7  (18%)    730.4  (17%) 
      FUNC:             2919.2  (63%)   2919.2  (61%)   2454.1  (58%) 
      LOGIC:               4.4   (0%)     49.3   (1%)     75.2   (2%) 
      BUFFER:              0.0             0.0             0.0        
      MEM:                 0.0             0.0             0.0        
      ROM:                 0.0             0.0             0.0        
      REG:               949.9  (21%)    956.2  (20%)    956.2  (23%) 
                                                                      
    
    FSM:                   0.0             0.0             0.0        
      FSM-REG:             0.0             0.0             0.0        
      FSM-COMB:            0.0             0.0             0.0        
                                                                      
    
  Register-to-Variable Mappings
    Register                         Size(bits) Gated Register CG Opt Done Variables                                             
    -------------------------------- ---------- -------------- ----------- -----------------------------------------------------
    output:rsci.idat                         16         Y           Y      output:rsci.idat                                      
    temp(0).sva#1                            16         Y           Y      temp(0).sva#1                                         
    temp(1).sva#1                            16         Y           Y      temp(1).sva#1                                         
    temp(2).sva#1                            16         Y           Y      temp(2).sva#1                                         
    temp(3).sva#1                            16         Y           Y      temp(3).sva#1                                         
    temp(4).sva#1                            16         Y           Y      temp(4).sva#1                                         
    temp(5).sva#1                            16         Y           Y      temp(5).sva#1                                         
    temp(6).sva#1                            16         Y           Y      temp(6).sva#1                                         
    temp(7).sva#1                            16         Y           Y      temp(7).sva#1                                         
    sum:i(3:0).sva#1                          4         Y           Y      sum:i(3:0).sva#1                                      
    exitL:exit:sum.sva                        1                            exitL:exit:sum.sva                                    
    reg(input:rsc.triosy:obj.ld).cse          1                            reg(input:rsc.triosy:obj.ld).cse                      
                                                                                                                                 
    Total:                                  150            148         148 (Total Gating Ratio: 0.99, CG Opt Gating Ratio: 0.99) 
    
  Timing Report
    Critical Path
      Max Delay:  2.474323
      Slack:      0.02567699999999995
      
      Path                                         Startpoint                          Endpoint                              Delay  Slack  
      -------------------------------------------- ----------------------------------- ------------------------------------- ------ ------
      1                                            conv_fixed:core/reg(exitL:exit:sum) conv_fixed:core/reg(output:rsci.idat) 2.4743 0.0257 
                                                                                                                                           
        Instance                                   Component                                                                 Delta  Delay  
        --------                                   ---------                                                                 -----  -----  
        conv_fixed:core/reg(exitL:exit:sum)        mgc_reg_pos_1_0_0_1_1_0_0_4                                               0.0870 0.0870 
        conv_fixed:core/exitL:exit:sum.sva                                                                                   0.0000 0.0870 
        conv_fixed:core/sum:not                    mgc_not_1_1                                                               0.0060 0.0930 
        conv_fixed:core/sum:not.itm                                                                                          0.0000 0.0930 
        conv_fixed:core/sum:exs                                                                                              0.0000 0.0930 
        conv_fixed:core/sum:exs.itm                                                                                          0.0000 0.0930 
        conv_fixed:core/sum:sum:and#1              mgc_and_4_2_4                                                             0.0174 0.1104 
        conv_fixed:core/sum:i(3:0).lpi#1.dfm#1                                                                               0.0000 0.1104 
        conv_fixed:core/sum:mux#19                 mgc_mux_16_4_16_4                                                         0.2276 0.3380 
        conv_fixed:core/sum:mux#19.itm                                                                                       0.0000 0.3380 
        conv_fixed:core/sum:mul                    mgc_mul_16_1_16_1_24_2                                                    0.7381 1.0761 
        conv_fixed:core/sum:mul.itm                                                                                          0.0000 1.0761 
        conv_fixed:core/sum:slc(sum:mul)(23-8)                                                                               0.0000 1.0761 
        conv_fixed:core/sum:slc()(23-8).ctmp.sva#1                                                                           0.0000 1.0761 
        conv_fixed:core/sum:mux                    mgc_mux_16_1_2_4                                                          0.0630 1.1391 
        conv_fixed:core/temp(7).sva#1:mx0                                                                                    0.0000 1.1391 
        conv_fixed:core/acc#8                      mgc_addc_16_0_16_0_16_2                                                   0.3338 1.4729 
        conv_fixed:core/acc#8.itm                                                                                            0.0000 1.4729 
        conv_fixed:core/acc#12                     mgc_addc_16_0_16_0_16_2                                                   0.3338 1.8067 
        conv_fixed:core/acc#12.itm                                                                                           0.0000 1.8067 
        conv_fixed:core/acc#14                     mgc_addc_16_0_16_0_16_2                                                   0.3338 2.1405 
        conv_fixed:core/acc#14.itm                                                                                           0.0000 2.1405 
        conv_fixed:core/acc                        mgc_addc_16_0_16_0_16_2                                                   0.3338 2.4743 
        conv_fixed:core/acc.itm                                                                                              0.0000 2.4743 
        conv_fixed:core/reg(output:rsci.idat)      mgc_reg_pos_16_0_0_1_1_1_1_4                                              0.0000 2.4743 
                                                                                                                                           
      2                                            conv_fixed:core/reg(exitL:exit:sum) conv_fixed:core/reg(output:rsci.idat) 2.4743 0.0257 
                                                                                                                                           
        Instance                                   Component                                                                 Delta  Delay  
        --------                                   ---------                                                                 -----  -----  
        conv_fixed:core/reg(exitL:exit:sum)        mgc_reg_pos_1_0_0_1_1_0_0_4                                               0.0870 0.0870 
        conv_fixed:core/exitL:exit:sum.sva                                                                                   0.0000 0.0870 
        conv_fixed:core/sum:not                    mgc_not_1_1                                                               0.0060 0.0930 
        conv_fixed:core/sum:not.itm                                                                                          0.0000 0.0930 
        conv_fixed:core/sum:exs                                                                                              0.0000 0.0930 
        conv_fixed:core/sum:exs.itm                                                                                          0.0000 0.0930 
        conv_fixed:core/sum:sum:and#1              mgc_and_4_2_4                                                             0.0174 0.1104 
        conv_fixed:core/sum:i(3:0).lpi#1.dfm#1                                                                               0.0000 0.1104 
        conv_fixed:core/sum:mux#20                 mgc_mux_16_4_16_4                                                         0.2276 0.3380 
        conv_fixed:core/sum:mux#20.itm                                                                                       0.0000 0.3380 
        conv_fixed:core/sum:mul                    mgc_mul_16_1_16_1_24_2                                                    0.7381 1.0761 
        conv_fixed:core/sum:mul.itm                                                                                          0.0000 1.0761 
        conv_fixed:core/sum:slc(sum:mul)(23-8)                                                                               0.0000 1.0761 
        conv_fixed:core/sum:slc()(23-8).ctmp.sva#1                                                                           0.0000 1.0761 
        conv_fixed:core/sum:mux                    mgc_mux_16_1_2_4                                                          0.0630 1.1391 
        conv_fixed:core/temp(7).sva#1:mx0                                                                                    0.0000 1.1391 
        conv_fixed:core/acc#8                      mgc_addc_16_0_16_0_16_2                                                   0.3338 1.4729 
        conv_fixed:core/acc#8.itm                                                                                            0.0000 1.4729 
        conv_fixed:core/acc#12                     mgc_addc_16_0_16_0_16_2                                                   0.3338 1.8067 
        conv_fixed:core/acc#12.itm                                                                                           0.0000 1.8067 
        conv_fixed:core/acc#14                     mgc_addc_16_0_16_0_16_2                                                   0.3338 2.1405 
        conv_fixed:core/acc#14.itm                                                                                           0.0000 2.1405 
        conv_fixed:core/acc                        mgc_addc_16_0_16_0_16_2                                                   0.3338 2.4743 
        conv_fixed:core/acc.itm                                                                                              0.0000 2.4743 
        conv_fixed:core/reg(output:rsci.idat)      mgc_reg_pos_16_0_0_1_1_1_1_4                                              0.0000 2.4743 
                                                                                                                                           
      3                                            conv_fixed:core/reg(sum:i(3:0))     conv_fixed:core/reg(output:rsci.idat) 2.4683 0.0317 
                                                                                                                                           
        Instance                                   Component                                                                 Delta  Delay  
        --------                                   ---------                                                                 -----  -----  
        conv_fixed:core/reg(sum:i(3:0))            mgc_reg_pos_4_0_0_1_1_1_1_4                                               0.0870 0.0870 
        conv_fixed:core/sum:i(3:0).sva#1                                                                                     0.0000 0.0870 
        conv_fixed:core/sum:sum:and#1              mgc_and_4_2_4                                                             0.0174 0.1044 
        conv_fixed:core/sum:i(3:0).lpi#1.dfm#1                                                                               0.0000 0.1044 
        conv_fixed:core/sum:mux#20                 mgc_mux_16_4_16_4                                                         0.2276 0.3320 
        conv_fixed:core/sum:mux#20.itm                                                                                       0.0000 0.3320 
        conv_fixed:core/sum:mul                    mgc_mul_16_1_16_1_24_2                                                    0.7381 1.0701 
        conv_fixed:core/sum:mul.itm                                                                                          0.0000 1.0701 
        conv_fixed:core/sum:slc(sum:mul)(23-8)                                                                               0.0000 1.0701 
        conv_fixed:core/sum:slc()(23-8).ctmp.sva#1                                                                           0.0000 1.0701 
        conv_fixed:core/sum:mux                    mgc_mux_16_1_2_4                                                          0.0630 1.1331 
        conv_fixed:core/temp(7).sva#1:mx0                                                                                    0.0000 1.1331 
        conv_fixed:core/acc#8                      mgc_addc_16_0_16_0_16_2                                                   0.3338 1.4669 
        conv_fixed:core/acc#8.itm                                                                                            0.0000 1.4669 
        conv_fixed:core/acc#12                     mgc_addc_16_0_16_0_16_2                                                   0.3338 1.8007 
        conv_fixed:core/acc#12.itm                                                                                           0.0000 1.8007 
        conv_fixed:core/acc#14                     mgc_addc_16_0_16_0_16_2                                                   0.3338 2.1345 
        conv_fixed:core/acc#14.itm                                                                                           0.0000 2.1345 
        conv_fixed:core/acc                        mgc_addc_16_0_16_0_16_2                                                   0.3338 2.4683 
        conv_fixed:core/acc.itm                                                                                              0.0000 2.4683 
        conv_fixed:core/reg(output:rsci.idat)      mgc_reg_pos_16_0_0_1_1_1_1_4                                              0.0000 2.4683 
                                                                                                                                           
      4                                            conv_fixed:core/reg(exitL:exit:sum) conv_fixed:core/reg(output:rsci.idat) 2.4118 0.0882 
                                                                                                                                           
        Instance                                   Component                                                                 Delta  Delay  
        --------                                   ---------                                                                 -----  -----  
        conv_fixed:core/reg(exitL:exit:sum)        mgc_reg_pos_1_0_0_1_1_0_0_4                                               0.0870 0.0870 
        conv_fixed:core/exitL:exit:sum.sva                                                                                   0.0000 0.0870 
        conv_fixed:core/sum:not                    mgc_not_1_1                                                               0.0060 0.0930 
        conv_fixed:core/sum:not.itm                                                                                          0.0000 0.0930 
        conv_fixed:core/sum:exs                                                                                              0.0000 0.0930 
        conv_fixed:core/sum:exs.itm                                                                                          0.0000 0.0930 
        conv_fixed:core/sum:sum:and#1              mgc_and_4_2_4                                                             0.0174 0.1104 
        conv_fixed:core/sum:i(3:0).lpi#1.dfm#1                                                                               0.0000 0.1104 
        conv_fixed:core/sum:mux#19                 mgc_mux_16_4_16_4                                                         0.2276 0.3380 
        conv_fixed:core/sum:mux#19.itm                                                                                       0.0000 0.3380 
        conv_fixed:core/sum:mul                    mgc_mul_16_1_16_1_24_2                                                    0.7381 1.0761 
        conv_fixed:core/sum:mul.itm                                                                                          0.0000 1.0761 
        conv_fixed:core/sum:slc(sum:mul)(23-8)                                                                               0.0000 1.0761 
        conv_fixed:core/sum:slc()(23-8).ctmp.sva#1                                                                           0.0000 1.0761 
        conv_fixed:core/sum:mux#24                 mgc_mux_16_1_2_4                                                          0.0630 1.1391 
        conv_fixed:core/temp(3).sva#1:mx0                                                                                    0.0000 1.1391 
        conv_fixed:core/acc#10                     mgc_addc_16_0_16_0_16_3                                                   0.6050 1.7442 
        conv_fixed:core/acc#10.itm                                                                                           0.0000 1.7442 
        conv_fixed:core/acc#13                     mgc_addc_16_0_16_0_16_2                                                   0.3338 2.0780 
        conv_fixed:core/acc#13.itm                                                                                           0.0000 2.0780 
        conv_fixed:core/acc                        mgc_addc_16_0_16_0_16_2                                                   0.3338 2.4118 
        conv_fixed:core/acc.itm                                                                                              0.0000 2.4118 
        conv_fixed:core/reg(output:rsci.idat)      mgc_reg_pos_16_0_0_1_1_1_1_4                                              0.0000 2.4118 
                                                                                                                                           
      5                                            conv_fixed:core/reg(exitL:exit:sum) conv_fixed:core/reg(output:rsci.idat) 2.4118 0.0882 
                                                                                                                                           
        Instance                                   Component                                                                 Delta  Delay  
        --------                                   ---------                                                                 -----  -----  
        conv_fixed:core/reg(exitL:exit:sum)        mgc_reg_pos_1_0_0_1_1_0_0_4                                               0.0870 0.0870 
        conv_fixed:core/exitL:exit:sum.sva                                                                                   0.0000 0.0870 
        conv_fixed:core/sum:not                    mgc_not_1_1                                                               0.0060 0.0930 
        conv_fixed:core/sum:not.itm                                                                                          0.0000 0.0930 
        conv_fixed:core/sum:exs                                                                                              0.0000 0.0930 
        conv_fixed:core/sum:exs.itm                                                                                          0.0000 0.0930 
        conv_fixed:core/sum:sum:and#1              mgc_and_4_2_4                                                             0.0174 0.1104 
        conv_fixed:core/sum:i(3:0).lpi#1.dfm#1                                                                               0.0000 0.1104 
        conv_fixed:core/sum:mux#20                 mgc_mux_16_4_16_4                                                         0.2276 0.3380 
        conv_fixed:core/sum:mux#20.itm                                                                                       0.0000 0.3380 
        conv_fixed:core/sum:mul                    mgc_mul_16_1_16_1_24_2                                                    0.7381 1.0761 
        conv_fixed:core/sum:mul.itm                                                                                          0.0000 1.0761 
        conv_fixed:core/sum:slc(sum:mul)(23-8)                                                                               0.0000 1.0761 
        conv_fixed:core/sum:slc()(23-8).ctmp.sva#1                                                                           0.0000 1.0761 
        conv_fixed:core/sum:mux#24                 mgc_mux_16_1_2_4                                                          0.0630 1.1391 
        conv_fixed:core/temp(3).sva#1:mx0                                                                                    0.0000 1.1391 
        conv_fixed:core/acc#10                     mgc_addc_16_0_16_0_16_3                                                   0.6050 1.7442 
        conv_fixed:core/acc#10.itm                                                                                           0.0000 1.7442 
        conv_fixed:core/acc#13                     mgc_addc_16_0_16_0_16_2                                                   0.3338 2.0780 
        conv_fixed:core/acc#13.itm                                                                                           0.0000 2.0780 
        conv_fixed:core/acc                        mgc_addc_16_0_16_0_16_2                                                   0.3338 2.4118 
        conv_fixed:core/acc.itm                                                                                              0.0000 2.4118 
        conv_fixed:core/reg(output:rsci.idat)      mgc_reg_pos_16_0_0_1_1_1_1_4                                              0.0000 2.4118 
                                                                                                                                           
      6                                            conv_fixed:core/reg(exitL:exit:sum) conv_fixed:core/reg(output:rsci.idat) 2.4118 0.0882 
                                                                                                                                           
        Instance                                   Component                                                                 Delta  Delay  
        --------                                   ---------                                                                 -----  -----  
        conv_fixed:core/reg(exitL:exit:sum)        mgc_reg_pos_1_0_0_1_1_0_0_4                                               0.0870 0.0870 
        conv_fixed:core/exitL:exit:sum.sva                                                                                   0.0000 0.0870 
        conv_fixed:core/sum:not                    mgc_not_1_1                                                               0.0060 0.0930 
        conv_fixed:core/sum:not.itm                                                                                          0.0000 0.0930 
        conv_fixed:core/sum:exs                                                                                              0.0000 0.0930 
        conv_fixed:core/sum:exs.itm                                                                                          0.0000 0.0930 
        conv_fixed:core/sum:sum:and#1              mgc_and_4_2_4                                                             0.0174 0.1104 
        conv_fixed:core/sum:i(3:0).lpi#1.dfm#1                                                                               0.0000 0.1104 
        conv_fixed:core/sum:mux#19                 mgc_mux_16_4_16_4                                                         0.2276 0.3380 
        conv_fixed:core/sum:mux#19.itm                                                                                       0.0000 0.3380 
        conv_fixed:core/sum:mul                    mgc_mul_16_1_16_1_24_2                                                    0.7381 1.0761 
        conv_fixed:core/sum:mul.itm                                                                                          0.0000 1.0761 
        conv_fixed:core/sum:slc(sum:mul)(23-8)                                                                               0.0000 1.0761 
        conv_fixed:core/sum:slc()(23-8).ctmp.sva#1                                                                           0.0000 1.0761 
        conv_fixed:core/sum:mux#22                 mgc_mux_16_1_2_4                                                          0.0630 1.1391 
        conv_fixed:core/temp(1).sva#1:mx0                                                                                    0.0000 1.1391 
        conv_fixed:core/acc#11                     mgc_addc_16_0_16_0_16_3                                                   0.6050 1.7442 
        conv_fixed:core/acc#11.itm                                                                                           0.0000 1.7442 
        conv_fixed:core/acc#14                     mgc_addc_16_0_16_0_16_2                                                   0.3338 2.0780 
        conv_fixed:core/acc#14.itm                                                                                           0.0000 2.0780 
        conv_fixed:core/acc                        mgc_addc_16_0_16_0_16_2                                                   0.3338 2.4118 
        conv_fixed:core/acc.itm                                                                                              0.0000 2.4118 
        conv_fixed:core/reg(output:rsci.idat)      mgc_reg_pos_16_0_0_1_1_1_1_4                                              0.0000 2.4118 
                                                                                                                                           
      7                                            conv_fixed:core/reg(exitL:exit:sum) conv_fixed:core/reg(output:rsci.idat) 2.4118 0.0882 
                                                                                                                                           
        Instance                                   Component                                                                 Delta  Delay  
        --------                                   ---------                                                                 -----  -----  
        conv_fixed:core/reg(exitL:exit:sum)        mgc_reg_pos_1_0_0_1_1_0_0_4                                               0.0870 0.0870 
        conv_fixed:core/exitL:exit:sum.sva                                                                                   0.0000 0.0870 
        conv_fixed:core/sum:not                    mgc_not_1_1                                                               0.0060 0.0930 
        conv_fixed:core/sum:not.itm                                                                                          0.0000 0.0930 
        conv_fixed:core/sum:exs                                                                                              0.0000 0.0930 
        conv_fixed:core/sum:exs.itm                                                                                          0.0000 0.0930 
        conv_fixed:core/sum:sum:and#1              mgc_and_4_2_4                                                             0.0174 0.1104 
        conv_fixed:core/sum:i(3:0).lpi#1.dfm#1                                                                               0.0000 0.1104 
        conv_fixed:core/sum:mux#19                 mgc_mux_16_4_16_4                                                         0.2276 0.3380 
        conv_fixed:core/sum:mux#19.itm                                                                                       0.0000 0.3380 
        conv_fixed:core/sum:mul                    mgc_mul_16_1_16_1_24_2                                                    0.7381 1.0761 
        conv_fixed:core/sum:mul.itm                                                                                          0.0000 1.0761 
        conv_fixed:core/sum:slc(sum:mul)(23-8)                                                                               0.0000 1.0761 
        conv_fixed:core/sum:slc()(23-8).ctmp.sva#1                                                                           0.0000 1.0761 
        conv_fixed:core/sum:mux#25                 mgc_mux_16_1_2_4                                                          0.0630 1.1391 
        conv_fixed:core/temp(4).sva#1:mx0                                                                                    0.0000 1.1391 
        conv_fixed:core/acc#10                     mgc_addc_16_0_16_0_16_3                                                   0.6050 1.7442 
        conv_fixed:core/acc#10.itm                                                                                           0.0000 1.7442 
        conv_fixed:core/acc#13                     mgc_addc_16_0_16_0_16_2                                                   0.3338 2.0780 
        conv_fixed:core/acc#13.itm                                                                                           0.0000 2.0780 
        conv_fixed:core/acc                        mgc_addc_16_0_16_0_16_2                                                   0.3338 2.4118 
        conv_fixed:core/acc.itm                                                                                              0.0000 2.4118 
        conv_fixed:core/reg(output:rsci.idat)      mgc_reg_pos_16_0_0_1_1_1_1_4                                              0.0000 2.4118 
                                                                                                                                           
      8                                            conv_fixed:core/reg(exitL:exit:sum) conv_fixed:core/reg(output:rsci.idat) 2.4118 0.0882 
                                                                                                                                           
        Instance                                   Component                                                                 Delta  Delay  
        --------                                   ---------                                                                 -----  -----  
        conv_fixed:core/reg(exitL:exit:sum)        mgc_reg_pos_1_0_0_1_1_0_0_4                                               0.0870 0.0870 
        conv_fixed:core/exitL:exit:sum.sva                                                                                   0.0000 0.0870 
        conv_fixed:core/sum:not                    mgc_not_1_1                                                               0.0060 0.0930 
        conv_fixed:core/sum:not.itm                                                                                          0.0000 0.0930 
        conv_fixed:core/sum:exs                                                                                              0.0000 0.0930 
        conv_fixed:core/sum:exs.itm                                                                                          0.0000 0.0930 
        conv_fixed:core/sum:sum:and#1              mgc_and_4_2_4                                                             0.0174 0.1104 
        conv_fixed:core/sum:i(3:0).lpi#1.dfm#1                                                                               0.0000 0.1104 
        conv_fixed:core/sum:mux#20                 mgc_mux_16_4_16_4                                                         0.2276 0.3380 
        conv_fixed:core/sum:mux#20.itm                                                                                       0.0000 0.3380 
        conv_fixed:core/sum:mul                    mgc_mul_16_1_16_1_24_2                                                    0.7381 1.0761 
        conv_fixed:core/sum:mul.itm                                                                                          0.0000 1.0761 
        conv_fixed:core/sum:slc(sum:mul)(23-8)                                                                               0.0000 1.0761 
        conv_fixed:core/sum:slc()(23-8).ctmp.sva#1                                                                           0.0000 1.0761 
        conv_fixed:core/sum:mux#25                 mgc_mux_16_1_2_4                                                          0.0630 1.1391 
        conv_fixed:core/temp(4).sva#1:mx0                                                                                    0.0000 1.1391 
        conv_fixed:core/acc#10                     mgc_addc_16_0_16_0_16_3                                                   0.6050 1.7442 
        conv_fixed:core/acc#10.itm                                                                                           0.0000 1.7442 
        conv_fixed:core/acc#13                     mgc_addc_16_0_16_0_16_2                                                   0.3338 2.0780 
        conv_fixed:core/acc#13.itm                                                                                           0.0000 2.0780 
        conv_fixed:core/acc                        mgc_addc_16_0_16_0_16_2                                                   0.3338 2.4118 
        conv_fixed:core/acc.itm                                                                                              0.0000 2.4118 
        conv_fixed:core/reg(output:rsci.idat)      mgc_reg_pos_16_0_0_1_1_1_1_4                                              0.0000 2.4118 
                                                                                                                                           
      9                                            conv_fixed:core/reg(exitL:exit:sum) conv_fixed:core/reg(output:rsci.idat) 2.4118 0.0882 
                                                                                                                                           
        Instance                                   Component                                                                 Delta  Delay  
        --------                                   ---------                                                                 -----  -----  
        conv_fixed:core/reg(exitL:exit:sum)        mgc_reg_pos_1_0_0_1_1_0_0_4                                               0.0870 0.0870 
        conv_fixed:core/exitL:exit:sum.sva                                                                                   0.0000 0.0870 
        conv_fixed:core/sum:not                    mgc_not_1_1                                                               0.0060 0.0930 
        conv_fixed:core/sum:not.itm                                                                                          0.0000 0.0930 
        conv_fixed:core/sum:exs                                                                                              0.0000 0.0930 
        conv_fixed:core/sum:exs.itm                                                                                          0.0000 0.0930 
        conv_fixed:core/sum:sum:and#1              mgc_and_4_2_4                                                             0.0174 0.1104 
        conv_fixed:core/sum:i(3:0).lpi#1.dfm#1                                                                               0.0000 0.1104 
        conv_fixed:core/sum:mux#19                 mgc_mux_16_4_16_4                                                         0.2276 0.3380 
        conv_fixed:core/sum:mux#19.itm                                                                                       0.0000 0.3380 
        conv_fixed:core/sum:mul                    mgc_mul_16_1_16_1_24_2                                                    0.7381 1.0761 
        conv_fixed:core/sum:mul.itm                                                                                          0.0000 1.0761 
        conv_fixed:core/sum:slc(sum:mul)(23-8)                                                                               0.0000 1.0761 
        conv_fixed:core/sum:slc()(23-8).ctmp.sva#1                                                                           0.0000 1.0761 
        conv_fixed:core/sum:mux#23                 mgc_mux_16_1_2_4                                                          0.0630 1.1391 
        conv_fixed:core/temp(2).sva#1:mx0                                                                                    0.0000 1.1391 
        conv_fixed:core/acc#11                     mgc_addc_16_0_16_0_16_3                                                   0.6050 1.7442 
        conv_fixed:core/acc#11.itm                                                                                           0.0000 1.7442 
        conv_fixed:core/acc#14                     mgc_addc_16_0_16_0_16_2                                                   0.3338 2.0780 
        conv_fixed:core/acc#14.itm                                                                                           0.0000 2.0780 
        conv_fixed:core/acc                        mgc_addc_16_0_16_0_16_2                                                   0.3338 2.4118 
        conv_fixed:core/acc.itm                                                                                              0.0000 2.4118 
        conv_fixed:core/reg(output:rsci.idat)      mgc_reg_pos_16_0_0_1_1_1_1_4                                              0.0000 2.4118 
                                                                                                                                           
      10                                           conv_fixed:core/reg(exitL:exit:sum) conv_fixed:core/reg(output:rsci.idat) 2.4118 0.0882 
                                                                                                                                           
        Instance                                   Component                                                                 Delta  Delay  
        --------                                   ---------                                                                 -----  -----  
        conv_fixed:core/reg(exitL:exit:sum)        mgc_reg_pos_1_0_0_1_1_0_0_4                                               0.0870 0.0870 
        conv_fixed:core/exitL:exit:sum.sva                                                                                   0.0000 0.0870 
        conv_fixed:core/sum:not                    mgc_not_1_1                                                               0.0060 0.0930 
        conv_fixed:core/sum:not.itm                                                                                          0.0000 0.0930 
        conv_fixed:core/sum:exs                                                                                              0.0000 0.0930 
        conv_fixed:core/sum:exs.itm                                                                                          0.0000 0.0930 
        conv_fixed:core/sum:sum:and#1              mgc_and_4_2_4                                                             0.0174 0.1104 
        conv_fixed:core/sum:i(3:0).lpi#1.dfm#1                                                                               0.0000 0.1104 
        conv_fixed:core/sum:mux#19                 mgc_mux_16_4_16_4                                                         0.2276 0.3380 
        conv_fixed:core/sum:mux#19.itm                                                                                       0.0000 0.3380 
        conv_fixed:core/sum:mul                    mgc_mul_16_1_16_1_24_2                                                    0.7381 1.0761 
        conv_fixed:core/sum:mul.itm                                                                                          0.0000 1.0761 
        conv_fixed:core/sum:slc(sum:mul)(23-8)                                                                               0.0000 1.0761 
        conv_fixed:core/sum:slc()(23-8).ctmp.sva#1                                                                           0.0000 1.0761 
        conv_fixed:core/sum:mux#26                 mgc_mux_16_1_2_4                                                          0.0630 1.1391 
        conv_fixed:core/temp(5).sva#1:mx0                                                                                    0.0000 1.1391 
        conv_fixed:core/acc#9                      mgc_addc_16_0_16_0_16_3                                                   0.6050 1.7442 
        conv_fixed:core/acc#9.itm                                                                                            0.0000 1.7442 
        conv_fixed:core/acc#13                     mgc_addc_16_0_16_0_16_2                                                   0.3338 2.0780 
        conv_fixed:core/acc#13.itm                                                                                           0.0000 2.0780 
        conv_fixed:core/acc                        mgc_addc_16_0_16_0_16_2                                                   0.3338 2.4118 
        conv_fixed:core/acc.itm                                                                                              0.0000 2.4118 
        conv_fixed:core/reg(output:rsci.idat)      mgc_reg_pos_16_0_0_1_1_1_1_4                                              0.0000 2.4118 
                                                                                                                                           
      
    Register Input and Register-to-Output Slack
      Clock period or pin-to-reg delay constraint (clk): 2.5
      Clock uncertainty constraint (clk)               : 0.0
      
      Instance                                     Port                  Slack (Delay) Messages 
      -------------------------------------------- -------------------- ------ ------- --------
      conv_fixed:core/reg(input:rsc.triosy:obj.ld) input:not.itm        2.0815  0.4185          
      conv_fixed:core/reg(output:rsci.idat)        acc.itm              0.0257  2.4743          
      conv_fixed:core/reg(temp(7))                 temp(7).sva#1:mx0    0.0257  2.4743          
      conv_fixed:core/reg(temp(0))                 temp(0).sva#1:mx0    0.3595  2.1405          
      conv_fixed:core/reg(temp(1))                 temp(1).sva#1:mx0    0.0882  2.4118          
      conv_fixed:core/reg(temp(2))                 temp(2).sva#1:mx0    0.0882  2.4118          
      conv_fixed:core/reg(temp(3))                 temp(3).sva#1:mx0    0.0882  2.4118          
      conv_fixed:core/reg(temp(4))                 temp(4).sva#1:mx0    0.0882  2.4118          
      conv_fixed:core/reg(temp(5))                 temp(5).sva#1:mx0    0.0882  2.4118          
      conv_fixed:core/reg(temp(6))                 temp(6).sva#1:mx0    0.0882  2.4118          
      conv_fixed:core/reg(sum:i(3:0))              sum:acc.tmp          1.9254  0.5746          
      conv_fixed:core/reg(exitL:exit:sum)          sum:sum:and.itm      2.1058  0.3942          
      conv_fixed                                   input:rsc.triosy.lz  2.4130  0.0870          
      conv_fixed                                   output:rsc.dat       2.4130  0.0870          
      conv_fixed                                   output:rsc.triosy.lz 2.4130  0.0870          
      conv_fixed                                   filter:rsc.triosy.lz 2.4130  0.0870          
      
  Operator Bitwidth Summary
    Operation  Size (bits) Count 
    ---------- ----------- -----
    add                          
    -                    4     1 
    -                   16     8 
    and                          
    -                    4     1 
    -                    1     8 
    mul                          
    -                   24     1 
    mux                          
    -                   16    10 
    -                    1     4 
    nand                         
    -                    1     2 
    nor                          
    -                    1    14 
    not                          
    -                    1    26 
    or                           
    -                    1    20 
    read_port                    
    -                  144     2 
    read_sync                    
    -                    0     3 
    reg                          
    -                    4     1 
    -                   16     9 
    -                    1     2 
    write_port                   
    -                    0     1 
    
  End of Report
