-- Catapult Ultra Synthesis: Report                                              
-- ------------------------- ---------------------------------------------------
-- Version:                  10.4a/835166 Production Release                     
-- Build Date:               Thu Sep  5 21:35:46 PDT 2019                        
                                                                                 
-- Generated by:             gel8580@finagle.wot.ece.northwestern.edu            
-- Generated date:           Mon Dec 01 01:39:50 CST 2025                        

Solution Settings: conv.v3
  Current state: extract
  Project: Catapult
  
  Design Input Files Specified
    $PROJECT_HOME/conv.h
    $PROJECT_HOME/conv.cpp
      $PROJECT_HOME/conv.h
  
  Processes/Blocks in Design
    Process       Real Operation(s) count Latency Throughput Reset Length II Comments 
    ------------- ----------------------- ------- ---------- ------------ -- --------
    /conv/core                         23       2          1            0  0          
    Design Total:                      23       2          1            0  1          
    
  Bill Of Materials (Datapath)
    Component Name                 Area Score Delay Post Alloc Post Assign 
    ------------------------------ ---------- ----- ---------- -----------
    [Lib: ccs_ioport]                                                      
    ccs_in(1,144)                       0.000 0.000          1           1 
    ccs_in(3,144)                       0.000 0.000          1           1 
    ccs_out(2,16)                       0.000 0.000          1           1 
    [Lib: mgc_ioport]                                                      
    mgc_io_sync(0)                      0.000 0.000          3           3 
    [Lib: nangate-45nm_beh]                                                
    mgc_add(16,0,16,0,16,2)           126.929 0.334          6           2 
    mgc_add(16,0,16,0,16,3)           105.915 0.605          2           3 
    mgc_add(16,0,16,0,16,4)            68.120 1.183          0           3 
    mgc_mul(16,0,16,0,16,4)           600.362 1.317          9           9 
    mgc_reg_pos(1,0,0,1,1,0,0,4)        6.375 0.087          0           2 
    mgc_reg_pos(16,0,0,1,1,0,0,4)     102.000 0.087          0           3 
    mgc_reg_pos(16,0,0,1,1,1,1,4)     102.000 0.087          0           1 
                                                                           
    TOTAL AREA (After Assignment):   6599.974                              
    
  Area Scores
                      Post-Scheduling   Post-DP & FSM Post-Assignment 
    ----------------- --------------- --------------- ---------------
    Total Area Score:   6784.7          6797.4          6600.0        
    Total Reg:           408.0   (6%)    420.8   (6%)    420.8   (6%) 
                                                                      
    DataPath:           6784.7 (100%)   6797.4 (100%)   6600.0 (100%) 
      MUX:                 0.0             0.0             0.0        
      FUNC:             6376.7  (94%)   6376.7  (94%)   6179.2  (94%) 
      LOGIC:               0.0             0.0             0.0        
      BUFFER:              0.0             0.0             0.0        
      MEM:                 0.0             0.0             0.0        
      ROM:                 0.0             0.0             0.0        
      REG:               408.0   (6%)    420.8   (6%)    420.8   (6%) 
                                                                      
    
    FSM:                   0.0             0.0             0.0        
      FSM-REG:             0.0             0.0             0.0        
      FSM-COMB:            0.0             0.0             0.0        
                                                                      
    
  Register-to-Variable Mappings
    Register                          Size(bits) Gated Register CG Opt Done Variables                                             
    --------------------------------- ---------- -------------- ----------- -----------------------------------------------------
    acc#12.itm.1                              16                            acc#12.itm.1                                          
    acc#13.itm.1                              16                            acc#13.itm.1                                          
    acc#14.itm.1                              16                            acc#14.itm.1                                          
    output:rsci.idat                          16         Y           Y      output:rsci.idat                                      
    output:rsc.triosy:obj.ld                   1                            output:rsc.triosy:obj.ld                              
    reg(filter:rsc.triosy:obj.ld).cse          1                            reg(filter:rsc.triosy:obj.ld).cse                     
                                                                                                                                  
    Total:                                    66             16          16 (Total Gating Ratio: 0.24, CG Opt Gating Ratio: 0.24) 
    
  Timing Report
    Critical Path
      Max Delay:  2.49916
      Slack:      0.0008400000000001739
      
      Path                                                  Startpoint                   Endpoint                        Delay  Slack  
      ----------------------------------------------------- ---------------------------- ------------------------------- ------ ------
      1                                                     conv:core/filter:rsc.dat     conv:core/reg(acc#12.itm.1)     2.4992 0.0008 
                                                                                                                                       
        Instance                                            Component                                                    Delta  Delay  
        --------                                            ---------                                                    -----  -----  
        conv:core/filter:rsc.dat                                                                                         0.0000 0.0000 
        conv:core/filter:rsci                               ccs_in_v1_3_144                                              0.0000 0.0000 
        conv:core/filter:rsci.idat                                                                                       0.0000 0.0000 
        conv:core/filter:slc(filter:rsci.idat)(31-16)                                                                    0.0000 0.0000 
        conv:core/filter:slc(filter:rsci.idat)(31-16).itm                                                                0.0000 0.0000 
        conv:core/sum-2:sum:mul#1                           mgc_mul_16_0_16_0_16_4                                       1.3166 1.3166 
        conv:core/sum-2:sum:mul#1.itm                                                                                    0.0000 1.3166 
        conv:core/acc#12                                    mgc_addc_16_0_16_0_16_4                                      1.1826 2.4992 
        conv:core/acc#12.itm                                                                                             0.0000 2.4992 
        conv:core/reg(acc#12.itm.1)                         mgc_reg_pos_16_0_0_1_1_0_0_4                                 0.0000 2.4992 
                                                                                                                                       
      2                                                     conv:core/filter:rsc.dat     conv:core/reg(acc#12.itm.1)     2.4992 0.0008 
                                                                                                                                       
        Instance                                            Component                                                    Delta  Delay  
        --------                                            ---------                                                    -----  -----  
        conv:core/filter:rsc.dat                                                                                         0.0000 0.0000 
        conv:core/filter:rsci                               ccs_in_v1_3_144                                              0.0000 0.0000 
        conv:core/filter:rsci.idat                                                                                       0.0000 0.0000 
        conv:core/filter:slc(filter:rsci.idat)(47-32)                                                                    0.0000 0.0000 
        conv:core/filter:slc(filter:rsci.idat)(47-32).itm                                                                0.0000 0.0000 
        conv:core/sum-3:sum:mul#1                           mgc_mul_16_0_16_0_16_4                                       1.3166 1.3166 
        conv:core/sum-3:sum:mul#1.itm                                                                                    0.0000 1.3166 
        conv:core/acc#12                                    mgc_addc_16_0_16_0_16_4                                      1.1826 2.4992 
        conv:core/acc#12.itm                                                                                             0.0000 2.4992 
        conv:core/reg(acc#12.itm.1)                         mgc_reg_pos_16_0_0_1_1_0_0_4                                 0.0000 2.4992 
                                                                                                                                       
      3                                                     conv:core/input:rsc.dat      conv:core/reg(acc#12.itm.1)     2.4992 0.0008 
                                                                                                                                       
        Instance                                            Component                                                    Delta  Delay  
        --------                                            ---------                                                    -----  -----  
        conv:core/input:rsc.dat                                                                                          0.0000 0.0000 
        conv:core/input:rsci                                ccs_in_v1_1_144                                              0.0000 0.0000 
        conv:core/input:rsci.idat                                                                                        0.0000 0.0000 
        conv:core/input:slc(input:rsci.idat)(31-16)                                                                      0.0000 0.0000 
        conv:core/input:slc(input:rsci.idat)(31-16).itm                                                                  0.0000 0.0000 
        conv:core/sum-2:sum:mul#1                           mgc_mul_16_0_16_0_16_4                                       1.3166 1.3166 
        conv:core/sum-2:sum:mul#1.itm                                                                                    0.0000 1.3166 
        conv:core/acc#12                                    mgc_addc_16_0_16_0_16_4                                      1.1826 2.4992 
        conv:core/acc#12.itm                                                                                             0.0000 2.4992 
        conv:core/reg(acc#12.itm.1)                         mgc_reg_pos_16_0_0_1_1_0_0_4                                 0.0000 2.4992 
                                                                                                                                       
      4                                                     conv:core/input:rsc.dat      conv:core/reg(acc#12.itm.1)     2.4992 0.0008 
                                                                                                                                       
        Instance                                            Component                                                    Delta  Delay  
        --------                                            ---------                                                    -----  -----  
        conv:core/input:rsc.dat                                                                                          0.0000 0.0000 
        conv:core/input:rsci                                ccs_in_v1_1_144                                              0.0000 0.0000 
        conv:core/input:rsci.idat                                                                                        0.0000 0.0000 
        conv:core/input:slc(input:rsci.idat)(47-32)                                                                      0.0000 0.0000 
        conv:core/input:slc(input:rsci.idat)(47-32).itm                                                                  0.0000 0.0000 
        conv:core/sum-3:sum:mul#1                           mgc_mul_16_0_16_0_16_4                                       1.3166 1.3166 
        conv:core/sum-3:sum:mul#1.itm                                                                                    0.0000 1.3166 
        conv:core/acc#12                                    mgc_addc_16_0_16_0_16_4                                      1.1826 2.4992 
        conv:core/acc#12.itm                                                                                             0.0000 2.4992 
        conv:core/reg(acc#12.itm.1)                         mgc_reg_pos_16_0_0_1_1_0_0_4                                 0.0000 2.4992 
                                                                                                                                       
      5                                                     conv:core/reg(acc#13.itm.1)  conv:core/reg(output:rsci.idat) 2.4522 0.0478 
                                                                                                                                       
        Instance                                            Component                                                    Delta  Delay  
        --------                                            ---------                                                    -----  -----  
        conv:core/reg(acc#13.itm.1)                         mgc_reg_pos_16_0_0_1_1_0_0_4                                 0.0870 0.0870 
        conv:core/acc#13.itm.1                                                                                           0.0000 0.0870 
        conv:core/acc#15                                    mgc_addc_16_0_16_0_16_4                                      1.1826 1.2696 
        conv:core/acc#15.itm                                                                                             0.0000 1.2696 
        conv:core/acc                                       mgc_addc_16_0_16_0_16_4                                      1.1826 2.4522 
        conv:core/acc.itm                                                                                                0.0000 2.4522 
        conv:core/reg(output:rsci.idat)                     mgc_reg_pos_16_0_0_1_1_1_1_4                                 0.0000 2.4522 
                                                                                                                                       
      6                                                     conv:core/reg(acc#12.itm.1)  conv:core/reg(output:rsci.idat) 2.4522 0.0478 
                                                                                                                                       
        Instance                                            Component                                                    Delta  Delay  
        --------                                            ---------                                                    -----  -----  
        conv:core/reg(acc#12.itm.1)                         mgc_reg_pos_16_0_0_1_1_0_0_4                                 0.0870 0.0870 
        conv:core/acc#12.itm.1                                                                                           0.0000 0.0870 
        conv:core/acc#15                                    mgc_addc_16_0_16_0_16_4                                      1.1826 1.2696 
        conv:core/acc#15.itm                                                                                             0.0000 1.2696 
        conv:core/acc                                       mgc_addc_16_0_16_0_16_4                                      1.1826 2.4522 
        conv:core/acc.itm                                                                                                0.0000 2.4522 
        conv:core/reg(output:rsci.idat)                     mgc_reg_pos_16_0_0_1_1_1_1_4                                 0.0000 2.4522 
                                                                                                                                       
      7                                                     conv:core/filter:rsc.dat     conv:core/reg(acc#13.itm.1)     2.2554 0.2446 
                                                                                                                                       
        Instance                                            Component                                                    Delta  Delay  
        --------                                            ---------                                                    -----  -----  
        conv:core/filter:rsc.dat                                                                                         0.0000 0.0000 
        conv:core/filter:rsci                               ccs_in_v1_3_144                                              0.0000 0.0000 
        conv:core/filter:rsci.idat                                                                                       0.0000 0.0000 
        conv:core/filter:slc(filter:rsci.idat)(127-112)                                                                  0.0000 0.0000 
        conv:core/filter:slc(filter:rsci.idat)(127-112).itm                                                              0.0000 0.0000 
        conv:core/sum-8:sum:mul#1                           mgc_mul_16_0_16_0_16_4                                       1.3166 1.3166 
        conv:core/sum-8:sum:mul#1.itm                                                                                    0.0000 1.3166 
        conv:core/acc#9                                     mgc_addc_16_0_16_0_16_2                                      0.3338 1.6503 
        conv:core/acc#9.itm                                                                                              0.0000 1.6503 
        conv:core/acc#13                                    mgc_addc_16_0_16_0_16_3                                      0.6050 2.2554 
        conv:core/acc#13.itm                                                                                             0.0000 2.2554 
        conv:core/reg(acc#13.itm.1)                         mgc_reg_pos_16_0_0_1_1_0_0_4                                 0.0000 2.2554 
                                                                                                                                       
      8                                                     conv:core/filter:rsc.dat     conv:core/reg(acc#13.itm.1)     2.2554 0.2446 
                                                                                                                                       
        Instance                                            Component                                                    Delta  Delay  
        --------                                            ---------                                                    -----  -----  
        conv:core/filter:rsc.dat                                                                                         0.0000 0.0000 
        conv:core/filter:rsci                               ccs_in_v1_3_144                                              0.0000 0.0000 
        conv:core/filter:rsci.idat                                                                                       0.0000 0.0000 
        conv:core/filter:slc(filter:rsci.idat)(143-128)                                                                  0.0000 0.0000 
        conv:core/filter:slc(filter:rsci.idat)(143-128).itm                                                              0.0000 0.0000 
        conv:core/sum-9:sum:mul#1                           mgc_mul_16_0_16_0_16_4                                       1.3166 1.3166 
        conv:core/sum-9:sum:mul#1.itm                                                                                    0.0000 1.3166 
        conv:core/acc#9                                     mgc_addc_16_0_16_0_16_2                                      0.3338 1.6503 
        conv:core/acc#9.itm                                                                                              0.0000 1.6503 
        conv:core/acc#13                                    mgc_addc_16_0_16_0_16_3                                      0.6050 2.2554 
        conv:core/acc#13.itm                                                                                             0.0000 2.2554 
        conv:core/reg(acc#13.itm.1)                         mgc_reg_pos_16_0_0_1_1_0_0_4                                 0.0000 2.2554 
                                                                                                                                       
      9                                                     conv:core/input:rsc.dat      conv:core/reg(acc#13.itm.1)     2.2554 0.2446 
                                                                                                                                       
        Instance                                            Component                                                    Delta  Delay  
        --------                                            ---------                                                    -----  -----  
        conv:core/input:rsc.dat                                                                                          0.0000 0.0000 
        conv:core/input:rsci                                ccs_in_v1_1_144                                              0.0000 0.0000 
        conv:core/input:rsci.idat                                                                                        0.0000 0.0000 
        conv:core/input:slc(input:rsci.idat)(127-112)                                                                    0.0000 0.0000 
        conv:core/input:slc(input:rsci.idat)(127-112).itm                                                                0.0000 0.0000 
        conv:core/sum-8:sum:mul#1                           mgc_mul_16_0_16_0_16_4                                       1.3166 1.3166 
        conv:core/sum-8:sum:mul#1.itm                                                                                    0.0000 1.3166 
        conv:core/acc#9                                     mgc_addc_16_0_16_0_16_2                                      0.3338 1.6503 
        conv:core/acc#9.itm                                                                                              0.0000 1.6503 
        conv:core/acc#13                                    mgc_addc_16_0_16_0_16_3                                      0.6050 2.2554 
        conv:core/acc#13.itm                                                                                             0.0000 2.2554 
        conv:core/reg(acc#13.itm.1)                         mgc_reg_pos_16_0_0_1_1_0_0_4                                 0.0000 2.2554 
                                                                                                                                       
      10                                                    conv:core/input:rsc.dat      conv:core/reg(acc#13.itm.1)     2.2554 0.2446 
                                                                                                                                       
        Instance                                            Component                                                    Delta  Delay  
        --------                                            ---------                                                    -----  -----  
        conv:core/input:rsc.dat                                                                                          0.0000 0.0000 
        conv:core/input:rsci                                ccs_in_v1_1_144                                              0.0000 0.0000 
        conv:core/input:rsci.idat                                                                                        0.0000 0.0000 
        conv:core/input:slc(input:rsci.idat)(143-128)                                                                    0.0000 0.0000 
        conv:core/input:slc(input:rsci.idat)(143-128).itm                                                                0.0000 0.0000 
        conv:core/sum-9:sum:mul#1                           mgc_mul_16_0_16_0_16_4                                       1.3166 1.3166 
        conv:core/sum-9:sum:mul#1.itm                                                                                    0.0000 1.3166 
        conv:core/acc#9                                     mgc_addc_16_0_16_0_16_2                                      0.3338 1.6503 
        conv:core/acc#9.itm                                                                                              0.0000 1.6503 
        conv:core/acc#13                                    mgc_addc_16_0_16_0_16_3                                      0.6050 2.2554 
        conv:core/acc#13.itm                                                                                             0.0000 2.2554 
        conv:core/reg(acc#13.itm.1)                         mgc_reg_pos_16_0_0_1_1_0_0_4                                 0.0000 2.2554 
                                                                                                                                       
      
    Register Input and Register-to-Output Slack
      Clock period or pin-to-reg delay constraint (clk): 2.5
      Clock uncertainty constraint (clk)               : 0.0
      
      Instance                                Port                               Slack (Delay) Messages 
      --------------------------------------- --------------------------------- ------ ------- --------
      conv:core/reg(output:rsc.triosy:obj.ld) reg(filter:rsc.triosy:obj.ld).cse 2.4130  0.0870          
      conv:core/reg(output:rsci.idat)         acc.itm                           0.0478  2.4522          
      conv:core/reg(acc#13.itm.1)             acc#13.itm                        0.2446  2.2554          
      conv:core/reg(acc#12.itm.1)             acc#12.itm                        0.0008  2.4992          
      conv:core/reg(acc#14.itm.1)             acc#14.itm                        0.2446  2.2554          
      conv:core/reg(filter:rsc.triosy:obj.ld) 1#6                               2.5000  0.0000          
      conv                                    input:rsc.triosy.lz               2.4130  0.0870          
      conv                                    output:rsc.dat                    2.4130  0.0870          
      conv                                    output:rsc.triosy.lz              2.4130  0.0870          
      conv                                    filter:rsc.triosy.lz              2.4130  0.0870          
      
  Operator Bitwidth Summary
    Operation  Size (bits) Count 
    ---------- ----------- -----
    add                          
    -                   16     8 
    mul                          
    -                   16     9 
    read_port                    
    -                  144     2 
    read_sync                    
    -                    0     3 
    reg                          
    -                   16     4 
    -                    1     2 
    write_port                   
    -                    0     1 
    
  End of Report
