-- Catapult Ultra Synthesis: Report                                              
-- ------------------------- ---------------------------------------------------
-- Version:                  10.4a/835166 Production Release                     
-- Build Date:               Thu Sep  5 21:35:46 PDT 2019                        
                                                                                 
-- Generated by:             gel8580@finagle.wot.ece.northwestern.edu            
-- Generated date:           Tue Dec 02 09:56:23 CST 2025                        

Solution Settings: matrix_mul.v7
  Current state: schedule
  Project: Catapult_4
  
  Design Input Files Specified
    $PROJECT_HOME/matmul.cpp
      $PROJECT_HOME/matmul.h
        $MGC_HOME/shared/include/ac_fixed.h
          $MGC_HOME/shared/include/ac_int.h
  
  Processes/Blocks in Design
    Process          Real Operation(s) count Latency Throughput Reset Length II Comments 
    ---------------- ----------------------- ------- ---------- ------------ -- --------
    /matrix_mul/core                      34   32768      32768            1  0          
    Design Total:                         34   32768      32768            1  1          
    
  Clock Information
    Clock Signal Edge   Period Sharing Alloc (%) Uncertainty Used by Processes/Blocks 
    ------------ ------ ------ ----------------- ----------- ------------------------
    clk          rising 10.000             20.00    0.000000 /matrix_mul/core         
    
  I/O Data Ranges
    Port            Mode DeclType DeclWidth DeclRange ActType ActWidth ActRange 
    --------------- ---- -------- --------- --------- ------- -------- --------
    clk             IN   Unsigned         1                                     
    rst             IN   Unsigned         1                                     
    A:rsc.q         IN   Unsigned        32                                     
    B:rsc.q         IN   Unsigned        32                                     
    C:rsc.q         IN   Unsigned        32                                     
    A:rsc.adr       OUT  Unsigned        10                                     
    A:rsc.d         OUT  Unsigned        32                                     
    A:rsc.we        OUT  Unsigned         1                                     
    A:rsc.triosy.lz OUT  Unsigned         1                                     
    B:rsc.adr       OUT  Unsigned        10                                     
    B:rsc.d         OUT  Unsigned        32                                     
    B:rsc.we        OUT  Unsigned         1                                     
    B:rsc.triosy.lz OUT  Unsigned         1                                     
    C:rsc.adr       OUT  Unsigned        10                                     
    C:rsc.d         OUT  Unsigned        32                                     
    C:rsc.we        OUT  Unsigned         1                                     
    C:rsc.triosy.lz OUT  Unsigned         1                                     
    
  Memory Resources
    Resource Name: /matrix_mul/A:rsc
      Memory Component: ccs_ram_sync_singleport      Size:         1024 x 32
      External:         true                         Packing Mode: absolute
      Memory Map:
      Variable      Indices Phys Memory Address        
      ------------- ------- --------------------------
      /matrix_mul/A    0:31 000003ff-00000000 (1023-0) 
      
    Resource Name: /matrix_mul/B:rsc
      Memory Component: ccs_ram_sync_singleport      Size:         1024 x 32
      External:         true                         Packing Mode: absolute
      Memory Map:
      Variable      Indices Phys Memory Address        
      ------------- ------- --------------------------
      /matrix_mul/B    0:31 000003ff-00000000 (1023-0) 
      
    Resource Name: /matrix_mul/C:rsc
      Memory Component: ccs_ram_sync_singleport      Size:         1024 x 32
      External:         true                         Packing Mode: absolute
      Memory Map:
      Variable      Indices Phys Memory Address        
      ------------- ------- --------------------------
      /matrix_mul/C    0:31 000003ff-00000000 (1023-0) 
      
  C++ to Interface Mappings
    C++ Field Interface Range Range Expression Expression Limits 
    --------- --------------- ---------------- -----------------
    
  Multi-Cycle (Combinational) Component Usage
    Instance Component Name Delay 
    -------- -------------- -----
    
  Loops
    Process          Loop             Iterations C-Steps Total Cycles   Duration  Unroll Init Comments 
    ---------------- ---------------- ---------- ------- ------------- ---------- ------ ---- --------
    /matrix_mul/core core:rlp           Infinite       1        32771  327.71 us                       
    /matrix_mul/core  main              Infinite       3        32770  327.70 us            1          
    
  Loop Execution Profile
    Process          Loop             Total Cycles % of Overall Design Cycles Throughput Cycles Comments 
    ---------------- ---------------- ------------ -------------------------- ----------------- --------
    /matrix_mul/core core:rlp                   1                        0.00            32768           
    /matrix_mul/core  main                  32770                      100.00            32768           
    
  End of Report
