-- Catapult Ultra Synthesis: Report                                              
-- ------------------------- ---------------------------------------------------
-- Version:                  10.4a/835166 Production Release                     
-- Build Date:               Thu Sep  5 21:35:46 PDT 2019                        
                                                                                 
-- Generated by:             gel8580@finagle.wot.ece.northwestern.edu            
-- Generated date:           Tue Dec 02 09:56:24 CST 2025                        

Solution Settings: matrix_mul.v7
  Current state: extract
  Project: Catapult_4
  
  Design Input Files Specified
    $PROJECT_HOME/matmul.cpp
      $PROJECT_HOME/matmul.h
        $MGC_HOME/shared/include/ac_fixed.h
          $MGC_HOME/shared/include/ac_int.h
  
  Processes/Blocks in Design
    Process          Real Operation(s) count Latency Throughput Reset Length II Comments 
    ---------------- ----------------------- ------- ---------- ------------ -- --------
    /matrix_mul/core                      34   32768      32768            1  0          
    Design Total:                         34   32768      32768            1  1          
    
  Bill Of Materials (Datapath)
    Component Name                                         Area Score Delay Post Alloc Post Assign 
    ------------------------------------------------------ ---------- ----- ---------- -----------
    [Lib: ccs_sample_mem]                                                                          
    ccs_ram_sync_singleport_rwport(1,32,10,1024,1024,32,5)      0.000 0.500          1           0 
    ccs_ram_sync_singleport_rwport(2,32,10,1024,1024,32,5)      0.000 0.500          1           0 
    ccs_ram_sync_singleport_rwport(3,32,10,1024,1024,32,5)      0.000 0.500          1           0 
    [Lib: mgc_ioport]                                                                              
    mgc_io_sync(0)                                              0.000 0.000          3           3 
    [Lib: nangate-45nm_beh]                                                                        
    mgc_add(32,0,1,0,32,4)                                     86.752 1.173          1           1 
    mgc_add(32,0,32,0,32,4)                                   136.090 2.346          1           1 
    mgc_add(5,0,1,0,6,4)                                       15.024 0.250          0           3 
    mgc_add(5,0,2,1,6,4)                                       23.663 0.414          3           0 
    mgc_and(1,2,1)                                              1.110 0.024          0           9 
    mgc_and(1,4,1)                                              1.660 0.051          0           1 
    mgc_and(32,2,1)                                            35.507 0.024          0           1 
    mgc_and(32,2,4)                                            35.507 0.017          2           0 
    mgc_and(5,2,1)                                              5.548 0.024          0           3 
    mgc_and(6,2,4)                                              6.658 0.017          5           0 
    mgc_mul(32,1,32,1,46,4)                                  4312.088 3.460          1           1 
    mgc_mux(1,1,2,4)                                            1.754 0.054          0           2 
    mgc_mux(32,1,2,4)                                          56.142 0.062          1           0 
    mgc_mux(5,1,2,4)                                            8.772 0.060          0           1 
    mgc_mux(6,1,2,4)                                           10.527 0.062          4           0 
    mgc_mux1hot(5,3,4)                                         13.217 0.061          0           1 
    mgc_nand(1,2,1)                                             0.771 0.012          0           3 
    mgc_nor(1,2,1)                                              0.771 0.025          0           1 
    mgc_not(1,1)                                                0.529 0.006          0          10 
    mgc_or(1,14,4)                                              5.832 0.123          0           1 
    mgc_or(1,2,1)                                               1.110 0.031          0           1 
    mgc_reg_pos(1,0,0,1,1,0,0,4)                                6.375 0.087          0           5 
    mgc_reg_pos(1,0,0,1,1,1,1,4)                                6.375 0.087          0           5 
    mgc_reg_pos(32,0,0,1,1,0,0,4)                             204.000 0.087          0           1 
    mgc_reg_pos(5,0,0,1,1,1,1,4)                               31.875 0.087          0           5 
                                                                                                   
    TOTAL AREA (After Assignment):                           5111.745                              
    
  Area Scores
                      Post-Scheduling   Post-DP & FSM Post-Assignment 
    ----------------- --------------- --------------- ---------------
    Total Area Score:   5222.8          5257.5          5122.7        
    Total Reg:           414.4   (8%)    437.1   (8%)    437.1   (9%) 
                                                                      
    DataPath:           5222.8 (100%)   5246.5 (100%)   5111.7 (100%) 
      MUX:                98.2   (2%)    132.4   (3%)     25.5   (0%) 
      FUNC:             4605.9  (88%)   4605.9  (88%)   4580.0  (90%) 
      LOGIC:             104.3   (2%)     81.1   (2%)     79.1   (2%) 
      BUFFER:              0.0             0.0             0.0        
      MEM:                 0.0             0.0             0.0        
      ROM:                 0.0             0.0             0.0        
      REG:               414.4   (8%)    427.1   (8%)    427.1   (8%) 
                                                                      
    
    FSM:                   0.0            11.0   (0%)     11.0   (0%) 
      FSM-REG:             0.0            10.0  (91%)     10.0  (91%) 
      FSM-COMB:            0.0             1.0   (9%)      1.0   (9%) 
                                                                      
    
  Register-to-Variable Mappings
    Register                                            Size(bits) Gated Register CG Opt Done Variables                                             
    --------------------------------------------------- ---------- -------------- ----------- -----------------------------------------------------
    for:for:for:for:and.itm.1                                   32                            for:for:for:for:and.itm.1                             
    for:for:for:k(5:0).lpi#1.dfm#2(4:0)                          5         Y           Y      for:for:for:k(5:0).lpi#1.dfm#2(4:0)                   
    for:for:j(5:0).lpi#1.dfm#3(4:0)                              5         Y           Y      for:for:j(5:0).lpi#1.dfm#3(4:0)                       
    for:for:j:slc(for:for:j(5:0))(4-0)#1.itm.1#1                 5         Y           Y      for:for:j:slc(for:for:j(5:0))(4-0)#1.itm.1#1          
    for:i(5:0).lpi#1.dfm#1(4:0)                                  5         Y           Y      for:i(5:0).lpi#1.dfm#1(4:0)                           
    for:i:slc(for:i(5:0))(4-0)#1.itm.1#1                         5         Y           Y      for:i:slc(for:i(5:0))(4-0)#1.itm.1#1                  
    C:rsc.triosy:obj.ld                                          1                            C:rsc.triosy:obj.ld                                   
    exit:for.lpi#1.dfm#2                                         1         Y           Y      exit:for.lpi#1.dfm#2                                  
    exit:for.lpi#1.dfm#2.st.1                                    1                            exit:for.lpi#1.dfm#2.st.1                             
    exit:for:for.lpi#1.dfm#2                                     1         Y           Y      exit:for:for.lpi#1.dfm#2                              
    exitL:exit:for.sva                                           1         Y           Y      exitL:exit:for.sva                                    
    for:for:for:k:slc(for:for:for:k(5:0))(5)#1.itm.1             1                            for:for:for:k:slc(for:for:for:k(5:0))(5)#1.itm.1      
    for:for:for:k:slc(for:for:for:k(5:0))(5)#3.itm.1             1         Y           Y      for:for:for:k:slc(for:for:for:k(5:0))(5)#3.itm.1      
    for:for:j:slc(for:for:j(5:0))(5)#3.itm.1                     1         Y           Y      for:for:j:slc(for:for:j(5:0))(5)#3.itm.1              
    reg(B:rsc.triosy:obj.ld).cse                                 1                            reg(B:rsc.triosy:obj.ld).cse                          
    reg(B:rsci.port_0_rw_ram_ir_internal_RMASK_B_d).cse          1                            reg(B:rsci.port_0_rw_ram_ir_internal_RMASK_B_d).cse   
                                                                                                                                                    
    Total:                                                      67             30          30 (Total Gating Ratio: 0.45, CG Opt Gating Ratio: 0.45) 
    
  Timing Report
    Critical Path
      Max Delay:  7.6487870000000004
      Slack:      2.3512129999999996
      
      Path                                                                                                   Startpoint                   Endpoint                                       Delay  Slack  
      ------------------------------------------------------------------------------------------------------ ---------------------------- ---------------------------------------------- ------ ------
      1                                                                                                      matrix_mul/A:rsc.q           matrix_mul:core/reg(for:for:for:for:and.itm.1) 7.6488 2.3512 
                                                                                                                                                                                                       
        Instance                                                                                             Component                                                                   Delta  Delay  
        --------                                                                                             ---------                                                                   -----  -----  
        matrix_mul/A:rsc.q                                                                                                                                                               0.5000 0.5000 
        matrix_mul:ccs_sample_mem.ccs_ram_sync_singleport_rwport(1,32,10,1024,1024,32,5)gen/q                                                                                            0.0000 0.5000 
        matrix_mul:ccs_sample_mem.ccs_ram_sync_singleport_rwport(1,32,10,1024,1024,32,5)gen/A:wrs(q_d)(31-0)                                                                             0.0000 0.5000 
        matrix_mul:ccs_sample_mem.ccs_ram_sync_singleport_rwport(1,32,10,1024,1024,32,5)gen/q_d                                                                                          0.0000 0.5000 
        matrix_mul/A:rsci.q_d                                                                                                                                                            0.0000 0.5000 
        matrix_mul:core/A:rsci.q_d                                                                                                                                                       0.0000 0.5000 
        matrix_mul:core/for:for:for:asn                                                                                                                                                  0.0000 0.5000 
        matrix_mul:core/for:for:for:asn.itm                                                                                                                                              0.0000 0.5000 
        matrix_mul:core/for:for:for:mul                                                                      mgc_mul_32_1_32_1_46_4                                                      3.4596 3.9596 
        matrix_mul:core/for:for:for:mul.sdt.sva#1                                                                                                                                        0.0000 3.9596 
        matrix_mul:core/for:for:for:slc(for:for:for:mul.sdt.sva#1)(45-14)                                                                                                                0.0000 3.9596 
        matrix_mul:core/for:for:for:slc(for:for:for:mul.sdt.sva#1)(45-14).itm                                                                                                            0.0000 3.9596 
        matrix_mul:core/for:for:for:acc#7                                                                    mgc_addc_32_0_32_0_32_4                                                     2.3460 6.3056 
        matrix_mul:core/for:for:for:acc#7.psp.sva#1                                                                                                                                      0.0000 6.3056 
        matrix_mul:core/for:for:for:slc(for:for:for:acc#7.psp.sva#1)(0)                                                                                                                  0.0000 6.3056 
        matrix_mul:core/for:for:for:slc(for:for:for:acc#7.psp.sva#1)(0).itm                                                                                                              0.0000 6.3056 
        matrix_mul:core/for:for:for:or                                                                       mgc_or_1_14_4                                                               0.1225 6.4281 
        matrix_mul:core/for:for:for:or.itm                                                                                                                                               0.0000 6.4281 
        matrix_mul:core/for:for:for:and                                                                      mgc_and_1_2_1                                                               0.0240 6.4521 
        matrix_mul:core/for:for:for:and.itm                                                                                                                                              0.0000 6.4521 
        matrix_mul:core/for:for:for:acc#3                                                                    mgc_addc_32_0_1_0_32_4                                                      1.1726 7.6248 
        matrix_mul:core/for:for:sum.sva#2                                                                                                                                                0.0000 7.6248 
        matrix_mul:core/and#20                                                                               mgc_and_32_2_1                                                              0.0240 7.6488 
        matrix_mul:core/and#20.itm                                                                                                                                                       0.0000 7.6488 
        matrix_mul:core/reg(for:for:for:for:and.itm.1)                                                       mgc_reg_pos_32_0_0_1_1_0_0_4                                                0.0000 7.6488 
                                                                                                                                                                                                       
      2                                                                                                      matrix_mul/B:rsc.q           matrix_mul:core/reg(for:for:for:for:and.itm.1) 7.6488 2.3512 
                                                                                                                                                                                                       
        Instance                                                                                             Component                                                                   Delta  Delay  
        --------                                                                                             ---------                                                                   -----  -----  
        matrix_mul/B:rsc.q                                                                                                                                                               0.5000 0.5000 
        matrix_mul:ccs_sample_mem.ccs_ram_sync_singleport_rwport(2,32,10,1024,1024,32,5)gen/q                                                                                            0.0000 0.5000 
        matrix_mul:ccs_sample_mem.ccs_ram_sync_singleport_rwport(2,32,10,1024,1024,32,5)gen/B:wrs(q_d)(31-0)                                                                             0.0000 0.5000 
        matrix_mul:ccs_sample_mem.ccs_ram_sync_singleport_rwport(2,32,10,1024,1024,32,5)gen/q_d                                                                                          0.0000 0.5000 
        matrix_mul/B:rsci.q_d                                                                                                                                                            0.0000 0.5000 
        matrix_mul:core/B:rsci.q_d                                                                                                                                                       0.0000 0.5000 
        matrix_mul:core/for:for:for:asn#1                                                                                                                                                0.0000 0.5000 
        matrix_mul:core/for:for:for:asn#1.itm                                                                                                                                            0.0000 0.5000 
        matrix_mul:core/for:for:for:mul                                                                      mgc_mul_32_1_32_1_46_4                                                      3.4596 3.9596 
        matrix_mul:core/for:for:for:mul.sdt.sva#1                                                                                                                                        0.0000 3.9596 
        matrix_mul:core/for:for:for:slc(for:for:for:mul.sdt.sva#1)(45-14)                                                                                                                0.0000 3.9596 
        matrix_mul:core/for:for:for:slc(for:for:for:mul.sdt.sva#1)(45-14).itm                                                                                                            0.0000 3.9596 
        matrix_mul:core/for:for:for:acc#7                                                                    mgc_addc_32_0_32_0_32_4                                                     2.3460 6.3056 
        matrix_mul:core/for:for:for:acc#7.psp.sva#1                                                                                                                                      0.0000 6.3056 
        matrix_mul:core/for:for:for:slc(for:for:for:acc#7.psp.sva#1)(0)                                                                                                                  0.0000 6.3056 
        matrix_mul:core/for:for:for:slc(for:for:for:acc#7.psp.sva#1)(0).itm                                                                                                              0.0000 6.3056 
        matrix_mul:core/for:for:for:or                                                                       mgc_or_1_14_4                                                               0.1225 6.4281 
        matrix_mul:core/for:for:for:or.itm                                                                                                                                               0.0000 6.4281 
        matrix_mul:core/for:for:for:and                                                                      mgc_and_1_2_1                                                               0.0240 6.4521 
        matrix_mul:core/for:for:for:and.itm                                                                                                                                              0.0000 6.4521 
        matrix_mul:core/for:for:for:acc#3                                                                    mgc_addc_32_0_1_0_32_4                                                      1.1726 7.6248 
        matrix_mul:core/for:for:sum.sva#2                                                                                                                                                0.0000 7.6248 
        matrix_mul:core/and#20                                                                               mgc_and_32_2_1                                                              0.0240 7.6488 
        matrix_mul:core/and#20.itm                                                                                                                                                       0.0000 7.6488 
        matrix_mul:core/reg(for:for:for:for:and.itm.1)                                                       mgc_reg_pos_32_0_0_1_1_0_0_4                                                0.0000 7.6488 
                                                                                                                                                                                                       
      3                                                                                                      matrix_mul/A:rsc.q           matrix_mul/C:rsc.d                             7.6348 2.3652 
                                                                                                                                                                                                       
        Instance                                                                                             Component                                                                   Delta  Delay  
        --------                                                                                             ---------                                                                   -----  -----  
        matrix_mul/A:rsc.q                                                                                                                                                               0.5000 0.5000 
        matrix_mul:ccs_sample_mem.ccs_ram_sync_singleport_rwport(1,32,10,1024,1024,32,5)gen/q                                                                                            0.0000 0.5000 
        matrix_mul:ccs_sample_mem.ccs_ram_sync_singleport_rwport(1,32,10,1024,1024,32,5)gen/A:wrs(q_d)(31-0)                                                                             0.0000 0.5000 
        matrix_mul:ccs_sample_mem.ccs_ram_sync_singleport_rwport(1,32,10,1024,1024,32,5)gen/q_d                                                                                          0.0000 0.5000 
        matrix_mul/A:rsci.q_d                                                                                                                                                            0.0000 0.5000 
        matrix_mul:core/A:rsci.q_d                                                                                                                                                       0.0000 0.5000 
        matrix_mul:core/for:for:for:asn                                                                                                                                                  0.0000 0.5000 
        matrix_mul:core/for:for:for:asn.itm                                                                                                                                              0.0000 0.5000 
        matrix_mul:core/for:for:for:mul                                                                      mgc_mul_32_1_32_1_46_4                                                      3.4596 3.9596 
        matrix_mul:core/for:for:for:mul.sdt.sva#1                                                                                                                                        0.0000 3.9596 
        matrix_mul:core/for:for:for:slc(for:for:for:mul.sdt.sva#1)(45-14)                                                                                                                0.0000 3.9596 
        matrix_mul:core/for:for:for:slc(for:for:for:mul.sdt.sva#1)(45-14).itm                                                                                                            0.0000 3.9596 
        matrix_mul:core/for:for:for:acc#7                                                                    mgc_addc_32_0_32_0_32_4                                                     2.3460 6.3056 
        matrix_mul:core/for:for:for:acc#7.psp.sva#1                                                                                                                                      0.0000 6.3056 
        matrix_mul:core/for:for:for:slc(for:for:for:acc#7.psp.sva#1)(0)                                                                                                                  0.0000 6.3056 
        matrix_mul:core/for:for:for:slc(for:for:for:acc#7.psp.sva#1)(0).itm                                                                                                              0.0000 6.3056 
        matrix_mul:core/for:for:for:or                                                                       mgc_or_1_14_4                                                               0.1225 6.4281 
        matrix_mul:core/for:for:for:or.itm                                                                                                                                               0.0000 6.4281 
        matrix_mul:core/for:for:for:and                                                                      mgc_and_1_2_1                                                               0.0240 6.4521 
        matrix_mul:core/for:for:for:and.itm                                                                                                                                              0.0000 6.4521 
        matrix_mul:core/for:for:for:acc#3                                                                    mgc_addc_32_0_1_0_32_4                                                      1.1726 7.6248 
        matrix_mul:core/for:for:sum.sva#2                                                                                                                                                0.0000 7.6248 
        matrix_mul:core/C:asn(C:rsci.d_d)                                                                                                                                                0.0000 7.6248 
        matrix_mul:core/C:rsci.d_d                                                                                                                                                       0.0000 7.6248 
        matrix_mul/C:rsci.d_d                                                                                                                                                            0.0000 7.6248 
        matrix_mul:ccs_sample_mem.ccs_ram_sync_singleport_rwport(3,32,10,1024,1024,32,5)gen/d_d                                                                                          0.0000 7.6248 
        matrix_mul:ccs_sample_mem.ccs_ram_sync_singleport_rwport(3,32,10,1024,1024,32,5)gen/C:slc(d_d)(31-0)                                                                             0.0000 7.6248 
        matrix_mul:ccs_sample_mem.ccs_ram_sync_singleport_rwport(3,32,10,1024,1024,32,5)gen/C:asn(d)                                                                                     0.0000 7.6248 
        matrix_mul:ccs_sample_mem.ccs_ram_sync_singleport_rwport(3,32,10,1024,1024,32,5)gen/d                                                                                            0.0000 7.6248 
        matrix_mul/C:rsc.d                                                                                                                                                               0.0100 7.6348 
                                                                                                                                                                                                       
      4                                                                                                      matrix_mul/B:rsc.q           matrix_mul/C:rsc.d                             7.6348 2.3652 
                                                                                                                                                                                                       
        Instance                                                                                             Component                                                                   Delta  Delay  
        --------                                                                                             ---------                                                                   -----  -----  
        matrix_mul/B:rsc.q                                                                                                                                                               0.5000 0.5000 
        matrix_mul:ccs_sample_mem.ccs_ram_sync_singleport_rwport(2,32,10,1024,1024,32,5)gen/q                                                                                            0.0000 0.5000 
        matrix_mul:ccs_sample_mem.ccs_ram_sync_singleport_rwport(2,32,10,1024,1024,32,5)gen/B:wrs(q_d)(31-0)                                                                             0.0000 0.5000 
        matrix_mul:ccs_sample_mem.ccs_ram_sync_singleport_rwport(2,32,10,1024,1024,32,5)gen/q_d                                                                                          0.0000 0.5000 
        matrix_mul/B:rsci.q_d                                                                                                                                                            0.0000 0.5000 
        matrix_mul:core/B:rsci.q_d                                                                                                                                                       0.0000 0.5000 
        matrix_mul:core/for:for:for:asn#1                                                                                                                                                0.0000 0.5000 
        matrix_mul:core/for:for:for:asn#1.itm                                                                                                                                            0.0000 0.5000 
        matrix_mul:core/for:for:for:mul                                                                      mgc_mul_32_1_32_1_46_4                                                      3.4596 3.9596 
        matrix_mul:core/for:for:for:mul.sdt.sva#1                                                                                                                                        0.0000 3.9596 
        matrix_mul:core/for:for:for:slc(for:for:for:mul.sdt.sva#1)(45-14)                                                                                                                0.0000 3.9596 
        matrix_mul:core/for:for:for:slc(for:for:for:mul.sdt.sva#1)(45-14).itm                                                                                                            0.0000 3.9596 
        matrix_mul:core/for:for:for:acc#7                                                                    mgc_addc_32_0_32_0_32_4                                                     2.3460 6.3056 
        matrix_mul:core/for:for:for:acc#7.psp.sva#1                                                                                                                                      0.0000 6.3056 
        matrix_mul:core/for:for:for:slc(for:for:for:acc#7.psp.sva#1)(0)                                                                                                                  0.0000 6.3056 
        matrix_mul:core/for:for:for:slc(for:for:for:acc#7.psp.sva#1)(0).itm                                                                                                              0.0000 6.3056 
        matrix_mul:core/for:for:for:or                                                                       mgc_or_1_14_4                                                               0.1225 6.4281 
        matrix_mul:core/for:for:for:or.itm                                                                                                                                               0.0000 6.4281 
        matrix_mul:core/for:for:for:and                                                                      mgc_and_1_2_1                                                               0.0240 6.4521 
        matrix_mul:core/for:for:for:and.itm                                                                                                                                              0.0000 6.4521 
        matrix_mul:core/for:for:for:acc#3                                                                    mgc_addc_32_0_1_0_32_4                                                      1.1726 7.6248 
        matrix_mul:core/for:for:sum.sva#2                                                                                                                                                0.0000 7.6248 
        matrix_mul:core/C:asn(C:rsci.d_d)                                                                                                                                                0.0000 7.6248 
        matrix_mul:core/C:rsci.d_d                                                                                                                                                       0.0000 7.6248 
        matrix_mul/C:rsci.d_d                                                                                                                                                            0.0000 7.6248 
        matrix_mul:ccs_sample_mem.ccs_ram_sync_singleport_rwport(3,32,10,1024,1024,32,5)gen/d_d                                                                                          0.0000 7.6248 
        matrix_mul:ccs_sample_mem.ccs_ram_sync_singleport_rwport(3,32,10,1024,1024,32,5)gen/C:slc(d_d)(31-0)                                                                             0.0000 7.6248 
        matrix_mul:ccs_sample_mem.ccs_ram_sync_singleport_rwport(3,32,10,1024,1024,32,5)gen/C:asn(d)                                                                                     0.0000 7.6248 
        matrix_mul:ccs_sample_mem.ccs_ram_sync_singleport_rwport(3,32,10,1024,1024,32,5)gen/d                                                                                            0.0000 7.6248 
        matrix_mul/C:rsc.d                                                                                                                                                               0.0100 7.6348 
                                                                                                                                                                                                       
      5                                                                                                      matrix_mul/A:rsc.q           matrix_mul/C:rsc.d                             7.4882 2.5118 
                                                                                                                                                                                                       
        Instance                                                                                             Component                                                                   Delta  Delay  
        --------                                                                                             ---------                                                                   -----  -----  
        matrix_mul/A:rsc.q                                                                                                                                                               0.5000 0.5000 
        matrix_mul:ccs_sample_mem.ccs_ram_sync_singleport_rwport(1,32,10,1024,1024,32,5)gen/q                                                                                            0.0000 0.5000 
        matrix_mul:ccs_sample_mem.ccs_ram_sync_singleport_rwport(1,32,10,1024,1024,32,5)gen/A:wrs(q_d)(31-0)                                                                             0.0000 0.5000 
        matrix_mul:ccs_sample_mem.ccs_ram_sync_singleport_rwport(1,32,10,1024,1024,32,5)gen/q_d                                                                                          0.0000 0.5000 
        matrix_mul/A:rsci.q_d                                                                                                                                                            0.0000 0.5000 
        matrix_mul:core/A:rsci.q_d                                                                                                                                                       0.0000 0.5000 
        matrix_mul:core/for:for:for:asn                                                                                                                                                  0.0000 0.5000 
        matrix_mul:core/for:for:for:asn.itm                                                                                                                                              0.0000 0.5000 
        matrix_mul:core/for:for:for:mul                                                                      mgc_mul_32_1_32_1_46_4                                                      3.4596 3.9596 
        matrix_mul:core/for:for:for:mul.sdt.sva#1                                                                                                                                        0.0000 3.9596 
        matrix_mul:core/for:for:for:slc(for:for:for:mul.sdt.sva#1)(45-14)                                                                                                                0.0000 3.9596 
        matrix_mul:core/for:for:for:slc(for:for:for:mul.sdt.sva#1)(45-14).itm                                                                                                            0.0000 3.9596 
        matrix_mul:core/for:for:for:acc#7                                                                    mgc_addc_32_0_32_0_32_4                                                     2.3460 6.3056 
        matrix_mul:core/for:for:for:acc#7.psp.sva#1                                                                                                                                      0.0000 6.3056 
        matrix_mul:core/for:for:for:acc#3                                                                    mgc_addc_32_0_1_0_32_4                                                      1.1726 7.4782 
        matrix_mul:core/for:for:sum.sva#2                                                                                                                                                0.0000 7.4782 
        matrix_mul:core/C:asn(C:rsci.d_d)                                                                                                                                                0.0000 7.4782 
        matrix_mul:core/C:rsci.d_d                                                                                                                                                       0.0000 7.4782 
        matrix_mul/C:rsci.d_d                                                                                                                                                            0.0000 7.4782 
        matrix_mul:ccs_sample_mem.ccs_ram_sync_singleport_rwport(3,32,10,1024,1024,32,5)gen/d_d                                                                                          0.0000 7.4782 
        matrix_mul:ccs_sample_mem.ccs_ram_sync_singleport_rwport(3,32,10,1024,1024,32,5)gen/C:slc(d_d)(31-0)                                                                             0.0000 7.4782 
        matrix_mul:ccs_sample_mem.ccs_ram_sync_singleport_rwport(3,32,10,1024,1024,32,5)gen/C:asn(d)                                                                                     0.0000 7.4782 
        matrix_mul:ccs_sample_mem.ccs_ram_sync_singleport_rwport(3,32,10,1024,1024,32,5)gen/d                                                                                            0.0000 7.4782 
        matrix_mul/C:rsc.d                                                                                                                                                               0.0100 7.4882 
                                                                                                                                                                                                       
      6                                                                                                      matrix_mul/B:rsc.q           matrix_mul/C:rsc.d                             7.4882 2.5118 
                                                                                                                                                                                                       
        Instance                                                                                             Component                                                                   Delta  Delay  
        --------                                                                                             ---------                                                                   -----  -----  
        matrix_mul/B:rsc.q                                                                                                                                                               0.5000 0.5000 
        matrix_mul:ccs_sample_mem.ccs_ram_sync_singleport_rwport(2,32,10,1024,1024,32,5)gen/q                                                                                            0.0000 0.5000 
        matrix_mul:ccs_sample_mem.ccs_ram_sync_singleport_rwport(2,32,10,1024,1024,32,5)gen/B:wrs(q_d)(31-0)                                                                             0.0000 0.5000 
        matrix_mul:ccs_sample_mem.ccs_ram_sync_singleport_rwport(2,32,10,1024,1024,32,5)gen/q_d                                                                                          0.0000 0.5000 
        matrix_mul/B:rsci.q_d                                                                                                                                                            0.0000 0.5000 
        matrix_mul:core/B:rsci.q_d                                                                                                                                                       0.0000 0.5000 
        matrix_mul:core/for:for:for:asn#1                                                                                                                                                0.0000 0.5000 
        matrix_mul:core/for:for:for:asn#1.itm                                                                                                                                            0.0000 0.5000 
        matrix_mul:core/for:for:for:mul                                                                      mgc_mul_32_1_32_1_46_4                                                      3.4596 3.9596 
        matrix_mul:core/for:for:for:mul.sdt.sva#1                                                                                                                                        0.0000 3.9596 
        matrix_mul:core/for:for:for:slc(for:for:for:mul.sdt.sva#1)(45-14)                                                                                                                0.0000 3.9596 
        matrix_mul:core/for:for:for:slc(for:for:for:mul.sdt.sva#1)(45-14).itm                                                                                                            0.0000 3.9596 
        matrix_mul:core/for:for:for:acc#7                                                                    mgc_addc_32_0_32_0_32_4                                                     2.3460 6.3056 
        matrix_mul:core/for:for:for:acc#7.psp.sva#1                                                                                                                                      0.0000 6.3056 
        matrix_mul:core/for:for:for:acc#3                                                                    mgc_addc_32_0_1_0_32_4                                                      1.1726 7.4782 
        matrix_mul:core/for:for:sum.sva#2                                                                                                                                                0.0000 7.4782 
        matrix_mul:core/C:asn(C:rsci.d_d)                                                                                                                                                0.0000 7.4782 
        matrix_mul:core/C:rsci.d_d                                                                                                                                                       0.0000 7.4782 
        matrix_mul/C:rsci.d_d                                                                                                                                                            0.0000 7.4782 
        matrix_mul:ccs_sample_mem.ccs_ram_sync_singleport_rwport(3,32,10,1024,1024,32,5)gen/d_d                                                                                          0.0000 7.4782 
        matrix_mul:ccs_sample_mem.ccs_ram_sync_singleport_rwport(3,32,10,1024,1024,32,5)gen/C:slc(d_d)(31-0)                                                                             0.0000 7.4782 
        matrix_mul:ccs_sample_mem.ccs_ram_sync_singleport_rwport(3,32,10,1024,1024,32,5)gen/C:asn(d)                                                                                     0.0000 7.4782 
        matrix_mul:ccs_sample_mem.ccs_ram_sync_singleport_rwport(3,32,10,1024,1024,32,5)gen/d                                                                                            0.0000 7.4782 
        matrix_mul/C:rsc.d                                                                                                                                                               0.0100 7.4882 
                                                                                                                                                                                                       
      7                                                                                                      matrix_mul/A:rsc.q           matrix_mul/C:rsc.d                             5.2888 4.7112 
                                                                                                                                                                                                       
        Instance                                                                                             Component                                                                   Delta  Delay  
        --------                                                                                             ---------                                                                   -----  -----  
        matrix_mul/A:rsc.q                                                                                                                                                               0.5000 0.5000 
        matrix_mul:ccs_sample_mem.ccs_ram_sync_singleport_rwport(1,32,10,1024,1024,32,5)gen/q                                                                                            0.0000 0.5000 
        matrix_mul:ccs_sample_mem.ccs_ram_sync_singleport_rwport(1,32,10,1024,1024,32,5)gen/A:wrs(q_d)(31-0)                                                                             0.0000 0.5000 
        matrix_mul:ccs_sample_mem.ccs_ram_sync_singleport_rwport(1,32,10,1024,1024,32,5)gen/q_d                                                                                          0.0000 0.5000 
        matrix_mul/A:rsci.q_d                                                                                                                                                            0.0000 0.5000 
        matrix_mul:core/A:rsci.q_d                                                                                                                                                       0.0000 0.5000 
        matrix_mul:core/for:for:for:asn                                                                                                                                                  0.0000 0.5000 
        matrix_mul:core/for:for:for:asn.itm                                                                                                                                              0.0000 0.5000 
        matrix_mul:core/for:for:for:mul                                                                      mgc_mul_32_1_32_1_46_4                                                      3.4596 3.9596 
        matrix_mul:core/for:for:for:mul.sdt.sva#1                                                                                                                                        0.0000 3.9596 
        matrix_mul:core/for:for:for:slc(for:for:for:mul.sdt.sva#1)(12)                                                                                                                   0.0000 3.9596 
        matrix_mul:core/for:for:for:slc(for:for:for:mul.sdt.sva#1)(12).itm                                                                                                               0.0000 3.9596 
        matrix_mul:core/for:for:for:or                                                                       mgc_or_1_14_4                                                               0.1225 4.0822 
        matrix_mul:core/for:for:for:or.itm                                                                                                                                               0.0000 4.0822 
        matrix_mul:core/for:for:for:and                                                                      mgc_and_1_2_1                                                               0.0240 4.1062 
        matrix_mul:core/for:for:for:and.itm                                                                                                                                              0.0000 4.1062 
        matrix_mul:core/for:for:for:acc#3                                                                    mgc_addc_32_0_1_0_32_4                                                      1.1726 5.2788 
        matrix_mul:core/for:for:sum.sva#2                                                                                                                                                0.0000 5.2788 
        matrix_mul:core/C:asn(C:rsci.d_d)                                                                                                                                                0.0000 5.2788 
        matrix_mul:core/C:rsci.d_d                                                                                                                                                       0.0000 5.2788 
        matrix_mul/C:rsci.d_d                                                                                                                                                            0.0000 5.2788 
        matrix_mul:ccs_sample_mem.ccs_ram_sync_singleport_rwport(3,32,10,1024,1024,32,5)gen/d_d                                                                                          0.0000 5.2788 
        matrix_mul:ccs_sample_mem.ccs_ram_sync_singleport_rwport(3,32,10,1024,1024,32,5)gen/C:slc(d_d)(31-0)                                                                             0.0000 5.2788 
        matrix_mul:ccs_sample_mem.ccs_ram_sync_singleport_rwport(3,32,10,1024,1024,32,5)gen/C:asn(d)                                                                                     0.0000 5.2788 
        matrix_mul:ccs_sample_mem.ccs_ram_sync_singleport_rwport(3,32,10,1024,1024,32,5)gen/d                                                                                            0.0000 5.2788 
        matrix_mul/C:rsc.d                                                                                                                                                               0.0100 5.2888 
                                                                                                                                                                                                       
      8                                                                                                      matrix_mul/A:rsc.q           matrix_mul/C:rsc.d                             5.2888 4.7112 
                                                                                                                                                                                                       
        Instance                                                                                             Component                                                                   Delta  Delay  
        --------                                                                                             ---------                                                                   -----  -----  
        matrix_mul/A:rsc.q                                                                                                                                                               0.5000 0.5000 
        matrix_mul:ccs_sample_mem.ccs_ram_sync_singleport_rwport(1,32,10,1024,1024,32,5)gen/q                                                                                            0.0000 0.5000 
        matrix_mul:ccs_sample_mem.ccs_ram_sync_singleport_rwport(1,32,10,1024,1024,32,5)gen/A:wrs(q_d)(31-0)                                                                             0.0000 0.5000 
        matrix_mul:ccs_sample_mem.ccs_ram_sync_singleport_rwport(1,32,10,1024,1024,32,5)gen/q_d                                                                                          0.0000 0.5000 
        matrix_mul/A:rsci.q_d                                                                                                                                                            0.0000 0.5000 
        matrix_mul:core/A:rsci.q_d                                                                                                                                                       0.0000 0.5000 
        matrix_mul:core/for:for:for:asn                                                                                                                                                  0.0000 0.5000 
        matrix_mul:core/for:for:for:asn.itm                                                                                                                                              0.0000 0.5000 
        matrix_mul:core/for:for:for:mul                                                                      mgc_mul_32_1_32_1_46_4                                                      3.4596 3.9596 
        matrix_mul:core/for:for:for:mul.sdt.sva#1                                                                                                                                        0.0000 3.9596 
        matrix_mul:core/for:for:for:slc(for:for:for:mul.sdt.sva#1)(2)                                                                                                                    0.0000 3.9596 
        matrix_mul:core/for:for:for:slc(for:for:for:mul.sdt.sva#1)(2).itm                                                                                                                0.0000 3.9596 
        matrix_mul:core/for:for:for:or                                                                       mgc_or_1_14_4                                                               0.1225 4.0822 
        matrix_mul:core/for:for:for:or.itm                                                                                                                                               0.0000 4.0822 
        matrix_mul:core/for:for:for:and                                                                      mgc_and_1_2_1                                                               0.0240 4.1062 
        matrix_mul:core/for:for:for:and.itm                                                                                                                                              0.0000 4.1062 
        matrix_mul:core/for:for:for:acc#3                                                                    mgc_addc_32_0_1_0_32_4                                                      1.1726 5.2788 
        matrix_mul:core/for:for:sum.sva#2                                                                                                                                                0.0000 5.2788 
        matrix_mul:core/C:asn(C:rsci.d_d)                                                                                                                                                0.0000 5.2788 
        matrix_mul:core/C:rsci.d_d                                                                                                                                                       0.0000 5.2788 
        matrix_mul/C:rsci.d_d                                                                                                                                                            0.0000 5.2788 
        matrix_mul:ccs_sample_mem.ccs_ram_sync_singleport_rwport(3,32,10,1024,1024,32,5)gen/d_d                                                                                          0.0000 5.2788 
        matrix_mul:ccs_sample_mem.ccs_ram_sync_singleport_rwport(3,32,10,1024,1024,32,5)gen/C:slc(d_d)(31-0)                                                                             0.0000 5.2788 
        matrix_mul:ccs_sample_mem.ccs_ram_sync_singleport_rwport(3,32,10,1024,1024,32,5)gen/C:asn(d)                                                                                     0.0000 5.2788 
        matrix_mul:ccs_sample_mem.ccs_ram_sync_singleport_rwport(3,32,10,1024,1024,32,5)gen/d                                                                                            0.0000 5.2788 
        matrix_mul/C:rsc.d                                                                                                                                                               0.0100 5.2888 
                                                                                                                                                                                                       
      9                                                                                                      matrix_mul/A:rsc.q           matrix_mul/C:rsc.d                             5.2888 4.7112 
                                                                                                                                                                                                       
        Instance                                                                                             Component                                                                   Delta  Delay  
        --------                                                                                             ---------                                                                   -----  -----  
        matrix_mul/A:rsc.q                                                                                                                                                               0.5000 0.5000 
        matrix_mul:ccs_sample_mem.ccs_ram_sync_singleport_rwport(1,32,10,1024,1024,32,5)gen/q                                                                                            0.0000 0.5000 
        matrix_mul:ccs_sample_mem.ccs_ram_sync_singleport_rwport(1,32,10,1024,1024,32,5)gen/A:wrs(q_d)(31-0)                                                                             0.0000 0.5000 
        matrix_mul:ccs_sample_mem.ccs_ram_sync_singleport_rwport(1,32,10,1024,1024,32,5)gen/q_d                                                                                          0.0000 0.5000 
        matrix_mul/A:rsci.q_d                                                                                                                                                            0.0000 0.5000 
        matrix_mul:core/A:rsci.q_d                                                                                                                                                       0.0000 0.5000 
        matrix_mul:core/for:for:for:asn                                                                                                                                                  0.0000 0.5000 
        matrix_mul:core/for:for:for:asn.itm                                                                                                                                              0.0000 0.5000 
        matrix_mul:core/for:for:for:mul                                                                      mgc_mul_32_1_32_1_46_4                                                      3.4596 3.9596 
        matrix_mul:core/for:for:for:mul.sdt.sva#1                                                                                                                                        0.0000 3.9596 
        matrix_mul:core/for:for:for:slc(for:for:for:mul.sdt.sva#1)(8)                                                                                                                    0.0000 3.9596 
        matrix_mul:core/for:for:for:slc(for:for:for:mul.sdt.sva#1)(8).itm                                                                                                                0.0000 3.9596 
        matrix_mul:core/for:for:for:or                                                                       mgc_or_1_14_4                                                               0.1225 4.0822 
        matrix_mul:core/for:for:for:or.itm                                                                                                                                               0.0000 4.0822 
        matrix_mul:core/for:for:for:and                                                                      mgc_and_1_2_1                                                               0.0240 4.1062 
        matrix_mul:core/for:for:for:and.itm                                                                                                                                              0.0000 4.1062 
        matrix_mul:core/for:for:for:acc#3                                                                    mgc_addc_32_0_1_0_32_4                                                      1.1726 5.2788 
        matrix_mul:core/for:for:sum.sva#2                                                                                                                                                0.0000 5.2788 
        matrix_mul:core/C:asn(C:rsci.d_d)                                                                                                                                                0.0000 5.2788 
        matrix_mul:core/C:rsci.d_d                                                                                                                                                       0.0000 5.2788 
        matrix_mul/C:rsci.d_d                                                                                                                                                            0.0000 5.2788 
        matrix_mul:ccs_sample_mem.ccs_ram_sync_singleport_rwport(3,32,10,1024,1024,32,5)gen/d_d                                                                                          0.0000 5.2788 
        matrix_mul:ccs_sample_mem.ccs_ram_sync_singleport_rwport(3,32,10,1024,1024,32,5)gen/C:slc(d_d)(31-0)                                                                             0.0000 5.2788 
        matrix_mul:ccs_sample_mem.ccs_ram_sync_singleport_rwport(3,32,10,1024,1024,32,5)gen/C:asn(d)                                                                                     0.0000 5.2788 
        matrix_mul:ccs_sample_mem.ccs_ram_sync_singleport_rwport(3,32,10,1024,1024,32,5)gen/d                                                                                            0.0000 5.2788 
        matrix_mul/C:rsc.d                                                                                                                                                               0.0100 5.2888 
                                                                                                                                                                                                       
      10                                                                                                     matrix_mul/A:rsc.q           matrix_mul/C:rsc.d                             5.2888 4.7112 
                                                                                                                                                                                                       
        Instance                                                                                             Component                                                                   Delta  Delay  
        --------                                                                                             ---------                                                                   -----  -----  
        matrix_mul/A:rsc.q                                                                                                                                                               0.5000 0.5000 
        matrix_mul:ccs_sample_mem.ccs_ram_sync_singleport_rwport(1,32,10,1024,1024,32,5)gen/q                                                                                            0.0000 0.5000 
        matrix_mul:ccs_sample_mem.ccs_ram_sync_singleport_rwport(1,32,10,1024,1024,32,5)gen/A:wrs(q_d)(31-0)                                                                             0.0000 0.5000 
        matrix_mul:ccs_sample_mem.ccs_ram_sync_singleport_rwport(1,32,10,1024,1024,32,5)gen/q_d                                                                                          0.0000 0.5000 
        matrix_mul/A:rsci.q_d                                                                                                                                                            0.0000 0.5000 
        matrix_mul:core/A:rsci.q_d                                                                                                                                                       0.0000 0.5000 
        matrix_mul:core/for:for:for:asn                                                                                                                                                  0.0000 0.5000 
        matrix_mul:core/for:for:for:asn.itm                                                                                                                                              0.0000 0.5000 
        matrix_mul:core/for:for:for:mul                                                                      mgc_mul_32_1_32_1_46_4                                                      3.4596 3.9596 
        matrix_mul:core/for:for:for:mul.sdt.sva#1                                                                                                                                        0.0000 3.9596 
        matrix_mul:core/for:for:for:slc(for:for:for:mul.sdt.sva#1)(0)                                                                                                                    0.0000 3.9596 
        matrix_mul:core/for:for:for:slc(for:for:for:mul.sdt.sva#1)(0).itm                                                                                                                0.0000 3.9596 
        matrix_mul:core/for:for:for:or                                                                       mgc_or_1_14_4                                                               0.1225 4.0822 
        matrix_mul:core/for:for:for:or.itm                                                                                                                                               0.0000 4.0822 
        matrix_mul:core/for:for:for:and                                                                      mgc_and_1_2_1                                                               0.0240 4.1062 
        matrix_mul:core/for:for:for:and.itm                                                                                                                                              0.0000 4.1062 
        matrix_mul:core/for:for:for:acc#3                                                                    mgc_addc_32_0_1_0_32_4                                                      1.1726 5.2788 
        matrix_mul:core/for:for:sum.sva#2                                                                                                                                                0.0000 5.2788 
        matrix_mul:core/C:asn(C:rsci.d_d)                                                                                                                                                0.0000 5.2788 
        matrix_mul:core/C:rsci.d_d                                                                                                                                                       0.0000 5.2788 
        matrix_mul/C:rsci.d_d                                                                                                                                                            0.0000 5.2788 
        matrix_mul:ccs_sample_mem.ccs_ram_sync_singleport_rwport(3,32,10,1024,1024,32,5)gen/d_d                                                                                          0.0000 5.2788 
        matrix_mul:ccs_sample_mem.ccs_ram_sync_singleport_rwport(3,32,10,1024,1024,32,5)gen/C:slc(d_d)(31-0)                                                                             0.0000 5.2788 
        matrix_mul:ccs_sample_mem.ccs_ram_sync_singleport_rwport(3,32,10,1024,1024,32,5)gen/C:asn(d)                                                                                     0.0000 5.2788 
        matrix_mul:ccs_sample_mem.ccs_ram_sync_singleport_rwport(3,32,10,1024,1024,32,5)gen/d                                                                                            0.0000 5.2788 
        matrix_mul/C:rsc.d                                                                                                                                                               0.0100 5.2888 
                                                                                                                                                                                                       
      
    Register Input and Register-to-Output Slack
      Clock period or pin-to-reg delay constraint (clk): 10.0
      Clock uncertainty constraint (clk)               : 0.0
      
      Instance                                                              Port                                                   Slack (Delay) Messages 
      --------------------------------------------------------------------- ---------------------------------------------------- ------- ------- --------
      matrix_mul:core/reg(C:rsc.triosy:obj.ld)                              and#2.itm                                             9.8890  0.1110          
      matrix_mul:core/reg(B:rsc.triosy:obj.ld)                              and#6.itm                                             9.5388  0.4612          
      matrix_mul:core/reg(B:rsci.port_0_rw_ram_ir_internal_RMASK_B_d)       slc(fsm_output)(1)#2.itm                             10.0000  0.0000          
      matrix_mul:core/reg(for:i:slc(for:i(5:0))(4-0)#1.itm.1#1)             for:i(5:0).lpi#1.dfm(4:0)#2                           9.5668  0.4332          
      matrix_mul:core/reg(for:for:j:slc(for:for:j(5:0))(4-0)#1.itm.1#1)     for:for:j(5:0).lpi#1.dfm(4:0)#2                       9.5172  0.4828          
      matrix_mul:core/reg(exit:for.lpi#1.dfm#2.st.1)                        exit:for.lpi#1.dfm#3                                  9.5416  0.4584          
      matrix_mul:core/reg(for:for:for:k:slc(for:for:for:k(5:0))(5)#1.itm.1) for:for:for:k:slc(for:for:for:k(5:0).sva#2)(5)#2.itm  9.5896  0.4104          
      matrix_mul:core/reg(for:for:for:for:and.itm.1)                        and#20.itm                                            2.3512  7.6488          
      matrix_mul:core/reg(exit:for.lpi#1.dfm#2)                             exit:for.lpi#1.dfm#3                                  9.5416  0.4584          
      matrix_mul:core/reg(exit:for:for.lpi#1.dfm#2)                         and#22.cse                                            9.5114  0.4886          
      matrix_mul:core/reg(for:for:for:k(5:0).lpi#1.dfm#2(4:0))              for:for:for:k:slc(for:for:for:k(5:0).sva#2)(4-0).itm  9.5896  0.4104          
      matrix_mul:core/reg(for:for:j(5:0).lpi#1.dfm#3(4:0))                  for:for:j:for:for:j:mux1h.itm                         9.4932  0.5068          
      matrix_mul:core/reg(exitL:exit:for)                                   exit:for.lpi#1.dfm#3                                  9.5416  0.4584          
      matrix_mul:core/reg(for:i(5:0).lpi#1.dfm#1(4:0))                      for:i:mux.itm                                         9.5175  0.4825          
      matrix_mul:core/reg(for:for:j:slc(for:for:j(5:0))(5)#3.itm.1)         for:for:j:slc(for:for:j(5:0).sva#2)(5)#1.itm          9.6136  0.3864          
      matrix_mul:core/reg(for:for:for:k:slc(for:for:for:k(5:0))(5)#3.itm.1) for:for:for:k:slc(for:for:for:k(5:0).sva#2)(5)#1.itm  9.5896  0.4104          
      matrix_mul                                                            A:rsc.adr                                             9.8300  0.1700          
      matrix_mul                                                            A:rsc.d                                               9.9900  0.0100          
      matrix_mul                                                            A:rsc.we                                              9.9900  0.0100          
      matrix_mul                                                            A:rsc.triosy.lz                                       9.9130  0.0870          
      matrix_mul                                                            B:rsc.adr                                             9.8300  0.1700          
      matrix_mul                                                            B:rsc.d                                               9.9900  0.0100          
      matrix_mul                                                            B:rsc.we                                              9.9900  0.0100          
      matrix_mul                                                            B:rsc.triosy.lz                                       9.9130  0.0870          
      matrix_mul                                                            C:rsc.adr                                             9.9030  0.0970          
      matrix_mul                                                            C:rsc.d                                               2.3652  7.6348          
      matrix_mul                                                            C:rsc.we                                              9.8790  0.1210          
      matrix_mul                                                            C:rsc.triosy.lz                                       9.9130  0.0870          
      
  Operator Bitwidth Summary
    Operation Size (bits) Count 
    --------- ----------- -----
    add                         
    -                   6     3 
    -                  32     2 
    and                         
    -                   5     3 
    -                  32     1 
    -                   1    10 
    mul                         
    -                  46     1 
    mux                         
    -                   5     1 
    -                   1     2 
    mux1h                       
    -                   5     1 
    nand                        
    -                   1     3 
    nor                         
    -                   1     1 
    not                         
    -                   1    10 
    or                          
    -                   1     2 
    read_sync                   
    -                   0     3 
    reg                         
    -                   5     5 
    -                  32     1 
    -                   1    10 
    
  End of Report
