-- Catapult Ultra Synthesis: Report                                              
-- ------------------------- ---------------------------------------------------
-- Version:                  10.4a/835166 Production Release                     
-- Build Date:               Thu Sep  5 21:35:46 PDT 2019                        
                                                                                 
-- Generated by:             gel8580@finagle.wot.ece.northwestern.edu            
-- Generated date:           Fri Oct 24 20:22:10 CDT 2025                        

Solution Settings: mult_add_pipeline.v1
  Current state: extract
  Project: Catapult
  
  Design Input Files Specified
    $PROJECT_HOME/tb.cpp
    $PROJECT_HOME/mult_add_pipeline_ref.cpp
    $PROJECT_HOME/mult_add_pipeline.cpp
      $PROJECT_HOME/mult_add_pipeline.h
        $MGC_HOME/shared/include/ac_fixed.h
          $MGC_HOME/shared/include/ac_int.h
        $MGC_HOME/shared/include/ac_channel.h
      $MGC_HOME/shared/include/mc_scverify.h
  
  Processes/Blocks in Design
    Process                 Real Operation(s) count Latency Throughput Reset Length II Comments 
    ----------------------- ----------------------- ------- ---------- ------------ -- --------
    /mult_add_pipeline/core                      12       4          1            1  0          
    Design Total:                                12       4          1            1  1          
    
  Bill Of Materials (Datapath)
    Component Name                 Area Score Delay Post Alloc Post Assign 
    ------------------------------ ---------- ----- ---------- -----------
    [Lib: ccs_ioport]                                                      
    ccs_in(4,10)                        0.000 0.000          1           1 
    ccs_in(5,1)                         0.000 0.000          1           1 
    ccs_in_wait(1,11)                   0.000 0.000          1           1 
    ccs_in_wait(2,14)                   0.000 0.000          1           1 
    ccs_in_wait(3,25)                   0.000 0.000          1           1 
    ccs_out_wait(6,30)                  0.000 0.000          1           1 
    [Lib: mgc_ioport]                                                      
    mgc_io_sync(0)                      0.000 0.000          2           2 
    [Lib: nangate-45nm_beh]                                                
    mgc_add(25,0,25,0,26,3)           166.489 0.712          1           1 
    mgc_and(1,2,1)                      1.110 0.024          0          18 
    mgc_and(1,3,1)                      1.385 0.041          0           1 
    mgc_and(1,4,1)                      1.660 0.051          0           1 
    mgc_mul(10,1,26,0,34,2)          1550.698 0.885          1           1 
    mgc_mul(11,0,14,0,25,2)          1034.441 0.659          1           1 
    mgc_mux(11,1,2,4)                  19.299 0.062          0           1 
    mgc_mux(14,1,2,4)                  24.562 0.061          0           1 
    mgc_mux(25,1,2,4)                  43.861 0.061          0           1 
    mgc_mux(26,1,2,4)                  45.615 0.061          1           1 
    mgc_nor(1,2,1)                      0.771 0.025          0           8 
    mgc_not(1,1)                        0.529 0.006          0          14 
    mgc_or(1,3,4)                       1.385 0.066          0           4 
    mgc_reg_pos(1,0,0,1,1,0,0,4)        6.375 0.087          0           5 
    mgc_reg_pos(1,0,0,1,1,1,1,4)        6.375 0.087          0           7 
    mgc_reg_pos(10,0,0,1,1,1,1,4)      63.750 0.087          0           2 
    mgc_reg_pos(11,0,0,1,1,1,1,4)      70.125 0.087          0           1 
    mgc_reg_pos(14,0,0,1,1,1,1,4)      89.250 0.087          0           1 
    mgc_reg_pos(25,0,0,1,1,1,1,4)     159.375 0.087          0           3 
    mgc_reg_pos(26,0,0,1,1,1,1,4)     165.750 0.087          0           3 
                                                                           
    TOTAL AREA (After Assignment):   4265.853                              
    
  Area Scores
                      Post-Scheduling   Post-DP & FSM Post-Assignment 
    ----------------- --------------- --------------- ---------------
    Total Area Score:   3759.9          4338.8          4276.9        
    Total Reg:           962.6  (26%)   1348.8  (31%)   1348.8  (32%) 
                                                                      
    DataPath:           3759.9 (100%)   4327.8 (100%)   4265.9 (100%) 
      MUX:                45.6   (1%)    200.4   (5%)    133.3   (3%) 
      FUNC:             2751.6  (73%)   2751.6  (64%)   2751.6  (65%) 
      LOGIC:               0.0            36.9   (1%)     42.1   (1%) 
      BUFFER:              0.0             0.0             0.0        
      MEM:                 0.0             0.0             0.0        
      ROM:                 0.0             0.0             0.0        
      REG:               962.6  (26%)   1338.8  (31%)   1338.8  (31%) 
                                                                      
    
    FSM:                   0.0            11.0   (0%)     11.0   (0%) 
      FSM-REG:             0.0            10.0  (91%)     10.0  (91%) 
      FSM-COMB:            0.0             1.0   (9%)      1.0   (9%) 
                                                                      
    
  Register-to-Variable Mappings
    Register                                         Size(bits) Gated Register CG Opt Done Variables                                             
    ------------------------------------------------ ---------- -------------- ----------- -----------------------------------------------------
    result:rsci.idat(29:4)                                   26         Y           Y      result:rsci.idat(29:4)                                
    sum.sva#1.1                                              26         Y           Y      sum.sva#1.1                                           
                                                                                           sum.sva.2                                             
    sum.sva.1                                                26         Y           Y      sum.sva.1                                             
    c:rsci.idat.bfwt                                         25         Y           Y      c:rsci.idat.bfwt                                      
    product:mul.itm.1                                        25         Y                  product:mul.itm.1                                     
    sum:c.tmp.sva.1                                          25         Y                  sum:c.tmp.sva.1                                       
    b:rsci.idat.bfwt                                         14         Y           Y      b:rsci.idat.bfwt                                      
    a:rsci.idat.bfwt                                         11         Y           Y      a:rsci.idat.bfwt                                      
    gain.sva.1                                               10         Y           Y      gain.sva.1                                            
    gain.sva.2                                               10         Y           Y      gain.sva.2                                            
    a:rsci.bcwt                                               1                            a:rsci.bcwt                                           
    b:rsci.bcwt                                               1                            b:rsci.bcwt                                           
    c:rsci.bcwt                                               1                            c:rsci.bcwt                                           
    core.wten                                                 1                            core.wten                                             
    io_read(gain_adjust:rsc.@).svs.st.1                       1         Y                  io_read(gain_adjust:rsc.@).svs.st.1                   
    io_read(gain_adjust:rsc.@).svs.st.2                       1         Y           Y      io_read(gain_adjust:rsc.@).svs.st.2                   
    main.stage_0.3                                            1         Y                  main.stage_0.3                                        
    main.stage_0.4                                            1         Y                  main.stage_0.4                                        
    reg(c:rsci.irdy.core.psct).cse                            1         Y                  reg(c:rsci.irdy.core.psct).cse                        
    reg(gain_adjust:rsc.triosy:obj.ld.core.psct).cse          1         Y                  reg(gain_adjust:rsc.triosy:obj.ld.core.psct).cse      
    reg(result:rsci.ivld.core.psct).cse                       1         Y                  reg(result:rsci.ivld.core.psct).cse                   
    result:rsci.bcwt                                          1                            result:rsci.bcwt                                      
                                                                                                                                                 
    Total:                                                  210            205         149 (Total Gating Ratio: 0.98, CG Opt Gating Ratio: 0.71) 
    
  Timing Report
    Critical Path
      Max Delay:  1.033274
      Slack:      0.07672600000000007
      
      Path                                                                                                                                  Startpoint                                                    Endpoint                                      Delay  Slack  
      ------------------------------------------------------------------------------------------------------------------------------------- ------------------------------------------------------------- --------------------------------------------- ------ ------
      1                                                                                                                                     mult_add_pipeline:core/reg(sum.sva.1)                         mult_add_pipeline:core/reg(sum.sva#1.1)       1.0333 0.0767 
                                                                                                                                                                                                                                                                      
        Instance                                                                                                                            Component                                                                                                   Delta  Delay  
        --------                                                                                                                            ---------                                                                                                   -----  -----  
        mult_add_pipeline:core/reg(sum.sva.1)                                                                                               mgc_reg_pos_26_0_0_1_1_1_1_4                                                                                0.0870 0.0870 
        mult_add_pipeline:core/sum.sva.1                                                                                                                                                                                                                0.0000 0.0870 
        mult_add_pipeline:core/operator*<10,2,true,AC_TRN,AC_WRAP,26,false>:mul                                                             mgc_mul_10_1_26_0_34_2                                                                                      0.8853 0.9723 
        mult_add_pipeline:core/operator*<10,2,true,AC_TRN,AC_WRAP,26,false>:mul.itm                                                                                                                                                                     0.0000 0.9723 
        mult_add_pipeline:core/operator*<10,2,true,AC_TRN,AC_WRAP,26,false>:slc(operator*<10,2,true,AC_TRN,AC_WRAP,26,false>:mul)(33-8)                                                                                                                 0.0000 0.9723 
        mult_add_pipeline:core/operator*<10,2,true,AC_TRN,AC_WRAP,26,false>:slc(operator*<10,2,true,AC_TRN,AC_WRAP,26,false>:mul)(33-8).itm                                                                                                             0.0000 0.9723 
        mult_add_pipeline:core/sum:mux#1                                                                                                    mgc_mux_26_1_2_4                                                                                            0.0610 1.0333 
        mult_add_pipeline:core/sum:mux#1.itm                                                                                                                                                                                                            0.0000 1.0333 
        mult_add_pipeline:core/reg(sum.sva#1.1)                                                                                             mgc_reg_pos_26_0_0_1_1_1_1_4                                                                                0.0000 1.0333 
                                                                                                                                                                                                                                                                      
      2                                                                                                                                     mult_add_pipeline:core/reg(gain.sva.2)                        mult_add_pipeline:core/reg(sum.sva#1.1)       1.0333 0.0767 
                                                                                                                                                                                                                                                                      
        Instance                                                                                                                            Component                                                                                                   Delta  Delay  
        --------                                                                                                                            ---------                                                                                                   -----  -----  
        mult_add_pipeline:core/reg(gain.sva.2)                                                                                              mgc_reg_pos_10_0_0_1_1_1_1_4                                                                                0.0870 0.0870 
        mult_add_pipeline:core/gain.sva.2                                                                                                                                                                                                               0.0000 0.0870 
        mult_add_pipeline:core/operator*<10,2,true,AC_TRN,AC_WRAP,26,false>:mul                                                             mgc_mul_10_1_26_0_34_2                                                                                      0.8853 0.9723 
        mult_add_pipeline:core/operator*<10,2,true,AC_TRN,AC_WRAP,26,false>:mul.itm                                                                                                                                                                     0.0000 0.9723 
        mult_add_pipeline:core/operator*<10,2,true,AC_TRN,AC_WRAP,26,false>:slc(operator*<10,2,true,AC_TRN,AC_WRAP,26,false>:mul)(33-8)                                                                                                                 0.0000 0.9723 
        mult_add_pipeline:core/operator*<10,2,true,AC_TRN,AC_WRAP,26,false>:slc(operator*<10,2,true,AC_TRN,AC_WRAP,26,false>:mul)(33-8).itm                                                                                                             0.0000 0.9723 
        mult_add_pipeline:core/sum:mux#1                                                                                                    mgc_mux_26_1_2_4                                                                                            0.0610 1.0333 
        mult_add_pipeline:core/sum:mux#1.itm                                                                                                                                                                                                            0.0000 1.0333 
        mult_add_pipeline:core/reg(sum.sva#1.1)                                                                                             mgc_reg_pos_26_0_0_1_1_1_1_4                                                                                0.0000 1.0333 
                                                                                                                                                                                                                                                                      
      3                                                                                                                                     mult_add_pipeline:core:a:rsci:a:wait_dp/reg(a:rsci.idat.bfwt) mult_add_pipeline:core/reg(product:mul.itm.1) 0.8086 0.3014 
                                                                                                                                                                                                                                                                      
        Instance                                                                                                                            Component                                                                                                   Delta  Delay  
        --------                                                                                                                            ---------                                                                                                   -----  -----  
        mult_add_pipeline:core:a:rsci:a:wait_dp/reg(a:rsci.idat.bfwt)                                                                       mgc_reg_pos_11_0_0_1_1_1_1_4                                                                                0.0870 0.0870 
        mult_add_pipeline:core:a:rsci:a:wait_dp/a:rsci.idat.bfwt                                                                                                                                                                                        0.0000 0.0870 
        mult_add_pipeline:core:a:rsci:a:wait_dp/product:mux                                                                                 mgc_mux_11_1_2_4                                                                                            0.0625 0.1495 
        mult_add_pipeline:core:a:rsci:a:wait_dp/a:rsci.idat.mxwt                                                                                                                                                                                        0.0000 0.1495 
        mult_add_pipeline:core:a:rsci/a:rsci.idat.mxwt                                                                                                                                                                                                  0.0000 0.1495 
        mult_add_pipeline:core/a:rsci.idat.mxwt                                                                                                                                                                                                         0.0000 0.1495 
        mult_add_pipeline:core/product:mul                                                                                                  mgc_mul_11_0_14_0_25_2                                                                                      0.6591 0.8086 
        mult_add_pipeline:core/product:mul.itm                                                                                                                                                                                                          0.0000 0.8086 
        mult_add_pipeline:core/reg(product:mul.itm.1)                                                                                       mgc_reg_pos_25_0_0_1_1_1_1_4                                                                                0.0000 0.8086 
                                                                                                                                                                                                                                                                      
      4                                                                                                                                     mult_add_pipeline:core:a:rsci:a:wait_dp/reg(a:rsci.bcwt)      mult_add_pipeline:core/reg(product:mul.itm.1) 0.8086 0.3014 
                                                                                                                                                                                                                                                                      
        Instance                                                                                                                            Component                                                                                                   Delta  Delay  
        --------                                                                                                                            ---------                                                                                                   -----  -----  
        mult_add_pipeline:core:a:rsci:a:wait_dp/reg(a:rsci.bcwt)                                                                            mgc_reg_pos_1_0_0_1_1_0_0_4                                                                                 0.0870 0.0870 
        mult_add_pipeline:core:a:rsci:a:wait_dp/a:rsci.bcwt                                                                                                                                                                                             0.0000 0.0870 
        mult_add_pipeline:core:a:rsci:a:wait_dp/product:mux                                                                                 mgc_mux_11_1_2_4                                                                                            0.0625 0.1495 
        mult_add_pipeline:core:a:rsci:a:wait_dp/a:rsci.idat.mxwt                                                                                                                                                                                        0.0000 0.1495 
        mult_add_pipeline:core:a:rsci/a:rsci.idat.mxwt                                                                                                                                                                                                  0.0000 0.1495 
        mult_add_pipeline:core/a:rsci.idat.mxwt                                                                                                                                                                                                         0.0000 0.1495 
        mult_add_pipeline:core/product:mul                                                                                                  mgc_mul_11_0_14_0_25_2                                                                                      0.6591 0.8086 
        mult_add_pipeline:core/product:mul.itm                                                                                                                                                                                                          0.0000 0.8086 
        mult_add_pipeline:core/reg(product:mul.itm.1)                                                                                       mgc_reg_pos_25_0_0_1_1_1_1_4                                                                                0.0000 0.8086 
                                                                                                                                                                                                                                                                      
      5                                                                                                                                     mult_add_pipeline:core:b:rsci:b:wait_dp/reg(b:rsci.idat.bfwt) mult_add_pipeline:core/reg(product:mul.itm.1) 0.8071 0.3029 
                                                                                                                                                                                                                                                                      
        Instance                                                                                                                            Component                                                                                                   Delta  Delay  
        --------                                                                                                                            ---------                                                                                                   -----  -----  
        mult_add_pipeline:core:b:rsci:b:wait_dp/reg(b:rsci.idat.bfwt)                                                                       mgc_reg_pos_14_0_0_1_1_1_1_4                                                                                0.0870 0.0870 
        mult_add_pipeline:core:b:rsci:b:wait_dp/b:rsci.idat.bfwt                                                                                                                                                                                        0.0000 0.0870 
        mult_add_pipeline:core:b:rsci:b:wait_dp/product:mux#1                                                                               mgc_mux_14_1_2_4                                                                                            0.0610 0.1480 
        mult_add_pipeline:core:b:rsci:b:wait_dp/b:rsci.idat.mxwt                                                                                                                                                                                        0.0000 0.1480 
        mult_add_pipeline:core:b:rsci/b:rsci.idat.mxwt                                                                                                                                                                                                  0.0000 0.1480 
        mult_add_pipeline:core/b:rsci.idat.mxwt                                                                                                                                                                                                         0.0000 0.1480 
        mult_add_pipeline:core/product:mul                                                                                                  mgc_mul_11_0_14_0_25_2                                                                                      0.6591 0.8071 
        mult_add_pipeline:core/product:mul.itm                                                                                                                                                                                                          0.0000 0.8071 
        mult_add_pipeline:core/reg(product:mul.itm.1)                                                                                       mgc_reg_pos_25_0_0_1_1_1_1_4                                                                                0.0000 0.8071 
                                                                                                                                                                                                                                                                      
      6                                                                                                                                     mult_add_pipeline:core:b:rsci:b:wait_dp/reg(b:rsci.bcwt)      mult_add_pipeline:core/reg(product:mul.itm.1) 0.8071 0.3029 
                                                                                                                                                                                                                                                                      
        Instance                                                                                                                            Component                                                                                                   Delta  Delay  
        --------                                                                                                                            ---------                                                                                                   -----  -----  
        mult_add_pipeline:core:b:rsci:b:wait_dp/reg(b:rsci.bcwt)                                                                            mgc_reg_pos_1_0_0_1_1_0_0_4                                                                                 0.0870 0.0870 
        mult_add_pipeline:core:b:rsci:b:wait_dp/b:rsci.bcwt                                                                                                                                                                                             0.0000 0.0870 
        mult_add_pipeline:core:b:rsci:b:wait_dp/product:mux#1                                                                               mgc_mux_14_1_2_4                                                                                            0.0610 0.1480 
        mult_add_pipeline:core:b:rsci:b:wait_dp/b:rsci.idat.mxwt                                                                                                                                                                                        0.0000 0.1480 
        mult_add_pipeline:core:b:rsci/b:rsci.idat.mxwt                                                                                                                                                                                                  0.0000 0.1480 
        mult_add_pipeline:core/b:rsci.idat.mxwt                                                                                                                                                                                                         0.0000 0.1480 
        mult_add_pipeline:core/product:mul                                                                                                  mgc_mul_11_0_14_0_25_2                                                                                      0.6591 0.8071 
        mult_add_pipeline:core/product:mul.itm                                                                                                                                                                                                          0.0000 0.8071 
        mult_add_pipeline:core/reg(product:mul.itm.1)                                                                                       mgc_reg_pos_25_0_0_1_1_1_1_4                                                                                0.0000 0.8071 
                                                                                                                                                                                                                                                                      
      7                                                                                                                                     mult_add_pipeline:core/reg(product:mul.itm.1)                 mult_add_pipeline:core/reg(sum.sva.1)         0.7987 0.3113 
                                                                                                                                                                                                                                                                      
        Instance                                                                                                                            Component                                                                                                   Delta  Delay  
        --------                                                                                                                            ---------                                                                                                   -----  -----  
        mult_add_pipeline:core/reg(product:mul.itm.1)                                                                                       mgc_reg_pos_25_0_0_1_1_1_1_4                                                                                0.0870 0.0870 
        mult_add_pipeline:core/product:mul.itm.1                                                                                                                                                                                                        0.0000 0.0870 
        mult_add_pipeline:core/sum:acc                                                                                                      mgc_addc_25_0_25_0_26_3                                                                                     0.7117 0.7987 
        mult_add_pipeline:core/sum:acc.itm                                                                                                                                                                                                              0.0000 0.7987 
        mult_add_pipeline:core/reg(sum.sva.1)                                                                                               mgc_reg_pos_26_0_0_1_1_1_1_4                                                                                0.0000 0.7987 
                                                                                                                                                                                                                                                                      
      8                                                                                                                                     mult_add_pipeline:core/reg(sum:c.tmp.sva.1)                   mult_add_pipeline:core/reg(sum.sva.1)         0.7987 0.3113 
                                                                                                                                                                                                                                                                      
        Instance                                                                                                                            Component                                                                                                   Delta  Delay  
        --------                                                                                                                            ---------                                                                                                   -----  -----  
        mult_add_pipeline:core/reg(sum:c.tmp.sva.1)                                                                                         mgc_reg_pos_25_0_0_1_1_1_1_4                                                                                0.0870 0.0870 
        mult_add_pipeline:core/sum:c.tmp.sva.1                                                                                                                                                                                                          0.0000 0.0870 
        mult_add_pipeline:core/sum:acc                                                                                                      mgc_addc_25_0_25_0_26_3                                                                                     0.7117 0.7987 
        mult_add_pipeline:core/sum:acc.itm                                                                                                                                                                                                              0.0000 0.7987 
        mult_add_pipeline:core/reg(sum.sva.1)                                                                                               mgc_reg_pos_26_0_0_1_1_1_1_4                                                                                0.0000 0.7987 
                                                                                                                                                                                                                                                                      
      9                                                                                                                                     mult_add_pipeline:core:a:rsci:a:wait_dp/a:rsci.idat           mult_add_pipeline:core/reg(product:mul.itm.1) 0.7216 0.3884 
                                                                                                                                                                                                                                                                      
        Instance                                                                                                                            Component                                                                                                   Delta  Delay  
        --------                                                                                                                            ---------                                                                                                   -----  -----  
        mult_add_pipeline:core:a:rsci:a:wait_dp/a:rsci.idat                                                                                                                                                                                             0.0000 0.0000 
        mult_add_pipeline:core:a:rsci:a:wait_dp/product:mux                                                                                 mgc_mux_11_1_2_4                                                                                            0.0625 0.0625 
        mult_add_pipeline:core:a:rsci:a:wait_dp/a:rsci.idat.mxwt                                                                                                                                                                                        0.0000 0.0625 
        mult_add_pipeline:core:a:rsci/a:rsci.idat.mxwt                                                                                                                                                                                                  0.0000 0.0625 
        mult_add_pipeline:core/a:rsci.idat.mxwt                                                                                                                                                                                                         0.0000 0.0625 
        mult_add_pipeline:core/product:mul                                                                                                  mgc_mul_11_0_14_0_25_2                                                                                      0.6591 0.7216 
        mult_add_pipeline:core/product:mul.itm                                                                                                                                                                                                          0.0000 0.7216 
        mult_add_pipeline:core/reg(product:mul.itm.1)                                                                                       mgc_reg_pos_25_0_0_1_1_1_1_4                                                                                0.0000 0.7216 
                                                                                                                                                                                                                                                                      
      10                                                                                                                                    mult_add_pipeline:core:b:rsci:b:wait_dp/b:rsci.idat           mult_add_pipeline:core/reg(product:mul.itm.1) 0.7201 0.3899 
                                                                                                                                                                                                                                                                      
        Instance                                                                                                                            Component                                                                                                   Delta  Delay  
        --------                                                                                                                            ---------                                                                                                   -----  -----  
        mult_add_pipeline:core:b:rsci:b:wait_dp/b:rsci.idat                                                                                                                                                                                             0.0000 0.0000 
        mult_add_pipeline:core:b:rsci:b:wait_dp/product:mux#1                                                                               mgc_mux_14_1_2_4                                                                                            0.0610 0.0610 
        mult_add_pipeline:core:b:rsci:b:wait_dp/b:rsci.idat.mxwt                                                                                                                                                                                        0.0000 0.0610 
        mult_add_pipeline:core:b:rsci/b:rsci.idat.mxwt                                                                                                                                                                                                  0.0000 0.0610 
        mult_add_pipeline:core/b:rsci.idat.mxwt                                                                                                                                                                                                         0.0000 0.0610 
        mult_add_pipeline:core/product:mul                                                                                                  mgc_mul_11_0_14_0_25_2                                                                                      0.6591 0.7201 
        mult_add_pipeline:core/product:mul.itm                                                                                                                                                                                                          0.0000 0.7201 
        mult_add_pipeline:core/reg(product:mul.itm.1)                                                                                       mgc_reg_pos_25_0_0_1_1_1_1_4                                                                                0.0000 0.7201 
                                                                                                                                                                                                                                                                      
      
    Register Input and Register-to-Output Slack
      Clock period or pin-to-reg delay constraint (clk): 1.11
      Clock uncertainty constraint (clk)               : 0.0
      
      Instance                                                                Port                                              Slack (Delay) Messages 
      ----------------------------------------------------------------------- ------------------------------------------------ ------ ------- --------
      mult_add_pipeline:core/reg(result:rsci.idat(29:4))                      sum.sva#1.1                                      1.0230  0.0870          
      mult_add_pipeline:core/reg(gain_adjust:rsc.triosy:obj.ld.core.psct)     slc(fsm_output)(1)#1.itm                         1.1100  0.0000          
      mult_add_pipeline:core/reg(result:rsci.ivld.core.psct)                  main.stage_0.4                                   0.9990  0.1110          
      mult_add_pipeline:core/reg(c:rsci.irdy.core.psct)                       1#2                                              1.1100  0.0000          
      mult_add_pipeline:core/reg(sum.sva#1.1)                                 sum:mux#1.itm                                    0.0767  1.0333          
      mult_add_pipeline:core/reg(io_read(gain_adjust:rsc.@).svs.st.2)         io_read(gain_adjust:rsc.@).svs.st.1              0.9821  0.1279          
      mult_add_pipeline:core/reg(main.stage_0.3)                              reg(gain_adjust:rsc.triosy:obj.ld.core.psct).cse 0.9821  0.1279          
      mult_add_pipeline:core/reg(main.stage_0.4)                              main.stage_0.3                                   0.9990  0.1110          
      mult_add_pipeline:core/reg(sum.sva.1)                                   sum:acc.itm                                      0.3113  0.7987          
      mult_add_pipeline:core/reg(gain.sva.2)                                  gain.sva.1                                       1.0230  0.0870          
      mult_add_pipeline:core/reg(io_read(gain_adjust:rsc.@).svs.st.1)         gain_adjust:rsci.idat                            1.0860  0.0240          
      mult_add_pipeline:core/reg(product:mul.itm.1)                           product:mul.itm                                  0.3014  0.8086          
      mult_add_pipeline:core/reg(sum:c.tmp.sva.1)                             c:rsci.idat.mxwt                                 0.9623  0.1477          
      mult_add_pipeline:core/reg(gain.sva.1)                                  gain:rsci.idat                                   1.1100  0.0000          
      mult_add_pipeline:core:a:rsci:a:wait_dp/reg(a:rsci.bcwt)                product:nor.itm                                  0.8031  0.3069          
      mult_add_pipeline:core:a:rsci:a:wait_dp/reg(a:rsci.idat.bfwt)           a:rsci.idat.mxwt                                 0.9605  0.1495          
      mult_add_pipeline:core:b:rsci:b:wait_dp/reg(b:rsci.bcwt)                product:nor#2.itm                                0.8031  0.3069          
      mult_add_pipeline:core:b:rsci:b:wait_dp/reg(b:rsci.idat.bfwt)           b:rsci.idat.mxwt                                 0.9620  0.1480          
      mult_add_pipeline:core:c:rsci:c:wait_dp/reg(c:rsci.bcwt)                sum:nor.itm                                      0.8031  0.3069          
      mult_add_pipeline:core:c:rsci:c:wait_dp/reg(c:rsci.idat.bfwt)           c:rsci.idat.mxwt                                 0.9623  0.1477          
      mult_add_pipeline:core:result:rsci:result:wait_dp/reg(result:rsci.bcwt) nor.itm                                          0.8031  0.3069          
      mult_add_pipeline:core:staller/reg(core.wten)                           not#3.itm                                        0.8462  0.2638          
      mult_add_pipeline                                                       a:rsc.rdy                                        0.9930  0.1170          
      mult_add_pipeline                                                       b:rsc.rdy                                        0.9930  0.1170          
      mult_add_pipeline                                                       c:rsc.rdy                                        0.9930  0.1170          
      mult_add_pipeline                                                       gain:rsc.triosy.lz                               0.9930  0.1170          
      mult_add_pipeline                                                       gain_adjust:rsc.triosy.lz                        0.9930  0.1170          
      mult_add_pipeline                                                       result:rsc.dat                                   0.9930  0.1170          
      mult_add_pipeline                                                       result:rsc.vld                                   0.9930  0.1170          
      
  Operator Bitwidth Summary
    Operation  Size (bits) Count 
    ---------- ----------- -----
    add                          
    -                   26     1 
    and                          
    -                    1    20 
    mul                          
    -                   34     1 
    -                   25     1 
    mux                          
    -                   26     1 
    -                   25     1 
    -                   14     1 
    -                   11     1 
    nor                          
    -                    1     8 
    not                          
    -                    1    14 
    or                           
    -                    1     4 
    read_port                    
    -                   25     1 
    -                   14     1 
    -                   11     1 
    -                   10     1 
    -                    1     1 
    read_sync                    
    -                    0     2 
    reg                          
    -                   26     3 
    -                   25     3 
    -                   14     1 
    -                   11     1 
    -                   10     2 
    -                    1    12 
    write_port                   
    -                    0     1 
    
  End of Report
